<?xml version="1.0" encoding="UTF-8"?>
<testsuite xmlns:xsi="http://www.w3.org/2001/XMLSchema-instance" xsi:noNamespaceSchemaLocation="https://maven.apache.org/surefire/maven-surefire-plugin/xsd/surefire-test-report.xsd" name="TestSuite" time="6.124" tests="2" errors="0" skipped="0" failures="0">
  <properties>
    <property name="sun.desktop" value="windows"/>
    <property name="awt.toolkit" value="sun.awt.windows.WToolkit"/>
    <property name="file.encoding.pkg" value="sun.io"/>
    <property name="java.specification.version" value="1.8"/>
    <property name="full_version" value="1.1.0.0"/>
    <property name="sun.cpu.isalist" value="amd64"/>
    <property name="sun.jnu.encoding" value="Cp1252"/>
    <property name="java.class.path" value="E:\Sierra\SierraTool\SourceCode\OpenRefine\extensions\jython\target\test-classes;E:\Sierra\SierraTool\SourceCode\OpenRefine\extensions\jython\module\MOD-INF\classes;E:\Sierra\SierraTool\SourceCode\OpenRefine\main\target\openrefine-main.jar;C:\Users\Parag\.m2\repository\edu\mit\simile\butterfly\1.0.2\butterfly-1.0.2.jar;C:\Users\Parag\.m2\repository\org\mozilla\rhino\1.7.10\rhino-1.7.10.jar;C:\Users\Parag\.m2\repository\com\fasterxml\jackson\core\jackson-databind\2.9.10\jackson-databind-2.9.10.jar;C:\Users\Parag\.m2\repository\com\fasterxml\jackson\core\jackson-core\2.9.10\jackson-core-2.9.10.jar;C:\Users\Parag\.m2\repository\com\fasterxml\jackson\core\jackson-annotations\2.9.10\jackson-annotations-2.9.10.jar;C:\Users\Parag\.m2\repository\org\slf4j\slf4j-log4j12\1.7.18\slf4j-log4j12-1.7.18.jar;C:\Users\Parag\.m2\repository\log4j\log4j\1.2.17\log4j-1.2.17.jar;C:\Users\Parag\.m2\repository\org\slf4j\slf4j-api\1.7.18\slf4j-api-1.7.18.jar;C:\Users\Parag\.m2\repository\org\apache\commons\commons-lang3\3.6\commons-lang3-3.6.jar;C:\Users\Parag\.m2\repository\commons-digester\commons-digester\1.8.1\commons-digester-1.8.1.jar;C:\Users\Parag\.m2\repository\commons-beanutils\commons-beanutils\1.8.0\commons-beanutils-1.8.0.jar;C:\Users\Parag\.m2\repository\commons-logging\commons-logging\1.1.1\commons-logging-1.1.1.jar;C:\Users\Parag\.m2\repository\commons-fileupload\commons-fileupload\1.4\commons-fileupload-1.4.jar;C:\Users\Parag\.m2\repository\commons-io\commons-io\2.2\commons-io-2.2.jar;C:\Users\Parag\.m2\repository\commons-collections\commons-collections\3.2.2\commons-collections-3.2.2.jar;C:\Users\Parag\.m2\repository\commons-validator\commons-validator\1.5.1\commons-validator-1.5.1.jar;C:\Users\Parag\.m2\repository\velocity\velocity\1.5\velocity-1.5.jar;C:\Users\Parag\.m2\repository\commons-lang\commons-lang\2.1\commons-lang-2.1.jar;C:\Users\Parag\.m2\repository\oro\oro\2.0.8\oro-2.0.8.jar;C:\Users\Parag\.m2\repository\marc4j\marc4j\2.4\marc4j-2.4.jar;C:\Users\Parag\.m2\repository\org\apache\ant\ant\1.8.0\ant-1.8.0.jar;C:\Users\Parag\.m2\repository\org\apache\ant\ant-launcher\1.8.0\ant-launcher-1.8.0.jar;C:\Users\Parag\.m2\repository\org\jsoup\jsoup\1.11.3\jsoup-1.11.3.jar;C:\Users\Parag\.m2\repository\net\sf\opencsv\opencsv\2.4-SNAPSHOT\opencsv-2.4-SNAPSHOT.jar;C:\Users\Parag\.m2\repository\org\apache\poi\poi\4.1.0\poi-4.1.0.jar;C:\Users\Parag\.m2\repository\commons-codec\commons-codec\1.12\commons-codec-1.12.jar;C:\Users\Parag\.m2\repository\org\apache\commons\commons-collections4\4.3\commons-collections4-4.3.jar;C:\Users\Parag\.m2\repository\org\apache\commons\commons-math3\3.6.1\commons-math3-3.6.1.jar;C:\Users\Parag\.m2\repository\org\apache\poi\poi-ooxml\4.1.0\poi-ooxml-4.1.0.jar;C:\Users\Parag\.m2\repository\org\apache\poi\poi-ooxml-schemas\4.1.0\poi-ooxml-schemas-4.1.0.jar;C:\Users\Parag\.m2\repository\org\apache\xmlbeans\xmlbeans\3.1.0\xmlbeans-3.1.0.jar;C:\Users\Parag\.m2\repository\org\apache\commons\commons-compress\1.18\commons-compress-1.18.jar;C:\Users\Parag\.m2\repository\com\github\virtuald\curvesapi\1.06\curvesapi-1.06.jar;C:\Users\Parag\.m2\repository\org\apache\odftoolkit\odfdom-java\0.8.8-incubating\odfdom-java-0.8.8-incubating.jar;C:\Users\Parag\.m2\repository\org\apache\odftoolkit\taglets\0.8.8-incubating\taglets-0.8.8-incubating.jar;C:\Users\Parag\.m2\repository\xerces\xercesImpl\2.9.1\xercesImpl-2.9.1.jar;C:\Users\Parag\.m2\repository\xml-apis\xml-apis\1.3.04\xml-apis-1.3.04.jar;C:\Users\Parag\.m2\repository\edu\mit\simile\vicino\1.1\vicino-1.1.jar;C:\Users\Parag\.m2\repository\oauth\signpost\signpost-core\1.2.1.2\signpost-core-1.2.1.2.jar;C:\Users\Parag\.m2\repository\oauth\signpost\signpost-commonshttp4\1.2.1.2\signpost-commonshttp4-1.2.1.2.jar;C:\Users\Parag\.m2\repository\org\clojure\clojure\1.5.1\clojure-1.5.1.jar;C:\Users\Parag\.m2\repository\org\apache\httpcomponents\httpclient\4.5.5\httpclient-4.5.5.jar;C:\Users\Parag\.m2\repository\org\apache\httpcomponents\httpcore\4.4.9\httpcore-4.4.9.jar;C:\Users\Parag\.m2\repository\org\sweble\wikitext\swc-parser-lazy\3.1.7\swc-parser-lazy-3.1.7.jar;C:\Users\Parag\.m2\repository\xtc\rats-runtime\1.15.0\rats-runtime-1.15.0.jar;C:\Users\Parag\.m2\repository\de\fau\cs\osr\utils\utils\3.0.8\utils-3.0.8.jar;C:\Users\Parag\.m2\repository\de\fau\cs\osr\ptk\ptk-common\3.0.8\ptk-common-3.0.8.jar;C:\Users\Parag\.m2\repository\joda-time\joda-time\2.9.9\joda-time-2.9.9.jar;C:\Users\Parag\.m2\repository\org\apache\jena\jena-arq\3.6.0\jena-arq-3.6.0.jar;C:\Users\Parag\.m2\repository\org\apache\jena\jena-shaded-guava\3.6.0\jena-shaded-guava-3.6.0.jar;C:\Users\Parag\.m2\repository\com\github\jsonld-java\jsonld-java\0.11.1\jsonld-java-0.11.1.jar;C:\Users\Parag\.m2\repository\org\apache\httpcomponents\httpclient-cache\4.5.3\httpclient-cache-4.5.3.jar;C:\Users\Parag\.m2\repository\org\apache\thrift\libthrift\0.10.0\libthrift-0.10.0.jar;C:\Users\Parag\.m2\repository\org\slf4j\jcl-over-slf4j\1.7.25\jcl-over-slf4j-1.7.25.jar;C:\Users\Parag\.m2\repository\org\apache\jena\jena-base\3.6.0\jena-base-3.6.0.jar;C:\Users\Parag\.m2\repository\org\apache\commons\commons-csv\1.5\commons-csv-1.5.jar;C:\Users\Parag\.m2\repository\com\github\andrewoma\dexx\collection\0.7\collection-0.7.jar;C:\Users\Parag\.m2\repository\org\apache\jena\jena-cmds\3.6.0\jena-cmds-3.6.0.jar;C:\Users\Parag\.m2\repository\org\apache\jena\jena-tdb\3.6.0\jena-tdb-3.6.0.jar;C:\Users\Parag\.m2\repository\org\apache\jena\jena-tdb2\3.6.0\jena-tdb2-3.6.0.jar;C:\Users\Parag\.m2\repository\org\apache\jena\jena-dboe-trans-data\3.6.0\jena-dboe-trans-data-3.6.0.jar;C:\Users\Parag\.m2\repository\org\apache\jena\jena-dboe-transaction\3.6.0\jena-dboe-transaction-3.6.0.jar;C:\Users\Parag\.m2\repository\org\apache\jena\jena-dboe-base\3.6.0\jena-dboe-base-3.6.0.jar;C:\Users\Parag\.m2\repository\org\apache\jena\jena-dboe-index\3.6.0\jena-dboe-index-3.6.0.jar;C:\Users\Parag\.m2\repository\org\apache\jena\jena-rdfconnection\3.6.0\jena-rdfconnection-3.6.0.jar;C:\Users\Parag\.m2\repository\org\apache\jena\jena-core\3.6.0\jena-core-3.6.0.jar;C:\Users\Parag\.m2\repository\org\apache\jena\jena-iri\3.6.0\jena-iri-3.6.0.jar;C:\Users\Parag\.m2\repository\commons-cli\commons-cli\1.4\commons-cli-1.4.jar;C:\Users\Parag\.m2\repository\com\metaweb\lessen\1.0\lessen-1.0.jar;C:\Users\Parag\.m2\repository\com\wcohen\secondstring\20100303\secondstring-20100303.jar;C:\Users\Parag\.m2\repository\com\colloquial\arithcode\1.1\arithcode-1.1.jar;C:\Users\Parag\.m2\repository\com\google\guava\guava\19.0\guava-19.0.jar;C:\Users\Parag\.m2\repository\javax\xml\bind\jaxb-api\2.3.0\jaxb-api-2.3.0.jar;C:\Users\Parag\.m2\repository\javax\servlet\servlet-api\2.5\servlet-api-2.5.jar;C:\Users\Parag\.m2\repository\org\python\jython-standalone\2.7.1\jython-standalone-2.7.1.jar;C:\Users\Parag\.m2\repository\org\testng\testng\6.9.10\testng-6.9.10.jar;C:\Users\Parag\.m2\repository\com\beust\jcommander\1.48\jcommander-1.48.jar;C:\Users\Parag\.m2\repository\org\beanshell\bsh\2.0b4\bsh-2.0b4.jar;"/>
    <property name="java.vm.vendor" value="Oracle Corporation"/>
    <property name="sun.arch.data.model" value="64"/>
    <property name="user.variant" value=""/>
    <property name="java.vendor.url" value="http://java.oracle.com/"/>
    <property name="user.timezone" value="Asia/Calcutta"/>
    <property name="java.vm.specification.version" value="1.8"/>
    <property name="os.name" value="Windows 10"/>
    <property name="user.country" value="US"/>
    <property name="sun.java.launcher" value="SUN_STANDARD"/>
    <property name="sun.boot.library.path" value="C:\Program Files\Java\jdk1.8.0_171\jre\bin"/>
    <property name="sun.java.command" value="C:\Users\Parag\AppData\Local\Temp\surefire3075898156188243564\surefirebooter4904953527843076350.jar C:\Users\Parag\AppData\Local\Temp\surefire3075898156188243564 2019-11-06T18-41-01_246-jvmRun1 surefire4290915715084588631tmp surefire_18412811290987388023tmp"/>
    <property name="surefire.test.class.path" value="E:\Sierra\SierraTool\SourceCode\OpenRefine\extensions\jython\target\test-classes;E:\Sierra\SierraTool\SourceCode\OpenRefine\extensions\jython\module\MOD-INF\classes;E:\Sierra\SierraTool\SourceCode\OpenRefine\main\target\openrefine-main.jar;C:\Users\Parag\.m2\repository\edu\mit\simile\butterfly\1.0.2\butterfly-1.0.2.jar;C:\Users\Parag\.m2\repository\org\mozilla\rhino\1.7.10\rhino-1.7.10.jar;C:\Users\Parag\.m2\repository\com\fasterxml\jackson\core\jackson-databind\2.9.10\jackson-databind-2.9.10.jar;C:\Users\Parag\.m2\repository\com\fasterxml\jackson\core\jackson-core\2.9.10\jackson-core-2.9.10.jar;C:\Users\Parag\.m2\repository\com\fasterxml\jackson\core\jackson-annotations\2.9.10\jackson-annotations-2.9.10.jar;C:\Users\Parag\.m2\repository\org\slf4j\slf4j-log4j12\1.7.18\slf4j-log4j12-1.7.18.jar;C:\Users\Parag\.m2\repository\log4j\log4j\1.2.17\log4j-1.2.17.jar;C:\Users\Parag\.m2\repository\org\slf4j\slf4j-api\1.7.18\slf4j-api-1.7.18.jar;C:\Users\Parag\.m2\repository\org\apache\commons\commons-lang3\3.6\commons-lang3-3.6.jar;C:\Users\Parag\.m2\repository\commons-digester\commons-digester\1.8.1\commons-digester-1.8.1.jar;C:\Users\Parag\.m2\repository\commons-beanutils\commons-beanutils\1.8.0\commons-beanutils-1.8.0.jar;C:\Users\Parag\.m2\repository\commons-logging\commons-logging\1.1.1\commons-logging-1.1.1.jar;C:\Users\Parag\.m2\repository\commons-fileupload\commons-fileupload\1.4\commons-fileupload-1.4.jar;C:\Users\Parag\.m2\repository\commons-io\commons-io\2.2\commons-io-2.2.jar;C:\Users\Parag\.m2\repository\commons-collections\commons-collections\3.2.2\commons-collections-3.2.2.jar;C:\Users\Parag\.m2\repository\commons-validator\commons-validator\1.5.1\commons-validator-1.5.1.jar;C:\Users\Parag\.m2\repository\velocity\velocity\1.5\velocity-1.5.jar;C:\Users\Parag\.m2\repository\commons-lang\commons-lang\2.1\commons-lang-2.1.jar;C:\Users\Parag\.m2\repository\oro\oro\2.0.8\oro-2.0.8.jar;C:\Users\Parag\.m2\repository\marc4j\marc4j\2.4\marc4j-2.4.jar;C:\Users\Parag\.m2\repository\org\apache\ant\ant\1.8.0\ant-1.8.0.jar;C:\Users\Parag\.m2\repository\org\apache\ant\ant-launcher\1.8.0\ant-launcher-1.8.0.jar;C:\Users\Parag\.m2\repository\org\jsoup\jsoup\1.11.3\jsoup-1.11.3.jar;C:\Users\Parag\.m2\repository\net\sf\opencsv\opencsv\2.4-SNAPSHOT\opencsv-2.4-SNAPSHOT.jar;C:\Users\Parag\.m2\repository\org\apache\poi\poi\4.1.0\poi-4.1.0.jar;C:\Users\Parag\.m2\repository\commons-codec\commons-codec\1.12\commons-codec-1.12.jar;C:\Users\Parag\.m2\repository\org\apache\commons\commons-collections4\4.3\commons-collections4-4.3.jar;C:\Users\Parag\.m2\repository\org\apache\commons\commons-math3\3.6.1\commons-math3-3.6.1.jar;C:\Users\Parag\.m2\repository\org\apache\poi\poi-ooxml\4.1.0\poi-ooxml-4.1.0.jar;C:\Users\Parag\.m2\repository\org\apache\poi\poi-ooxml-schemas\4.1.0\poi-ooxml-schemas-4.1.0.jar;C:\Users\Parag\.m2\repository\org\apache\xmlbeans\xmlbeans\3.1.0\xmlbeans-3.1.0.jar;C:\Users\Parag\.m2\repository\org\apache\commons\commons-compress\1.18\commons-compress-1.18.jar;C:\Users\Parag\.m2\repository\com\github\virtuald\curvesapi\1.06\curvesapi-1.06.jar;C:\Users\Parag\.m2\repository\org\apache\odftoolkit\odfdom-java\0.8.8-incubating\odfdom-java-0.8.8-incubating.jar;C:\Users\Parag\.m2\repository\org\apache\odftoolkit\taglets\0.8.8-incubating\taglets-0.8.8-incubating.jar;C:\Users\Parag\.m2\repository\xerces\xercesImpl\2.9.1\xercesImpl-2.9.1.jar;C:\Users\Parag\.m2\repository\xml-apis\xml-apis\1.3.04\xml-apis-1.3.04.jar;C:\Users\Parag\.m2\repository\edu\mit\simile\vicino\1.1\vicino-1.1.jar;C:\Users\Parag\.m2\repository\oauth\signpost\signpost-core\1.2.1.2\signpost-core-1.2.1.2.jar;C:\Users\Parag\.m2\repository\oauth\signpost\signpost-commonshttp4\1.2.1.2\signpost-commonshttp4-1.2.1.2.jar;C:\Users\Parag\.m2\repository\org\clojure\clojure\1.5.1\clojure-1.5.1.jar;C:\Users\Parag\.m2\repository\org\apache\httpcomponents\httpclient\4.5.5\httpclient-4.5.5.jar;C:\Users\Parag\.m2\repository\org\apache\httpcomponents\httpcore\4.4.9\httpcore-4.4.9.jar;C:\Users\Parag\.m2\repository\org\sweble\wikitext\swc-parser-lazy\3.1.7\swc-parser-lazy-3.1.7.jar;C:\Users\Parag\.m2\repository\xtc\rats-runtime\1.15.0\rats-runtime-1.15.0.jar;C:\Users\Parag\.m2\repository\de\fau\cs\osr\utils\utils\3.0.8\utils-3.0.8.jar;C:\Users\Parag\.m2\repository\de\fau\cs\osr\ptk\ptk-common\3.0.8\ptk-common-3.0.8.jar;C:\Users\Parag\.m2\repository\joda-time\joda-time\2.9.9\joda-time-2.9.9.jar;C:\Users\Parag\.m2\repository\org\apache\jena\jena-arq\3.6.0\jena-arq-3.6.0.jar;C:\Users\Parag\.m2\repository\org\apache\jena\jena-shaded-guava\3.6.0\jena-shaded-guava-3.6.0.jar;C:\Users\Parag\.m2\repository\com\github\jsonld-java\jsonld-java\0.11.1\jsonld-java-0.11.1.jar;C:\Users\Parag\.m2\repository\org\apache\httpcomponents\httpclient-cache\4.5.3\httpclient-cache-4.5.3.jar;C:\Users\Parag\.m2\repository\org\apache\thrift\libthrift\0.10.0\libthrift-0.10.0.jar;C:\Users\Parag\.m2\repository\org\slf4j\jcl-over-slf4j\1.7.25\jcl-over-slf4j-1.7.25.jar;C:\Users\Parag\.m2\repository\org\apache\jena\jena-base\3.6.0\jena-base-3.6.0.jar;C:\Users\Parag\.m2\repository\org\apache\commons\commons-csv\1.5\commons-csv-1.5.jar;C:\Users\Parag\.m2\repository\com\github\andrewoma\dexx\collection\0.7\collection-0.7.jar;C:\Users\Parag\.m2\repository\org\apache\jena\jena-cmds\3.6.0\jena-cmds-3.6.0.jar;C:\Users\Parag\.m2\repository\org\apache\jena\jena-tdb\3.6.0\jena-tdb-3.6.0.jar;C:\Users\Parag\.m2\repository\org\apache\jena\jena-tdb2\3.6.0\jena-tdb2-3.6.0.jar;C:\Users\Parag\.m2\repository\org\apache\jena\jena-dboe-trans-data\3.6.0\jena-dboe-trans-data-3.6.0.jar;C:\Users\Parag\.m2\repository\org\apache\jena\jena-dboe-transaction\3.6.0\jena-dboe-transaction-3.6.0.jar;C:\Users\Parag\.m2\repository\org\apache\jena\jena-dboe-base\3.6.0\jena-dboe-base-3.6.0.jar;C:\Users\Parag\.m2\repository\org\apache\jena\jena-dboe-index\3.6.0\jena-dboe-index-3.6.0.jar;C:\Users\Parag\.m2\repository\org\apache\jena\jena-rdfconnection\3.6.0\jena-rdfconnection-3.6.0.jar;C:\Users\Parag\.m2\repository\org\apache\jena\jena-core\3.6.0\jena-core-3.6.0.jar;C:\Users\Parag\.m2\repository\org\apache\jena\jena-iri\3.6.0\jena-iri-3.6.0.jar;C:\Users\Parag\.m2\repository\commons-cli\commons-cli\1.4\commons-cli-1.4.jar;C:\Users\Parag\.m2\repository\com\metaweb\lessen\1.0\lessen-1.0.jar;C:\Users\Parag\.m2\repository\com\wcohen\secondstring\20100303\secondstring-20100303.jar;C:\Users\Parag\.m2\repository\com\colloquial\arithcode\1.1\arithcode-1.1.jar;C:\Users\Parag\.m2\repository\com\google\guava\guava\19.0\guava-19.0.jar;C:\Users\Parag\.m2\repository\javax\xml\bind\jaxb-api\2.3.0\jaxb-api-2.3.0.jar;C:\Users\Parag\.m2\repository\javax\servlet\servlet-api\2.5\servlet-api-2.5.jar;C:\Users\Parag\.m2\repository\org\python\jython-standalone\2.7.1\jython-standalone-2.7.1.jar;C:\Users\Parag\.m2\repository\org\testng\testng\6.9.10\testng-6.9.10.jar;C:\Users\Parag\.m2\repository\com\beust\jcommander\1.48\jcommander-1.48.jar;C:\Users\Parag\.m2\repository\org\beanshell\bsh\2.0b4\bsh-2.0b4.jar;"/>
    <property name="sun.cpu.endian" value="little"/>
    <property name="user.home" value="C:\Users\Parag"/>
    <property name="user.language" value="en"/>
    <property name="java.specification.vendor" value="Oracle Corporation"/>
    <property name="java.home" value="C:\Program Files\Java\jdk1.8.0_171\jre"/>
    <property name="version" value="1.1"/>
    <property name="basedir" value="E:\Sierra\SierraTool\SourceCode\OpenRefine\extensions\jython"/>
    <property name="file.separator" value="\"/>
    <property name="line.separator" value="&#10;"/>
    <property name="java.vm.specification.vendor" value="Oracle Corporation"/>
    <property name="java.specification.name" value="Java Platform API Specification"/>
    <property name="java.awt.graphicsenv" value="sun.awt.Win32GraphicsEnvironment"/>
    <property name="surefire.real.class.path" value="C:\Users\Parag\AppData\Local\Temp\surefire3075898156188243564\surefirebooter4904953527843076350.jar"/>
    <property name="sun.boot.class.path" value="C:\Program Files\Java\jdk1.8.0_171\jre\lib\resources.jar;C:\Program Files\Java\jdk1.8.0_171\jre\lib\rt.jar;C:\Program Files\Java\jdk1.8.0_171\jre\lib\sunrsasign.jar;C:\Program Files\Java\jdk1.8.0_171\jre\lib\jsse.jar;C:\Program Files\Java\jdk1.8.0_171\jre\lib\jce.jar;C:\Program Files\Java\jdk1.8.0_171\jre\lib\charsets.jar;C:\Program Files\Java\jdk1.8.0_171\jre\lib\jfr.jar;C:\Program Files\Java\jdk1.8.0_171\jre\classes"/>
    <property name="user.script" value=""/>
    <property name="sun.management.compiler" value="HotSpot 64-Bit Tiered Compilers"/>
    <property name="java.runtime.version" value="1.8.0_171-b11"/>
    <property name="user.name" value="Parag"/>
    <property name="path.separator" value=";"/>
    <property name="os.version" value="10.0"/>
    <property name="java.endorsed.dirs" value="C:\Program Files\Java\jdk1.8.0_171\jre\lib\endorsed"/>
    <property name="java.runtime.name" value="Java(TM) SE Runtime Environment"/>
    <property name="file.encoding" value="Cp1252"/>
    <property name="java.vm.name" value="Java HotSpot(TM) 64-Bit Server VM"/>
    <property name="localRepository" value="C:\Users\Parag\.m2\repository"/>
    <property name="java.vendor.url.bug" value="http://bugreport.sun.com/bugreport/"/>
    <property name="java.io.tmpdir" value="C:\Users\Parag\AppData\Local\Temp\"/>
    <property name="java.version" value="1.8.0_171"/>
    <property name="user.dir" value="E:\Sierra\SierraTool\SourceCode\OpenRefine\extensions\jython"/>
    <property name="os.arch" value="amd64"/>
    <property name="java.vm.specification.name" value="Java Virtual Machine Specification"/>
    <property name="java.awt.printerjob" value="sun.awt.windows.WPrinterJob"/>
    <property name="sun.os.patch.level" value=""/>
    <property name="java.library.path" value="C:\Program Files\Java\jdk1.8.0_171\jre\bin;C:\WINDOWS\Sun\Java\bin;C:\WINDOWS\system32;C:\WINDOWS;C:\Users\Parag\bin;C:\Program Files\Git\mingw64\bin;C:\Program Files\Git\usr\local\bin;C:\Program Files\Git\usr\bin;C:\Program Files\Git\usr\bin;C:\Program Files\Git\mingw64\bin;C:\Program Files\Git\usr\bin;C:\Users\Parag\bin;C:\Program Files (x86)\Common Files\Oracle\Java\javapath;C:\WINDOWS\system32;C:\WINDOWS;C:\WINDOWS\System32\Wbem;C:\WINDOWS\System32\WindowsPowerShell\v1.0;C:\Program Files (x86)\PuTTY;C:\Program Files\nodejs\bin;C:\Program Files (x86)\Microsoft Emulator Manager\1.0;C:\ProgramData\chocolatey\bin;C:\Program Files\nodejs;C:\Program Files\Java\jdk1.8.0_171\bin;C:\Program Files\Git\usr\bin\git.exe;C:\Program Files\Git\cmd;C:\WINDOWS\System32\OpenSSH;C:\Program Files\Microsoft VS Code\bin;C:\Program Files\OpenSSH\bin;E:\OpenRefine\apache-maven-3.6.0\bin;E:\Sierra\sapjco3;C:\Program Files\MySQL\MySQL Shell 8.0\bin;%USERPROFILE%\AppData\Local\Microsoft\WindowsApps;C:\Program Files\Git\usr\bin\vendor_perl;C:\Program Files\Git\usr\bin\core_perl;."/>
    <property name="java.vm.info" value="mixed mode"/>
    <property name="java.vendor" value="Oracle Corporation"/>
    <property name="java.vm.version" value="25.171-b11"/>
    <property name="java.ext.dirs" value="C:\Program Files\Java\jdk1.8.0_171\jre\lib\ext;C:\WINDOWS\Sun\Java\lib\ext"/>
    <property name="sun.io.unicode.encoding" value="UnicodeLittle"/>
    <property name="java.class.version" value="52.0"/>
  </properties>
  <testcase name="testWrappedObjectsHaveAttributes" classname="com.google.refine.jython.JythonAttributeTest" time="4.166"/>
  <testcase name="testJythonConcurrent" classname="com.google.refine.jython.JythonEvaluableTest" time="0.204"/>
</testsuite>