<?xml version="1.0" encoding="UTF-8"?>
<!-- Generated by org.testng.reporters.JUnitReportReporter -->
<testsuite hostname="DESKTOP-R5SQ9ER" name="com.google.refine.expr.functions.xml.SelectXmlTests" tests="1" failures="0" timestamp="22 Nov 2019 11:20:17 GMT" time="0.000" errors="0">
  <testcase name="serializeSelectXml" time="0.000" classname="com.google.refine.expr.functions.xml.SelectXmlTests"/>
</testsuite> <!-- com.google.refine.expr.functions.xml.SelectXmlTests -->
