<?xml version="1.0" encoding="UTF-8"?>
<!-- Generated by org.testng.reporters.JUnitReportReporter -->
<testsuite hostname="DESKTOP-R5SQ9ER" name="com.google.refine.browsing.EngineConfigTests" tests="4" failures="0" timestamp="6 Nov 2019 13:11:41 GMT" time="0.004" errors="0">
  <testcase name="reconstructNoFacetsProvided" time="0.000" classname="com.google.refine.browsing.EngineConfigTests"/>
  <testcase name="serializeEngineConfig" time="0.003" classname="com.google.refine.browsing.EngineConfigTests"/>
  <testcase name="serializeEngineConfigRecordMode" time="0.001" classname="com.google.refine.browsing.EngineConfigTests"/>
  <testcase name="reconstructNullEngineConfig" time="0.000" classname="com.google.refine.browsing.EngineConfigTests"/>
</testsuite> <!-- com.google.refine.browsing.EngineConfigTests -->
