<?xml version="1.0" encoding="UTF-8"?>
<!-- Generated by org.testng.reporters.JUnitReportReporter -->
<testsuite hostname="DESKTOP-R5SQ9ER" name="com.google.refine.browsing.EngineTests" tests="1" failures="0" timestamp="5 Nov 2019 06:13:28 GMT" time="0.004" errors="0">
  <testcase name="serializeEngine" time="0.004" classname="com.google.refine.browsing.EngineTests"/>
</testsuite> <!-- com.google.refine.browsing.EngineTests -->
