<?xml version="1.0" encoding="UTF-8"?>
<!-- Generated by org.testng.reporters.JUnitReportReporter -->
<testsuite hostname="DESKTOP-R5SQ9ER" name="com.google.refine.browsing.facets.RangeFacetTests" tests="2" failures="0" timestamp="22 Nov 2019 11:20:17 GMT" time="0.018" errors="0">
  <testcase name="serializeRangeFacetConfig" time="0.005" classname="com.google.refine.browsing.facets.RangeFacetTests"/>
  <testcase name="serializeRangeFacet" time="0.013" classname="com.google.refine.browsing.facets.RangeFacetTests"/>
</testsuite> <!-- com.google.refine.browsing.facets.RangeFacetTests -->
