<?xml version="1.0" encoding="UTF-8"?>
<!-- Generated by org.testng.reporters.JUnitReportReporter -->
<testsuite hostname="DESKTOP-R5SQ9ER" name="com.google.refine.browsing.facets.NominalFacetChoiceTests" tests="1" failures="0" timestamp="22 Nov 2019 11:20:18 GMT" time="0.072" errors="0">
  <testcase name="serializeNominalFacetChoice" time="0.072" classname="com.google.refine.browsing.facets.NominalFacetChoiceTests"/>
</testsuite> <!-- com.google.refine.browsing.facets.NominalFacetChoiceTests -->
