<?xml version="1.0" encoding="UTF-8"?>
<!-- Generated by org.testng.reporters.JUnitReportReporter -->
<testsuite hostname="DESKTOP-R5SQ9ER" name="com.google.refine.model.ColumnGroupTests" tests="2" failures="0" timestamp="5 Nov 2019 06:13:27 GMT" time="0.003" errors="0">
  <testcase name="serializeColumnGroup" time="0.003" classname="com.google.refine.model.ColumnGroupTests"/>
  <testcase name="serializeColumnGroupWithSubgroups" time="0.000" classname="com.google.refine.model.ColumnGroupTests"/>
</testsuite> <!-- com.google.refine.model.ColumnGroupTests -->
