<?xml version="1.0" encoding="UTF-8"?>
<!-- Generated by org.testng.reporters.JUnitReportReporter -->
<testsuite hostname="DESKTOP-R5SQ9ER" name="com.google.refine.clustering.knn.kNNClustererTests" tests="3" failures="0" timestamp="6 Nov 2019 13:11:41 GMT" time="0.049" errors="0">
  <testcase name="serializekNNClustererConfig" time="0.002" classname="com.google.refine.clustering.knn.kNNClustererTests"/>
  <testcase name="testNoLonelyclusters" time="0.003" classname="com.google.refine.clustering.knn.kNNClustererTests"/>
  <testcase name="serializekNNClusterer" time="0.044" classname="com.google.refine.clustering.knn.kNNClustererTests"/>
</testsuite> <!-- com.google.refine.clustering.knn.kNNClustererTests -->
