<?xml version="1.0" encoding="UTF-8"?>
<!-- Generated by org.testng.reporters.JUnitReportReporter -->
<testsuite hostname="DESKTOP-R5SQ9ER" name="com.google.refine.operations.recon.ReconJudgeSimilarCellsOperationTests" tests="1" failures="0" timestamp="6 Nov 2019 13:11:39 GMT" time="0.004" errors="0">
  <testcase name="serializeReconJudgeSimilarCellsOperation" time="0.004" classname="com.google.refine.operations.recon.ReconJudgeSimilarCellsOperationTests"/>
</testsuite> <!-- com.google.refine.operations.recon.ReconJudgeSimilarCellsOperationTests -->
