<?xml version="1.0" encoding="UTF-8"?>
<!-- Generated by org.testng.reporters.JUnitReportReporter -->
<testsuite hostname="DESKTOP-R5SQ9ER" name="com.google.refine.browsing.EngineTests" tests="1" failures="0" timestamp="6 Nov 2019 13:11:40 GMT" time="0.003" errors="0">
  <testcase name="serializeEngine" time="0.003" classname="com.google.refine.browsing.EngineTests"/>
</testsuite> <!-- com.google.refine.browsing.EngineTests -->
