<?xml version="1.0" encoding="UTF-8"?>
<!-- Generated by org.testng.reporters.JUnitReportReporter -->
<testsuite hostname="DESKTOP-R5SQ9ER" name="com.google.refine.importers.FixedWidthImporterTests" tests="1" failures="0" timestamp="22 Nov 2019 11:20:17 GMT" time="0.006" errors="0">
  <testcase name="readFixedWidth" time="0.006" classname="com.google.refine.importers.FixedWidthImporterTests"/>
</testsuite> <!-- com.google.refine.importers.FixedWidthImporterTests -->
