<?xml version="1.0" encoding="UTF-8"?>
<!-- Generated by org.testng.reporters.JUnitReportReporter -->
<testsuite hostname="DESKTOP-R5SQ9ER" name="com.google.refine.importers.XmlImportUtilitiesTests" tests="16" failures="0" timestamp="5 Nov 2019 06:13:27 GMT" time="0.143" errors="0">
  <testcase name="createColumnsFromImportTest" time="0.002" classname="com.google.refine.importers.XmlImportUtilitiesTests"/>
  <testcase name="detectPathFromTagWithNestedElementXml" time="0.071" classname="com.google.refine.importers.XmlImportUtilitiesTests"/>
  <testcase name="addCellTest" time="0.003" classname="com.google.refine.importers.XmlImportUtilitiesTests"/>
  <testcase name="processSubRecordTestXml" time="0.003" classname="com.google.refine.importers.XmlImportUtilitiesTests"/>
  <testcase name="findRecordTestXml" time="0.004" classname="com.google.refine.importers.XmlImportUtilitiesTests"/>
  <testcase name="detectRecordElementIsNullForUnfoundTagXml" time="0.005" classname="com.google.refine.importers.XmlImportUtilitiesTests"/>
  <testcase name="processRecordTestXml" time="0.010" classname="com.google.refine.importers.XmlImportUtilitiesTests"/>
  <testcase name="detectRecordElementRegressionJsonTest" time="0.002" classname="com.google.refine.importers.XmlImportUtilitiesTests"/>
  <testcase name="detectRecordElementRegressionXmlTest" time="0.004" classname="com.google.refine.importers.XmlImportUtilitiesTests"/>
  <testcase name="detectRecordElementXmlTest" time="0.002" classname="com.google.refine.importers.XmlImportUtilitiesTests"/>
  <testcase name="processRecordTestDuplicateColumnsXml" time="0.007" classname="com.google.refine.importers.XmlImportUtilitiesTests"/>
  <testcase name="processRecordTestNestedElementXml" time="0.004" classname="com.google.refine.importers.XmlImportUtilitiesTests"/>
  <testcase name="importTreeDataXmlTest" time="0.006" classname="com.google.refine.importers.XmlImportUtilitiesTests"/>
  <testcase name="detectPathFromTagXmlTest" time="0.001" classname="com.google.refine.importers.XmlImportUtilitiesTests"/>
  <testcase name="importXmlWithVaryingStructureTest" time="0.017" classname="com.google.refine.importers.XmlImportUtilitiesTests"/>
  <testcase name="detectRecordElementCanHandleWithNestedElementsXml" time="0.002" classname="com.google.refine.importers.XmlImportUtilitiesTests"/>
</testsuite> <!-- com.google.refine.importers.XmlImportUtilitiesTests -->
