<?xml version="1.0" encoding="UTF-8"?>
<!-- Generated by org.testng.reporters.JUnitReportReporter -->
<testsuite hostname="DESKTOP-R5SQ9ER" name="com.google.refine.importers.ExcelImporterTests" tests="2" failures="0" timestamp="22 Nov 2019 11:20:16 GMT" time="1.043" errors="0">
  <testcase name="readXls" time="0.823" classname="com.google.refine.importers.ExcelImporterTests"/>
  <testcase name="readXlsx" time="0.220" classname="com.google.refine.importers.ExcelImporterTests"/>
</testsuite> <!-- com.google.refine.importers.ExcelImporterTests -->
