<?xml version="1.0" encoding="UTF-8"?>
<!-- Generated by org.testng.reporters.JUnitReportReporter -->
<testsuite hostname="DESKTOP-R5SQ9ER" name="com.google.refine.expr.functions.strings.DiffTests" tests="6" failures="0" timestamp="6 Nov 2019 13:11:40 GMT" time="0.007" errors="0">
  <testcase name="serializeDiff" time="0.003" classname="com.google.refine.expr.functions.strings.DiffTests"/>
  <testcase name="testDiffInvalidParams" time="0.001" classname="com.google.refine.expr.functions.strings.DiffTests"/>
  <testcase name="testDiffOffsetDateTimeEvalErrors" time="0.001" classname="com.google.refine.expr.functions.strings.DiffTests"/>
  <testcase name="testDiffString" time="0.002" classname="com.google.refine.expr.functions.strings.DiffTests"/>
  <testcase name="testDiffOffsetDateTimeEvalErrorsForIncorrectTimeUnit" time="0.000" classname="com.google.refine.expr.functions.strings.DiffTests"/>
  <testcase name="testDiffOffsetDateTime" time="0.000" classname="com.google.refine.expr.functions.strings.DiffTests"/>
</testsuite> <!-- com.google.refine.expr.functions.strings.DiffTests -->
