<?xml version="1.0" encoding="UTF-8"?>
<!-- Generated by org.testng.reporters.JUnitReportReporter -->
<testsuite hostname="DESKTOP-R5SQ9ER" name="com.google.refine.commands.CSRFTokenFactoryTests" tests="3" failures="0" timestamp="22 Nov 2019 11:20:18 GMT" time="0.034" errors="0">
  <testcase name="testGenerateValidToken" time="0.028" classname="com.google.refine.commands.CSRFTokenFactoryTests"/>
  <testcase name="testOldToken" time="0.005" classname="com.google.refine.commands.CSRFTokenFactoryTests"/>
  <testcase name="testInvalidToken" time="0.001" classname="com.google.refine.commands.CSRFTokenFactoryTests"/>
</testsuite> <!-- com.google.refine.commands.CSRFTokenFactoryTests -->
