<?xml version="1.0" encoding="UTF-8"?>
<!-- Generated by org.testng.reporters.JUnitReportReporter -->
<testsuite hostname="DESKTOP-R5SQ9ER" name="com.google.refine.importers.WikitextImporterTests" tests="8" failures="0" timestamp="6 Nov 2019 13:11:41 GMT" time="3.080" errors="0">
  <testcase name="readTableWithSpanningCells" time="0.007" classname="com.google.refine.importers.WikitextImporterTests"/>
  <testcase name="readTableWithReferencesTemplates" time="0.009" classname="com.google.refine.importers.WikitextImporterTests"/>
  <testcase name="readTableWithMisplacedHeaders" time="0.006" classname="com.google.refine.importers.WikitextImporterTests"/>
  <testcase name="readTableWithTemplates" time="0.013" classname="com.google.refine.importers.WikitextImporterTests"/>
  <testcase name="readTableWithLinks" time="2.723" classname="com.google.refine.importers.WikitextImporterTests"/>
  <testcase name="readSimpleData" time="0.246" classname="com.google.refine.importers.WikitextImporterTests"/>
  <testcase name="readTableWithReferences" time="0.019" classname="com.google.refine.importers.WikitextImporterTests"/>
  <testcase name="readStyledTableWithHeader" time="0.057" classname="com.google.refine.importers.WikitextImporterTests"/>
</testsuite> <!-- com.google.refine.importers.WikitextImporterTests -->
