<?xml version="1.0" encoding="UTF-8"?>
<!-- Generated by org.testng.reporters.JUnitReportReporter -->
<testsuite hostname="DESKTOP-R5SQ9ER" name="com.google.refine.operations.recon.ReconUseValuesAsIdsOperationTests" tests="2" failures="0" timestamp="22 Nov 2019 11:20:16 GMT" time="0.016" errors="0">
  <testcase name="testUseValuesAsIds" time="0.007" classname="com.google.refine.operations.recon.ReconUseValuesAsIdsOperationTests"/>
  <testcase name="serializeReconUseValuesAsIdentifiersOperation" time="0.009" classname="com.google.refine.operations.recon.ReconUseValuesAsIdsOperationTests"/>
</testsuite> <!-- com.google.refine.operations.recon.ReconUseValuesAsIdsOperationTests -->
