<?xml version="1.0" encoding="UTF-8"?>
<!-- Generated by org.testng.reporters.JUnitReportReporter -->
<testsuite hostname="DESKTOP-R5SQ9ER" name="com.google.refine.expr.functions.xml.xmlTextTests" tests="1" failures="0" timestamp="5 Nov 2019 06:13:31 GMT" time="0.000" errors="0">
  <testcase name="serializeXmlText" time="0.000" classname="com.google.refine.expr.functions.xml.xmlTextTests"/>
</testsuite> <!-- com.google.refine.expr.functions.xml.xmlTextTests -->
