<?xml version="1.0" encoding="UTF-8"?>
<!-- Generated by org.testng.reporters.JUnitReportReporter -->
<testsuite hostname="DESKTOP-R5SQ9ER" name="com.google.refine.commands.expr.PreviewExpressionCommandTests" tests="2" failures="0" timestamp="5 Nov 2019 06:13:31 GMT" time="0.022" errors="0">
  <testcase name="testJsonResponse" time="0.014" classname="com.google.refine.commands.expr.PreviewExpressionCommandTests"/>
  <testcase name="testParseError" time="0.008" classname="com.google.refine.commands.expr.PreviewExpressionCommandTests"/>
</testsuite> <!-- com.google.refine.commands.expr.PreviewExpressionCommandTests -->
