<?xml version="1.0" encoding="UTF-8"?>
<!-- Generated by org.testng.reporters.JUnitReportReporter -->
<testsuite hostname="DESKTOP-R5SQ9ER" name="com.google.refine.commands.CSRFTokenFactoryTests" tests="3" failures="0" timestamp="6 Nov 2019 13:11:41 GMT" time="0.027" errors="0">
  <testcase name="testOldToken" time="0.005" classname="com.google.refine.commands.CSRFTokenFactoryTests"/>
  <testcase name="testInvalidToken" time="0.001" classname="com.google.refine.commands.CSRFTokenFactoryTests"/>
  <testcase name="testGenerateValidToken" time="0.021" classname="com.google.refine.commands.CSRFTokenFactoryTests"/>
</testsuite> <!-- com.google.refine.commands.CSRFTokenFactoryTests -->
