<?xml version="1.0" encoding="UTF-8"?>
<!-- Generated by org.testng.reporters.JUnitReportReporter -->
<testsuite hostname="DESKTOP-R5SQ9ER" name="com.google.refine.grel.controls.IsNotNullTests" tests="1" failures="0" timestamp="5 Nov 2019 06:13:32 GMT" time="0.001" errors="0">
  <testcase name="serializeIsNotNull" time="0.001" classname="com.google.refine.grel.controls.IsNotNullTests"/>
</testsuite> <!-- com.google.refine.grel.controls.IsNotNullTests -->
