<?xml version="1.0" encoding="UTF-8"?>
<!-- Generated by org.testng.reporters.JUnitReportReporter -->
<testsuite hostname="DESKTOP-R5SQ9ER" name="com.google.refine.grel.controls.ForEachIndexTests" tests="1" failures="0" timestamp="6 Nov 2019 13:11:41 GMT" time="0.000" errors="0">
  <testcase name="serializeForEachIndex" time="0.000" classname="com.google.refine.grel.controls.ForEachIndexTests"/>
</testsuite> <!-- com.google.refine.grel.controls.ForEachIndexTests -->
