<?xml version="1.0" encoding="UTF-8"?>
<!-- Generated by org.testng.reporters.JUnitReportReporter -->
<testsuite hostname="DESKTOP-R5SQ9ER" name="com.google.refine.commands.project.SetProjectMetadataCommandTests" tests="3" failures="0" timestamp="6 Nov 2019 13:11:40 GMT" time="0.107" errors="0">
  <testcase name="doPostThrowsIfCommand_getProjectReturnsNull" time="0.099" classname="com.google.refine.commands.project.SetProjectMetadataCommandTests"/>
  <testcase name="setMetadataTest" time="0.002" classname="com.google.refine.commands.project.SetProjectMetadataCommandTests"/>
  <testcase name="setUserMetadataFieldTest" time="0.006" classname="com.google.refine.commands.project.SetProjectMetadataCommandTests"/>
</testsuite> <!-- com.google.refine.commands.project.SetProjectMetadataCommandTests -->
