<?xml version="1.0" encoding="UTF-8"?>
<!-- Generated by org.testng.reporters.JUnitReportReporter -->
<testsuite hostname="DESKTOP-R5SQ9ER" name="com.google.refine.operations.row.RowReorderOperationTests" tests="2" failures="0" timestamp="6 Nov 2019 13:11:40 GMT" time="0.010" errors="0">
  <testcase name="testSortEmptyString" time="0.005" classname="com.google.refine.operations.row.RowReorderOperationTests"/>
  <testcase name="serializeRowReorderOperation" time="0.005" classname="com.google.refine.operations.row.RowReorderOperationTests"/>
</testsuite> <!-- com.google.refine.operations.row.RowReorderOperationTests -->
