<?xml version="1.0" encoding="UTF-8"?>
<!-- Generated by org.testng.reporters.JUnitReportReporter -->
<testsuite hostname="DESKTOP-R5SQ9ER" name="com.google.refine.exporters.TsvExporterTests" tests="6" failures="0" timestamp="5 Nov 2019 06:13:28 GMT" time="0.009" errors="0">
  <testcase name="exportTsvWithEmptyCells" time="0.001" classname="com.google.refine.exporters.TsvExporterTests"/>
  <testcase name="exportTsvWithQuote" time="0.001" classname="com.google.refine.exporters.TsvExporterTests"/>
  <testcase name="exportTsvWithLineBreaks" time="0.002" classname="com.google.refine.exporters.TsvExporterTests"/>
  <testcase name="exportTsvWithComma" time="0.003" classname="com.google.refine.exporters.TsvExporterTests"/>
  <testcase name="exportSimpleTsvNoHeader" time="0.001" classname="com.google.refine.exporters.TsvExporterTests"/>
  <testcase name="exportSimpleTsv" time="0.001" classname="com.google.refine.exporters.TsvExporterTests"/>
</testsuite> <!-- com.google.refine.exporters.TsvExporterTests -->
