<?xml version="1.0" encoding="UTF-8"?>
<!-- Generated by org.testng.reporters.JUnitReportReporter -->
<testsuite hostname="DESKTOP-R5SQ9ER" name="com.google.refine.grel.controls.FilterTests" tests="1" failures="0" timestamp="22 Nov 2019 11:20:16 GMT" time="0.000" errors="0">
  <testcase name="serializeFilter" time="0.000" classname="com.google.refine.grel.controls.FilterTests"/>
</testsuite> <!-- com.google.refine.grel.controls.FilterTests -->
