<?xml version="1.0" encoding="UTF-8"?>
<!-- Generated by org.testng.reporters.JUnitReportReporter -->
<testsuite hostname="DESKTOP-R5SQ9ER" name="com.google.refine.operations.column.ColumnSplitOperationTests" tests="2" failures="0" timestamp="22 Nov 2019 11:20:18 GMT" time="0.049" errors="0">
  <testcase name="serializeColumnSplitOperationBySeparator" time="0.039" classname="com.google.refine.operations.column.ColumnSplitOperationTests"/>
  <testcase name="serializeColumnSplitOperationByLengths" time="0.010" classname="com.google.refine.operations.column.ColumnSplitOperationTests"/>
</testsuite> <!-- com.google.refine.operations.column.ColumnSplitOperationTests -->
