<?xml version="1.0" encoding="UTF-8"?>
<!-- Generated by org.testng.reporters.JUnitReportReporter -->
<testsuite hostname="DESKTOP-R5SQ9ER" name="com.google.refine.clustering.binning.BinningClustererTests" tests="4" failures="0" timestamp="5 Nov 2019 06:13:27 GMT" time="0.041" errors="0">
  <testcase name="testSerializeBinningClusterer" time="0.007" classname="com.google.refine.clustering.binning.BinningClustererTests"/>
  <testcase name="testSerializeBinningClustererConfig" time="0.004" classname="com.google.refine.clustering.binning.BinningClustererTests"/>
  <testcase name="testSerializeBinningClustererConfigWithNgrams" time="0.003" classname="com.google.refine.clustering.binning.BinningClustererTests"/>
  <testcase name="testNoLonelyClusters" time="0.027" classname="com.google.refine.clustering.binning.BinningClustererTests"/>
</testsuite> <!-- com.google.refine.clustering.binning.BinningClustererTests -->
