<?xml version="1.0" encoding="UTF-8"?>
<!-- Generated by org.testng.reporters.JUnitReportReporter -->
<testsuite hostname="DESKTOP-R5SQ9ER" name="com.google.refine.expr.functions.booleans.BooleanTests" tests="2" failures="0" timestamp="22 Nov 2019 11:20:15 GMT" time="0.004" errors="0">
  <testcase name="testBinary" time="0.003" classname="com.google.refine.expr.functions.booleans.BooleanTests"/>
  <testcase name="testInvalidParams" time="0.001" classname="com.google.refine.expr.functions.booleans.BooleanTests"/>
</testsuite> <!-- com.google.refine.expr.functions.booleans.BooleanTests -->
