<?xml version="1.0" encoding="UTF-8"?>
<!-- Generated by org.testng.reporters.JUnitReportReporter -->
<testsuite hostname="DESKTOP-R5SQ9ER" name="com.google.refine.importers.ImporterUtilitiesTests" tests="7" failures="0" timestamp="5 Nov 2019 06:13:28 GMT" time="0.112" errors="0">
  <testcase name="ensureColumnsInRowExistDoesExpand" time="0.001" classname="com.google.refine.importers.ImporterUtilitiesTests"/>
  <testcase name="getIntegerOption" time="0.099" classname="com.google.refine.importers.ImporterUtilitiesTests"/>
  <testcase name="appendColumnNameFromMultipleRows" time="0.001" classname="com.google.refine.importers.ImporterUtilitiesTests"/>
  <testcase name="getIntegerOptionReturnsDefaultOnError" time="0.003" classname="com.google.refine.importers.ImporterUtilitiesTests"/>
  <testcase name="appendColumnName" time="0.003" classname="com.google.refine.importers.ImporterUtilitiesTests"/>
  <testcase name="ensureColumnsInRowExist" time="0.002" classname="com.google.refine.importers.ImporterUtilitiesTests"/>
  <testcase name="setupColumns" time="0.003" classname="com.google.refine.importers.ImporterUtilitiesTests"/>
</testsuite> <!-- com.google.refine.importers.ImporterUtilitiesTests -->
