<?xml version="1.0" encoding="UTF-8"?>
<!-- Generated by org.testng.reporters.JUnitReportReporter -->
<testsuite hostname="DESKTOP-R5SQ9ER" name="com.google.refine.clustering.binning.BinningClustererTests" tests="4" failures="0" timestamp="6 Nov 2019 13:11:40 GMT" time="0.024" errors="0">
  <testcase name="testSerializeBinningClusterer" time="0.008" classname="com.google.refine.clustering.binning.BinningClustererTests"/>
  <testcase name="testSerializeBinningClustererConfig" time="0.002" classname="com.google.refine.clustering.binning.BinningClustererTests"/>
  <testcase name="testSerializeBinningClustererConfigWithNgrams" time="0.001" classname="com.google.refine.clustering.binning.BinningClustererTests"/>
  <testcase name="testNoLonelyClusters" time="0.013" classname="com.google.refine.clustering.binning.BinningClustererTests"/>
</testsuite> <!-- com.google.refine.clustering.binning.BinningClustererTests -->
