<?xml version="1.0" encoding="UTF-8"?>
<!-- Generated by org.testng.reporters.JUnitReportReporter -->
<testsuite hostname="DESKTOP-R5SQ9ER" name="com.google.refine.commands.expr.ToggleStarredExpressionCommandTests" tests="2" failures="0" timestamp="5 Nov 2019 06:13:28 GMT" time="0.016" errors="0">
  <testcase name="testCSRFProtection" time="0.002" classname="com.google.refine.commands.expr.ToggleStarredExpressionCommandTests"/>
  <testcase name="testJsonResponse" time="0.014" classname="com.google.refine.commands.expr.ToggleStarredExpressionCommandTests"/>
</testsuite> <!-- com.google.refine.commands.expr.ToggleStarredExpressionCommandTests -->
