<?xml version="1.0" encoding="UTF-8"?>
<!-- Generated by org.testng.reporters.JUnitReportReporter -->
<testsuite hostname="DESKTOP-R5SQ9ER" name="com.google.refine.expr.functions.math.OddTests" tests="1" failures="0" timestamp="22 Nov 2019 11:20:17 GMT" time="0.002" errors="0">
  <testcase name="serializeOdd" time="0.002" classname="com.google.refine.expr.functions.math.OddTests"/>
</testsuite> <!-- com.google.refine.expr.functions.math.OddTests -->
