<?xml version="1.0" encoding="UTF-8"?>
<!-- Generated by org.testng.reporters.JUnitReportReporter -->
<testsuite hostname="DESKTOP-R5SQ9ER" name="com.google.refine.commands.cell.EditOneCellCommandTests" tests="2" failures="0" timestamp="6 Nov 2019 13:11:41 GMT" time="0.008" errors="0">
  <testcase name="testEditOneCell" time="0.005" classname="com.google.refine.commands.cell.EditOneCellCommandTests"/>
  <testcase name="testMissingCSRFToken" time="0.003" classname="com.google.refine.commands.cell.EditOneCellCommandTests"/>
</testsuite> <!-- com.google.refine.commands.cell.EditOneCellCommandTests -->
