<?xml version="1.0" encoding="UTF-8"?>
<!-- Generated by org.testng.reporters.JUnitReportReporter -->
<testsuite hostname="DESKTOP-R5SQ9ER" name="com.google.refine.expr.functions.date.NowTests" tests="2" failures="0" timestamp="6 Nov 2019 13:11:41 GMT" time="0.004" errors="0">
  <testcase name="testNow" time="0.002" classname="com.google.refine.expr.functions.date.NowTests"/>
  <testcase name="serializeNow" time="0.002" classname="com.google.refine.expr.functions.date.NowTests"/>
</testsuite> <!-- com.google.refine.expr.functions.date.NowTests -->
