<?xml version="1.0" encoding="UTF-8"?>
<!-- Generated by org.testng.reporters.JUnitReportReporter -->
<testsuite hostname="DESKTOP-R5SQ9ER" name="com.google.refine.model.CacheTests" tests="1" failures="0" timestamp="6 Nov 2019 13:11:41 GMT" time="0.027" errors="0">
  <testcase name="testIssue567" time="0.027" classname="com.google.refine.model.CacheTests"/>
</testsuite> <!-- com.google.refine.model.CacheTests -->
