<?xml version="1.0" encoding="UTF-8"?>
<!-- Generated by org.testng.reporters.JUnitReportReporter -->
<testsuite hostname="DESKTOP-R5SQ9ER" name="com.google.refine.exporters.HtmlExporterTests" tests="3" failures="0" timestamp="5 Nov 2019 06:13:31 GMT" time="0.060" errors="0">
  <testcase name="exportHtmlTableWithEmptyCells" time="0.001" classname="com.google.refine.exporters.HtmlExporterTests"/>
  <testcase name="exportSimpleHtmlTable" time="0.000" classname="com.google.refine.exporters.HtmlExporterTests"/>
  <testcase name="exportHtmlTableWithURLs" time="0.059" classname="com.google.refine.exporters.HtmlExporterTests"/>
</testsuite> <!-- com.google.refine.exporters.HtmlExporterTests -->
