<?xml version="1.0" encoding="UTF-8"?>
<!-- Generated by org.testng.reporters.JUnitReportReporter -->
<testsuite hostname="DESKTOP-R5SQ9ER" name="com.google.refine.operations.recon.ReconMatchBestCandidatesOperationTests" tests="1" failures="0" timestamp="22 Nov 2019 11:20:15 GMT" time="0.013" errors="0">
  <testcase name="serializeReconMatchBestCandidatesOperation" time="0.013" classname="com.google.refine.operations.recon.ReconMatchBestCandidatesOperationTests"/>
</testsuite> <!-- com.google.refine.operations.recon.ReconMatchBestCandidatesOperationTests -->
