<?xml version="1.0" encoding="UTF-8"?>
<!-- Generated by org.testng.reporters.JUnitReportReporter -->
<testsuite hostname="DESKTOP-R5SQ9ER" name="com.google.refine.model.ReconTypeTest" tests="2" failures="0" timestamp="22 Nov 2019 11:20:18 GMT" time="0.001" errors="0">
  <testcase name="serializeReconType" time="0.001" classname="com.google.refine.model.ReconTypeTest"/>
  <testcase name="deserializeFromString" time="0.000" classname="com.google.refine.model.ReconTypeTest"/>
</testsuite> <!-- com.google.refine.model.ReconTypeTest -->
