<?xml version="1.0" encoding="UTF-8"?>
<!-- Generated by org.testng.reporters.JUnitReportReporter -->
<testsuite hostname="DESKTOP-R5SQ9ER" name="com.google.refine.browsing.facets.TextSearchFacetTests" tests="6" failures="0" timestamp="6 Nov 2019 13:11:41 GMT" time="0.022" errors="0">
  <testcase name="testCaseSensitiveFilter" time="0.003" classname="com.google.refine.browsing.facets.TextSearchFacetTests"/>
  <testcase name="serializeTextSearchFacet" time="0.005" classname="com.google.refine.browsing.facets.TextSearchFacetTests"/>
  <testcase name="testInvertedTextFilter" time="0.003" classname="com.google.refine.browsing.facets.TextSearchFacetTests"/>
  <testcase name="serializeTextSearchFacetConfig" time="0.003" classname="com.google.refine.browsing.facets.TextSearchFacetTests"/>
  <testcase name="testTextFilter" time="0.004" classname="com.google.refine.browsing.facets.TextSearchFacetTests"/>
  <testcase name="testRegExFilter" time="0.004" classname="com.google.refine.browsing.facets.TextSearchFacetTests"/>
</testsuite> <!-- com.google.refine.browsing.facets.TextSearchFacetTests -->
