<?xml version="1.0" encoding="UTF-8"?>
<!-- Generated by org.testng.reporters.JUnitReportReporter -->
<testsuite hostname="DESKTOP-R5SQ9ER" name="com.google.refine.clustering.binning.KeyerTests" tests="3" failures="0" timestamp="22 Nov 2019 11:20:17 GMT" time="0.011" errors="0">
  <testcase name="testNGramKeyer" time="0.002" classname="com.google.refine.clustering.binning.KeyerTests"/>
  <testcase name="testInvalidParams" time="0.000" classname="com.google.refine.clustering.binning.KeyerTests"/>
  <testcase name="testFingerprintKeyer" time="0.009" classname="com.google.refine.clustering.binning.KeyerTests"/>
</testsuite> <!-- com.google.refine.clustering.binning.KeyerTests -->
