<?xml version="1.0" encoding="UTF-8"?>
<!-- Generated by org.testng.reporters.JUnitReportReporter -->
<testsuite hostname="DESKTOP-R5SQ9ER" name="com.google.refine.commands.CommandTests" tests="11" failures="0" timestamp="5 Nov 2019 06:13:32 GMT" time="0.372" errors="0">
  <testcase name="getProjectThrowsWithNullParameter" time="0.003" classname="com.google.refine.commands.CommandTests"/>
  <testcase name="getEngineConfigThrowsWithNullParameter" time="0.002" classname="com.google.refine.commands.CommandTests"/>
  <testcase name="getIntegerParameterWithNullParameters" time="0.004" classname="com.google.refine.commands.CommandTests"/>
  <testcase name="getProjectThrowsIfResponseHasNoOrBrokenProjectParameter" time="0.002" classname="com.google.refine.commands.CommandTests"/>
  <testcase name="getEngineThrowsOnNullParameter" time="0.023" classname="com.google.refine.commands.CommandTests"/>
  <testcase name="getEngineConfigReturnsNullWithNullEngineParameter" time="0.028" classname="com.google.refine.commands.CommandTests"/>
  <testcase name="getEngineConfigRegressionTest" time="0.016" classname="com.google.refine.commands.CommandTests"/>
  <testcase name="getEngineConfigReturnsNullWithEmptyOrBadParameterValue" time="0.011" classname="com.google.refine.commands.CommandTests"/>
  <testcase name="getIntegerParametersRegressionTest" time="0.005" classname="com.google.refine.commands.CommandTests"/>
  <testcase name="getIntegerParametersWithIncorrectParameterName" time="0.002" classname="com.google.refine.commands.CommandTests"/>
  <testcase name="getEngineRegressionTest" time="0.276" classname="com.google.refine.commands.CommandTests"/>
</testsuite> <!-- com.google.refine.commands.CommandTests -->
