<?xml version="1.0" encoding="UTF-8"?>
<!-- Generated by org.testng.reporters.JUnitReportReporter -->
<testsuite hostname="DESKTOP-R5SQ9ER" name="com.google.refine.ProjectManagerTests" tests="6" failures="0" timestamp="22 Nov 2019 11:20:15 GMT" time="0.147" errors="0">
  <testcase name="cannotSaveWhenBusy" time="0.005" classname="com.google.refine.ProjectManagerTests"/>
  <testcase name="canFlushFromCache" time="0.004" classname="com.google.refine.ProjectManagerTests"/>
  <testcase name="canRegisterProject" time="0.102" classname="com.google.refine.ProjectManagerTests"/>
  <testcase name="canEnsureProjectSave" time="0.007" classname="com.google.refine.ProjectManagerTests"/>
  <testcase name="canSaveAllModified" time="0.024" classname="com.google.refine.ProjectManagerTests"/>
  <testcase name="canSaveSomeModified" time="0.005" classname="com.google.refine.ProjectManagerTests"/>
</testsuite> <!-- com.google.refine.ProjectManagerTests -->
