<?xml version="1.0" encoding="UTF-8"?>
<!-- Generated by org.testng.reporters.JUnitReportReporter -->
<testsuite hostname="DESKTOP-R5SQ9ER" name="com.google.refine.model.RowTests" tests="11" failures="0" timestamp="5 Nov 2019 06:13:26 GMT" time="0.019" errors="0">
  <testcase name="nonBlankCell" time="0.003" classname="com.google.refine.model.RowTests"/>
  <testcase name="serializeRowTest" time="0.003" classname="com.google.refine.model.RowTests"/>
  <testcase name="saveRow" time="0.002" classname="com.google.refine.model.RowTests"/>
  <testcase name="toStringTest" time="0.001" classname="com.google.refine.model.RowTests"/>
  <testcase name="getFlaggedField" time="0.001" classname="com.google.refine.model.RowTests"/>
  <testcase name="notEmptyRow" time="0.000" classname="com.google.refine.model.RowTests"/>
  <testcase name="blankCell" time="0.003" classname="com.google.refine.model.RowTests"/>
  <testcase name="saveRowWithRecordIndex" time="0.003" classname="com.google.refine.model.RowTests"/>
  <testcase name="getStarredField" time="0.001" classname="com.google.refine.model.RowTests"/>
  <testcase name="duplicateRow" time="0.001" classname="com.google.refine.model.RowTests"/>
  <testcase name="emptyRow" time="0.001" classname="com.google.refine.model.RowTests"/>
</testsuite> <!-- com.google.refine.model.RowTests -->
