<?xml version="1.0" encoding="UTF-8"?>
<!-- Generated by org.testng.reporters.JUnitReportReporter -->
<testsuite hostname="DESKTOP-R5SQ9ER" name="com.google.refine.sorting.BooleanCriterionTest" tests="1" failures="0" timestamp="6 Nov 2019 13:11:41 GMT" time="0.007" errors="0">
  <testcase name="serializeBooleanCriterion" time="0.007" classname="com.google.refine.sorting.BooleanCriterionTest"/>
</testsuite> <!-- com.google.refine.sorting.BooleanCriterionTest -->
