<?xml version="1.0" encoding="UTF-8"?>
<!-- Generated by org.testng.reporters.JUnitReportReporter -->
<testsuite hostname="DESKTOP-R5SQ9ER" name="com.google.refine.expr.functions.math.RandomNumberTests" tests="3" failures="0" timestamp="5 Nov 2019 06:13:30 GMT" time="0.008" errors="0">
  <testcase name="serializeRandomNumber" time="0.002" classname="com.google.refine.expr.functions.math.RandomNumberTests"/>
  <testcase name="testRandomNumberParameters" time="0.001" classname="com.google.refine.expr.functions.math.RandomNumberTests"/>
  <testcase name="testRandomNumber" time="0.005" classname="com.google.refine.expr.functions.math.RandomNumberTests"/>
</testsuite> <!-- com.google.refine.expr.functions.math.RandomNumberTests -->
