<?xml version="1.0" encoding="UTF-8"?>
<!-- Generated by org.testng.reporters.JUnitReportReporter -->
<testsuite hostname="DESKTOP-R5SQ9ER" name="com.google.refine.model.ReconCandidateTests" tests="2" failures="0" timestamp="22 Nov 2019 11:20:18 GMT" time="0.005" errors="0">
  <testcase name="serializeReconCandidateInt" time="0.001" classname="com.google.refine.model.ReconCandidateTests"/>
  <testcase name="serializeReconCandidateDouble" time="0.004" classname="com.google.refine.model.ReconCandidateTests"/>
</testsuite> <!-- com.google.refine.model.ReconCandidateTests -->
