<?xml version="1.0" encoding="UTF-8"?>
<!-- Generated by org.testng.reporters.JUnitReportReporter -->
<testsuite hostname="DESKTOP-R5SQ9ER" name="com.google.refine.browsing.facets.ScatterplotFacetTests" tests="2" failures="0" timestamp="22 Nov 2019 11:20:18 GMT" time="0.221" errors="0">
  <testcase name="serializeScatterplotFacetConfig" time="0.007" classname="com.google.refine.browsing.facets.ScatterplotFacetTests"/>
  <testcase name="serializeScatterplotFacet" time="0.214" classname="com.google.refine.browsing.facets.ScatterplotFacetTests"/>
</testsuite> <!-- com.google.refine.browsing.facets.ScatterplotFacetTests -->
