<?xml version="1.0" encoding="UTF-8"?>
<!-- Generated by org.testng.reporters.JUnitReportReporter -->
<testsuite hostname="DESKTOP-R5SQ9ER" name="com.google.refine.model.changes.DataExtensionChangeTest" tests="2" failures="0" timestamp="22 Nov 2019 11:20:17 GMT" time="0.390" errors="0">
  <testcase name="testApplyOldChange" time="0.077" classname="com.google.refine.model.changes.DataExtensionChangeTest"/>
  <testcase name="testApplyNewChange" time="0.313" classname="com.google.refine.model.changes.DataExtensionChangeTest"/>
</testsuite> <!-- com.google.refine.model.changes.DataExtensionChangeTest -->
