<?xml version="1.0" encoding="UTF-8"?>
<!-- Generated by org.testng.reporters.JUnitReportReporter -->
<testsuite hostname="DESKTOP-R5SQ9ER" name="com.google.refine.importers.JsonImporterTests" tests="10" failures="0" timestamp="22 Nov 2019 11:20:17 GMT" time="0.599" errors="0">
  <testcase name="testJsonDatatypes" time="0.010" classname="com.google.refine.importers.JsonImporterTests"/>
  <testcase name="testElementWithMqlReadOutput" time="0.012" classname="com.google.refine.importers.JsonImporterTests"/>
  <testcase name="testElementWithNestedTree" time="0.007" classname="com.google.refine.importers.JsonImporterTests"/>
  <testcase name="canParseSampleWithDuplicateNestedElements" time="0.012" classname="com.google.refine.importers.JsonImporterTests"/>
  <testcase name="testComplexJsonStructure" time="0.524" classname="com.google.refine.importers.JsonImporterTests"/>
  <testcase name="EnsureJSONParserHandlesgetLocalNameCorrectly" time="0.004" classname="com.google.refine.importers.JsonImporterTests"/>
  <testcase name="canParseSample" time="0.007" classname="com.google.refine.importers.JsonImporterTests"/>
  <testcase name="testCanParseLineBreak" time="0.009" classname="com.google.refine.importers.JsonImporterTests"/>
  <testcase name="testJSONMinimumArray" time="0.008" classname="com.google.refine.importers.JsonImporterTests"/>
  <testcase name="testElementsWithVaryingStructure" time="0.006" classname="com.google.refine.importers.JsonImporterTests"/>
</testsuite> <!-- com.google.refine.importers.JsonImporterTests -->
