<?xml version="1.0" encoding="UTF-8"?>
<!-- Generated by org.testng.reporters.JUnitReportReporter -->
<testsuite hostname="DESKTOP-R5SQ9ER" name="com.google.refine.browsing.util.ExpressionNominalValueGrouperTests" tests="3" failures="0" timestamp="5 Nov 2019 06:13:31 GMT" time="0.007" errors="0">
  <testcase name="expressionNominalValueGrouperDates" time="0.005" classname="com.google.refine.browsing.util.ExpressionNominalValueGrouperTests"/>
  <testcase name="expressionNominalValueGrouperInts" time="0.000" classname="com.google.refine.browsing.util.ExpressionNominalValueGrouperTests"/>
  <testcase name="expressionNominalValueGrouperStrings" time="0.002" classname="com.google.refine.browsing.util.ExpressionNominalValueGrouperTests"/>
</testsuite> <!-- com.google.refine.browsing.util.ExpressionNominalValueGrouperTests -->
