<?xml version="1.0" encoding="UTF-8"?>
<!-- Generated by org.testng.reporters.JUnitReportReporter -->
<testsuite hostname="DESKTOP-R5SQ9ER" name="com.google.refine.expr.functions.CrossTests" tests="12" failures="0" timestamp="5 Nov 2019 06:13:27 GMT" time="0.103" errors="0">
  <testcase name="crossFunctionDateTimeTest" time="0.009" classname="com.google.refine.expr.functions.CrossTests"/>
  <testcase name="crossFunctionOneToOneTest" time="0.009" classname="com.google.refine.expr.functions.CrossTests"/>
  <testcase name="crossFunctionOneToManyTest" time="0.010" classname="com.google.refine.expr.functions.CrossTests"/>
  <testcase name="crossFunctionCaseSensitiveTest" time="0.010" classname="com.google.refine.expr.functions.CrossTests"/>
  <testcase name="crossFunctionMissingColumn" time="0.007" classname="com.google.refine.expr.functions.CrossTests"/>
  <testcase name="crossFunctionBooleanTest" time="0.007" classname="com.google.refine.expr.functions.CrossTests"/>
  <testcase name="crossFunctionMissingProject" time="0.007" classname="com.google.refine.expr.functions.CrossTests"/>
  <testcase name="serializeCross" time="0.010" classname="com.google.refine.expr.functions.CrossTests"/>
  <testcase name="crossFunctionNonLiteralValue" time="0.008" classname="com.google.refine.expr.functions.CrossTests"/>
  <testcase name="crossFunctionMatchNotFoundTest" time="0.010" classname="com.google.refine.expr.functions.CrossTests"/>
  <testcase name="crossFunctionIntegerTest" time="0.006" classname="com.google.refine.expr.functions.CrossTests"/>
  <testcase name="crossFunctionMultipleProjects" time="0.010" classname="com.google.refine.expr.functions.CrossTests"/>
</testsuite> <!-- com.google.refine.expr.functions.CrossTests -->
