<?xml version="1.0" encoding="UTF-8"?>
<!-- Generated by org.testng.reporters.JUnitReportReporter -->
<testsuite hostname="DESKTOP-R5SQ9ER" name="com.google.refine.expr.functions.strings.ToFromConversionTests" tests="5" failures="0" timestamp="22 Nov 2019 11:20:17 GMT" time="0.357" errors="0">
  <testcase name="testEscape" time="0.005" classname="com.google.refine.expr.functions.strings.ToFromConversionTests"/>
  <testcase name="testUnescape" time="0.003" classname="com.google.refine.expr.functions.strings.ToFromConversionTests"/>
  <testcase name="testToNumber" time="0.002" classname="com.google.refine.expr.functions.strings.ToFromConversionTests"/>
  <testcase name="testToDate" time="0.343" classname="com.google.refine.expr.functions.strings.ToFromConversionTests"/>
  <testcase name="testToString" time="0.004" classname="com.google.refine.expr.functions.strings.ToFromConversionTests"/>
</testsuite> <!-- com.google.refine.expr.functions.strings.ToFromConversionTests -->
