<?xml version="1.0" encoding="UTF-8"?>
<!-- Generated by org.testng.reporters.JUnitReportReporter -->
<testsuite hostname="DESKTOP-R5SQ9ER" name="com.google.refine.process.ProcessManagerTests" tests="1" failures="0" timestamp="6 Nov 2019 13:11:40 GMT" time="0.009" errors="0">
  <testcase name="serializeProcessManager" time="0.009" classname="com.google.refine.process.ProcessManagerTests"/>
</testsuite> <!-- com.google.refine.process.ProcessManagerTests -->
