<?xml version="1.0" encoding="UTF-8"?>
<!-- Generated by org.testng.reporters.JUnitReportReporter -->
<testsuite hostname="DESKTOP-R5SQ9ER" name="com.google.refine.operations.column.ColumnMoveOperationTests" tests="1" failures="0" timestamp="22 Nov 2019 11:20:18 GMT" time="0.010" errors="0">
  <testcase name="serializeColumnMoveOperation" time="0.010" classname="com.google.refine.operations.column.ColumnMoveOperationTests"/>
</testsuite> <!-- com.google.refine.operations.column.ColumnMoveOperationTests -->
