<?xml version="1.0" encoding="UTF-8"?>
<!-- Generated by org.testng.reporters.JUnitReportReporter -->
<testsuite hostname="DESKTOP-R5SQ9ER" name="com.google.refine.clustering.binning.KeyerTests" tests="3" failures="0" timestamp="5 Nov 2019 06:13:28 GMT" time="0.006" errors="0">
  <testcase name="testFingerprintKeyer" time="0.005" classname="com.google.refine.clustering.binning.KeyerTests"/>
  <testcase name="testNGramKeyer" time="0.001" classname="com.google.refine.clustering.binning.KeyerTests"/>
  <testcase name="testInvalidParams" time="0.000" classname="com.google.refine.clustering.binning.KeyerTests"/>
</testsuite> <!-- com.google.refine.clustering.binning.KeyerTests -->
