<?xml version="1.0" encoding="UTF-8"?>
<!-- Generated by org.testng.reporters.JUnitReportReporter -->
<testsuite hostname="DESKTOP-R5SQ9ER" name="com.google.refine.sorting.SortingConfigTests" tests="1" failures="0" timestamp="6 Nov 2019 13:11:39 GMT" time="0.012" errors="0">
  <testcase name="serializeSortingConfig" time="0.012" classname="com.google.refine.sorting.SortingConfigTests"/>
</testsuite> <!-- com.google.refine.sorting.SortingConfigTests -->
