<?xml version="1.0" encoding="UTF-8"?>
<!-- Generated by org.testng.reporters.JUnitReportReporter -->
<testsuite hostname="DESKTOP-R5SQ9ER" name="com.google.refine.expr.functions.html.ParseHtmlTests" tests="2" failures="0" timestamp="5 Nov 2019 06:13:27 GMT" time="0.196" errors="0">
  <testcase name="testParseHtml" time="0.195" classname="com.google.refine.expr.functions.html.ParseHtmlTests"/>
  <testcase name="serializeParseHtml" time="0.001" classname="com.google.refine.expr.functions.html.ParseHtmlTests"/>
</testsuite> <!-- com.google.refine.expr.functions.html.ParseHtmlTests -->
