<?xml version="1.0" encoding="UTF-8"?>
<!-- Generated by org.testng.reporters.JUnitReportReporter -->
<testsuite hostname="DESKTOP-R5SQ9ER" name="com.google.refine.expr.functions.math.RandomNumberTests" tests="3" failures="0" timestamp="22 Nov 2019 11:20:17 GMT" time="0.299" errors="0">
  <testcase name="serializeRandomNumber" time="0.021" classname="com.google.refine.expr.functions.math.RandomNumberTests"/>
  <testcase name="testRandomNumberParameters" time="0.003" classname="com.google.refine.expr.functions.math.RandomNumberTests"/>
  <testcase name="testRandomNumber" time="0.275" classname="com.google.refine.expr.functions.math.RandomNumberTests"/>
</testsuite> <!-- com.google.refine.expr.functions.math.RandomNumberTests -->
