<?xml version="1.0" encoding="UTF-8"?>
<!-- Generated by org.testng.reporters.JUnitReportReporter -->
<testsuite hostname="DESKTOP-R5SQ9ER" name="com.google.refine.expr.functions.date.DatePartTests" tests="2" failures="0" timestamp="22 Nov 2019 11:20:18 GMT" time="0.006" errors="0">
  <testcase name="serializeDatePart" time="0.001" classname="com.google.refine.expr.functions.date.DatePartTests"/>
  <testcase name="testOffsetDateTimeDatePart" time="0.005" classname="com.google.refine.expr.functions.date.DatePartTests"/>
</testsuite> <!-- com.google.refine.expr.functions.date.DatePartTests -->
