<?xml version="1.0" encoding="UTF-8"?>
<!-- Generated by org.testng.reporters.JUnitReportReporter -->
<testsuite hostname="DESKTOP-R5SQ9ER" name="com.google.refine.history.HistoryEntryTests" tests="3" failures="0" timestamp="5 Nov 2019 06:13:28 GMT" time="0.015" errors="0">
  <testcase name="deserializeUnknownOperation" time="0.008" classname="com.google.refine.history.HistoryEntryTests"/>
  <testcase name="serializeHistoryEntryWithOperation" time="0.005" classname="com.google.refine.history.HistoryEntryTests"/>
  <testcase name="serializeHistoryEntry" time="0.002" classname="com.google.refine.history.HistoryEntryTests"/>
</testsuite> <!-- com.google.refine.history.HistoryEntryTests -->
