<?xml version="1.0" encoding="UTF-8"?>
<!-- Generated by org.testng.reporters.JUnitReportReporter -->
<testsuite hostname="DESKTOP-R5SQ9ER" name="com.google.refine.grel.GrelTests" tests="10" failures="0" timestamp="22 Nov 2019 11:20:17 GMT" time="0.031" errors="0">
  <testcase name="testPI" time="0.001" classname="com.google.refine.grel.GrelTests"/>
  <testcase name="testInvalidSyntax" time="0.001" classname="com.google.refine.grel.GrelTests"/>
  <testcase name="testGetJsonFieldAbsent" time="0.001" classname="com.google.refine.grel.GrelTests"/>
  <testcase name="testMath" time="0.000" classname="com.google.refine.grel.GrelTests"/>
  <testcase name="testCrossFunctionEval" time="0.001" classname="com.google.refine.grel.GrelTests"/>
  <testcase name="testString" time="0.020" classname="com.google.refine.grel.GrelTests"/>
  <testcase name="testGetJsonFieldExists" time="0.002" classname="com.google.refine.grel.GrelTests"/>
  <testcase name="testEvalError" time="0.002" classname="com.google.refine.grel.GrelTests"/>
  <testcase name="testJoinJsonArray" time="0.002" classname="com.google.refine.grel.GrelTests"/>
  <testcase name="testGetFieldFromNull" time="0.001" classname="com.google.refine.grel.GrelTests"/>
</testsuite> <!-- com.google.refine.grel.GrelTests -->
