<?xml version="1.0" encoding="UTF-8"?>
<!-- Generated by org.testng.reporters.JUnitReportReporter -->
<testsuite hostname="DESKTOP-R5SQ9ER" name="com.google.refine.commands.project.SetProjectMetadataCommandTests" tests="3" failures="0" timestamp="5 Nov 2019 06:13:27 GMT" time="0.086" errors="0">
  <testcase name="doPostThrowsIfCommand_getProjectReturnsNull" time="0.080" classname="com.google.refine.commands.project.SetProjectMetadataCommandTests"/>
  <testcase name="setMetadataTest" time="0.003" classname="com.google.refine.commands.project.SetProjectMetadataCommandTests"/>
  <testcase name="setUserMetadataFieldTest" time="0.003" classname="com.google.refine.commands.project.SetProjectMetadataCommandTests"/>
</testsuite> <!-- com.google.refine.commands.project.SetProjectMetadataCommandTests -->
