<?xml version="1.0" encoding="UTF-8"?>
<!-- Generated by org.testng.reporters.JUnitReportReporter -->
<testsuite hostname="DESKTOP-R5SQ9ER" name="com.google.refine.model.recon.StandardReconConfigTests" tests="12" failures="0" timestamp="6 Nov 2019 13:11:40 GMT" time="0.077" errors="0">
  <testcase name="wordDistanceOnlyStopwords" time="0.002" classname="com.google.refine.model.recon.StandardReconConfigTests"/>
  <testcase name="reorderReconciliationResults" time="0.005" classname="com.google.refine.model.recon.StandardReconConfigTests"/>
  <testcase name="deserializeColumnDetail" time="0.007" classname="com.google.refine.model.recon.StandardReconConfigTests"/>
  <testcase name="testComputeFeaturesNullText" time="0.002" classname="com.google.refine.model.recon.StandardReconConfigTests"/>
  <testcase name="testReconstructNoType" time="0.002" classname="com.google.refine.model.recon.StandardReconConfigTests"/>
  <testcase name="testComputeFeatures" time="0.006" classname="com.google.refine.model.recon.StandardReconConfigTests"/>
  <testcase name="wordDistance" time="0.004" classname="com.google.refine.model.recon.StandardReconConfigTests"/>
  <testcase name="deserializeReconResult" time="0.002" classname="com.google.refine.model.recon.StandardReconConfigTests"/>
  <testcase name="serializeStandardReconConfig" time="0.009" classname="com.google.refine.model.recon.StandardReconConfigTests"/>
  <testcase name="testReconstructNoIdentifierSchemaSpaces" time="0.003" classname="com.google.refine.model.recon.StandardReconConfigTests"/>
  <testcase name="reorderReconciliationResultsStableSort" time="0.001" classname="com.google.refine.model.recon.StandardReconConfigTests"/>
  <testcase name="formulateQueryTest" time="0.034" classname="com.google.refine.model.recon.StandardReconConfigTests"/>
</testsuite> <!-- com.google.refine.model.recon.StandardReconConfigTests -->
