<?xml version="1.0" encoding="UTF-8"?>
<!-- Generated by org.testng.reporters.JUnitReportReporter -->
<testsuite hostname="DESKTOP-R5SQ9ER" name="com.google.refine.commands.cell.JoinMultiValueCellsCommandTests" tests="1" failures="0" timestamp="5 Nov 2019 06:13:32 GMT" time="0.001" errors="0">
  <testcase name="testCSRFProtection" time="0.001" classname="com.google.refine.commands.cell.JoinMultiValueCellsCommandTests"/>
</testsuite> <!-- com.google.refine.commands.cell.JoinMultiValueCellsCommandTests -->
