<?xml version="1.0" encoding="UTF-8"?>
<!-- Generated by org.testng.reporters.JUnitReportReporter -->
<testsuite hostname="DESKTOP-R5SQ9ER" name="com.google.refine.operations.column.ColumnSplitOperationTests" tests="2" failures="0" timestamp="5 Nov 2019 06:13:28 GMT" time="0.007" errors="0">
  <testcase name="serializeColumnSplitOperationByLengths" time="0.004" classname="com.google.refine.operations.column.ColumnSplitOperationTests"/>
  <testcase name="serializeColumnSplitOperationBySeparator" time="0.003" classname="com.google.refine.operations.column.ColumnSplitOperationTests"/>
</testsuite> <!-- com.google.refine.operations.column.ColumnSplitOperationTests -->
