<?xml version="1.0" encoding="UTF-8"?>
<!-- Generated by org.testng.reporters.JUnitReportReporter -->
<testsuite hostname="DESKTOP-R5SQ9ER" name="com.google.refine.commands.expr.GetStarredExpressionsCommandTests" tests="1" failures="0" timestamp="22 Nov 2019 11:20:15 GMT" time="0.012" errors="0">
  <testcase name="testJsonResponse" time="0.012" classname="com.google.refine.commands.expr.GetStarredExpressionsCommandTests"/>
</testsuite> <!-- com.google.refine.commands.expr.GetStarredExpressionsCommandTests -->
