<?xml version="1.0" encoding="UTF-8"?>
<!-- Generated by org.testng.reporters.JUnitReportReporter -->
<testsuite hostname="DESKTOP-R5SQ9ER" name="com.google.refine.grel.controls.IsErrorTests" tests="1" failures="0" timestamp="5 Nov 2019 06:13:31 GMT" time="0.001" errors="0">
  <testcase name="serializeIsError" time="0.001" classname="com.google.refine.grel.controls.IsErrorTests"/>
</testsuite> <!-- com.google.refine.grel.controls.IsErrorTests -->
