<?xml version="1.0" encoding="UTF-8"?>
<!-- Generated by org.testng.reporters.JUnitReportReporter -->
<testsuite hostname="DESKTOP-R5SQ9ER" name="com.google.refine.importing.ImportingUtilitiesTests" tests="2" failures="0" timestamp="6 Nov 2019 13:11:40 GMT" time="0.011" errors="0">
  <testcase name="testZipSlip" time="0.007" classname="com.google.refine.importing.ImportingUtilitiesTests"/>
  <testcase name="createProjectMetadataTest" time="0.004" classname="com.google.refine.importing.ImportingUtilitiesTests"/>
</testsuite> <!-- com.google.refine.importing.ImportingUtilitiesTests -->
