<?xml version="1.0" encoding="UTF-8"?>
<!-- Generated by org.testng.reporters.JUnitReportReporter -->
<testsuite hostname="DESKTOP-R5SQ9ER" name="com.google.refine.operations.cell.MassOperationTests" tests="7" failures="0" timestamp="5 Nov 2019 06:13:32 GMT" time="0.020" errors="0">
  <testcase name="testReconstructEditDate" time="0.001" classname="com.google.refine.operations.cell.MassOperationTests"/>
  <testcase name="testReconstructEditBoolean" time="0.001" classname="com.google.refine.operations.cell.MassOperationTests"/>
  <testcase name="testReconstructEditString" time="0.000" classname="com.google.refine.operations.cell.MassOperationTests"/>
  <testcase name="testReconstructEditEmpty" time="0.001" classname="com.google.refine.operations.cell.MassOperationTests"/>
  <testcase name="serializeMassEditOperation" time="0.013" classname="com.google.refine.operations.cell.MassOperationTests"/>
  <testcase name="testReconstructEditMultiString" time="0.003" classname="com.google.refine.operations.cell.MassOperationTests"/>
  <testcase name="testReconstructEditNumber" time="0.001" classname="com.google.refine.operations.cell.MassOperationTests"/>
</testsuite> <!-- com.google.refine.operations.cell.MassOperationTests -->
