<?xml version="1.0" encoding="UTF-8"?>
<!-- Generated by org.testng.reporters.JUnitReportReporter -->
<testsuite hostname="DESKTOP-R5SQ9ER" name="com.google.refine.operations.column.ColumnAdditionByFetchingURLsOperationTests" tests="5" failures="0" timestamp="6 Nov 2019 13:11:41 GMT" time="15.032" errors="0">
  <testcase name="testHttpHeaders" time="5.002" classname="com.google.refine.operations.column.ColumnAdditionByFetchingURLsOperationTests"/>
  <testcase name="testInvalidUrl" time="5.002" classname="com.google.refine.operations.column.ColumnAdditionByFetchingURLsOperationTests"/>
  <testcase name="serializeUrlFetchingProcess" time="0.003" classname="com.google.refine.operations.column.ColumnAdditionByFetchingURLsOperationTests"/>
  <testcase name="testUrlCaching" time="5.016" classname="com.google.refine.operations.column.ColumnAdditionByFetchingURLsOperationTests"/>
  <testcase name="serializeColumnAdditionByFetchingURLsOperation" time="0.009" classname="com.google.refine.operations.column.ColumnAdditionByFetchingURLsOperationTests"/>
</testsuite> <!-- com.google.refine.operations.column.ColumnAdditionByFetchingURLsOperationTests -->
