<?xml version="1.0" encoding="UTF-8"?>
<!-- Generated by org.testng.reporters.JUnitReportReporter -->
<testsuite hostname="DESKTOP-R5SQ9ER" name="com.google.refine.expr.functions.strings.SmartSplitTests" tests="7" failures="0" timestamp="22 Nov 2019 11:20:16 GMT" time="0.002" errors="0">
  <testcase name="serializeSmartSplit" time="0.000" classname="com.google.refine.expr.functions.strings.SmartSplitTests"/>
  <testcase name="testSmartSplitCharSepGiven" time="0.000" classname="com.google.refine.expr.functions.strings.SmartSplitTests"/>
  <testcase name="testSmartSplitStringSepGiven" time="0.000" classname="com.google.refine.expr.functions.strings.SmartSplitTests"/>
  <testcase name="testSmartSplitInvalidParams" time="0.000" classname="com.google.refine.expr.functions.strings.SmartSplitTests"/>
  <testcase name="testSmartSplitCharSepSpace" time="0.001" classname="com.google.refine.expr.functions.strings.SmartSplitTests"/>
  <testcase name="testSmartSplitGuessComma" time="0.000" classname="com.google.refine.expr.functions.strings.SmartSplitTests"/>
  <testcase name="testSmartSplitGuessTab" time="0.001" classname="com.google.refine.expr.functions.strings.SmartSplitTests"/>
</testsuite> <!-- com.google.refine.expr.functions.strings.SmartSplitTests -->
