<?xml version="1.0" encoding="UTF-8"?>
<!-- Generated by org.testng.reporters.JUnitReportReporter -->
<testsuite hostname="DESKTOP-R5SQ9ER" name="com.google.refine.expr.ExpressionUtilsTests" tests="2" failures="0" timestamp="5 Nov 2019 06:13:27 GMT" time="0.001" errors="0">
  <testcase name="testSameValueFalse" time="0.001" classname="com.google.refine.expr.ExpressionUtilsTests"/>
  <testcase name="testSameValueTrue" time="0.000" classname="com.google.refine.expr.ExpressionUtilsTests"/>
</testsuite> <!-- com.google.refine.expr.ExpressionUtilsTests -->
