<?xml version="1.0" encoding="UTF-8"?>
<!-- Generated by org.testng.reporters.JUnitReportReporter -->
<testsuite hostname="DESKTOP-R5SQ9ER" name="com.google.refine.commands.CSRFTokenFactoryTests" tests="3" failures="0" timestamp="5 Nov 2019 06:13:32 GMT" time="0.101" errors="0">
  <testcase name="testOldToken" time="0.005" classname="com.google.refine.commands.CSRFTokenFactoryTests"/>
  <testcase name="testInvalidToken" time="0.001" classname="com.google.refine.commands.CSRFTokenFactoryTests"/>
  <testcase name="testGenerateValidToken" time="0.095" classname="com.google.refine.commands.CSRFTokenFactoryTests"/>
</testsuite> <!-- com.google.refine.commands.CSRFTokenFactoryTests -->
