<?xml version="1.0" encoding="UTF-8"?>
<!-- Generated by org.testng.reporters.JUnitReportReporter -->
<testsuite hostname="DESKTOP-R5SQ9ER" name="com.google.refine.commands.browsing.ScatterplotDrawCommandTests" tests="2" failures="0" timestamp="5 Nov 2019 06:13:27 GMT" time="0.003" errors="0">
  <testcase name="testParseConfigWithNone" time="0.001" classname="com.google.refine.commands.browsing.ScatterplotDrawCommandTests"/>
  <testcase name="testParseConfig" time="0.002" classname="com.google.refine.commands.browsing.ScatterplotDrawCommandTests"/>
</testsuite> <!-- com.google.refine.commands.browsing.ScatterplotDrawCommandTests -->
