<?xml version="1.0" encoding="UTF-8"?>
<!-- Generated by org.testng.reporters.JUnitReportReporter -->
<testsuite hostname="DESKTOP-R5SQ9ER" name="com.google.refine.expr.functions.CrossTests" tests="12" failures="0" timestamp="22 Nov 2019 11:20:16 GMT" time="0.175" errors="0">
  <testcase name="crossFunctionOneToManyTest" time="0.012" classname="com.google.refine.expr.functions.CrossTests"/>
  <testcase name="crossFunctionMissingProject" time="0.025" classname="com.google.refine.expr.functions.CrossTests"/>
  <testcase name="crossFunctionDateTimeTest" time="0.012" classname="com.google.refine.expr.functions.CrossTests"/>
  <testcase name="crossFunctionBooleanTest" time="0.012" classname="com.google.refine.expr.functions.CrossTests"/>
  <testcase name="crossFunctionOneToOneTest" time="0.013" classname="com.google.refine.expr.functions.CrossTests"/>
  <testcase name="crossFunctionMissingColumn" time="0.016" classname="com.google.refine.expr.functions.CrossTests"/>
  <testcase name="crossFunctionIntegerTest" time="0.014" classname="com.google.refine.expr.functions.CrossTests"/>
  <testcase name="crossFunctionNonLiteralValue" time="0.011" classname="com.google.refine.expr.functions.CrossTests"/>
  <testcase name="crossFunctionMultipleProjects" time="0.022" classname="com.google.refine.expr.functions.CrossTests"/>
  <testcase name="serializeCross" time="0.015" classname="com.google.refine.expr.functions.CrossTests"/>
  <testcase name="crossFunctionMatchNotFoundTest" time="0.012" classname="com.google.refine.expr.functions.CrossTests"/>
  <testcase name="crossFunctionCaseSensitiveTest" time="0.011" classname="com.google.refine.expr.functions.CrossTests"/>
</testsuite> <!-- com.google.refine.expr.functions.CrossTests -->
