<?xml version="1.0" encoding="UTF-8"?>
<!-- Generated by org.testng.reporters.JUnitReportReporter -->
<testsuite hostname="DESKTOP-R5SQ9ER" name="com.google.refine.expr.functions.strings.RangeTests" tests="7" failures="0" timestamp="6 Nov 2019 13:11:39 GMT" time="0.008" errors="0">
  <testcase name="testRangeValidSingleStringParams" time="0.001" classname="com.google.refine.expr.functions.strings.RangeTests"/>
  <testcase name="testRangeValidDoubleStringParams" time="0.000" classname="com.google.refine.expr.functions.strings.RangeTests"/>
  <testcase name="serializeRange" time="0.001" classname="com.google.refine.expr.functions.strings.RangeTests"/>
  <testcase name="testRangeValidIntegerParams" time="0.002" classname="com.google.refine.expr.functions.strings.RangeTests"/>
  <testcase name="testRangeInvalidParams" time="0.003" classname="com.google.refine.expr.functions.strings.RangeTests"/>
  <testcase name="testRangeValidMixedParams" time="0.000" classname="com.google.refine.expr.functions.strings.RangeTests"/>
  <testcase name="testRangeValidTripleStringParams" time="0.001" classname="com.google.refine.expr.functions.strings.RangeTests"/>
</testsuite> <!-- com.google.refine.expr.functions.strings.RangeTests -->
