<?xml version="1.0" encoding="UTF-8"?>
<!-- Generated by org.testng.reporters.JUnitReportReporter -->
<testsuite hostname="DESKTOP-R5SQ9ER" name="com.google.refine.expr.functions.CoalesceTests" tests="3" failures="0" timestamp="22 Nov 2019 11:20:18 GMT" time="0.004" errors="0">
  <testcase name="testCoalesceInvalidParams" time="0.001" classname="com.google.refine.expr.functions.CoalesceTests"/>
  <testcase name="serializeCoalesce" time="0.002" classname="com.google.refine.expr.functions.CoalesceTests"/>
  <testcase name="testCoalesce" time="0.001" classname="com.google.refine.expr.functions.CoalesceTests"/>
</testsuite> <!-- com.google.refine.expr.functions.CoalesceTests -->
