<?xml version="1.0" encoding="UTF-8"?>
<!-- Generated by org.testng.reporters.JUnitReportReporter -->
<testsuite hostname="DESKTOP-R5SQ9ER" name="com.google.refine.model.CellTests" tests="14" failures="0" timestamp="5 Nov 2019 06:13:26 GMT" time="0.023" errors="0">
  <testcase name="serializeDatewithOffset" time="0.000" classname="com.google.refine.model.CellTests"/>
  <testcase name="serializeNumberCell" time="0.001" classname="com.google.refine.model.CellTests"/>
  <testcase name="serializeFloatInfinity" time="0.001" classname="com.google.refine.model.CellTests"/>
  <testcase name="serializeDoubleNan" time="0.000" classname="com.google.refine.model.CellTests"/>
  <testcase name="serializeLocalDate" time="0.000" classname="com.google.refine.model.CellTests"/>
  <testcase name="serializeEmptyStringCell" time="0.001" classname="com.google.refine.model.CellTests"/>
  <testcase name="serializeFloatNan" time="0.000" classname="com.google.refine.model.CellTests"/>
  <testcase name="serializeDateCell" time="0.001" classname="com.google.refine.model.CellTests"/>
  <testcase name="serializeErrorCell" time="0.000" classname="com.google.refine.model.CellTests"/>
  <testcase name="serializeNullCell" time="0.001" classname="com.google.refine.model.CellTests"/>
  <testcase name="serializeDoubleInfinity" time="0.001" classname="com.google.refine.model.CellTests"/>
  <testcase name="serializeCellWithRecon" time="0.001" classname="com.google.refine.model.CellTests"/>
  <testcase name="serializeBooleanCell" time="0.015" classname="com.google.refine.model.CellTests"/>
  <testcase name="serializeCellWithString" time="0.001" classname="com.google.refine.model.CellTests"/>
</testsuite> <!-- com.google.refine.model.CellTests -->
