<?xml version="1.0" encoding="UTF-8"?>
<!-- Generated by org.testng.reporters.JUnitReportReporter -->
<testsuite hostname="DESKTOP-R5SQ9ER" name="com.google.refine.model.ColumnModelTests" tests="2" failures="0" timestamp="5 Nov 2019 06:13:27 GMT" time="0.013" errors="0">
  <testcase name="serializeColumnModelEmpty" time="0.001" classname="com.google.refine.model.ColumnModelTests"/>
  <testcase name="serializeColumnModel" time="0.012" classname="com.google.refine.model.ColumnModelTests"/>
</testsuite> <!-- com.google.refine.model.ColumnModelTests -->
