<?xml version="1.0" encoding="UTF-8"?>
<!-- Generated by org.testng.reporters.JUnitReportReporter -->
<testsuite hostname="DESKTOP-R5SQ9ER" name="com.google.refine.importers.ExcelImporterTests" tests="2" failures="0" timestamp="6 Nov 2019 13:11:40 GMT" time="0.638" errors="0">
  <testcase name="readXls" time="0.076" classname="com.google.refine.importers.ExcelImporterTests"/>
  <testcase name="readXlsx" time="0.562" classname="com.google.refine.importers.ExcelImporterTests"/>
</testsuite> <!-- com.google.refine.importers.ExcelImporterTests -->
