<?xml version="1.0" encoding="UTF-8"?>
<!-- Generated by org.testng.reporters.JUnitReportReporter -->
<testsuite hostname="DESKTOP-R5SQ9ER" name="com.google.refine.expr.functions.math.MinTests" tests="1" failures="0" timestamp="22 Nov 2019 11:20:18 GMT" time="0.000" errors="0">
  <testcase name="serializeMin" time="0.000" classname="com.google.refine.expr.functions.math.MinTests"/>
</testsuite> <!-- com.google.refine.expr.functions.math.MinTests -->
