<?xml version="1.0" encoding="UTF-8"?>
<!-- Generated by org.testng.reporters.JUnitReportReporter -->
<testsuite hostname="DESKTOP-R5SQ9ER" name="com.google.refine.operations.cell.KeyValueColumnizeTests" tests="3" failures="0" timestamp="5 Nov 2019 06:13:31 GMT" time="0.471" errors="0">
  <testcase name="testKeyValueColumnizeWithID" time="0.115" classname="com.google.refine.operations.cell.KeyValueColumnizeTests"/>
  <testcase name="testKeyValueColumnize" time="0.264" classname="com.google.refine.operations.cell.KeyValueColumnizeTests"/>
  <testcase name="serializeKeyValueColumnizeOperation" time="0.092" classname="com.google.refine.operations.cell.KeyValueColumnizeTests"/>
</testsuite> <!-- com.google.refine.operations.cell.KeyValueColumnizeTests -->
