<?xml version="1.0" encoding="UTF-8"?>
<!-- Generated by org.testng.reporters.JUnitReportReporter -->
<testsuite hostname="DESKTOP-R5SQ9ER" name="com.google.refine.operations.recon.ReconJudgeSimilarCellsTests" tests="3" failures="0" timestamp="22 Nov 2019 11:20:18 GMT" time="0.022" errors="0">
  <testcase name="serializeReconJudgeSimilarCellsOperation" time="0.005" classname="com.google.refine.operations.recon.ReconJudgeSimilarCellsTests"/>
  <testcase name="testMarkNewTopics" time="0.007" classname="com.google.refine.operations.recon.ReconJudgeSimilarCellsTests"/>
  <testcase name="serializeReconJudgeSimilarCellsOperationMatch" time="0.010" classname="com.google.refine.operations.recon.ReconJudgeSimilarCellsTests"/>
</testsuite> <!-- com.google.refine.operations.recon.ReconJudgeSimilarCellsTests -->
