<?xml version="1.0" encoding="UTF-8"?>
<!-- Generated by org.testng.reporters.JUnitReportReporter -->
<testsuite hostname="DESKTOP-R5SQ9ER" name="com.google.refine.commands.expr.LogExpressionCommandTests" tests="1" failures="0" timestamp="6 Nov 2019 13:11:40 GMT" time="0.001" errors="0">
  <testcase name="testCSRFProtection" time="0.001" classname="com.google.refine.commands.expr.LogExpressionCommandTests"/>
</testsuite> <!-- com.google.refine.commands.expr.LogExpressionCommandTests -->
