<?xml version="1.0" encoding="UTF-8"?>
<!-- Generated by org.testng.reporters.JUnitReportReporter -->
<testsuite hostname="DESKTOP-R5SQ9ER" name="com.google.refine.importers.RdfTripleImporterTests" tests="8" failures="0" timestamp="5 Nov 2019 06:13:31 GMT" time="2.218" errors="0">
  <testcase name="canParseMultiLineTriple" time="0.004" classname="com.google.refine.importers.RdfTripleImporterTests"/>
  <testcase name="canParseTripleWithValue" time="0.004" classname="com.google.refine.importers.RdfTripleImporterTests"/>
  <testcase name="canParseN3" time="0.048" classname="com.google.refine.importers.RdfTripleImporterTests"/>
  <testcase name="canParseMultiLineMultiPredicatesTriple" time="0.032" classname="com.google.refine.importers.RdfTripleImporterTests"/>
  <testcase name="canParseNTriples" time="0.005" classname="com.google.refine.importers.RdfTripleImporterTests"/>
  <testcase name="canParseTtl" time="0.006" classname="com.google.refine.importers.RdfTripleImporterTests"/>
  <testcase name="canParseJsonld" time="1.719" classname="com.google.refine.importers.RdfTripleImporterTests"/>
  <testcase name="canParseRdfXml" time="0.400" classname="com.google.refine.importers.RdfTripleImporterTests"/>
</testsuite> <!-- com.google.refine.importers.RdfTripleImporterTests -->
