<?xml version="1.0" encoding="UTF-8"?>
<!-- Generated by org.testng.reporters.JUnitReportReporter -->
<testsuite hostname="DESKTOP-R5SQ9ER" name="com.google.refine.expr.functions.math.RandomNumberTests" tests="3" failures="0" timestamp="6 Nov 2019 13:11:41 GMT" time="0.007" errors="0">
  <testcase name="serializeRandomNumber" time="0.001" classname="com.google.refine.expr.functions.math.RandomNumberTests"/>
  <testcase name="testRandomNumberParameters" time="0.001" classname="com.google.refine.expr.functions.math.RandomNumberTests"/>
  <testcase name="testRandomNumber" time="0.005" classname="com.google.refine.expr.functions.math.RandomNumberTests"/>
</testsuite> <!-- com.google.refine.expr.functions.math.RandomNumberTests -->
