<?xml version="1.0" encoding="UTF-8"?>
<!-- Generated by org.testng.reporters.JUnitReportReporter -->
<testsuite hostname="DESKTOP-R5SQ9ER" name="com.google.refine.util.ParsingUtilitiesTests" tests="7" failures="0" timestamp="6 Nov 2019 13:11:40 GMT" time="0.026" errors="0">
  <testcase name="parseProjectBeforeJDK8" time="0.002" classname="com.google.refine.util.ParsingUtilitiesTests"/>
  <testcase name="stringToLocalDate" time="0.001" classname="com.google.refine.util.ParsingUtilitiesTests"/>
  <testcase name="parseProjectModifiedBeforeJDK8" time="0.003" classname="com.google.refine.util.ParsingUtilitiesTests"/>
  <testcase name="stringToDate" time="0.004" classname="com.google.refine.util.ParsingUtilitiesTests"/>
  <testcase name="zonedDateTimeTest" time="0.000" classname="com.google.refine.util.ParsingUtilitiesTests"/>
  <testcase name="strSubstitutorTest" time="0.014" classname="com.google.refine.util.ParsingUtilitiesTests"/>
  <testcase name="stringToLocalDateNonUTC" time="0.002" classname="com.google.refine.util.ParsingUtilitiesTests"/>
</testsuite> <!-- com.google.refine.util.ParsingUtilitiesTests -->
