<?xml version="1.0" encoding="UTF-8"?>
<!-- Generated by org.testng.reporters.JUnitReportReporter -->
<testsuite hostname="DESKTOP-R5SQ9ER" name="com.google.refine.operations.recon.ReconOperationTests" tests="2" failures="0" timestamp="6 Nov 2019 13:11:40 GMT" time="0.004" errors="0">
  <testcase name="serializeReconProcess" time="0.002" classname="com.google.refine.operations.recon.ReconOperationTests"/>
  <testcase name="serializeReconOperation" time="0.002" classname="com.google.refine.operations.recon.ReconOperationTests"/>
</testsuite> <!-- com.google.refine.operations.recon.ReconOperationTests -->
