<?xml version="1.0" encoding="UTF-8"?>
<!-- Generated by org.testng.reporters.JUnitReportReporter -->
<testsuite hostname="DESKTOP-R5SQ9ER" name="com.google.refine.expr.functions.strings.ToFromConversionTests" tests="5" failures="0" timestamp="5 Nov 2019 06:13:28 GMT" time="0.321" errors="0">
  <testcase name="testEscape" time="0.000" classname="com.google.refine.expr.functions.strings.ToFromConversionTests"/>
  <testcase name="testToDate" time="0.306" classname="com.google.refine.expr.functions.strings.ToFromConversionTests"/>
  <testcase name="testUnescape" time="0.000" classname="com.google.refine.expr.functions.strings.ToFromConversionTests"/>
  <testcase name="testToNumber" time="0.002" classname="com.google.refine.expr.functions.strings.ToFromConversionTests"/>
  <testcase name="testToString" time="0.013" classname="com.google.refine.expr.functions.strings.ToFromConversionTests"/>
</testsuite> <!-- com.google.refine.expr.functions.strings.ToFromConversionTests -->
