<?xml version="1.0" encoding="UTF-8"?>
<!-- Generated by org.testng.reporters.JUnitReportReporter -->
<testsuite hostname="DESKTOP-R5SQ9ER" name="com.google.refine.browsing.facets.ScatterplotFacetTests" tests="2" failures="0" timestamp="6 Nov 2019 13:11:41 GMT" time="0.074" errors="0">
  <testcase name="serializeScatterplotFacetConfig" time="0.004" classname="com.google.refine.browsing.facets.ScatterplotFacetTests"/>
  <testcase name="serializeScatterplotFacet" time="0.070" classname="com.google.refine.browsing.facets.ScatterplotFacetTests"/>
</testsuite> <!-- com.google.refine.browsing.facets.ScatterplotFacetTests -->
