<?xml version="1.0" encoding="UTF-8"?>
<!-- Generated by org.testng.reporters.JUnitReportReporter -->
<testsuite hostname="DESKTOP-R5SQ9ER" name="com.google.refine.io.FileProjectManagerTests" tests="1" failures="0" timestamp="5 Nov 2019 06:13:26 GMT" time="0.111" errors="0">
  <testcase name="serializeFileProjectManager" time="0.111" classname="com.google.refine.io.FileProjectManagerTests"/>
</testsuite> <!-- com.google.refine.io.FileProjectManagerTests -->
