<?xml version="1.0" encoding="UTF-8"?>
<!-- Generated by org.testng.reporters.JUnitReportReporter -->
<testsuite hostname="DESKTOP-R5SQ9ER" name="com.google.refine.importers.ExcelImporterTests" tests="2" failures="0" timestamp="5 Nov 2019 06:13:27 GMT" time="0.793" errors="0">
  <testcase name="readXls" time="0.124" classname="com.google.refine.importers.ExcelImporterTests"/>
  <testcase name="readXlsx" time="0.669" classname="com.google.refine.importers.ExcelImporterTests"/>
</testsuite> <!-- com.google.refine.importers.ExcelImporterTests -->
