<?xml version="1.0" encoding="UTF-8"?>
<!-- Generated by org.testng.reporters.JUnitReportReporter -->
<testsuite hostname="DESKTOP-R5SQ9ER" name="com.google.refine.operations.cell.BlankDownTests" tests="4" failures="0" timestamp="22 Nov 2019 11:20:17 GMT" time="0.042" errors="0">
  <testcase name="testBlankDownRecords" time="0.006" classname="com.google.refine.operations.cell.BlankDownTests"/>
  <testcase name="testBlankDownRows" time="0.023" classname="com.google.refine.operations.cell.BlankDownTests"/>
  <testcase name="serializeBlankDownOperation" time="0.009" classname="com.google.refine.operations.cell.BlankDownTests"/>
  <testcase name="testKeyColumnIndex" time="0.004" classname="com.google.refine.operations.cell.BlankDownTests"/>
</testsuite> <!-- com.google.refine.operations.cell.BlankDownTests -->
