<?xml version="1.0" encoding="UTF-8"?>
<!-- Generated by org.testng.reporters.JUnitReportReporter -->
<testsuite hostname="DESKTOP-R5SQ9ER" name="com.google.refine.model.changes.DataExtensionChangeTest" tests="2" failures="0" timestamp="6 Nov 2019 13:11:41 GMT" time="0.029" errors="0">
  <testcase name="testApplyNewChange" time="0.017" classname="com.google.refine.model.changes.DataExtensionChangeTest"/>
  <testcase name="testApplyOldChange" time="0.012" classname="com.google.refine.model.changes.DataExtensionChangeTest"/>
</testsuite> <!-- com.google.refine.model.changes.DataExtensionChangeTest -->
