<?xml version="1.0" encoding="UTF-8"?>
<!-- Generated by org.testng.reporters.JUnitReportReporter -->
<testsuite hostname="DESKTOP-R5SQ9ER" name="com.google.refine.model.ReconTests" tests="3" failures="0" timestamp="22 Nov 2019 11:20:16 GMT" time="0.018" errors="0">
  <testcase name="serializeReconViewMode" time="0.002" classname="com.google.refine.model.ReconTests"/>
  <testcase name="serializeReconSaveMode" time="0.014" classname="com.google.refine.model.ReconTests"/>
  <testcase name="serializeReconSaveModeNoMatch" time="0.002" classname="com.google.refine.model.ReconTests"/>
</testsuite> <!-- com.google.refine.model.ReconTests -->
