<?xml version="1.0" encoding="UTF-8"?>
<!-- Generated by org.testng.reporters.JUnitReportReporter -->
<testsuite hostname="DESKTOP-R5SQ9ER" name="com.google.refine.grel.FunctionTests" tests="2" failures="0" timestamp="22 Nov 2019 11:20:18 GMT" time="0.004" errors="0">
  <testcase name="testInvalidParams" time="0.001" classname="com.google.refine.grel.FunctionTests"/>
  <testcase name="testFacetCount" time="0.003" classname="com.google.refine.grel.FunctionTests"/>
</testsuite> <!-- com.google.refine.grel.FunctionTests -->
