<?xml version="1.0" encoding="UTF-8"?>
<!-- Generated by org.testng.reporters.JUnitReportReporter -->
<testsuite hostname="DESKTOP-R5SQ9ER" name="com.google.refine.history.HistoryTests" tests="2" failures="0" timestamp="6 Nov 2019 13:11:39 GMT" time="0.033" errors="0">
  <testcase name="canAddEntry" time="0.019" classname="com.google.refine.history.HistoryTests"/>
  <testcase name="serializeHistory" time="0.014" classname="com.google.refine.history.HistoryTests"/>
</testsuite> <!-- com.google.refine.history.HistoryTests -->
