<?xml version="1.0" encoding="UTF-8"?>
<!-- Generated by org.testng.reporters.JUnitReportReporter -->
<testsuite hostname="DESKTOP-R5SQ9ER" name="com.google.refine.model.ColumnModelTests" tests="2" failures="0" timestamp="22 Nov 2019 11:20:16 GMT" time="0.016" errors="0">
  <testcase name="serializeColumnModelEmpty" time="0.002" classname="com.google.refine.model.ColumnModelTests"/>
  <testcase name="serializeColumnModel" time="0.014" classname="com.google.refine.model.ColumnModelTests"/>
</testsuite> <!-- com.google.refine.model.ColumnModelTests -->
