<?xml version="1.0" encoding="UTF-8"?>
<!-- Generated by org.testng.reporters.JUnitReportReporter -->
<testsuite hostname="DESKTOP-R5SQ9ER" name="com.google.refine.exporters.XlsExporterTests" tests="2" failures="0" timestamp="22 Nov 2019 11:20:18 GMT" time="0.065" errors="0">
  <testcase name="exportSimpleXls" time="0.005" classname="com.google.refine.exporters.XlsExporterTests"/>
  <testcase name="exportDateType" time="0.060" classname="com.google.refine.exporters.XlsExporterTests"/>
</testsuite> <!-- com.google.refine.exporters.XlsExporterTests -->
