<?xml version="1.0" encoding="UTF-8"?>
<!-- Generated by org.testng.reporters.JUnitReportReporter -->
<testsuite hostname="DESKTOP-R5SQ9ER" name="com.google.refine.operations.cell.FillDownTests" tests="5" failures="0" timestamp="22 Nov 2019 11:20:18 GMT" time="0.028" errors="0">
  <testcase name="testFillDownRecords" time="0.005" classname="com.google.refine.operations.cell.FillDownTests"/>
  <testcase name="serializeFillDownOperation" time="0.009" classname="com.google.refine.operations.cell.FillDownTests"/>
  <testcase name="testKeyColumnIndex" time="0.005" classname="com.google.refine.operations.cell.FillDownTests"/>
  <testcase name="testFillDownRows" time="0.004" classname="com.google.refine.operations.cell.FillDownTests"/>
  <testcase name="testFillDownRecordKey" time="0.005" classname="com.google.refine.operations.cell.FillDownTests"/>
</testsuite> <!-- com.google.refine.operations.cell.FillDownTests -->
