<?xml version="1.0" encoding="UTF-8"?>
<!-- Generated by org.testng.reporters.JUnitReportReporter -->
<testsuite hostname="DESKTOP-R5SQ9ER" name="com.google.refine.operations.recon.ReconCopyAcrossColumnsOperationTests" tests="1" failures="0" timestamp="5 Nov 2019 06:13:32 GMT" time="0.011" errors="0">
  <testcase name="serializeReconCopyAcrossColumnsOperation" time="0.011" classname="com.google.refine.operations.recon.ReconCopyAcrossColumnsOperationTests"/>
</testsuite> <!-- com.google.refine.operations.recon.ReconCopyAcrossColumnsOperationTests -->
