<?xml version="1.0" encoding="UTF-8"?>
<!-- Generated by org.testng.reporters.JUnitReportReporter -->
<testsuite hostname="DESKTOP-R5SQ9ER" name="com.google.refine.operations.recon.ReconJudgeSimilarCellsTests" tests="3" failures="0" timestamp="6 Nov 2019 13:11:39 GMT" time="0.006" errors="0">
  <testcase name="testMarkNewTopics" time="0.003" classname="com.google.refine.operations.recon.ReconJudgeSimilarCellsTests"/>
  <testcase name="serializeReconJudgeSimilarCellsOperationMatch" time="0.001" classname="com.google.refine.operations.recon.ReconJudgeSimilarCellsTests"/>
  <testcase name="serializeReconJudgeSimilarCellsOperation" time="0.002" classname="com.google.refine.operations.recon.ReconJudgeSimilarCellsTests"/>
</testsuite> <!-- com.google.refine.operations.recon.ReconJudgeSimilarCellsTests -->
