<?xml version="1.0" encoding="UTF-8"?>
<!-- Generated by org.testng.reporters.JUnitReportReporter -->
<testsuite hostname="DESKTOP-R5SQ9ER" name="com.google.refine.operations.recon.ReconUseValuesAsIdsOperationTests" tests="2" failures="0" timestamp="5 Nov 2019 06:13:32 GMT" time="0.006" errors="0">
  <testcase name="testUseValuesAsIds" time="0.003" classname="com.google.refine.operations.recon.ReconUseValuesAsIdsOperationTests"/>
  <testcase name="serializeReconUseValuesAsIdentifiersOperation" time="0.003" classname="com.google.refine.operations.recon.ReconUseValuesAsIdsOperationTests"/>
</testsuite> <!-- com.google.refine.operations.recon.ReconUseValuesAsIdsOperationTests -->
