<?xml version="1.0" encoding="UTF-8"?>
<!-- Generated by org.testng.reporters.JUnitReportReporter -->
<testsuite hostname="DESKTOP-R5SQ9ER" name="com.google.refine.expr.functions.date.IncTests" tests="2" failures="0" timestamp="5 Nov 2019 06:13:28 GMT" time="0.004" errors="0">
  <testcase name="serializeInc" time="0.002" classname="com.google.refine.expr.functions.date.IncTests"/>
  <testcase name="testInc" time="0.002" classname="com.google.refine.expr.functions.date.IncTests"/>
</testsuite> <!-- com.google.refine.expr.functions.date.IncTests -->
