<?xml version="1.0" encoding="UTF-8"?>
<!-- Generated by org.testng.reporters.JUnitReportReporter -->
<testsuite hostname="DESKTOP-R5SQ9ER" name="com.google.refine.io.ProjectMetadataTests" tests="2" failures="0" timestamp="5 Nov 2019 06:13:30 GMT" time="0.029" errors="0">
  <testcase name="serializeProjectMetadata" time="0.026" classname="com.google.refine.io.ProjectMetadataTests"/>
  <testcase name="serializeProjectMetadataInDifferentTimezone" time="0.003" classname="com.google.refine.io.ProjectMetadataTests"/>
</testsuite> <!-- com.google.refine.io.ProjectMetadataTests -->
