<?xml version="1.0" encoding="UTF-8"?>
<!-- Generated by org.testng.reporters.JUnitReportReporter -->
<testsuite hostname="DESKTOP-R5SQ9ER" name="com.google.refine.browsing.facets.TextSearchFacetTests" tests="6" failures="0" timestamp="5 Nov 2019 06:13:32 GMT" time="0.027" errors="0">
  <testcase name="testCaseSensitiveFilter" time="0.005" classname="com.google.refine.browsing.facets.TextSearchFacetTests"/>
  <testcase name="serializeTextSearchFacet" time="0.006" classname="com.google.refine.browsing.facets.TextSearchFacetTests"/>
  <testcase name="testInvertedTextFilter" time="0.005" classname="com.google.refine.browsing.facets.TextSearchFacetTests"/>
  <testcase name="serializeTextSearchFacetConfig" time="0.005" classname="com.google.refine.browsing.facets.TextSearchFacetTests"/>
  <testcase name="testTextFilter" time="0.003" classname="com.google.refine.browsing.facets.TextSearchFacetTests"/>
  <testcase name="testRegExFilter" time="0.003" classname="com.google.refine.browsing.facets.TextSearchFacetTests"/>
</testsuite> <!-- com.google.refine.browsing.facets.TextSearchFacetTests -->
