<?xml version="1.0" encoding="UTF-8"?>
<!-- Generated by org.testng.reporters.JUnitReportReporter -->
<testsuite hostname="DESKTOP-R5SQ9ER" name="com.google.refine.importers.WikitextImporterTests" tests="8" failures="0" timestamp="22 Nov 2019 11:20:18 GMT" time="2.409" errors="0">
  <testcase name="readStyledTableWithHeader" time="0.051" classname="com.google.refine.importers.WikitextImporterTests"/>
  <testcase name="readTableWithLinks" time="1.570" classname="com.google.refine.importers.WikitextImporterTests"/>
  <testcase name="readTableWithReferences" time="0.020" classname="com.google.refine.importers.WikitextImporterTests"/>
  <testcase name="readTableWithSpanningCells" time="0.015" classname="com.google.refine.importers.WikitextImporterTests"/>
  <testcase name="readTableWithTemplates" time="0.020" classname="com.google.refine.importers.WikitextImporterTests"/>
  <testcase name="readTableWithReferencesTemplates" time="0.008" classname="com.google.refine.importers.WikitextImporterTests"/>
  <testcase name="readSimpleData" time="0.711" classname="com.google.refine.importers.WikitextImporterTests"/>
  <testcase name="readTableWithMisplacedHeaders" time="0.014" classname="com.google.refine.importers.WikitextImporterTests"/>
</testsuite> <!-- com.google.refine.importers.WikitextImporterTests -->
