<?xml version="1.0" encoding="UTF-8"?>
<!-- Generated by org.testng.reporters.JUnitReportReporter -->
<testsuite hostname="DESKTOP-R5SQ9ER" name="com.google.refine.exporters.HtmlExporterTests" tests="3" failures="0" timestamp="22 Nov 2019 11:20:18 GMT" time="0.028" errors="0">
  <testcase name="exportHtmlTableWithURLs" time="0.024" classname="com.google.refine.exporters.HtmlExporterTests"/>
  <testcase name="exportSimpleHtmlTable" time="0.002" classname="com.google.refine.exporters.HtmlExporterTests"/>
  <testcase name="exportHtmlTableWithEmptyCells" time="0.002" classname="com.google.refine.exporters.HtmlExporterTests"/>
</testsuite> <!-- com.google.refine.exporters.HtmlExporterTests -->
