<?xml version="1.0" encoding="UTF-8"?>
<!-- Generated by org.testng.reporters.JUnitReportReporter -->
<testsuite hostname="DESKTOP-R5SQ9ER" name="com.google.refine.browsing.facets.ListFacetTests" tests="4" failures="0" timestamp="22 Nov 2019 11:20:18 GMT" time="0.044" errors="0">
  <testcase name="serializeListFacetWithError" time="0.006" classname="com.google.refine.browsing.facets.ListFacetTests"/>
  <testcase name="testSelectedEmptyChoice" time="0.010" classname="com.google.refine.browsing.facets.ListFacetTests"/>
  <testcase name="serializeListFacet" time="0.012" classname="com.google.refine.browsing.facets.ListFacetTests"/>
  <testcase name="serializeListFacetConfig" time="0.016" classname="com.google.refine.browsing.facets.ListFacetTests"/>
</testsuite> <!-- com.google.refine.browsing.facets.ListFacetTests -->
