<?xml version="1.0" encoding="UTF-8"?>
<!-- Generated by org.testng.reporters.JUnitReportReporter -->
<testsuite hostname="DESKTOP-R5SQ9ER" name="com.google.refine.util.PatternSyntaxExceptionParserTests" tests="9" failures="0" timestamp="22 Nov 2019 11:20:17 GMT" time="0.022" errors="0">
  <testcase name="quantifierTargetValidityTest" time="0.001" classname="com.google.refine.util.PatternSyntaxExceptionParserTests"/>
  <testcase name="rangeOrderTest" time="0.002" classname="com.google.refine.util.PatternSyntaxExceptionParserTests"/>
  <testcase name="unmatchedOpeningSquareBracketTest" time="0.001" classname="com.google.refine.util.PatternSyntaxExceptionParserTests"/>
  <testcase name="danglingBackslashTest" time="0.006" classname="com.google.refine.util.PatternSyntaxExceptionParserTests"/>
  <testcase name="unmatchedClosingParenthesisTest" time="0.004" classname="com.google.refine.util.PatternSyntaxExceptionParserTests"/>
  <testcase name="unmatchedOpeningParenthesisTest" time="0.001" classname="com.google.refine.util.PatternSyntaxExceptionParserTests"/>
  <testcase name="quantifierMagnitudeTest" time="0.005" classname="com.google.refine.util.PatternSyntaxExceptionParserTests"/>
  <testcase name="illegalQuantifierStatement" time="0.000" classname="com.google.refine.util.PatternSyntaxExceptionParserTests"/>
  <testcase name="unmatchedOpeningCurlyBracketTest" time="0.002" classname="com.google.refine.util.PatternSyntaxExceptionParserTests"/>
</testsuite> <!-- com.google.refine.util.PatternSyntaxExceptionParserTests -->
