<?xml version="1.0" encoding="UTF-8"?>
<!-- Generated by org.testng.reporters.JUnitReportReporter -->
<testsuite hostname="DESKTOP-R5SQ9ER" name="com.google.refine.operations.row.DenormalizeOperationTests" tests="1" failures="0" timestamp="22 Nov 2019 11:20:15 GMT" time="0.002" errors="0">
  <testcase name="serializeDenormalizeOperation" time="0.002" classname="com.google.refine.operations.row.DenormalizeOperationTests"/>
</testsuite> <!-- com.google.refine.operations.row.DenormalizeOperationTests -->
