<?xml version="1.0" encoding="UTF-8"?>
<!-- Generated by org.testng.reporters.JUnitReportReporter -->
<testsuite hostname="DESKTOP-R5SQ9ER" name="com.google.refine.operations.cell.BlankDownTests" tests="4" failures="0" timestamp="5 Nov 2019 06:13:28 GMT" time="0.018" errors="0">
  <testcase name="serializeBlankDownOperation" time="0.005" classname="com.google.refine.operations.cell.BlankDownTests"/>
  <testcase name="testKeyColumnIndex" time="0.005" classname="com.google.refine.operations.cell.BlankDownTests"/>
  <testcase name="testBlankDownRows" time="0.004" classname="com.google.refine.operations.cell.BlankDownTests"/>
  <testcase name="testBlankDownRecords" time="0.004" classname="com.google.refine.operations.cell.BlankDownTests"/>
</testsuite> <!-- com.google.refine.operations.cell.BlankDownTests -->
