<?xml version="1.0" encoding="UTF-8"?>
<!-- Generated by org.testng.reporters.JUnitReportReporter -->
<testsuite hostname="DESKTOP-R5SQ9ER" name="com.google.refine.expr.functions.arrays.InArrayTests" tests="4" failures="0" timestamp="5 Nov 2019 06:13:31 GMT" time="0.006" errors="0">
  <testcase name="testInArrayParameters" time="0.002" classname="com.google.refine.expr.functions.arrays.InArrayTests"/>
  <testcase name="testInArrayWithArrayNode" time="0.001" classname="com.google.refine.expr.functions.arrays.InArrayTests"/>
  <testcase name="serializeInArray" time="0.003" classname="com.google.refine.expr.functions.arrays.InArrayTests"/>
  <testcase name="testInArray" time="0.000" classname="com.google.refine.expr.functions.arrays.InArrayTests"/>
</testsuite> <!-- com.google.refine.expr.functions.arrays.InArrayTests -->
