<?xml version="1.0" encoding="UTF-8"?>
<!-- Generated by org.testng.reporters.JUnitReportReporter -->
<testsuite hostname="DESKTOP-R5SQ9ER" name="com.google.refine.commands.util.CancelProcessesCommandTests" tests="4" failures="0" timestamp="6 Nov 2019 13:11:40 GMT" time="0.016" errors="0">
  <testcase name="doPostCatchesExceptionFromWriter" time="0.009" classname="com.google.refine.commands.util.CancelProcessesCommandTests"/>
  <testcase name="doPostFailsThrowsWithNullParameters" time="0.002" classname="com.google.refine.commands.util.CancelProcessesCommandTests"/>
  <testcase name="doPostThrowsIfCommand_getProjectReturnsNull" time="0.003" classname="com.google.refine.commands.util.CancelProcessesCommandTests"/>
  <testcase name="doPostRegressionTest" time="0.002" classname="com.google.refine.commands.util.CancelProcessesCommandTests"/>
</testsuite> <!-- com.google.refine.commands.util.CancelProcessesCommandTests -->
