<?xml version="1.0" encoding="UTF-8"?>
<!-- Generated by org.testng.reporters.JUnitReportReporter -->
<testsuite hostname="DESKTOP-R5SQ9ER" name="com.google.refine.browsing.facets.ScatterplotFacetTests" tests="2" failures="0" timestamp="5 Nov 2019 06:13:32 GMT" time="0.436" errors="0">
  <testcase name="serializeScatterplotFacetConfig" time="0.018" classname="com.google.refine.browsing.facets.ScatterplotFacetTests"/>
  <testcase name="serializeScatterplotFacet" time="0.418" classname="com.google.refine.browsing.facets.ScatterplotFacetTests"/>
</testsuite> <!-- com.google.refine.browsing.facets.ScatterplotFacetTests -->
