<?xml version="1.0" encoding="UTF-8"?>
<!-- Generated by org.testng.reporters.JUnitReportReporter -->
<testsuite hostname="DESKTOP-R5SQ9ER" name="com.google.refine.operations.recon.ExtendDataOperationTests" tests="8" failures="0" timestamp="5 Nov 2019 06:13:23 GMT" time="4.604" errors="0">
  <testcase name="testFetchCounts" time="1.239" classname="com.google.refine.operations.recon.ExtendDataOperationTests"/>
  <testcase name="serializeExtendDataOperation" time="0.053" classname="com.google.refine.operations.recon.ExtendDataOperationTests"/>
  <testcase name="testFetchCurrent" time="1.072" classname="com.google.refine.operations.recon.ExtendDataOperationTests"/>
  <testcase name="serializeDataExtensionConfig" time="1.180" classname="com.google.refine.operations.recon.ExtendDataOperationTests"/>
  <testcase name="testFormulateQuery" time="0.055" classname="com.google.refine.operations.recon.ExtendDataOperationTests"/>
  <testcase name="testFetchStrings" time="0.658" classname="com.google.refine.operations.recon.ExtendDataOperationTests"/>
  <testcase name="testFetchRecord" time="0.234" classname="com.google.refine.operations.recon.ExtendDataOperationTests"/>
  <testcase name="serializeExtendDataProcess" time="0.113" classname="com.google.refine.operations.recon.ExtendDataOperationTests"/>
</testsuite> <!-- com.google.refine.operations.recon.ExtendDataOperationTests -->
