<?xml version="1.0" encoding="UTF-8"?>
<!-- Generated by org.testng.reporters.JUnitReportReporter -->
<testsuite hostname="DESKTOP-R5SQ9ER" name="com.google.refine.operations.cell.JoinMultiValuedCellsTests" tests="3" failures="0" timestamp="22 Nov 2019 11:20:16 GMT" time="0.018" errors="0">
  <testcase name="testJoinMultiValuedCells" time="0.005" classname="com.google.refine.operations.cell.JoinMultiValuedCellsTests"/>
  <testcase name="serializeMultiValuedCellJoinOperation" time="0.008" classname="com.google.refine.operations.cell.JoinMultiValuedCellsTests"/>
  <testcase name="testJoinMultiValuedCellsMultipleSpaces" time="0.005" classname="com.google.refine.operations.cell.JoinMultiValuedCellsTests"/>
</testsuite> <!-- com.google.refine.operations.cell.JoinMultiValuedCellsTests -->
