<?xml version="1.0" encoding="UTF-8"?>
<!-- Generated by org.testng.reporters.JUnitReportReporter -->
<testsuite hostname="DESKTOP-R5SQ9ER" name="com.google.refine.exporters.sql.SqlExporterTests" tests="9" failures="0" timestamp="6 Nov 2019 13:11:41 GMT" time="0.106" errors="0">
  <testcase name="testGetCreateSql" time="0.005" classname="com.google.refine.exporters.sql.SqlExporterTests"/>
  <testcase name="testExportSqlIncludeSchemaWithDropStmt" time="0.005" classname="com.google.refine.exporters.sql.SqlExporterTests"/>
  <testcase name="testExportSqlWithSingleQuote" time="0.005" classname="com.google.refine.exporters.sql.SqlExporterTests"/>
  <testcase name="testExportSqlNoSchema" time="0.003" classname="com.google.refine.exporters.sql.SqlExporterTests"/>
  <testcase name="testExportSqlWithNotNullColumns" time="0.011" classname="com.google.refine.exporters.sql.SqlExporterTests"/>
  <testcase name="testExportSimpleSql" time="0.049" classname="com.google.refine.exporters.sql.SqlExporterTests"/>
  <testcase name="testExportSqlWithNonZeroScaleNumericValue" time="0.009" classname="com.google.refine.exporters.sql.SqlExporterTests"/>
  <testcase name="testExportSqlNoContent" time="0.001" classname="com.google.refine.exporters.sql.SqlExporterTests"/>
  <testcase name="testExportSqlWithNullFields" time="0.018" classname="com.google.refine.exporters.sql.SqlExporterTests"/>
</testsuite> <!-- com.google.refine.exporters.sql.SqlExporterTests -->
