<?xml version="1.0" encoding="UTF-8"?>
<!-- Generated by org.testng.reporters.JUnitReportReporter -->
<testsuite hostname="DESKTOP-R5SQ9ER" name="com.google.refine.expr.functions.math.ATanTests" tests="1" failures="0" timestamp="22 Nov 2019 11:20:17 GMT" time="0.006" errors="0">
  <testcase name="serializeATan" time="0.006" classname="com.google.refine.expr.functions.math.ATanTests"/>
</testsuite> <!-- com.google.refine.expr.functions.math.ATanTests -->
