<?xml version="1.0" encoding="UTF-8"?>
<!-- Generated by org.testng.reporters.JUnitReportReporter -->
<testsuite hostname="DESKTOP-R5SQ9ER" name="com.google.refine.process.HistoryProcessTests" tests="1" failures="0" timestamp="5 Nov 2019 06:13:32 GMT" time="0.034" errors="0">
  <testcase name="serializeHistoryProcess" time="0.034" classname="com.google.refine.process.HistoryProcessTests"/>
</testsuite> <!-- com.google.refine.process.HistoryProcessTests -->
