<?xml version="1.0" encoding="UTF-8"?>
<!-- Generated by org.testng.reporters.JUnitReportReporter -->
<testsuite hostname="DESKTOP-R5SQ9ER" name="com.google.refine.operations.recon.ReconMarkNewTopicsOperationTests" tests="1" failures="0" timestamp="22 Nov 2019 11:20:16 GMT" time="0.016" errors="0">
  <testcase name="serializeReconMarkNewTopicsOperation" time="0.016" classname="com.google.refine.operations.recon.ReconMarkNewTopicsOperationTests"/>
</testsuite> <!-- com.google.refine.operations.recon.ReconMarkNewTopicsOperationTests -->
