<?xml version="1.0" encoding="UTF-8"?>
<!-- Generated by org.testng.reporters.JUnitReportReporter -->
<testsuite hostname="DESKTOP-R5SQ9ER" name="com.google.refine.exporters.XlsExporterTests" tests="2" failures="0" timestamp="5 Nov 2019 06:13:32 GMT" time="0.012" errors="0">
  <testcase name="exportDateType" time="0.009" classname="com.google.refine.exporters.XlsExporterTests"/>
  <testcase name="exportSimpleXls" time="0.003" classname="com.google.refine.exporters.XlsExporterTests"/>
</testsuite> <!-- com.google.refine.exporters.XlsExporterTests -->
