<?xml version="1.0" encoding="UTF-8"?>
<!-- Generated by org.testng.reporters.JUnitReportReporter -->
<testsuite hostname="DESKTOP-R5SQ9ER" name="com.google.refine.browsing.DecoratedValueTests" tests="1" failures="0" timestamp="6 Nov 2019 13:11:40 GMT" time="0.025" errors="0">
  <testcase name="serializeDecoratedValue" time="0.025" classname="com.google.refine.browsing.DecoratedValueTests"/>
</testsuite> <!-- com.google.refine.browsing.DecoratedValueTests -->
