<?xml version="1.0" encoding="UTF-8"?>
<!-- Generated by org.testng.reporters.JUnitReportReporter -->
<testsuite hostname="DESKTOP-R5SQ9ER" name="com.google.refine.browsing.facets.TimeRangeFacetTests" tests="2" failures="0" timestamp="6 Nov 2019 13:11:40 GMT" time="0.007" errors="0">
  <testcase name="serializeTimeRangeFacetConfig" time="0.001" classname="com.google.refine.browsing.facets.TimeRangeFacetTests"/>
  <testcase name="serializeTimeRangeFacet" time="0.006" classname="com.google.refine.browsing.facets.TimeRangeFacetTests"/>
</testsuite> <!-- com.google.refine.browsing.facets.TimeRangeFacetTests -->
