<?xml version="1.0" encoding="UTF-8"?>
<!-- Generated by org.testng.reporters.JUnitReportReporter -->
<testsuite hostname="DESKTOP-R5SQ9ER" name="com.google.refine.expr.functions.strings.TrimTests" tests="3" failures="0" timestamp="22 Nov 2019 11:20:16 GMT" time="0.051" errors="0">
  <testcase name="testTrim" time="0.049" classname="com.google.refine.expr.functions.strings.TrimTests"/>
  <testcase name="testInvalidParams" time="0.001" classname="com.google.refine.expr.functions.strings.TrimTests"/>
  <testcase name="serializeTrim" time="0.001" classname="com.google.refine.expr.functions.strings.TrimTests"/>
</testsuite> <!-- com.google.refine.expr.functions.strings.TrimTests -->
