<?xml version="1.0" encoding="UTF-8"?>
<!-- Generated by org.testng.reporters.JUnitReportReporter -->
<testsuite hostname="DESKTOP-R5SQ9ER" name="com.google.refine.model.changes.DataExtensionChangeTest" tests="2" failures="0" timestamp="5 Nov 2019 06:13:31 GMT" time="0.017" errors="0">
  <testcase name="testApplyNewChange" time="0.008" classname="com.google.refine.model.changes.DataExtensionChangeTest"/>
  <testcase name="testApplyOldChange" time="0.009" classname="com.google.refine.model.changes.DataExtensionChangeTest"/>
</testsuite> <!-- com.google.refine.model.changes.DataExtensionChangeTest -->
