<?xml version="1.0" encoding="UTF-8"?>
<!-- Generated by org.testng.reporters.JUnitReportReporter -->
<testsuite hostname="DESKTOP-R5SQ9ER" name="com.google.refine.browsing.facets.TextSearchFacetTests" tests="6" failures="0" timestamp="22 Nov 2019 11:20:18 GMT" time="0.052" errors="0">
  <testcase name="serializeTextSearchFacetConfig" time="0.007" classname="com.google.refine.browsing.facets.TextSearchFacetTests"/>
  <testcase name="testCaseSensitiveFilter" time="0.006" classname="com.google.refine.browsing.facets.TextSearchFacetTests"/>
  <testcase name="testInvertedTextFilter" time="0.007" classname="com.google.refine.browsing.facets.TextSearchFacetTests"/>
  <testcase name="serializeTextSearchFacet" time="0.010" classname="com.google.refine.browsing.facets.TextSearchFacetTests"/>
  <testcase name="testRegExFilter" time="0.010" classname="com.google.refine.browsing.facets.TextSearchFacetTests"/>
  <testcase name="testTextFilter" time="0.012" classname="com.google.refine.browsing.facets.TextSearchFacetTests"/>
</testsuite> <!-- com.google.refine.browsing.facets.TextSearchFacetTests -->
