<?xml version="1.0" encoding="UTF-8"?>
<!-- Generated by org.testng.reporters.JUnitReportReporter -->
<testsuite hostname="DESKTOP-R5SQ9ER" name="com.google.refine.commands.row.GetRowsCommandTest" tests="2" failures="0" timestamp="22 Nov 2019 11:20:17 GMT" time="0.029" errors="0">
  <testcase name="testJsonOutputRecords" time="0.022" classname="com.google.refine.commands.row.GetRowsCommandTest"/>
  <testcase name="testJsonOutputRows" time="0.007" classname="com.google.refine.commands.row.GetRowsCommandTest"/>
</testsuite> <!-- com.google.refine.commands.row.GetRowsCommandTest -->
