<?xml version="1.0" encoding="UTF-8"?>
<!-- Generated by org.testng.reporters.JUnitReportReporter -->
<testsuite hostname="DESKTOP-R5SQ9ER" name="com.google.refine.ProjectManagerTests" tests="6" failures="0" timestamp="5 Nov 2019 06:13:27 GMT" time="0.129" errors="0">
  <testcase name="canFlushFromCache" time="0.003" classname="com.google.refine.ProjectManagerTests"/>
  <testcase name="canRegisterProject" time="0.001" classname="com.google.refine.ProjectManagerTests"/>
  <testcase name="canSaveSomeModified" time="0.004" classname="com.google.refine.ProjectManagerTests"/>
  <testcase name="canEnsureProjectSave" time="0.005" classname="com.google.refine.ProjectManagerTests"/>
  <testcase name="cannotSaveWhenBusy" time="0.003" classname="com.google.refine.ProjectManagerTests"/>
  <testcase name="canSaveAllModified" time="0.113" classname="com.google.refine.ProjectManagerTests"/>
</testsuite> <!-- com.google.refine.ProjectManagerTests -->
