<?xml version="1.0" encoding="UTF-8"?>
<!-- Generated by org.testng.reporters.JUnitReportReporter -->
<testsuite hostname="DESKTOP-R5SQ9ER" name="com.google.refine.importers.WikitextImporterTests" tests="8" failures="0" timestamp="5 Nov 2019 06:13:32 GMT" time="3.664" errors="0">
  <testcase name="readTableWithSpanningCells" time="0.012" classname="com.google.refine.importers.WikitextImporterTests"/>
  <testcase name="readTableWithReferencesTemplates" time="0.008" classname="com.google.refine.importers.WikitextImporterTests"/>
  <testcase name="readTableWithMisplacedHeaders" time="0.008" classname="com.google.refine.importers.WikitextImporterTests"/>
  <testcase name="readTableWithTemplates" time="0.017" classname="com.google.refine.importers.WikitextImporterTests"/>
  <testcase name="readTableWithLinks" time="2.931" classname="com.google.refine.importers.WikitextImporterTests"/>
  <testcase name="readSimpleData" time="0.630" classname="com.google.refine.importers.WikitextImporterTests"/>
  <testcase name="readTableWithReferences" time="0.012" classname="com.google.refine.importers.WikitextImporterTests"/>
  <testcase name="readStyledTableWithHeader" time="0.046" classname="com.google.refine.importers.WikitextImporterTests"/>
</testsuite> <!-- com.google.refine.importers.WikitextImporterTests -->
