<?xml version="1.0" encoding="UTF-8"?>
<!-- Generated by org.testng.reporters.JUnitReportReporter -->
<testsuite hostname="DESKTOP-R5SQ9ER" name="com.google.refine.operations.cell.BlankDownTests" tests="4" failures="0" timestamp="6 Nov 2019 13:11:40 GMT" time="0.012" errors="0">
  <testcase name="serializeBlankDownOperation" time="0.004" classname="com.google.refine.operations.cell.BlankDownTests"/>
  <testcase name="testKeyColumnIndex" time="0.001" classname="com.google.refine.operations.cell.BlankDownTests"/>
  <testcase name="testBlankDownRows" time="0.003" classname="com.google.refine.operations.cell.BlankDownTests"/>
  <testcase name="testBlankDownRecords" time="0.004" classname="com.google.refine.operations.cell.BlankDownTests"/>
</testsuite> <!-- com.google.refine.operations.cell.BlankDownTests -->
