<?xml version="1.0" encoding="UTF-8"?>
<!-- Generated by org.testng.reporters.JUnitReportReporter -->
<testsuite hostname="DESKTOP-R5SQ9ER" name="com.google.refine.browsing.facets.ListFacetTests" tests="4" failures="0" timestamp="6 Nov 2019 13:11:41 GMT" time="0.028" errors="0">
  <testcase name="serializeListFacetConfig" time="0.003" classname="com.google.refine.browsing.facets.ListFacetTests"/>
  <testcase name="serializeListFacetWithError" time="0.005" classname="com.google.refine.browsing.facets.ListFacetTests"/>
  <testcase name="testSelectedEmptyChoice" time="0.007" classname="com.google.refine.browsing.facets.ListFacetTests"/>
  <testcase name="serializeListFacet" time="0.013" classname="com.google.refine.browsing.facets.ListFacetTests"/>
</testsuite> <!-- com.google.refine.browsing.facets.ListFacetTests -->
