<?xml version="1.0" encoding="UTF-8"?>
<!-- Generated by org.testng.reporters.JUnitReportReporter -->
<testsuite hostname="DESKTOP-R5SQ9ER" name="com.google.refine.exporters.HtmlExporterTests" tests="3" failures="0" timestamp="6 Nov 2019 13:11:41 GMT" time="0.022" errors="0">
  <testcase name="exportHtmlTableWithEmptyCells" time="0.006" classname="com.google.refine.exporters.HtmlExporterTests"/>
  <testcase name="exportSimpleHtmlTable" time="0.001" classname="com.google.refine.exporters.HtmlExporterTests"/>
  <testcase name="exportHtmlTableWithURLs" time="0.015" classname="com.google.refine.exporters.HtmlExporterTests"/>
</testsuite> <!-- com.google.refine.exporters.HtmlExporterTests -->
