<?xml version="1.0" encoding="UTF-8"?>
<!-- Generated by org.testng.reporters.JUnitReportReporter -->
<testsuite hostname="DESKTOP-R5SQ9ER" name="com.google.refine.expr.functions.date.DatePartTests" tests="2" failures="0" timestamp="6 Nov 2019 13:11:41 GMT" time="0.003" errors="0">
  <testcase name="testOffsetDateTimeDatePart" time="0.002" classname="com.google.refine.expr.functions.date.DatePartTests"/>
  <testcase name="serializeDatePart" time="0.001" classname="com.google.refine.expr.functions.date.DatePartTests"/>
</testsuite> <!-- com.google.refine.expr.functions.date.DatePartTests -->
