<?xml version="1.0" encoding="UTF-8"?>
<!-- Generated by org.testng.reporters.JUnitReportReporter -->
<testsuite hostname="DESKTOP-R5SQ9ER" name="com.google.refine.expr.functions.strings.FindTests" tests="4" failures="0" timestamp="6 Nov 2019 13:11:41 GMT" time="0.006" errors="0">
  <testcase name="findFunctionFindLiteralTest" time="0.001" classname="com.google.refine.expr.functions.strings.FindTests"/>
  <testcase name="findFunctionFindRegexTest" time="0.002" classname="com.google.refine.expr.functions.strings.FindTests"/>
  <testcase name="findFunctionFindAllTest" time="0.001" classname="com.google.refine.expr.functions.strings.FindTests"/>
  <testcase name="serializeFind" time="0.002" classname="com.google.refine.expr.functions.strings.FindTests"/>
</testsuite> <!-- com.google.refine.expr.functions.strings.FindTests -->
