<?xml version="1.0" encoding="UTF-8"?>
<!-- Generated by org.testng.reporters.JUnitReportReporter -->
<testsuite hostname="DESKTOP-R5SQ9ER" name="com.google.refine.importers.RdfTripleImporterTests" tests="8" failures="0" timestamp="22 Nov 2019 11:20:17 GMT" time="1.360" errors="0">
  <testcase name="canParseTripleWithValue" time="0.004" classname="com.google.refine.importers.RdfTripleImporterTests"/>
  <testcase name="canParseTtl" time="0.007" classname="com.google.refine.importers.RdfTripleImporterTests"/>
  <testcase name="canParseMultiLineMultiPredicatesTriple" time="0.029" classname="com.google.refine.importers.RdfTripleImporterTests"/>
  <testcase name="canParseNTriples" time="0.008" classname="com.google.refine.importers.RdfTripleImporterTests"/>
  <testcase name="canParseJsonld" time="0.909" classname="com.google.refine.importers.RdfTripleImporterTests"/>
  <testcase name="canParseRdfXml" time="0.389" classname="com.google.refine.importers.RdfTripleImporterTests"/>
  <testcase name="canParseMultiLineTriple" time="0.005" classname="com.google.refine.importers.RdfTripleImporterTests"/>
  <testcase name="canParseN3" time="0.009" classname="com.google.refine.importers.RdfTripleImporterTests"/>
</testsuite> <!-- com.google.refine.importers.RdfTripleImporterTests -->
