<?xml version="1.0" encoding="UTF-8"?>
<!-- Generated by org.testng.reporters.JUnitReportReporter -->
<testsuite hostname="DESKTOP-R5SQ9ER" name="com.google.refine.exporters.TemplatingExporterTests" tests="4" failures="0" timestamp="5 Nov 2019 06:13:28 GMT" time="0.009" errors="0">
  <testcase name="exportTemplateWithEmptyCells" time="0.003" classname="com.google.refine.exporters.TemplatingExporterTests"/>
  <testcase name="exportEmptyTemplate" time="0.002" classname="com.google.refine.exporters.TemplatingExporterTests"/>
  <testcase name="exportTemplateWithLimit" time="0.001" classname="com.google.refine.exporters.TemplatingExporterTests"/>
  <testcase name="exportSimpleTemplate" time="0.003" classname="com.google.refine.exporters.TemplatingExporterTests"/>
</testsuite> <!-- com.google.refine.exporters.TemplatingExporterTests -->
