<?xml version="1.0" encoding="UTF-8"?>
<!-- Generated by org.testng.reporters.JUnitReportReporter -->
<testsuite hostname="DESKTOP-R5SQ9ER" name="com.google.refine.clustering.knn.kNNClustererTests" tests="3" failures="0" timestamp="22 Nov 2019 11:20:17 GMT" time="0.063" errors="0">
  <testcase name="serializekNNClusterer" time="0.056" classname="com.google.refine.clustering.knn.kNNClustererTests"/>
  <testcase name="serializekNNClustererConfig" time="0.003" classname="com.google.refine.clustering.knn.kNNClustererTests"/>
  <testcase name="testNoLonelyclusters" time="0.004" classname="com.google.refine.clustering.knn.kNNClustererTests"/>
</testsuite> <!-- com.google.refine.clustering.knn.kNNClustererTests -->
