<?xml version="1.0" encoding="UTF-8"?>
<!-- Generated by org.testng.reporters.JUnitReportReporter -->
<testsuite hostname="DESKTOP-R5SQ9ER" name="com.google.refine.process.LongRunningProcessTests" tests="1" failures="0" timestamp="22 Nov 2019 11:20:17 GMT" time="0.005" errors="0">
  <testcase name="serializeLongRunningProcess" time="0.005" classname="com.google.refine.process.LongRunningProcessTests"/>
</testsuite> <!-- com.google.refine.process.LongRunningProcessTests -->
