<?xml version="1.0" encoding="UTF-8"?>
<!-- Generated by org.testng.reporters.JUnitReportReporter -->
<testsuite hostname="DESKTOP-R5SQ9ER" name="com.google.refine.grel.controls.ForRangeTests" tests="1" failures="0" timestamp="22 Nov 2019 11:20:17 GMT" time="0.000" errors="0">
  <testcase name="serializeForRange" time="0.000" classname="com.google.refine.grel.controls.ForRangeTests"/>
</testsuite> <!-- com.google.refine.grel.controls.ForRangeTests -->
