<?xml version="1.0" encoding="UTF-8"?>
<!-- Generated by org.testng.reporters.JUnitReportReporter -->
<testsuite hostname="DESKTOP-R5SQ9ER" name="com.google.refine.exporters.XlsxExporterTests" tests="2" failures="0" timestamp="22 Nov 2019 11:20:18 GMT" time="0.280" errors="0">
  <testcase name="exportSimpleXlsx" time="0.136" classname="com.google.refine.exporters.XlsxExporterTests"/>
  <testcase name="exportXlsxDateType" time="0.144" classname="com.google.refine.exporters.XlsxExporterTests"/>
</testsuite> <!-- com.google.refine.exporters.XlsxExporterTests -->
