<?xml version="1.0" encoding="UTF-8"?>
<!-- Generated by org.testng.reporters.JUnitReportReporter -->
<testsuite hostname="DESKTOP-R5SQ9ER" name="com.google.refine.commands.util.CancelProcessesCommandTests" tests="4" failures="0" timestamp="5 Nov 2019 06:13:27 GMT" time="0.044" errors="0">
  <testcase name="doPostCatchesExceptionFromWriter" time="0.012" classname="com.google.refine.commands.util.CancelProcessesCommandTests"/>
  <testcase name="doPostFailsThrowsWithNullParameters" time="0.001" classname="com.google.refine.commands.util.CancelProcessesCommandTests"/>
  <testcase name="doPostThrowsIfCommand_getProjectReturnsNull" time="0.025" classname="com.google.refine.commands.util.CancelProcessesCommandTests"/>
  <testcase name="doPostRegressionTest" time="0.006" classname="com.google.refine.commands.util.CancelProcessesCommandTests"/>
</testsuite> <!-- com.google.refine.commands.util.CancelProcessesCommandTests -->
