<?xml version="1.0" encoding="UTF-8"?>
<!-- Generated by org.testng.reporters.JUnitReportReporter -->
<testsuite hostname="DESKTOP-R5SQ9ER" name="com.google.refine.history.HistoryEntryTests" tests="3" failures="0" timestamp="6 Nov 2019 13:11:40 GMT" time="0.021" errors="0">
  <testcase name="deserializeUnknownOperation" time="0.011" classname="com.google.refine.history.HistoryEntryTests"/>
  <testcase name="serializeHistoryEntryWithOperation" time="0.006" classname="com.google.refine.history.HistoryEntryTests"/>
  <testcase name="serializeHistoryEntry" time="0.004" classname="com.google.refine.history.HistoryEntryTests"/>
</testsuite> <!-- com.google.refine.history.HistoryEntryTests -->
