<?xml version="1.0" encoding="UTF-8"?>
<!-- Generated by org.testng.reporters.JUnitReportReporter -->
<testsuite hostname="DESKTOP-R5SQ9ER" name="com.google.refine.commands.project.SetProjectMetadataCommandTests" tests="3" failures="0" timestamp="22 Nov 2019 11:20:16 GMT" time="0.137" errors="0">
  <testcase name="setMetadataTest" time="0.101" classname="com.google.refine.commands.project.SetProjectMetadataCommandTests"/>
  <testcase name="doPostThrowsIfCommand_getProjectReturnsNull" time="0.004" classname="com.google.refine.commands.project.SetProjectMetadataCommandTests"/>
  <testcase name="setUserMetadataFieldTest" time="0.032" classname="com.google.refine.commands.project.SetProjectMetadataCommandTests"/>
</testsuite> <!-- com.google.refine.commands.project.SetProjectMetadataCommandTests -->
