<?xml version="1.0" encoding="UTF-8"?>
<!-- Generated by org.testng.reporters.JUnitReportReporter -->
<testsuite hostname="DESKTOP-R5SQ9ER" name="com.google.refine.history.HistoryEntryTests" tests="3" failures="0" timestamp="22 Nov 2019 11:20:17 GMT" time="0.023" errors="0">
  <testcase name="deserializeUnknownOperation" time="0.012" classname="com.google.refine.history.HistoryEntryTests"/>
  <testcase name="serializeHistoryEntryWithOperation" time="0.007" classname="com.google.refine.history.HistoryEntryTests"/>
  <testcase name="serializeHistoryEntry" time="0.004" classname="com.google.refine.history.HistoryEntryTests"/>
</testsuite> <!-- com.google.refine.history.HistoryEntryTests -->
