<?xml version="1.0" encoding="UTF-8"?>
<!-- Generated by org.testng.reporters.JUnitReportReporter -->
<testsuite hostname="DESKTOP-R5SQ9ER" name="com.google.refine.expr.functions.strings.StringCaseTests" tests="2" failures="0" timestamp="5 Nov 2019 06:13:28 GMT" time="0.003" errors="0">
  <testcase name="testToTitlecaseInvalidParams" time="0.000" classname="com.google.refine.expr.functions.strings.StringCaseTests"/>
  <testcase name="testToTitlecase" time="0.003" classname="com.google.refine.expr.functions.strings.StringCaseTests"/>
</testsuite> <!-- com.google.refine.expr.functions.strings.StringCaseTests -->
