<?xml version="1.0" encoding="UTF-8"?>
<!-- Generated by org.testng.reporters.JUnitReportReporter -->
<testsuite hostname="DESKTOP-R5SQ9ER" name="com.google.refine.importers.XmlImporterTests" tests="8" failures="0" timestamp="6 Nov 2019 13:11:40 GMT" time="0.069" errors="0">
  <testcase name="canParseDeeplyNestedSample" time="0.019" classname="com.google.refine.importers.XmlImporterTests"/>
  <testcase name="canParseSampleWithMixedElement" time="0.004" classname="com.google.refine.importers.XmlImporterTests"/>
  <testcase name="testElementWithNestedTree" time="0.006" classname="com.google.refine.importers.XmlImporterTests"/>
  <testcase name="canParseSample" time="0.008" classname="com.google.refine.importers.XmlImporterTests"/>
  <testcase name="testCanParseLineBreak" time="0.004" classname="com.google.refine.importers.XmlImporterTests"/>
  <testcase name="canParseSampleWithDuplicateNestedElements" time="0.005" classname="com.google.refine.importers.XmlImporterTests"/>
  <testcase name="ignoresDtds" time="0.008" classname="com.google.refine.importers.XmlImporterTests"/>
  <testcase name="testElementsWithVaryingStructure" time="0.015" classname="com.google.refine.importers.XmlImporterTests"/>
</testsuite> <!-- com.google.refine.importers.XmlImporterTests -->
