<?xml version="1.0" encoding="UTF-8"?>
<!-- Generated by org.testng.reporters.JUnitReportReporter -->
<testsuite hostname="DESKTOP-R5SQ9ER" name="com.google.refine.operations.cell.FillDownTests" tests="5" failures="0" timestamp="6 Nov 2019 13:11:39 GMT" time="0.015" errors="0">
  <testcase name="testFillDownRows" time="0.003" classname="com.google.refine.operations.cell.FillDownTests"/>
  <testcase name="testFillDownRecords" time="0.003" classname="com.google.refine.operations.cell.FillDownTests"/>
  <testcase name="serializeFillDownOperation" time="0.003" classname="com.google.refine.operations.cell.FillDownTests"/>
  <testcase name="testKeyColumnIndex" time="0.003" classname="com.google.refine.operations.cell.FillDownTests"/>
  <testcase name="testFillDownRecordKey" time="0.003" classname="com.google.refine.operations.cell.FillDownTests"/>
</testsuite> <!-- com.google.refine.operations.cell.FillDownTests -->
