<?xml version="1.0" encoding="UTF-8"?>
<!-- Generated by org.testng.reporters.JUnitReportReporter -->
<testsuite hostname="DESKTOP-R5SQ9ER" name="com.google.refine.commands.recon.ReconJudgeOneCellCommandTest" tests="2" failures="0" timestamp="6 Nov 2019 13:11:41 GMT" time="0.033" errors="0">
  <testcase name="testMarkOneCellWithCustomSpace" time="0.005" classname="com.google.refine.commands.recon.ReconJudgeOneCellCommandTest"/>
  <testcase name="testMarkOneCellInReconciledColumn" time="0.028" classname="com.google.refine.commands.recon.ReconJudgeOneCellCommandTest"/>
</testsuite> <!-- com.google.refine.commands.recon.ReconJudgeOneCellCommandTest -->
