<?xml version="1.0" encoding="UTF-8"?>
<!-- Generated by org.testng.reporters.JUnitReportReporter -->
<testsuite hostname="DESKTOP-R5SQ9ER" name="com.google.refine.exporters.sql.SqlExporterTests" tests="9" failures="0" timestamp="5 Nov 2019 06:13:31 GMT" time="0.065" errors="0">
  <testcase name="testGetCreateSql" time="0.002" classname="com.google.refine.exporters.sql.SqlExporterTests"/>
  <testcase name="testExportSqlIncludeSchemaWithDropStmt" time="0.001" classname="com.google.refine.exporters.sql.SqlExporterTests"/>
  <testcase name="testExportSqlWithSingleQuote" time="0.002" classname="com.google.refine.exporters.sql.SqlExporterTests"/>
  <testcase name="testExportSqlNoSchema" time="0.002" classname="com.google.refine.exporters.sql.SqlExporterTests"/>
  <testcase name="testExportSqlWithNotNullColumns" time="0.015" classname="com.google.refine.exporters.sql.SqlExporterTests"/>
  <testcase name="testExportSimpleSql" time="0.029" classname="com.google.refine.exporters.sql.SqlExporterTests"/>
  <testcase name="testExportSqlWithNonZeroScaleNumericValue" time="0.008" classname="com.google.refine.exporters.sql.SqlExporterTests"/>
  <testcase name="testExportSqlNoContent" time="0.003" classname="com.google.refine.exporters.sql.SqlExporterTests"/>
  <testcase name="testExportSqlWithNullFields" time="0.003" classname="com.google.refine.exporters.sql.SqlExporterTests"/>
</testsuite> <!-- com.google.refine.exporters.sql.SqlExporterTests -->
