<?xml version="1.0" encoding="UTF-8"?>
<!-- Generated by org.testng.reporters.JUnitReportReporter -->
<testsuite hostname="DESKTOP-R5SQ9ER" name="com.google.refine.model.ColumnModelTests" tests="2" failures="0" timestamp="6 Nov 2019 13:11:40 GMT" time="0.008" errors="0">
  <testcase name="serializeColumnModelEmpty" time="0.000" classname="com.google.refine.model.ColumnModelTests"/>
  <testcase name="serializeColumnModel" time="0.008" classname="com.google.refine.model.ColumnModelTests"/>
</testsuite> <!-- com.google.refine.model.ColumnModelTests -->
