<?xml version="1.0" encoding="UTF-8"?>
<!-- Generated by org.testng.reporters.JUnitReportReporter -->
<testsuite hostname="DESKTOP-R5SQ9ER" name="com.google.refine.browsing.util.ExpressionNominalValueGrouperTests" tests="3" failures="0" timestamp="6 Nov 2019 13:11:41 GMT" time="0.002" errors="0">
  <testcase name="expressionNominalValueGrouperDates" time="0.001" classname="com.google.refine.browsing.util.ExpressionNominalValueGrouperTests"/>
  <testcase name="expressionNominalValueGrouperInts" time="0.001" classname="com.google.refine.browsing.util.ExpressionNominalValueGrouperTests"/>
  <testcase name="expressionNominalValueGrouperStrings" time="0.000" classname="com.google.refine.browsing.util.ExpressionNominalValueGrouperTests"/>
</testsuite> <!-- com.google.refine.browsing.util.ExpressionNominalValueGrouperTests -->
