<?xml version="1.0" encoding="UTF-8"?>
<!-- Generated by org.testng.reporters.JUnitReportReporter -->
<testsuite hostname="DESKTOP-R5SQ9ER" name="com.google.refine.operations.column.ColumnAdditionByFetchingURLsOperationTests" tests="5" failures="0" timestamp="5 Nov 2019 06:13:32 GMT" time="16.418" errors="0">
  <testcase name="testHttpHeaders" time="5.004" classname="com.google.refine.operations.column.ColumnAdditionByFetchingURLsOperationTests"/>
  <testcase name="testInvalidUrl" time="5.004" classname="com.google.refine.operations.column.ColumnAdditionByFetchingURLsOperationTests"/>
  <testcase name="serializeUrlFetchingProcess" time="0.007" classname="com.google.refine.operations.column.ColumnAdditionByFetchingURLsOperationTests"/>
  <testcase name="testUrlCaching" time="6.395" classname="com.google.refine.operations.column.ColumnAdditionByFetchingURLsOperationTests"/>
  <testcase name="serializeColumnAdditionByFetchingURLsOperation" time="0.008" classname="com.google.refine.operations.column.ColumnAdditionByFetchingURLsOperationTests"/>
</testsuite> <!-- com.google.refine.operations.column.ColumnAdditionByFetchingURLsOperationTests -->
