<?xml version="1.0" encoding="UTF-8"?>
<!-- Generated by org.testng.reporters.JUnitReportReporter -->
<testsuite hostname="DESKTOP-R5SQ9ER" name="com.google.refine.operations.recon.ExtendDataOperationTests" tests="8" failures="0" timestamp="22 Nov 2019 11:20:17 GMT" time="4.156" errors="0">
  <testcase name="serializeExtendDataOperation" time="0.068" classname="com.google.refine.operations.recon.ExtendDataOperationTests"/>
  <testcase name="testFormulateQuery" time="0.026" classname="com.google.refine.operations.recon.ExtendDataOperationTests"/>
  <testcase name="testFetchRecord" time="2.868" classname="com.google.refine.operations.recon.ExtendDataOperationTests"/>
  <testcase name="testFetchCounts" time="0.356" classname="com.google.refine.operations.recon.ExtendDataOperationTests"/>
  <testcase name="serializeExtendDataProcess" time="0.046" classname="com.google.refine.operations.recon.ExtendDataOperationTests"/>
  <testcase name="serializeDataExtensionConfig" time="0.138" classname="com.google.refine.operations.recon.ExtendDataOperationTests"/>
  <testcase name="testFetchStrings" time="0.425" classname="com.google.refine.operations.recon.ExtendDataOperationTests"/>
  <testcase name="testFetchCurrent" time="0.229" classname="com.google.refine.operations.recon.ExtendDataOperationTests"/>
</testsuite> <!-- com.google.refine.operations.recon.ExtendDataOperationTests -->
