<?xml version="1.0" encoding="UTF-8"?>
<!-- Generated by org.testng.reporters.JUnitReportReporter -->
<testsuite hostname="DESKTOP-R5SQ9ER" name="com.google.refine.history.FileHistoryEntryManagerTests" tests="1" failures="0" timestamp="5 Nov 2019 06:13:32 GMT" time="0.009" errors="0">
  <testcase name="testWriteHistoryEntry" time="0.009" classname="com.google.refine.history.FileHistoryEntryManagerTests"/>
</testsuite> <!-- com.google.refine.history.FileHistoryEntryManagerTests -->
