<?xml version="1.0" encoding="UTF-8"?>
<!-- Generated by org.testng.reporters.JUnitReportReporter -->
<testsuite hostname="DESKTOP-R5SQ9ER" name="com.google.refine.expr.util.JsonValueConverterTests" tests="8" failures="0" timestamp="5 Nov 2019 06:13:28 GMT" time="0.000" errors="0">
  <testcase name="testConvertJsonArray" time="0.000" classname="com.google.refine.expr.util.JsonValueConverterTests"/>
  <testcase name="testConvertInt" time="0.000" classname="com.google.refine.expr.util.JsonValueConverterTests"/>
  <testcase name="testConvertFloat" time="0.000" classname="com.google.refine.expr.util.JsonValueConverterTests"/>
  <testcase name="testConvertJsonObject" time="0.000" classname="com.google.refine.expr.util.JsonValueConverterTests"/>
  <testcase name="testConvertNull" time="0.000" classname="com.google.refine.expr.util.JsonValueConverterTests"/>
  <testcase name="testConvertNoField" time="0.000" classname="com.google.refine.expr.util.JsonValueConverterTests"/>
  <testcase name="testConvertString" time="0.000" classname="com.google.refine.expr.util.JsonValueConverterTests"/>
  <testcase name="testConvertBool" time="0.000" classname="com.google.refine.expr.util.JsonValueConverterTests"/>
</testsuite> <!-- com.google.refine.expr.util.JsonValueConverterTests -->
