<?xml version="1.0" encoding="UTF-8"?>
<!-- Generated by org.testng.reporters.JUnitReportReporter -->
<testsuite hostname="DESKTOP-R5SQ9ER" name="com.google.refine.commands.recon.ReconJudgeOneCellCommandTest" tests="2" failures="0" timestamp="22 Nov 2019 11:20:17 GMT" time="0.028" errors="0">
  <testcase name="testMarkOneCellWithCustomSpace" time="0.009" classname="com.google.refine.commands.recon.ReconJudgeOneCellCommandTest"/>
  <testcase name="testMarkOneCellInReconciledColumn" time="0.019" classname="com.google.refine.commands.recon.ReconJudgeOneCellCommandTest"/>
</testsuite> <!-- com.google.refine.commands.recon.ReconJudgeOneCellCommandTest -->
