<?xml version="1.0" encoding="UTF-8"?>
<!-- Generated by org.testng.reporters.JUnitReportReporter -->
<testsuite hostname="DESKTOP-R5SQ9ER" name="com.google.refine.RefineServletTests" tests="9" failures="0" timestamp="22 Nov 2019 11:20:17 GMT" time="0.067" errors="0">
  <testcase name="doPostReturns404WhenCommandNotFound" time="0.004" classname="com.google.refine.RefineServletTests"/>
  <testcase name="doPostRegressionTest" time="0.002" classname="com.google.refine.RefineServletTests"/>
  <testcase name="getCommandNameHandlesBadCommandName" time="0.004" classname="com.google.refine.RefineServletTests"/>
  <testcase name="doDeleteReturns404WhenCommandNotFound" time="0.042" classname="com.google.refine.RefineServletTests"/>
  <testcase name="doGetReturnsError404WhenCommandNotFound" time="0.004" classname="com.google.refine.RefineServletTests"/>
  <testcase name="doGetRegressionTest" time="0.003" classname="com.google.refine.RefineServletTests"/>
  <testcase name="doDeleteRegressionTest" time="0.001" classname="com.google.refine.RefineServletTests"/>
  <testcase name="doPutRegressionTest" time="0.003" classname="com.google.refine.RefineServletTests"/>
  <testcase name="doPutReturns404WhenCommandNotFound" time="0.004" classname="com.google.refine.RefineServletTests"/>
</testsuite> <!-- com.google.refine.RefineServletTests -->
