<?xml version="1.0" encoding="UTF-8"?>
<!-- Generated by org.testng.reporters.JUnitReportReporter -->
<testsuite hostname="DESKTOP-R5SQ9ER" name="com.google.refine.commands.expr.ToggleStarredExpressionCommandTests" tests="2" failures="0" timestamp="6 Nov 2019 13:11:40 GMT" time="0.008" errors="0">
  <testcase name="testCSRFProtection" time="0.001" classname="com.google.refine.commands.expr.ToggleStarredExpressionCommandTests"/>
  <testcase name="testJsonResponse" time="0.007" classname="com.google.refine.commands.expr.ToggleStarredExpressionCommandTests"/>
</testsuite> <!-- com.google.refine.commands.expr.ToggleStarredExpressionCommandTests -->
