<?xml version="1.0" encoding="UTF-8"?>
<!-- Generated by org.testng.reporters.JUnitReportReporter -->
<testsuite hostname="DESKTOP-R5SQ9ER" name="com.google.refine.exporters.CsvExporterTests" tests="7" failures="0" timestamp="5 Nov 2019 06:13:27 GMT" time="0.019" errors="0">
  <testcase name="exportSimpleCsvCustomLineSeparator" time="0.005" classname="com.google.refine.exporters.CsvExporterTests"/>
  <testcase name="exportSimpleCsvNoHeader" time="0.001" classname="com.google.refine.exporters.CsvExporterTests"/>
  <testcase name="exportCsvWithComma" time="0.008" classname="com.google.refine.exporters.CsvExporterTests"/>
  <testcase name="exportSimpleCsv" time="0.001" classname="com.google.refine.exporters.CsvExporterTests"/>
  <testcase name="exportCsvWithEmptyCells" time="0.002" classname="com.google.refine.exporters.CsvExporterTests"/>
  <testcase name="exportCsvWithQuote" time="0.001" classname="com.google.refine.exporters.CsvExporterTests"/>
  <testcase name="exportCsvWithLineBreaks" time="0.001" classname="com.google.refine.exporters.CsvExporterTests"/>
</testsuite> <!-- com.google.refine.exporters.CsvExporterTests -->
