<?xml version="1.0" encoding="UTF-8"?>
<!-- Generated by org.testng.reporters.JUnitReportReporter -->
<testsuite hostname="DESKTOP-R5SQ9ER" name="com.google.refine.importers.FixedWidthImporterTests" tests="1" failures="0" timestamp="5 Nov 2019 06:13:28 GMT" time="0.005" errors="0">
  <testcase name="readFixedWidth" time="0.005" classname="com.google.refine.importers.FixedWidthImporterTests"/>
</testsuite> <!-- com.google.refine.importers.FixedWidthImporterTests -->
