<?xml version="1.0" encoding="UTF-8"?>
<!-- Generated by org.testng.reporters.JUnitReportReporter -->
<testsuite hostname="DESKTOP-R5SQ9ER" name="com.google.refine.io.ProjectMetadataTests" tests="2" failures="0" timestamp="22 Nov 2019 11:20:17 GMT" time="0.036" errors="0">
  <testcase name="serializeProjectMetadataInDifferentTimezone" time="0.009" classname="com.google.refine.io.ProjectMetadataTests"/>
  <testcase name="serializeProjectMetadata" time="0.027" classname="com.google.refine.io.ProjectMetadataTests"/>
</testsuite> <!-- com.google.refine.io.ProjectMetadataTests -->
