<?xml version="1.0" encoding="UTF-8"?>
<!-- Generated by org.testng.reporters.JUnitReportReporter -->
<testsuite hostname="DESKTOP-R5SQ9ER" name="com.google.refine.expr.functions.booleans.BooleanTests" tests="2" failures="0" timestamp="5 Nov 2019 06:13:26 GMT" time="0.002" errors="0">
  <testcase name="testInvalidParams" time="0.002" classname="com.google.refine.expr.functions.booleans.BooleanTests"/>
  <testcase name="testBinary" time="0.000" classname="com.google.refine.expr.functions.booleans.BooleanTests"/>
</testsuite> <!-- com.google.refine.expr.functions.booleans.BooleanTests -->
