<?xml version="1.0" encoding="UTF-8"?>
<!-- Generated by org.testng.reporters.JUnitReportReporter -->
<testsuite hostname="DESKTOP-R5SQ9ER" name="com.google.refine.operations.column.ColumnReorderOperationTests" tests="2" failures="0" timestamp="6 Nov 2019 13:11:40 GMT" time="0.006" errors="0">
  <testcase name="testEraseCellsOnRemovedColumns" time="0.004" classname="com.google.refine.operations.column.ColumnReorderOperationTests"/>
  <testcase name="serializeColumnReorderOperation" time="0.002" classname="com.google.refine.operations.column.ColumnReorderOperationTests"/>
</testsuite> <!-- com.google.refine.operations.column.ColumnReorderOperationTests -->
