<?xml version="1.0" encoding="UTF-8"?>
<!-- Generated by org.testng.reporters.JUnitReportReporter -->
<testsuite hostname="DESKTOP-R5SQ9ER" name="com.google.refine.importers.RdfTripleImporterTests" tests="8" failures="0" timestamp="6 Nov 2019 13:11:41 GMT" time="1.218" errors="0">
  <testcase name="canParseMultiLineTriple" time="0.005" classname="com.google.refine.importers.RdfTripleImporterTests"/>
  <testcase name="canParseTripleWithValue" time="0.005" classname="com.google.refine.importers.RdfTripleImporterTests"/>
  <testcase name="canParseN3" time="0.009" classname="com.google.refine.importers.RdfTripleImporterTests"/>
  <testcase name="canParseMultiLineMultiPredicatesTriple" time="0.020" classname="com.google.refine.importers.RdfTripleImporterTests"/>
  <testcase name="canParseNTriples" time="0.005" classname="com.google.refine.importers.RdfTripleImporterTests"/>
  <testcase name="canParseTtl" time="0.006" classname="com.google.refine.importers.RdfTripleImporterTests"/>
  <testcase name="canParseJsonld" time="0.880" classname="com.google.refine.importers.RdfTripleImporterTests"/>
  <testcase name="canParseRdfXml" time="0.288" classname="com.google.refine.importers.RdfTripleImporterTests"/>
</testsuite> <!-- com.google.refine.importers.RdfTripleImporterTests -->
