<?xml version="1.0" encoding="UTF-8"?>
<!-- Generated by org.testng.reporters.JUnitReportReporter -->
<testsuite hostname="DESKTOP-R5SQ9ER" name="com.google.refine.browsing.facets.TimeRangeFacetTests" tests="2" failures="0" timestamp="22 Nov 2019 11:20:16 GMT" time="0.014" errors="0">
  <testcase name="serializeTimeRangeFacet" time="0.011" classname="com.google.refine.browsing.facets.TimeRangeFacetTests"/>
  <testcase name="serializeTimeRangeFacetConfig" time="0.003" classname="com.google.refine.browsing.facets.TimeRangeFacetTests"/>
</testsuite> <!-- com.google.refine.browsing.facets.TimeRangeFacetTests -->
