<?xml version="1.0" encoding="UTF-8"?>
<!-- Generated by org.testng.reporters.JUnitReportReporter -->
<testsuite hostname="DESKTOP-R5SQ9ER" name="com.google.refine.operations.recon.ExtendDataOperationTests" tests="8" failures="0" timestamp="6 Nov 2019 13:11:39 GMT" time="2.945" errors="0">
  <testcase name="testFetchCounts" time="0.324" classname="com.google.refine.operations.recon.ExtendDataOperationTests"/>
  <testcase name="serializeExtendDataOperation" time="0.052" classname="com.google.refine.operations.recon.ExtendDataOperationTests"/>
  <testcase name="testFetchCurrent" time="0.217" classname="com.google.refine.operations.recon.ExtendDataOperationTests"/>
  <testcase name="serializeDataExtensionConfig" time="1.290" classname="com.google.refine.operations.recon.ExtendDataOperationTests"/>
  <testcase name="testFormulateQuery" time="0.065" classname="com.google.refine.operations.recon.ExtendDataOperationTests"/>
  <testcase name="testFetchStrings" time="0.681" classname="com.google.refine.operations.recon.ExtendDataOperationTests"/>
  <testcase name="testFetchRecord" time="0.222" classname="com.google.refine.operations.recon.ExtendDataOperationTests"/>
  <testcase name="serializeExtendDataProcess" time="0.094" classname="com.google.refine.operations.recon.ExtendDataOperationTests"/>
</testsuite> <!-- com.google.refine.operations.recon.ExtendDataOperationTests -->
