<?xml version="1.0" encoding="UTF-8"?>
<!-- Generated by org.testng.reporters.JUnitReportReporter -->
<testsuite hostname="DESKTOP-R5SQ9ER" name="com.google.refine.model.RecordModelTests" tests="1" failures="0" timestamp="5 Nov 2019 06:13:26 GMT" time="0.003" errors="0">
  <testcase name="serializeRecordModel" time="0.003" classname="com.google.refine.model.RecordModelTests"/>
</testsuite> <!-- com.google.refine.model.RecordModelTests -->
