<?xml version="1.0" encoding="UTF-8"?>
<!-- Generated by org.testng.reporters.JUnitReportReporter -->
<testsuite hostname="DESKTOP-R5SQ9ER" name="com.google.refine.process.QuickHistoryEntryProcessTests" tests="1" failures="0" timestamp="5 Nov 2019 06:13:28 GMT" time="0.002" errors="0">
  <testcase name="serializeQuickHistoryEntryProcess" time="0.002" classname="com.google.refine.process.QuickHistoryEntryProcessTests"/>
</testsuite> <!-- com.google.refine.process.QuickHistoryEntryProcessTests -->
