<?xml version="1.0" encoding="UTF-8"?>
<!-- Generated by org.testng.reporters.JUnitReportReporter -->
<testsuite hostname="DESKTOP-R5SQ9ER" name="com.google.refine.browsing.util.ExpressionNominalValueGrouperTests" tests="3" failures="0" timestamp="22 Nov 2019 11:20:18 GMT" time="0.008" errors="0">
  <testcase name="expressionNominalValueGrouperInts" time="0.002" classname="com.google.refine.browsing.util.ExpressionNominalValueGrouperTests"/>
  <testcase name="expressionNominalValueGrouperStrings" time="0.004" classname="com.google.refine.browsing.util.ExpressionNominalValueGrouperTests"/>
  <testcase name="expressionNominalValueGrouperDates" time="0.002" classname="com.google.refine.browsing.util.ExpressionNominalValueGrouperTests"/>
</testsuite> <!-- com.google.refine.browsing.util.ExpressionNominalValueGrouperTests -->
