<?xml version="1.0" encoding="UTF-8"?>
<!-- Generated by org.testng.reporters.JUnitReportReporter -->
<testsuite hostname="DESKTOP-R5SQ9ER" name="com.google.refine.operations.column.ColumnReorderOperationTests" tests="2" failures="0" timestamp="22 Nov 2019 11:20:17 GMT" time="0.011" errors="0">
  <testcase name="testEraseCellsOnRemovedColumns" time="0.004" classname="com.google.refine.operations.column.ColumnReorderOperationTests"/>
  <testcase name="serializeColumnReorderOperation" time="0.007" classname="com.google.refine.operations.column.ColumnReorderOperationTests"/>
</testsuite> <!-- com.google.refine.operations.column.ColumnReorderOperationTests -->
