<?xml version="1.0" encoding="UTF-8"?>
<!-- Generated by org.testng.reporters.JUnitReportReporter -->
<testsuite hostname="DESKTOP-R5SQ9ER" name="com.google.refine.operations.cell.KeyValueColumnizeTests" tests="3" failures="0" timestamp="22 Nov 2019 11:20:18 GMT" time="0.213" errors="0">
  <testcase name="testKeyValueColumnizeWithID" time="0.054" classname="com.google.refine.operations.cell.KeyValueColumnizeTests"/>
  <testcase name="testKeyValueColumnize" time="0.089" classname="com.google.refine.operations.cell.KeyValueColumnizeTests"/>
  <testcase name="serializeKeyValueColumnizeOperation" time="0.070" classname="com.google.refine.operations.cell.KeyValueColumnizeTests"/>
</testsuite> <!-- com.google.refine.operations.cell.KeyValueColumnizeTests -->
