<?xml version="1.0" encoding="UTF-8"?>
<!-- Generated by org.testng.reporters.JUnitReportReporter -->
<testsuite hostname="DESKTOP-R5SQ9ER" name="com.google.refine.history.HistoryTests" tests="2" failures="0" timestamp="22 Nov 2019 11:20:16 GMT" time="0.095" errors="0">
  <testcase name="serializeHistory" time="0.072" classname="com.google.refine.history.HistoryTests"/>
  <testcase name="canAddEntry" time="0.023" classname="com.google.refine.history.HistoryTests"/>
</testsuite> <!-- com.google.refine.history.HistoryTests -->
