<?xml version="1.0" encoding="UTF-8"?>
<!-- Generated by org.testng.reporters.JUnitReportReporter -->
<testsuite hostname="DESKTOP-R5SQ9ER" name="com.google.refine.operations.row.RowReorderOperationTests" tests="2" failures="0" timestamp="22 Nov 2019 11:20:18 GMT" time="0.012" errors="0">
  <testcase name="serializeRowReorderOperation" time="0.008" classname="com.google.refine.operations.row.RowReorderOperationTests"/>
  <testcase name="testSortEmptyString" time="0.004" classname="com.google.refine.operations.row.RowReorderOperationTests"/>
</testsuite> <!-- com.google.refine.operations.row.RowReorderOperationTests -->
