<?xml version="1.0" encoding="UTF-8"?>
<!-- Generated by org.testng.reporters.JUnitReportReporter -->
<testsuite hostname="DESKTOP-R5SQ9ER" name="com.google.refine.exporters.XlsxExporterTests" tests="2" failures="0" timestamp="5 Nov 2019 06:13:32 GMT" time="0.138" errors="0">
  <testcase name="exportSimpleXlsx" time="0.097" classname="com.google.refine.exporters.XlsxExporterTests"/>
  <testcase name="exportXlsxDateType" time="0.041" classname="com.google.refine.exporters.XlsxExporterTests"/>
</testsuite> <!-- com.google.refine.exporters.XlsxExporterTests -->
