<?xml version="1.0" encoding="UTF-8"?>
<!-- Generated by org.testng.reporters.JUnitReportReporter -->
<testsuite hostname="DESKTOP-R5SQ9ER" name="com.google.refine.commands.lang.LoadLanguageCommandTests" tests="1" failures="0" timestamp="5 Nov 2019 06:13:30 GMT" time="0.064" errors="0">
  <testcase name="testLoadLanguages" time="0.064" classname="com.google.refine.commands.lang.LoadLanguageCommandTests"/>
</testsuite> <!-- com.google.refine.commands.lang.LoadLanguageCommandTests -->
