<?xml version="1.0" encoding="UTF-8"?>
<!-- Generated by org.testng.reporters.JUnitReportReporter -->
<testsuite hostname="DESKTOP-R5SQ9ER" name="com.google.refine.operations.cell.SplitMultiValuedCellsTests" tests="5" failures="0" timestamp="6 Nov 2019 13:11:40 GMT" time="0.072" errors="0">
  <testcase name="serializeMultiValuedCellSplitOperationWithLengths" time="0.037" classname="com.google.refine.operations.cell.SplitMultiValuedCellsTests"/>
  <testcase name="serializeMultiValuedCellSplitOperationWithSeparator" time="0.006" classname="com.google.refine.operations.cell.SplitMultiValuedCellsTests"/>
  <testcase name="testSplitMultiValuedCellsLengths" time="0.013" classname="com.google.refine.operations.cell.SplitMultiValuedCellsTests"/>
  <testcase name="testSplitMultiValuedCellsTextSeparator" time="0.011" classname="com.google.refine.operations.cell.SplitMultiValuedCellsTests"/>
  <testcase name="testSplitMultiValuedCellsRegExSeparator" time="0.005" classname="com.google.refine.operations.cell.SplitMultiValuedCellsTests"/>
</testsuite> <!-- com.google.refine.operations.cell.SplitMultiValuedCellsTests -->
