<?xml version="1.0" encoding="UTF-8"?>
<!-- Generated by org.testng.reporters.JUnitReportReporter -->
<testsuite hostname="DESKTOP-R5SQ9ER" name="com.google.refine.model.ReconTests" tests="3" failures="0" timestamp="6 Nov 2019 13:11:41 GMT" time="0.016" errors="0">
  <testcase name="serializeReconSaveModeNoMatch" time="0.002" classname="com.google.refine.model.ReconTests"/>
  <testcase name="serializeReconSaveMode" time="0.011" classname="com.google.refine.model.ReconTests"/>
  <testcase name="serializeReconViewMode" time="0.003" classname="com.google.refine.model.ReconTests"/>
</testsuite> <!-- com.google.refine.model.ReconTests -->
