<?xml version="1.0" encoding="UTF-8"?>
<!-- Generated by org.testng.reporters.JUnitReportReporter -->
<testsuite hostname="DESKTOP-R5SQ9ER" name="com.google.refine.clustering.knn.kNNClustererTests" tests="3" failures="0" timestamp="5 Nov 2019 06:13:31 GMT" time="0.065" errors="0">
  <testcase name="serializekNNClustererConfig" time="0.003" classname="com.google.refine.clustering.knn.kNNClustererTests"/>
  <testcase name="testNoLonelyclusters" time="0.003" classname="com.google.refine.clustering.knn.kNNClustererTests"/>
  <testcase name="serializekNNClusterer" time="0.059" classname="com.google.refine.clustering.knn.kNNClustererTests"/>
</testsuite> <!-- com.google.refine.clustering.knn.kNNClustererTests -->
