<?xml version="1.0" encoding="UTF-8"?>
<!-- Generated by org.testng.reporters.JUnitReportReporter -->
<testsuite hostname="DESKTOP-R5SQ9ER" name="com.google.refine.browsing.facets.RangeFacetTests" tests="2" failures="0" timestamp="5 Nov 2019 06:13:30 GMT" time="0.028" errors="0">
  <testcase name="serializeRangeFacet" time="0.025" classname="com.google.refine.browsing.facets.RangeFacetTests"/>
  <testcase name="serializeRangeFacetConfig" time="0.003" classname="com.google.refine.browsing.facets.RangeFacetTests"/>
</testsuite> <!-- com.google.refine.browsing.facets.RangeFacetTests -->
