<?xml version="1.0" encoding="UTF-8"?>
<!-- Generated by org.testng.reporters.JUnitReportReporter -->
<testsuite hostname="DESKTOP-R5SQ9ER" name="com.google.refine.commands.util.CancelProcessesCommandTests" tests="4" failures="0" timestamp="22 Nov 2019 11:20:16 GMT" time="0.051" errors="0">
  <testcase name="doPostThrowsIfCommand_getProjectReturnsNull" time="0.004" classname="com.google.refine.commands.util.CancelProcessesCommandTests"/>
  <testcase name="doPostRegressionTest" time="0.005" classname="com.google.refine.commands.util.CancelProcessesCommandTests"/>
  <testcase name="doPostCatchesExceptionFromWriter" time="0.041" classname="com.google.refine.commands.util.CancelProcessesCommandTests"/>
  <testcase name="doPostFailsThrowsWithNullParameters" time="0.001" classname="com.google.refine.commands.util.CancelProcessesCommandTests"/>
</testsuite> <!-- com.google.refine.commands.util.CancelProcessesCommandTests -->
