<?xml version="1.0" encoding="UTF-8"?>
<!-- Generated by org.testng.reporters.JUnitReportReporter -->
<testsuite hostname="DESKTOP-R5SQ9ER" name="com.google.refine.expr.functions.xml.ParseXmlTests" tests="2" failures="0" timestamp="6 Nov 2019 13:11:41 GMT" time="0.010" errors="0">
  <testcase name="serializeParseXml" time="0.002" classname="com.google.refine.expr.functions.xml.ParseXmlTests"/>
  <testcase name="testParseXml" time="0.008" classname="com.google.refine.expr.functions.xml.ParseXmlTests"/>
</testsuite> <!-- com.google.refine.expr.functions.xml.ParseXmlTests -->
