<?xml version="1.0" encoding="UTF-8"?>
<testsuite xmlns:xsi="http://www.w3.org/2001/XMLSchema-instance" xsi:noNamespaceSchemaLocation="https://maven.apache.org/surefire/maven-surefire-plugin/xsd/surefire-test-report.xsd" name="TestSuite" time="60.417" tests="625" errors="0" skipped="0" failures="0">
  <properties>
    <property name="sun.desktop" value="windows"/>
    <property name="awt.toolkit" value="sun.awt.windows.WToolkit"/>
    <property name="file.encoding.pkg" value="sun.io"/>
    <property name="java.specification.version" value="1.8"/>
    <property name="full_version" value="1.0.0.0"/>
    <property name="sun.cpu.isalist" value="amd64"/>
    <property name="sun.jnu.encoding" value="Cp1252"/>
    <property name="java.class.path" value="E:\Sierra\SierraTool\SourceCode\OpenRefine\main\target\test-classes;E:\Sierra\SierraTool\SourceCode\OpenRefine\main\webapp\WEB-INF\classes;C:\Users\Parag\.m2\repository\javax\servlet\servlet-api\2.5\servlet-api-2.5.jar;C:\Users\Parag\.m2\repository\edu\mit\simile\butterfly\1.0.2\butterfly-1.0.2.jar;C:\Users\Parag\.m2\repository\org\mozilla\rhino\1.7.10\rhino-1.7.10.jar;C:\Users\Parag\.m2\repository\com\fasterxml\jackson\core\jackson-databind\2.9.10\jackson-databind-2.9.10.jar;C:\Users\Parag\.m2\repository\com\fasterxml\jackson\core\jackson-core\2.9.10\jackson-core-2.9.10.jar;C:\Users\Parag\.m2\repository\com\fasterxml\jackson\core\jackson-annotations\2.9.10\jackson-annotations-2.9.10.jar;C:\Users\Parag\.m2\repository\org\slf4j\slf4j-log4j12\1.7.18\slf4j-log4j12-1.7.18.jar;C:\Users\Parag\.m2\repository\log4j\log4j\1.2.17\log4j-1.2.17.jar;C:\Users\Parag\.m2\repository\org\slf4j\slf4j-api\1.7.18\slf4j-api-1.7.18.jar;C:\Users\Parag\.m2\repository\org\apache\commons\commons-lang3\3.6\commons-lang3-3.6.jar;C:\Users\Parag\.m2\repository\commons-digester\commons-digester\1.8.1\commons-digester-1.8.1.jar;C:\Users\Parag\.m2\repository\commons-beanutils\commons-beanutils\1.8.0\commons-beanutils-1.8.0.jar;C:\Users\Parag\.m2\repository\commons-logging\commons-logging\1.1.1\commons-logging-1.1.1.jar;C:\Users\Parag\.m2\repository\commons-fileupload\commons-fileupload\1.4\commons-fileupload-1.4.jar;C:\Users\Parag\.m2\repository\commons-io\commons-io\2.2\commons-io-2.2.jar;C:\Users\Parag\.m2\repository\commons-collections\commons-collections\3.2.2\commons-collections-3.2.2.jar;C:\Users\Parag\.m2\repository\commons-validator\commons-validator\1.5.1\commons-validator-1.5.1.jar;C:\Users\Parag\.m2\repository\velocity\velocity\1.5\velocity-1.5.jar;C:\Users\Parag\.m2\repository\commons-lang\commons-lang\2.1\commons-lang-2.1.jar;C:\Users\Parag\.m2\repository\oro\oro\2.0.8\oro-2.0.8.jar;C:\Users\Parag\.m2\repository\marc4j\marc4j\2.4\marc4j-2.4.jar;C:\Users\Parag\.m2\repository\org\apache\ant\ant\1.8.0\ant-1.8.0.jar;C:\Users\Parag\.m2\repository\org\apache\ant\ant-launcher\1.8.0\ant-launcher-1.8.0.jar;C:\Users\Parag\.m2\repository\org\jsoup\jsoup\1.11.3\jsoup-1.11.3.jar;C:\Users\Parag\.m2\repository\net\sf\opencsv\opencsv\2.4-SNAPSHOT\opencsv-2.4-SNAPSHOT.jar;C:\Users\Parag\.m2\repository\org\apache\poi\poi\4.1.0\poi-4.1.0.jar;C:\Users\Parag\.m2\repository\commons-codec\commons-codec\1.12\commons-codec-1.12.jar;C:\Users\Parag\.m2\repository\org\apache\commons\commons-collections4\4.3\commons-collections4-4.3.jar;C:\Users\Parag\.m2\repository\org\apache\commons\commons-math3\3.6.1\commons-math3-3.6.1.jar;C:\Users\Parag\.m2\repository\org\apache\poi\poi-ooxml\4.1.0\poi-ooxml-4.1.0.jar;C:\Users\Parag\.m2\repository\org\apache\poi\poi-ooxml-schemas\4.1.0\poi-ooxml-schemas-4.1.0.jar;C:\Users\Parag\.m2\repository\org\apache\xmlbeans\xmlbeans\3.1.0\xmlbeans-3.1.0.jar;C:\Users\Parag\.m2\repository\org\apache\commons\commons-compress\1.18\commons-compress-1.18.jar;C:\Users\Parag\.m2\repository\com\github\virtuald\curvesapi\1.06\curvesapi-1.06.jar;C:\Users\Parag\.m2\repository\org\apache\odftoolkit\odfdom-java\0.8.8-incubating\odfdom-java-0.8.8-incubating.jar;C:\Users\Parag\.m2\repository\org\apache\odftoolkit\taglets\0.8.8-incubating\taglets-0.8.8-incubating.jar;C:\Users\Parag\.m2\repository\xerces\xercesImpl\2.9.1\xercesImpl-2.9.1.jar;C:\Users\Parag\.m2\repository\xml-apis\xml-apis\1.3.04\xml-apis-1.3.04.jar;C:\Users\Parag\.m2\repository\edu\mit\simile\vicino\1.1\vicino-1.1.jar;C:\Users\Parag\.m2\repository\oauth\signpost\signpost-core\1.2.1.2\signpost-core-1.2.1.2.jar;C:\Users\Parag\.m2\repository\oauth\signpost\signpost-commonshttp4\1.2.1.2\signpost-commonshttp4-1.2.1.2.jar;C:\Users\Parag\.m2\repository\org\clojure\clojure\1.5.1\clojure-1.5.1.jar;C:\Users\Parag\.m2\repository\org\apache\httpcomponents\httpclient\4.5.5\httpclient-4.5.5.jar;C:\Users\Parag\.m2\repository\org\apache\httpcomponents\httpcore\4.4.9\httpcore-4.4.9.jar;C:\Users\Parag\.m2\repository\org\sweble\wikitext\swc-parser-lazy\3.1.7\swc-parser-lazy-3.1.7.jar;C:\Users\Parag\.m2\repository\xtc\rats-runtime\1.15.0\rats-runtime-1.15.0.jar;C:\Users\Parag\.m2\repository\de\fau\cs\osr\utils\utils\3.0.8\utils-3.0.8.jar;C:\Users\Parag\.m2\repository\de\fau\cs\osr\ptk\ptk-common\3.0.8\ptk-common-3.0.8.jar;C:\Users\Parag\.m2\repository\joda-time\joda-time\2.9.9\joda-time-2.9.9.jar;C:\Users\Parag\.m2\repository\org\apache\jena\jena-arq\3.6.0\jena-arq-3.6.0.jar;C:\Users\Parag\.m2\repository\org\apache\jena\jena-shaded-guava\3.6.0\jena-shaded-guava-3.6.0.jar;C:\Users\Parag\.m2\repository\com\github\jsonld-java\jsonld-java\0.11.1\jsonld-java-0.11.1.jar;C:\Users\Parag\.m2\repository\org\apache\httpcomponents\httpclient-cache\4.5.3\httpclient-cache-4.5.3.jar;C:\Users\Parag\.m2\repository\org\apache\thrift\libthrift\0.10.0\libthrift-0.10.0.jar;C:\Users\Parag\.m2\repository\org\slf4j\jcl-over-slf4j\1.7.25\jcl-over-slf4j-1.7.25.jar;C:\Users\Parag\.m2\repository\org\apache\jena\jena-base\3.6.0\jena-base-3.6.0.jar;C:\Users\Parag\.m2\repository\org\apache\commons\commons-csv\1.5\commons-csv-1.5.jar;C:\Users\Parag\.m2\repository\com\github\andrewoma\dexx\collection\0.7\collection-0.7.jar;C:\Users\Parag\.m2\repository\org\apache\jena\jena-cmds\3.6.0\jena-cmds-3.6.0.jar;C:\Users\Parag\.m2\repository\org\apache\jena\jena-tdb\3.6.0\jena-tdb-3.6.0.jar;C:\Users\Parag\.m2\repository\org\apache\jena\jena-tdb2\3.6.0\jena-tdb2-3.6.0.jar;C:\Users\Parag\.m2\repository\org\apache\jena\jena-dboe-trans-data\3.6.0\jena-dboe-trans-data-3.6.0.jar;C:\Users\Parag\.m2\repository\org\apache\jena\jena-dboe-transaction\3.6.0\jena-dboe-transaction-3.6.0.jar;C:\Users\Parag\.m2\repository\org\apache\jena\jena-dboe-base\3.6.0\jena-dboe-base-3.6.0.jar;C:\Users\Parag\.m2\repository\org\apache\jena\jena-dboe-index\3.6.0\jena-dboe-index-3.6.0.jar;C:\Users\Parag\.m2\repository\org\apache\jena\jena-rdfconnection\3.6.0\jena-rdfconnection-3.6.0.jar;C:\Users\Parag\.m2\repository\org\apache\jena\jena-core\3.6.0\jena-core-3.6.0.jar;C:\Users\Parag\.m2\repository\org\apache\jena\jena-iri\3.6.0\jena-iri-3.6.0.jar;C:\Users\Parag\.m2\repository\commons-cli\commons-cli\1.4\commons-cli-1.4.jar;C:\Users\Parag\.m2\repository\com\metaweb\lessen\1.0\lessen-1.0.jar;C:\Users\Parag\.m2\repository\com\wcohen\secondstring\20100303\secondstring-20100303.jar;C:\Users\Parag\.m2\repository\com\colloquial\arithcode\1.1\arithcode-1.1.jar;C:\Users\Parag\.m2\repository\com\google\guava\guava\19.0\guava-19.0.jar;C:\Users\Parag\.m2\repository\org\testng\testng\6.9.10\testng-6.9.10.jar;C:\Users\Parag\.m2\repository\com\beust\jcommander\1.48\jcommander-1.48.jar;C:\Users\Parag\.m2\repository\org\beanshell\bsh\2.0b4\bsh-2.0b4.jar;C:\Users\Parag\.m2\repository\org\mockito\mockito-core\2.23.4\mockito-core-2.23.4.jar;C:\Users\Parag\.m2\repository\net\bytebuddy\byte-buddy\1.9.3\byte-buddy-1.9.3.jar;C:\Users\Parag\.m2\repository\net\bytebuddy\byte-buddy-agent\1.9.3\byte-buddy-agent-1.9.3.jar;C:\Users\Parag\.m2\repository\org\objenesis\objenesis\2.6\objenesis-2.6.jar;C:\Users\Parag\.m2\repository\javax\xml\bind\jaxb-api\2.3.0\jaxb-api-2.3.0.jar;C:\Users\Parag\.m2\repository\org\powermock\powermock-module-testng\2.0.2\powermock-module-testng-2.0.2.jar;C:\Users\Parag\.m2\repository\org\powermock\powermock-core\2.0.2\powermock-core-2.0.2.jar;C:\Users\Parag\.m2\repository\org\powermock\powermock-reflect\2.0.2\powermock-reflect-2.0.2.jar;C:\Users\Parag\.m2\repository\org\javassist\javassist\3.24.0-GA\javassist-3.24.0-GA.jar;C:\Users\Parag\.m2\repository\org\powermock\powermock-module-testng-common\2.0.2\powermock-module-testng-common-2.0.2.jar;C:\Users\Parag\.m2\repository\org\powermock\powermock-api-mockito2\2.0.2\powermock-api-mockito2-2.0.2.jar;C:\Users\Parag\.m2\repository\org\powermock\powermock-api-support\2.0.2\powermock-api-support-2.0.2.jar;"/>
    <property name="java.vm.vendor" value="Oracle Corporation"/>
    <property name="sun.arch.data.model" value="64"/>
    <property name="user.variant" value=""/>
    <property name="java.vendor.url" value="http://java.oracle.com/"/>
    <property name="user.timezone" value="Asia/Calcutta"/>
    <property name="java.vm.specification.version" value="1.8"/>
    <property name="os.name" value="Windows 10"/>
    <property name="user.country" value="US"/>
    <property name="sun.java.launcher" value="SUN_STANDARD"/>
    <property name="sun.boot.library.path" value="C:\Program Files\Java\jdk1.8.0_171\jre\bin"/>
    <property name="sun.java.command" value="C:\Users\Parag\AppData\Local\Temp\surefire855551985968748109\surefirebooter732406298472195892.jar C:\Users\Parag\AppData\Local\Temp\surefire855551985968748109 2019-11-05T11-42-29_544-jvmRun1 surefire6494687369487084078tmp surefire_03142616601020838256tmp"/>
    <property name="surefire.test.class.path" value="E:\Sierra\SierraTool\SourceCode\OpenRefine\main\target\test-classes;E:\Sierra\SierraTool\SourceCode\OpenRefine\main\webapp\WEB-INF\classes;C:\Users\Parag\.m2\repository\javax\servlet\servlet-api\2.5\servlet-api-2.5.jar;C:\Users\Parag\.m2\repository\edu\mit\simile\butterfly\1.0.2\butterfly-1.0.2.jar;C:\Users\Parag\.m2\repository\org\mozilla\rhino\1.7.10\rhino-1.7.10.jar;C:\Users\Parag\.m2\repository\com\fasterxml\jackson\core\jackson-databind\2.9.10\jackson-databind-2.9.10.jar;C:\Users\Parag\.m2\repository\com\fasterxml\jackson\core\jackson-core\2.9.10\jackson-core-2.9.10.jar;C:\Users\Parag\.m2\repository\com\fasterxml\jackson\core\jackson-annotations\2.9.10\jackson-annotations-2.9.10.jar;C:\Users\Parag\.m2\repository\org\slf4j\slf4j-log4j12\1.7.18\slf4j-log4j12-1.7.18.jar;C:\Users\Parag\.m2\repository\log4j\log4j\1.2.17\log4j-1.2.17.jar;C:\Users\Parag\.m2\repository\org\slf4j\slf4j-api\1.7.18\slf4j-api-1.7.18.jar;C:\Users\Parag\.m2\repository\org\apache\commons\commons-lang3\3.6\commons-lang3-3.6.jar;C:\Users\Parag\.m2\repository\commons-digester\commons-digester\1.8.1\commons-digester-1.8.1.jar;C:\Users\Parag\.m2\repository\commons-beanutils\commons-beanutils\1.8.0\commons-beanutils-1.8.0.jar;C:\Users\Parag\.m2\repository\commons-logging\commons-logging\1.1.1\commons-logging-1.1.1.jar;C:\Users\Parag\.m2\repository\commons-fileupload\commons-fileupload\1.4\commons-fileupload-1.4.jar;C:\Users\Parag\.m2\repository\commons-io\commons-io\2.2\commons-io-2.2.jar;C:\Users\Parag\.m2\repository\commons-collections\commons-collections\3.2.2\commons-collections-3.2.2.jar;C:\Users\Parag\.m2\repository\commons-validator\commons-validator\1.5.1\commons-validator-1.5.1.jar;C:\Users\Parag\.m2\repository\velocity\velocity\1.5\velocity-1.5.jar;C:\Users\Parag\.m2\repository\commons-lang\commons-lang\2.1\commons-lang-2.1.jar;C:\Users\Parag\.m2\repository\oro\oro\2.0.8\oro-2.0.8.jar;C:\Users\Parag\.m2\repository\marc4j\marc4j\2.4\marc4j-2.4.jar;C:\Users\Parag\.m2\repository\org\apache\ant\ant\1.8.0\ant-1.8.0.jar;C:\Users\Parag\.m2\repository\org\apache\ant\ant-launcher\1.8.0\ant-launcher-1.8.0.jar;C:\Users\Parag\.m2\repository\org\jsoup\jsoup\1.11.3\jsoup-1.11.3.jar;C:\Users\Parag\.m2\repository\net\sf\opencsv\opencsv\2.4-SNAPSHOT\opencsv-2.4-SNAPSHOT.jar;C:\Users\Parag\.m2\repository\org\apache\poi\poi\4.1.0\poi-4.1.0.jar;C:\Users\Parag\.m2\repository\commons-codec\commons-codec\1.12\commons-codec-1.12.jar;C:\Users\Parag\.m2\repository\org\apache\commons\commons-collections4\4.3\commons-collections4-4.3.jar;C:\Users\Parag\.m2\repository\org\apache\commons\commons-math3\3.6.1\commons-math3-3.6.1.jar;C:\Users\Parag\.m2\repository\org\apache\poi\poi-ooxml\4.1.0\poi-ooxml-4.1.0.jar;C:\Users\Parag\.m2\repository\org\apache\poi\poi-ooxml-schemas\4.1.0\poi-ooxml-schemas-4.1.0.jar;C:\Users\Parag\.m2\repository\org\apache\xmlbeans\xmlbeans\3.1.0\xmlbeans-3.1.0.jar;C:\Users\Parag\.m2\repository\org\apache\commons\commons-compress\1.18\commons-compress-1.18.jar;C:\Users\Parag\.m2\repository\com\github\virtuald\curvesapi\1.06\curvesapi-1.06.jar;C:\Users\Parag\.m2\repository\org\apache\odftoolkit\odfdom-java\0.8.8-incubating\odfdom-java-0.8.8-incubating.jar;C:\Users\Parag\.m2\repository\org\apache\odftoolkit\taglets\0.8.8-incubating\taglets-0.8.8-incubating.jar;C:\Users\Parag\.m2\repository\xerces\xercesImpl\2.9.1\xercesImpl-2.9.1.jar;C:\Users\Parag\.m2\repository\xml-apis\xml-apis\1.3.04\xml-apis-1.3.04.jar;C:\Users\Parag\.m2\repository\edu\mit\simile\vicino\1.1\vicino-1.1.jar;C:\Users\Parag\.m2\repository\oauth\signpost\signpost-core\1.2.1.2\signpost-core-1.2.1.2.jar;C:\Users\Parag\.m2\repository\oauth\signpost\signpost-commonshttp4\1.2.1.2\signpost-commonshttp4-1.2.1.2.jar;C:\Users\Parag\.m2\repository\org\clojure\clojure\1.5.1\clojure-1.5.1.jar;C:\Users\Parag\.m2\repository\org\apache\httpcomponents\httpclient\4.5.5\httpclient-4.5.5.jar;C:\Users\Parag\.m2\repository\org\apache\httpcomponents\httpcore\4.4.9\httpcore-4.4.9.jar;C:\Users\Parag\.m2\repository\org\sweble\wikitext\swc-parser-lazy\3.1.7\swc-parser-lazy-3.1.7.jar;C:\Users\Parag\.m2\repository\xtc\rats-runtime\1.15.0\rats-runtime-1.15.0.jar;C:\Users\Parag\.m2\repository\de\fau\cs\osr\utils\utils\3.0.8\utils-3.0.8.jar;C:\Users\Parag\.m2\repository\de\fau\cs\osr\ptk\ptk-common\3.0.8\ptk-common-3.0.8.jar;C:\Users\Parag\.m2\repository\joda-time\joda-time\2.9.9\joda-time-2.9.9.jar;C:\Users\Parag\.m2\repository\org\apache\jena\jena-arq\3.6.0\jena-arq-3.6.0.jar;C:\Users\Parag\.m2\repository\org\apache\jena\jena-shaded-guava\3.6.0\jena-shaded-guava-3.6.0.jar;C:\Users\Parag\.m2\repository\com\github\jsonld-java\jsonld-java\0.11.1\jsonld-java-0.11.1.jar;C:\Users\Parag\.m2\repository\org\apache\httpcomponents\httpclient-cache\4.5.3\httpclient-cache-4.5.3.jar;C:\Users\Parag\.m2\repository\org\apache\thrift\libthrift\0.10.0\libthrift-0.10.0.jar;C:\Users\Parag\.m2\repository\org\slf4j\jcl-over-slf4j\1.7.25\jcl-over-slf4j-1.7.25.jar;C:\Users\Parag\.m2\repository\org\apache\jena\jena-base\3.6.0\jena-base-3.6.0.jar;C:\Users\Parag\.m2\repository\org\apache\commons\commons-csv\1.5\commons-csv-1.5.jar;C:\Users\Parag\.m2\repository\com\github\andrewoma\dexx\collection\0.7\collection-0.7.jar;C:\Users\Parag\.m2\repository\org\apache\jena\jena-cmds\3.6.0\jena-cmds-3.6.0.jar;C:\Users\Parag\.m2\repository\org\apache\jena\jena-tdb\3.6.0\jena-tdb-3.6.0.jar;C:\Users\Parag\.m2\repository\org\apache\jena\jena-tdb2\3.6.0\jena-tdb2-3.6.0.jar;C:\Users\Parag\.m2\repository\org\apache\jena\jena-dboe-trans-data\3.6.0\jena-dboe-trans-data-3.6.0.jar;C:\Users\Parag\.m2\repository\org\apache\jena\jena-dboe-transaction\3.6.0\jena-dboe-transaction-3.6.0.jar;C:\Users\Parag\.m2\repository\org\apache\jena\jena-dboe-base\3.6.0\jena-dboe-base-3.6.0.jar;C:\Users\Parag\.m2\repository\org\apache\jena\jena-dboe-index\3.6.0\jena-dboe-index-3.6.0.jar;C:\Users\Parag\.m2\repository\org\apache\jena\jena-rdfconnection\3.6.0\jena-rdfconnection-3.6.0.jar;C:\Users\Parag\.m2\repository\org\apache\jena\jena-core\3.6.0\jena-core-3.6.0.jar;C:\Users\Parag\.m2\repository\org\apache\jena\jena-iri\3.6.0\jena-iri-3.6.0.jar;C:\Users\Parag\.m2\repository\commons-cli\commons-cli\1.4\commons-cli-1.4.jar;C:\Users\Parag\.m2\repository\com\metaweb\lessen\1.0\lessen-1.0.jar;C:\Users\Parag\.m2\repository\com\wcohen\secondstring\20100303\secondstring-20100303.jar;C:\Users\Parag\.m2\repository\com\colloquial\arithcode\1.1\arithcode-1.1.jar;C:\Users\Parag\.m2\repository\com\google\guava\guava\19.0\guava-19.0.jar;C:\Users\Parag\.m2\repository\org\testng\testng\6.9.10\testng-6.9.10.jar;C:\Users\Parag\.m2\repository\com\beust\jcommander\1.48\jcommander-1.48.jar;C:\Users\Parag\.m2\repository\org\beanshell\bsh\2.0b4\bsh-2.0b4.jar;C:\Users\Parag\.m2\repository\org\mockito\mockito-core\2.23.4\mockito-core-2.23.4.jar;C:\Users\Parag\.m2\repository\net\bytebuddy\byte-buddy\1.9.3\byte-buddy-1.9.3.jar;C:\Users\Parag\.m2\repository\net\bytebuddy\byte-buddy-agent\1.9.3\byte-buddy-agent-1.9.3.jar;C:\Users\Parag\.m2\repository\org\objenesis\objenesis\2.6\objenesis-2.6.jar;C:\Users\Parag\.m2\repository\javax\xml\bind\jaxb-api\2.3.0\jaxb-api-2.3.0.jar;C:\Users\Parag\.m2\repository\org\powermock\powermock-module-testng\2.0.2\powermock-module-testng-2.0.2.jar;C:\Users\Parag\.m2\repository\org\powermock\powermock-core\2.0.2\powermock-core-2.0.2.jar;C:\Users\Parag\.m2\repository\org\powermock\powermock-reflect\2.0.2\powermock-reflect-2.0.2.jar;C:\Users\Parag\.m2\repository\org\javassist\javassist\3.24.0-GA\javassist-3.24.0-GA.jar;C:\Users\Parag\.m2\repository\org\powermock\powermock-module-testng-common\2.0.2\powermock-module-testng-common-2.0.2.jar;C:\Users\Parag\.m2\repository\org\powermock\powermock-api-mockito2\2.0.2\powermock-api-mockito2-2.0.2.jar;C:\Users\Parag\.m2\repository\org\powermock\powermock-api-support\2.0.2\powermock-api-support-2.0.2.jar;"/>
    <property name="sun.cpu.endian" value="little"/>
    <property name="user.home" value="C:\Users\Parag"/>
    <property name="user.language" value="en"/>
    <property name="java.specification.vendor" value="Oracle Corporation"/>
    <property name="java.home" value="C:\Program Files\Java\jdk1.8.0_171\jre"/>
    <property name="version" value="1.0"/>
    <property name="basedir" value="E:\Sierra\SierraTool\SourceCode\OpenRefine\main"/>
    <property name="file.separator" value="\"/>
    <property name="line.separator" value="&#10;"/>
    <property name="java.vm.specification.vendor" value="Oracle Corporation"/>
    <property name="java.specification.name" value="Java Platform API Specification"/>
    <property name="java.awt.graphicsenv" value="sun.awt.Win32GraphicsEnvironment"/>
    <property name="surefire.real.class.path" value="C:\Users\Parag\AppData\Local\Temp\surefire855551985968748109\surefirebooter732406298472195892.jar"/>
    <property name="sun.boot.class.path" value="C:\Program Files\Java\jdk1.8.0_171\jre\lib\resources.jar;C:\Program Files\Java\jdk1.8.0_171\jre\lib\rt.jar;C:\Program Files\Java\jdk1.8.0_171\jre\lib\sunrsasign.jar;C:\Program Files\Java\jdk1.8.0_171\jre\lib\jsse.jar;C:\Program Files\Java\jdk1.8.0_171\jre\lib\jce.jar;C:\Program Files\Java\jdk1.8.0_171\jre\lib\charsets.jar;C:\Program Files\Java\jdk1.8.0_171\jre\lib\jfr.jar;C:\Program Files\Java\jdk1.8.0_171\jre\classes"/>
    <property name="user.script" value=""/>
    <property name="sun.management.compiler" value="HotSpot 64-Bit Tiered Compilers"/>
    <property name="java.runtime.version" value="1.8.0_171-b11"/>
    <property name="user.name" value="Parag"/>
    <property name="path.separator" value=";"/>
    <property name="os.version" value="10.0"/>
    <property name="java.endorsed.dirs" value="C:\Program Files\Java\jdk1.8.0_171\jre\lib\endorsed"/>
    <property name="java.runtime.name" value="Java(TM) SE Runtime Environment"/>
    <property name="file.encoding" value="Cp1252"/>
    <property name="java.vm.name" value="Java HotSpot(TM) 64-Bit Server VM"/>
    <property name="localRepository" value="C:\Users\Parag\.m2\repository"/>
    <property name="java.vendor.url.bug" value="http://bugreport.sun.com/bugreport/"/>
    <property name="java.io.tmpdir" value="C:\Users\Parag\AppData\Local\Temp\"/>
    <property name="java.version" value="1.8.0_171"/>
    <property name="user.dir" value="E:\Sierra\SierraTool\SourceCode\OpenRefine\main"/>
    <property name="os.arch" value="amd64"/>
    <property name="java.vm.specification.name" value="Java Virtual Machine Specification"/>
    <property name="java.awt.printerjob" value="sun.awt.windows.WPrinterJob"/>
    <property name="sun.os.patch.level" value=""/>
    <property name="java.library.path" value="C:\Program Files\Java\jdk1.8.0_171\jre\bin;C:\WINDOWS\Sun\Java\bin;C:\WINDOWS\system32;C:\WINDOWS;C:\Users\Parag\bin;C:\Program Files\Git\mingw64\bin;C:\Program Files\Git\usr\local\bin;C:\Program Files\Git\usr\bin;C:\Program Files\Git\usr\bin;C:\Program Files\Git\mingw64\bin;C:\Program Files\Git\usr\bin;C:\Users\Parag\bin;C:\Program Files (x86)\Common Files\Oracle\Java\javapath;C:\WINDOWS\system32;C:\WINDOWS;C:\WINDOWS\System32\Wbem;C:\WINDOWS\System32\WindowsPowerShell\v1.0;C:\Program Files (x86)\PuTTY;C:\Program Files\nodejs\bin;C:\Program Files (x86)\Microsoft Emulator Manager\1.0;C:\ProgramData\chocolatey\bin;C:\Program Files\nodejs;C:\Program Files\Java\jdk1.8.0_171\bin;C:\Program Files\Git\usr\bin\git.exe;C:\Program Files\Git\cmd;C:\WINDOWS\System32\OpenSSH;C:\Program Files\Microsoft VS Code\bin;C:\Program Files\OpenSSH\bin;E:\OpenRefine\apache-maven-3.6.0\bin;E:\Sierra\sapjco3;C:\Program Files\MySQL\MySQL Shell 8.0\bin;%USERPROFILE%\AppData\Local\Microsoft\WindowsApps;C:\Program Files\Git\usr\bin\vendor_perl;C:\Program Files\Git\usr\bin\core_perl;."/>
    <property name="java.vm.info" value="mixed mode"/>
    <property name="java.vendor" value="Oracle Corporation"/>
    <property name="java.vm.version" value="25.171-b11"/>
    <property name="java.ext.dirs" value="C:\Program Files\Java\jdk1.8.0_171\jre\lib\ext;C:\WINDOWS\Sun\Java\lib\ext"/>
    <property name="sun.io.unicode.encoding" value="UnicodeLittle"/>
    <property name="java.class.version" value="52.0"/>
  </properties>
  <testcase name="serializeDecoratedValue" classname="com.google.refine.browsing.DecoratedValueTests" time="0.051"/>
  <testcase name="getEngineConfigRegressionTest" classname="com.google.refine.commands.CommandTests" time="0.014"/>
  <testcase name="getEngineConfigReturnsNullWithEmptyOrBadParameterValue" classname="com.google.refine.commands.CommandTests" time="0.027"/>
  <testcase name="getEngineConfigReturnsNullWithNullEngineParameter" classname="com.google.refine.commands.CommandTests" time="0"/>
  <testcase name="getEngineConfigThrowsWithNullParameter" classname="com.google.refine.commands.CommandTests" time="0"/>
  <testcase name="getEngineRegressionTest" classname="com.google.refine.commands.CommandTests" time="0.033"/>
  <testcase name="getEngineThrowsOnNullParameter" classname="com.google.refine.commands.CommandTests" time="0"/>
  <testcase name="getIntegerParameterWithNullParameters" classname="com.google.refine.commands.CommandTests" time="0.001"/>
  <testcase name="getIntegerParametersRegressionTest" classname="com.google.refine.commands.CommandTests" time="0"/>
  <testcase name="getIntegerParametersWithIncorrectParameterName" classname="com.google.refine.commands.CommandTests" time="0"/>
  <testcase name="getProjectThrowsIfResponseHasNoOrBrokenProjectParameter" classname="com.google.refine.commands.CommandTests" time="0.001"/>
  <testcase name="getProjectThrowsWithNullParameter" classname="com.google.refine.commands.CommandTests" time="0"/>
  <testcase name="testGenerateValidToken" classname="com.google.refine.commands.CSRFTokenFactoryTests" time="0.096"/>
  <testcase name="testInvalidToken" classname="com.google.refine.commands.CSRFTokenFactoryTests" time="0"/>
  <testcase name="testOldToken" classname="com.google.refine.commands.CSRFTokenFactoryTests" time="0.005"/>
  <testcase name="testCSRFProtection" classname="com.google.refine.commands.EngineDependentCommandTests" time="0.005"/>
  <testcase name="testJsonResponse" classname="com.google.refine.commands.expr.GetExpressionHistoryCommandTests" time="0.035"/>
  <testcase name="readXls" classname="com.google.refine.importers.ExcelImporterTests" time="0.103"/>
  <testcase name="readXlsx" classname="com.google.refine.importers.ExcelImporterTests" time="0.347"/>
  <testcase name="appendColumnName" classname="com.google.refine.importers.ImporterUtilitiesTests" time="0"/>
  <testcase name="appendColumnNameFromMultipleRows" classname="com.google.refine.importers.ImporterUtilitiesTests" time="0.001"/>
  <testcase name="ensureColumnsInRowExist" classname="com.google.refine.importers.ImporterUtilitiesTests" time="0"/>
  <testcase name="ensureColumnsInRowExistDoesExpand" classname="com.google.refine.importers.ImporterUtilitiesTests" time="0"/>
  <testcase name="getIntegerOption" classname="com.google.refine.importers.ImporterUtilitiesTests" time="0.098"/>
  <testcase name="getIntegerOptionReturnsDefaultOnError" classname="com.google.refine.importers.ImporterUtilitiesTests" time="0.001"/>
  <testcase name="setupColumns" classname="com.google.refine.importers.ImporterUtilitiesTests" time="0.001"/>
  <testcase name="addCellTest" classname="com.google.refine.importers.XmlImportUtilitiesTests" time="0"/>
  <testcase name="createColumnsFromImportTest" classname="com.google.refine.importers.XmlImportUtilitiesTests" time="0.001"/>
  <testcase name="detectPathFromTagWithNestedElementXml" classname="com.google.refine.importers.XmlImportUtilitiesTests" time="0.07"/>
  <testcase name="detectPathFromTagXmlTest" classname="com.google.refine.importers.XmlImportUtilitiesTests" time="0.001"/>
  <testcase name="detectRecordElementCanHandleWithNestedElementsXml" classname="com.google.refine.importers.XmlImportUtilitiesTests" time="0.001"/>
  <testcase name="detectRecordElementIsNullForUnfoundTagXml" classname="com.google.refine.importers.XmlImportUtilitiesTests" time="0.001"/>
  <testcase name="detectRecordElementRegressionJsonTest" classname="com.google.refine.importers.XmlImportUtilitiesTests" time="0.001"/>
  <testcase name="detectRecordElementRegressionXmlTest" classname="com.google.refine.importers.XmlImportUtilitiesTests" time="0.002"/>
  <testcase name="detectRecordElementXmlTest" classname="com.google.refine.importers.XmlImportUtilitiesTests" time="0"/>
  <testcase name="findRecordTestXml" classname="com.google.refine.importers.XmlImportUtilitiesTests" time="0.004"/>
  <testcase name="importTreeDataXmlTest" classname="com.google.refine.importers.XmlImportUtilitiesTests" time="0.008"/>
  <testcase name="importXmlWithVaryingStructureTest" classname="com.google.refine.importers.XmlImportUtilitiesTests" time="0.016"/>
  <testcase name="processRecordTestDuplicateColumnsXml" classname="com.google.refine.importers.XmlImportUtilitiesTests" time="0.006"/>
  <testcase name="processRecordTestNestedElementXml" classname="com.google.refine.importers.XmlImportUtilitiesTests" time="0.002"/>
  <testcase name="processRecordTestXml" classname="com.google.refine.importers.XmlImportUtilitiesTests" time="0.007"/>
  <testcase name="processSubRecordTestXml" classname="com.google.refine.importers.XmlImportUtilitiesTests" time="0.002"/>
  <testcase name="serializeFileProjectManager" classname="com.google.refine.io.FileProjectManagerTests" time="0.109"/>
  <testcase name="testIssue567" classname="com.google.refine.model.CacheTests" time="0.002"/>
  <testcase name="deserializeColumnDetail" classname="com.google.refine.model.recon.StandardReconConfigTests" time="0.002"/>
  <testcase name="deserializeReconResult" classname="com.google.refine.model.recon.StandardReconConfigTests" time="0.002"/>
  <testcase name="formulateQueryTest" classname="com.google.refine.model.recon.StandardReconConfigTests" time="0.048"/>
  <testcase name="reorderReconciliationResults" classname="com.google.refine.model.recon.StandardReconConfigTests" time="0.006"/>
  <testcase name="reorderReconciliationResultsStableSort" classname="com.google.refine.model.recon.StandardReconConfigTests" time="0.001"/>
  <testcase name="serializeStandardReconConfig" classname="com.google.refine.model.recon.StandardReconConfigTests" time="0.006"/>
  <testcase name="testComputeFeatures" classname="com.google.refine.model.recon.StandardReconConfigTests" time="0"/>
  <testcase name="testComputeFeaturesNullText" classname="com.google.refine.model.recon.StandardReconConfigTests" time="0"/>
  <testcase name="testReconstructNoIdentifierSchemaSpaces" classname="com.google.refine.model.recon.StandardReconConfigTests" time="0.001"/>
  <testcase name="testReconstructNoType" classname="com.google.refine.model.recon.StandardReconConfigTests" time="0"/>
  <testcase name="wordDistance" classname="com.google.refine.model.recon.StandardReconConfigTests" time="0.004"/>
  <testcase name="wordDistanceOnlyStopwords" classname="com.google.refine.model.recon.StandardReconConfigTests" time="0"/>
  <testcase name="serializeMassEditOperation" classname="com.google.refine.operations.cell.MassOperationTests" time="0.011"/>
  <testcase name="testReconstructEditBoolean" classname="com.google.refine.operations.cell.MassOperationTests" time="0"/>
  <testcase name="testReconstructEditDate" classname="com.google.refine.operations.cell.MassOperationTests" time="0.001"/>
  <testcase name="testReconstructEditEmpty" classname="com.google.refine.operations.cell.MassOperationTests" time="0"/>
  <testcase name="testReconstructEditMultiString" classname="com.google.refine.operations.cell.MassOperationTests" time="0.001"/>
  <testcase name="testReconstructEditNumber" classname="com.google.refine.operations.cell.MassOperationTests" time="0"/>
  <testcase name="testReconstructEditString" classname="com.google.refine.operations.cell.MassOperationTests" time="0.001"/>
  <testcase name="serializeDataExtensionConfig" classname="com.google.refine.operations.recon.ExtendDataOperationTests" time="0.064"/>
  <testcase name="serializeExtendDataOperation" classname="com.google.refine.operations.recon.ExtendDataOperationTests" time="0.043"/>
  <testcase name="serializeExtendDataProcess" classname="com.google.refine.operations.recon.ExtendDataOperationTests" time="0.012"/>
  <testcase name="testFetchCounts" classname="com.google.refine.operations.recon.ExtendDataOperationTests" time="1.233"/>
  <testcase name="testFetchCurrent" classname="com.google.refine.operations.recon.ExtendDataOperationTests" time="1.065"/>
  <testcase name="testFetchRecord" classname="com.google.refine.operations.recon.ExtendDataOperationTests" time="0.223"/>
  <testcase name="testFetchStrings" classname="com.google.refine.operations.recon.ExtendDataOperationTests" time="0.218"/>
  <testcase name="testFormulateQuery" classname="com.google.refine.operations.recon.ExtendDataOperationTests" time="0.025"/>
  <testcase name="serializeLongRunningProcess" classname="com.google.refine.process.LongRunningProcessTests" time="0.012"/>
  <testcase name="serializeQuickHistoryEntryProcess" classname="com.google.refine.process.QuickHistoryEntryProcessTests" time="0"/>
  <testcase name="canEnsureProjectSave" classname="com.google.refine.ProjectManagerTests" time="0.003"/>
  <testcase name="canFlushFromCache" classname="com.google.refine.ProjectManagerTests" time="0.003"/>
  <testcase name="canRegisterProject" classname="com.google.refine.ProjectManagerTests" time="0"/>
  <testcase name="canSaveAllModified" classname="com.google.refine.ProjectManagerTests" time="0.021"/>
  <testcase name="canSaveSomeModified" classname="com.google.refine.ProjectManagerTests" time="0.004"/>
  <testcase name="cannotSaveWhenBusy" classname="com.google.refine.ProjectManagerTests" time="0"/>
  <testcase name="doDeleteRegressionTest" classname="com.google.refine.RefineServletTests" time="0.012"/>
  <testcase name="doDeleteReturns404WhenCommandNotFound" classname="com.google.refine.RefineServletTests" time="0.007"/>
  <testcase name="doGetRegressionTest" classname="com.google.refine.RefineServletTests" time="0"/>
  <testcase name="doGetReturnsError404WhenCommandNotFound" classname="com.google.refine.RefineServletTests" time="0.001"/>
  <testcase name="doPostRegressionTest" classname="com.google.refine.RefineServletTests" time="0.001"/>
  <testcase name="doPostReturns404WhenCommandNotFound" classname="com.google.refine.RefineServletTests" time="0"/>
  <testcase name="doPutRegressionTest" classname="com.google.refine.RefineServletTests" time="0.001"/>
  <testcase name="doPutReturns404WhenCommandNotFound" classname="com.google.refine.RefineServletTests" time="0"/>
  <testcase name="getCommandNameHandlesBadCommandName" classname="com.google.refine.RefineServletTests" time="0"/>
  <testcase name="serializeBooleanCriterion" classname="com.google.refine.sorting.BooleanCriterionTest" time="0.004"/>
  <testcase name="reconstructNoFacetsProvided" classname="com.google.refine.browsing.EngineConfigTests" time="0.001"/>
  <testcase name="reconstructNullEngineConfig" classname="com.google.refine.browsing.EngineConfigTests" time="0"/>
  <testcase name="serializeEngineConfig" classname="com.google.refine.browsing.EngineConfigTests" time="0.004"/>
  <testcase name="serializeEngineConfigRecordMode" classname="com.google.refine.browsing.EngineConfigTests" time="0"/>
  <testcase name="testJsonResponse" classname="com.google.refine.commands.expr.GetExpressionLanguageInfoCommandTests" time="0.241"/>
  <testcase name="readFixedWidth" classname="com.google.refine.importers.FixedWidthImporterTests" time="0.002"/>
  <testcase name="EnsureJSONParserHandlesgetLocalNameCorrectly" classname="com.google.refine.importers.JsonImporterTests" time="0"/>
  <testcase name="canParseSample" classname="com.google.refine.importers.JsonImporterTests" time="0.003"/>
  <testcase name="canParseSampleWithDuplicateNestedElements" classname="com.google.refine.importers.JsonImporterTests" time="0.009"/>
  <testcase name="testCanParseLineBreak" classname="com.google.refine.importers.JsonImporterTests" time="0.004"/>
  <testcase name="testComplexJsonStructure" classname="com.google.refine.importers.JsonImporterTests" time="0.172"/>
  <testcase name="testElementWithMqlReadOutput" classname="com.google.refine.importers.JsonImporterTests" time="0.007"/>
  <testcase name="testElementWithNestedTree" classname="com.google.refine.importers.JsonImporterTests" time="0.006"/>
  <testcase name="testElementsWithVaryingStructure" classname="com.google.refine.importers.JsonImporterTests" time="0.004"/>
  <testcase name="testJSONMinimumArray" classname="com.google.refine.importers.JsonImporterTests" time="0.003"/>
  <testcase name="testJsonDatatypes" classname="com.google.refine.importers.JsonImporterTests" time="0.005"/>
  <testcase name="createProjectMetadataTest" classname="com.google.refine.importing.ImportingUtilitiesTests" time="0"/>
  <testcase name="testZipSlip" classname="com.google.refine.importing.ImportingUtilitiesTests" time="0"/>
  <testcase name="serializeProjectMetadata" classname="com.google.refine.io.ProjectMetadataTests" time="0"/>
  <testcase name="serializeProjectMetadataInDifferentTimezone" classname="com.google.refine.io.ProjectMetadataTests" time="0"/>
  <testcase name="serializeBooleanCell" classname="com.google.refine.model.CellTests" time="0"/>
  <testcase name="serializeCellWithRecon" classname="com.google.refine.model.CellTests" time="0"/>
  <testcase name="serializeCellWithString" classname="com.google.refine.model.CellTests" time="0"/>
  <testcase name="serializeDateCell" classname="com.google.refine.model.CellTests" time="0"/>
  <testcase name="serializeDatewithOffset" classname="com.google.refine.model.CellTests" time="0"/>
  <testcase name="serializeDoubleInfinity" classname="com.google.refine.model.CellTests" time="0"/>
  <testcase name="serializeDoubleNan" classname="com.google.refine.model.CellTests" time="0"/>
  <testcase name="serializeEmptyStringCell" classname="com.google.refine.model.CellTests" time="0"/>
  <testcase name="serializeErrorCell" classname="com.google.refine.model.CellTests" time="0"/>
  <testcase name="serializeFloatInfinity" classname="com.google.refine.model.CellTests" time="0"/>
  <testcase name="serializeFloatNan" classname="com.google.refine.model.CellTests" time="0"/>
  <testcase name="serializeLocalDate" classname="com.google.refine.model.CellTests" time="0"/>
  <testcase name="serializeNullCell" classname="com.google.refine.model.CellTests" time="0"/>
  <testcase name="serializeNumberCell" classname="com.google.refine.model.CellTests" time="0"/>
  <testcase name="serializeReconCandidateDouble" classname="com.google.refine.model.ReconCandidateTests" time="0"/>
  <testcase name="serializeReconCandidateInt" classname="com.google.refine.model.ReconCandidateTests" time="0"/>
  <testcase name="serializeMultiValuedCellSplitOperationWithLengths" classname="com.google.refine.operations.cell.SplitMultiValuedCellsTests" time="0"/>
  <testcase name="serializeMultiValuedCellSplitOperationWithSeparator" classname="com.google.refine.operations.cell.SplitMultiValuedCellsTests" time="0"/>
  <testcase name="testSplitMultiValuedCellsLengths" classname="com.google.refine.operations.cell.SplitMultiValuedCellsTests" time="0"/>
  <testcase name="testSplitMultiValuedCellsRegExSeparator" classname="com.google.refine.operations.cell.SplitMultiValuedCellsTests" time="0"/>
  <testcase name="testSplitMultiValuedCellsTextSeparator" classname="com.google.refine.operations.cell.SplitMultiValuedCellsTests" time="0"/>
  <testcase name="serializeReconClearSimilarCellsOperation" classname="com.google.refine.operations.recon.ReconClearSimilarCellsOperationTests" time="0.003"/>
  <testcase name="serializeProcessManager" classname="com.google.refine.process.ProcessManagerTests" time="0.009"/>
  <testcase name="serializeDateCriterion" classname="com.google.refine.sorting.DateCriterionTest" time="0.002"/>
  <testcase name="serializeEngine" classname="com.google.refine.browsing.EngineTests" time="0.003"/>
  <testcase name="testJsonResponse" classname="com.google.refine.commands.expr.GetStarredExpressionsCommandTests" time="0.007"/>
  <testcase name="canParseJsonld" classname="com.google.refine.importers.RdfTripleImporterTests" time="1.714"/>
  <testcase name="canParseMultiLineMultiPredicatesTriple" classname="com.google.refine.importers.RdfTripleImporterTests" time="0.028"/>
  <testcase name="canParseMultiLineTriple" classname="com.google.refine.importers.RdfTripleImporterTests" time="0.002"/>
  <testcase name="canParseN3" classname="com.google.refine.importers.RdfTripleImporterTests" time="0.043"/>
  <testcase name="canParseNTriples" classname="com.google.refine.importers.RdfTripleImporterTests" time="0.002"/>
  <testcase name="canParseRdfXml" classname="com.google.refine.importers.RdfTripleImporterTests" time="0.4"/>
  <testcase name="canParseTripleWithValue" classname="com.google.refine.importers.RdfTripleImporterTests" time="0.001"/>
  <testcase name="canParseTtl" classname="com.google.refine.importers.RdfTripleImporterTests" time="0.003"/>
  <testcase name="testApplyNewChange" classname="com.google.refine.model.changes.DataExtensionChangeTest" time="0.007"/>
  <testcase name="testApplyOldChange" classname="com.google.refine.model.changes.DataExtensionChangeTest" time="0.006"/>
  <testcase name="serializeReconStats" classname="com.google.refine.model.ReconStatsTests" time="0.002"/>
  <testcase name="testTransposeRowsIntoColumnsOperation" classname="com.google.refine.operations.cell.TransposeTests" time="0.004"/>
  <testcase name="serializeReconCopyAcrossColumnsOperation" classname="com.google.refine.operations.recon.ReconCopyAcrossColumnsOperationTests" time="0.009"/>
  <testcase name="serializeNumberCriterion" classname="com.google.refine.sorting.NumberCriterionTest" time="0.01"/>
  <testcase name="serializeListFacet" classname="com.google.refine.browsing.facets.ListFacetTests" time="0.003"/>
  <testcase name="serializeListFacetConfig" classname="com.google.refine.browsing.facets.ListFacetTests" time="0.01"/>
  <testcase name="serializeListFacetWithError" classname="com.google.refine.browsing.facets.ListFacetTests" time="0.006"/>
  <testcase name="testSelectedEmptyChoice" classname="com.google.refine.browsing.facets.ListFacetTests" time="0.005"/>
  <testcase name="testCSRFProtection" classname="com.google.refine.commands.expr.LogExpressionCommandTests" time="0.001"/>
  <testcase name="customQuoteCharacter" classname="com.google.refine.importers.TsvCsvImporterTests" time="0.003"/>
  <testcase name="customQuoteCharacter" classname="com.google.refine.importers.TsvCsvImporterTests" time="0.004"/>
  <testcase name="customQuoteCharacter" classname="com.google.refine.importers.TsvCsvImporterTests" time="0.007"/>
  <testcase name="ignoreQuotes" classname="com.google.refine.importers.TsvCsvImporterTests" time="0.003"/>
  <testcase name="ignoreQuotes" classname="com.google.refine.importers.TsvCsvImporterTests" time="0.003"/>
  <testcase name="ignoreQuotes" classname="com.google.refine.importers.TsvCsvImporterTests" time="0.002"/>
  <testcase name="readCanAddNull" classname="com.google.refine.importers.TsvCsvImporterTests" time="0.002"/>
  <testcase name="readCanAddNull" classname="com.google.refine.importers.TsvCsvImporterTests" time="0"/>
  <testcase name="readCanAddNull" classname="com.google.refine.importers.TsvCsvImporterTests" time="0.002"/>
  <testcase name="readCsvWithProperties" classname="com.google.refine.importers.TsvCsvImporterTests" time="0.002"/>
  <testcase name="readCsvWithPropertiesIgnoreQuotes" classname="com.google.refine.importers.TsvCsvImporterTests" time="0.002"/>
  <testcase name="readCustomColumnNames" classname="com.google.refine.importers.TsvCsvImporterTests" time="0.002"/>
  <testcase name="readCustomColumnNames" classname="com.google.refine.importers.TsvCsvImporterTests" time="0.002"/>
  <testcase name="readCustomColumnNames" classname="com.google.refine.importers.TsvCsvImporterTests" time="0.002"/>
  <testcase name="readDoesNotTrimLeadingTrailingWhitespace" classname="com.google.refine.importers.TsvCsvImporterTests" time="0.003"/>
  <testcase name="readDoesNotTrimLeadingTrailingWhitespace" classname="com.google.refine.importers.TsvCsvImporterTests" time="0.002"/>
  <testcase name="readDoesNotTrimLeadingTrailingWhitespace" classname="com.google.refine.importers.TsvCsvImporterTests" time="0.002"/>
  <testcase name="readDoesNotTrimLeadingWhitespace" classname="com.google.refine.importers.TsvCsvImporterTests" time="0.002"/>
  <testcase name="readDoesNotTrimLeadingWhitespace" classname="com.google.refine.importers.TsvCsvImporterTests" time="0.002"/>
  <testcase name="readDoesNotTrimLeadingWhitespace" classname="com.google.refine.importers.TsvCsvImporterTests" time="0.001"/>
  <testcase name="readIgnore3_Header2_Skip1" classname="com.google.refine.importers.TsvCsvImporterTests" time="0.003"/>
  <testcase name="readIgnore3_Header2_Skip1" classname="com.google.refine.importers.TsvCsvImporterTests" time="0.002"/>
  <testcase name="readIgnore3_Header2_Skip1" classname="com.google.refine.importers.TsvCsvImporterTests" time="0.003"/>
  <testcase name="readIgnore3_Header2_Skip2_limit2" classname="com.google.refine.importers.TsvCsvImporterTests" time="0.003"/>
  <testcase name="readIgnore3_Header2_Skip2_limit2" classname="com.google.refine.importers.TsvCsvImporterTests" time="0.002"/>
  <testcase name="readIgnore3_Header2_Skip2_limit2" classname="com.google.refine.importers.TsvCsvImporterTests" time="0.002"/>
  <testcase name="readIgnoreFirstLine" classname="com.google.refine.importers.TsvCsvImporterTests" time="0.001"/>
  <testcase name="readIgnoreFirstLine" classname="com.google.refine.importers.TsvCsvImporterTests" time="0.003"/>
  <testcase name="readIgnoreFirstLine" classname="com.google.refine.importers.TsvCsvImporterTests" time="0.002"/>
  <testcase name="readJustColumns" classname="com.google.refine.importers.TsvCsvImporterTests" time="0.002"/>
  <testcase name="readJustColumns" classname="com.google.refine.importers.TsvCsvImporterTests" time="0.002"/>
  <testcase name="readJustColumns" classname="com.google.refine.importers.TsvCsvImporterTests" time="0.002"/>
  <testcase name="readQuotedData" classname="com.google.refine.importers.TsvCsvImporterTests" time="0.003"/>
  <testcase name="readQuotedData" classname="com.google.refine.importers.TsvCsvImporterTests" time="0.003"/>
  <testcase name="readQuotedData" classname="com.google.refine.importers.TsvCsvImporterTests" time="0.001"/>
  <testcase name="readSimpleData_0Header_1Row" classname="com.google.refine.importers.TsvCsvImporterTests" time="0.002"/>
  <testcase name="readSimpleData_0Header_1Row" classname="com.google.refine.importers.TsvCsvImporterTests" time="0.002"/>
  <testcase name="readSimpleData_0Header_1Row" classname="com.google.refine.importers.TsvCsvImporterTests" time="0.002"/>
  <testcase name="readSimpleData_2Header_1Row" classname="com.google.refine.importers.TsvCsvImporterTests" time="0.002"/>
  <testcase name="readSimpleData_2Header_1Row" classname="com.google.refine.importers.TsvCsvImporterTests" time="0.003"/>
  <testcase name="readSimpleData_2Header_1Row" classname="com.google.refine.importers.TsvCsvImporterTests" time="0.003"/>
  <testcase name="readSimpleData_CSV_1Header_1Row" classname="com.google.refine.importers.TsvCsvImporterTests" time="0.001"/>
  <testcase name="readSimpleData_CSV_1Header_1Row" classname="com.google.refine.importers.TsvCsvImporterTests" time="0.002"/>
  <testcase name="readSimpleData_CSV_1Header_1Row" classname="com.google.refine.importers.TsvCsvImporterTests" time="0.002"/>
  <testcase name="readSimpleData_CSV_1Header_1Row_GuessValues" classname="com.google.refine.importers.TsvCsvImporterTests" time="0.002"/>
  <testcase name="readSimpleData_CSV_1Header_1Row_GuessValues" classname="com.google.refine.importers.TsvCsvImporterTests" time="0.001"/>
  <testcase name="readSimpleData_CSV_1Header_1Row_GuessValues" classname="com.google.refine.importers.TsvCsvImporterTests" time="0.001"/>
  <testcase name="readSimpleData_RowLongerThanHeader" classname="com.google.refine.importers.TsvCsvImporterTests" time="0.001"/>
  <testcase name="readSimpleData_RowLongerThanHeader" classname="com.google.refine.importers.TsvCsvImporterTests" time="0.003"/>
  <testcase name="readSimpleData_RowLongerThanHeader" classname="com.google.refine.importers.TsvCsvImporterTests" time="0.002"/>
  <testcase name="readSkipFirstDataLine" classname="com.google.refine.importers.TsvCsvImporterTests" time="0.002"/>
  <testcase name="readSkipFirstDataLine" classname="com.google.refine.importers.TsvCsvImporterTests" time="0.003"/>
  <testcase name="readSkipFirstDataLine" classname="com.google.refine.importers.TsvCsvImporterTests" time="0.002"/>
  <testcase name="readWithMultiLinedQuotedData" classname="com.google.refine.importers.TsvCsvImporterTests" time="0.002"/>
  <testcase name="readWithMultiLinedQuotedData" classname="com.google.refine.importers.TsvCsvImporterTests" time="0.002"/>
  <testcase name="readWithMultiLinedQuotedData" classname="com.google.refine.importers.TsvCsvImporterTests" time="0.002"/>
  <testcase name="readWithMultiLinedQuotedDataAndBlankLines" classname="com.google.refine.importers.TsvCsvImporterTests" time="0.001"/>
  <testcase name="readWithMultiLinedQuotedDataAndBlankLines" classname="com.google.refine.importers.TsvCsvImporterTests" time="0.003"/>
  <testcase name="readWithMultiLinedQuotedDataAndBlankLines" classname="com.google.refine.importers.TsvCsvImporterTests" time="0.002"/>
  <testcase name="testWrongReverseOrder" classname="com.google.refine.model.changes.MassChangeTests" time="0.009"/>
  <testcase name="serializeReconSaveMode" classname="com.google.refine.model.ReconTests" time="0.016"/>
  <testcase name="serializeReconSaveModeNoMatch" classname="com.google.refine.model.ReconTests" time="0"/>
  <testcase name="serializeReconViewMode" classname="com.google.refine.model.ReconTests" time="0"/>
  <testcase name="serializeColumnAdditionByFetchingURLsOperation" classname="com.google.refine.operations.column.ColumnAdditionByFetchingURLsOperationTests" time="0.007"/>
  <testcase name="serializeUrlFetchingProcess" classname="com.google.refine.operations.column.ColumnAdditionByFetchingURLsOperationTests" time="0.003"/>
  <testcase name="testHttpHeaders" classname="com.google.refine.operations.column.ColumnAdditionByFetchingURLsOperationTests" time="5.001"/>
  <testcase name="testInvalidUrl" classname="com.google.refine.operations.column.ColumnAdditionByFetchingURLsOperationTests" time="5.002"/>
  <testcase name="testUrlCaching" classname="com.google.refine.operations.column.ColumnAdditionByFetchingURLsOperationTests" time="6.393"/>
  <testcase name="serializeReconDiscardJudgmentsOperation" classname="com.google.refine.operations.recon.ReconDiscardJudgmentsOperationTests" time="0.004"/>
  <testcase name="serializeSortingConfig" classname="com.google.refine.sorting.SortingConfigTests" time="0.004"/>
  <testcase name="serializeNominalFacetChoice" classname="com.google.refine.browsing.facets.NominalFacetChoiceTests" time="0.001"/>
  <testcase name="testJsonResponse" classname="com.google.refine.commands.expr.PreviewExpressionCommandTests" time="0.012"/>
  <testcase name="testParseError" classname="com.google.refine.commands.expr.PreviewExpressionCommandTests" time="0"/>
  <testcase name="readSimpleData" classname="com.google.refine.importers.WikitextImporterTests" time="0.631"/>
  <testcase name="readStyledTableWithHeader" classname="com.google.refine.importers.WikitextImporterTests" time="0.041"/>
  <testcase name="readTableWithLinks" classname="com.google.refine.importers.WikitextImporterTests" time="2.928"/>
  <testcase name="readTableWithMisplacedHeaders" classname="com.google.refine.importers.WikitextImporterTests" time="0.008"/>
  <testcase name="readTableWithReferences" classname="com.google.refine.importers.WikitextImporterTests" time="0.009"/>
  <testcase name="readTableWithReferencesTemplates" classname="com.google.refine.importers.WikitextImporterTests" time="0.006"/>
  <testcase name="readTableWithSpanningCells" classname="com.google.refine.importers.WikitextImporterTests" time="0.01"/>
  <testcase name="readTableWithTemplates" classname="com.google.refine.importers.WikitextImporterTests" time="0.014"/>
  <testcase name="serializeColumnGroup" classname="com.google.refine.model.ColumnGroupTests" time="0.003"/>
  <testcase name="serializeColumnGroupWithSubgroups" classname="com.google.refine.model.ColumnGroupTests" time="0.001"/>
  <testcase name="deserializeFromString" classname="com.google.refine.model.ReconTypeTest" time="0"/>
  <testcase name="serializeReconType" classname="com.google.refine.model.ReconTypeTest" time="0.001"/>
  <testcase name="serializeColumnAdditionOperation" classname="com.google.refine.operations.column.ColumnAdditionOperationTests" time="0.004"/>
  <testcase name="serializeReconJudgeSimilarCellsOperation" classname="com.google.refine.operations.recon.ReconJudgeSimilarCellsOperationTests" time="0.021"/>
  <testcase name="parseProjectBeforeJDK8" classname="com.google.refine.util.ParsingUtilitiesTests" time="0"/>
  <testcase name="parseProjectModifiedBeforeJDK8" classname="com.google.refine.util.ParsingUtilitiesTests" time="0"/>
  <testcase name="strSubstitutorTest" classname="com.google.refine.util.ParsingUtilitiesTests" time="0.013"/>
  <testcase name="stringToDate" classname="com.google.refine.util.ParsingUtilitiesTests" time="0.004"/>
  <testcase name="stringToLocalDate" classname="com.google.refine.util.ParsingUtilitiesTests" time="0.001"/>
  <testcase name="stringToLocalDateNonUTC" classname="com.google.refine.util.ParsingUtilitiesTests" time="0"/>
  <testcase name="zonedDateTimeTest" classname="com.google.refine.util.ParsingUtilitiesTests" time="0.002"/>
  <testcase name="serializeRangeFacet" classname="com.google.refine.browsing.facets.RangeFacetTests" time="0.027"/>
  <testcase name="serializeRangeFacetConfig" classname="com.google.refine.browsing.facets.RangeFacetTests" time="0.002"/>
  <testcase name="testCSRFProtection" classname="com.google.refine.commands.expr.ToggleStarredExpressionCommandTests" time="0"/>
  <testcase name="testJsonResponse" classname="com.google.refine.commands.expr.ToggleStarredExpressionCommandTests" time="0.014"/>
  <testcase name="canParseDeeplyNestedSample" classname="com.google.refine.importers.XmlImporterTests" time="0.016"/>
  <testcase name="canParseSample" classname="com.google.refine.importers.XmlImporterTests" time="0.01"/>
  <testcase name="canParseSampleWithDuplicateNestedElements" classname="com.google.refine.importers.XmlImporterTests" time="0.033"/>
  <testcase name="canParseSampleWithMixedElement" classname="com.google.refine.importers.XmlImporterTests" time="0.004"/>
  <testcase name="ignoresDtds" classname="com.google.refine.importers.XmlImporterTests" time="0.71"/>
  <testcase name="testCanParseLineBreak" classname="com.google.refine.importers.XmlImporterTests" time="0.008"/>
  <testcase name="testElementWithNestedTree" classname="com.google.refine.importers.XmlImporterTests" time="0.015"/>
  <testcase name="testElementsWithVaryingStructure" classname="com.google.refine.importers.XmlImporterTests" time="0.004"/>
  <testcase name="serializeColumnModel" classname="com.google.refine.model.ColumnModelTests" time="0.003"/>
  <testcase name="serializeColumnModelEmpty" classname="com.google.refine.model.ColumnModelTests" time="0.001"/>
  <testcase name="serializeRecordModel" classname="com.google.refine.model.RecordModelTests" time="0.003"/>
  <testcase name="serializeColumnMoveOperation" classname="com.google.refine.operations.column.ColumnMoveOperationTests" time="0.002"/>
  <testcase name="serializeReconJudgeSimilarCellsOperation" classname="com.google.refine.operations.recon.ReconJudgeSimilarCellsTests" time="0"/>
  <testcase name="serializeReconJudgeSimilarCellsOperationMatch" classname="com.google.refine.operations.recon.ReconJudgeSimilarCellsTests" time="0.001"/>
  <testcase name="testMarkNewTopics" classname="com.google.refine.operations.recon.ReconJudgeSimilarCellsTests" time="0.003"/>
  <testcase name="danglingBackslashTest" classname="com.google.refine.util.PatternSyntaxExceptionParserTests" time="0"/>
  <testcase name="illegalQuantifierStatement" classname="com.google.refine.util.PatternSyntaxExceptionParserTests" time="0"/>
  <testcase name="quantifierMagnitudeTest" classname="com.google.refine.util.PatternSyntaxExceptionParserTests" time="0"/>
  <testcase name="quantifierTargetValidityTest" classname="com.google.refine.util.PatternSyntaxExceptionParserTests" time="0"/>
  <testcase name="rangeOrderTest" classname="com.google.refine.util.PatternSyntaxExceptionParserTests" time="0"/>
  <testcase name="unmatchedClosingParenthesisTest" classname="com.google.refine.util.PatternSyntaxExceptionParserTests" time="0"/>
  <testcase name="unmatchedOpeningCurlyBracketTest" classname="com.google.refine.util.PatternSyntaxExceptionParserTests" time="0"/>
  <testcase name="unmatchedOpeningParenthesisTest" classname="com.google.refine.util.PatternSyntaxExceptionParserTests" time="0.001"/>
  <testcase name="unmatchedOpeningSquareBracketTest" classname="com.google.refine.util.PatternSyntaxExceptionParserTests" time="0"/>
  <testcase name="serializeScatterplotFacet" classname="com.google.refine.browsing.facets.ScatterplotFacetTests" time="0.419"/>
  <testcase name="serializeScatterplotFacetConfig" classname="com.google.refine.browsing.facets.ScatterplotFacetTests" time="0.016"/>
  <testcase name="testGetToken" classname="com.google.refine.commands.GetCSRFTokenCommandTest" time="0.006"/>
  <testcase name="serializeColumn" classname="com.google.refine.model.ColumnTests" time="0.005"/>
  <testcase name="blankCell" classname="com.google.refine.model.RowTests" time="0"/>
  <testcase name="duplicateRow" classname="com.google.refine.model.RowTests" time="0"/>
  <testcase name="emptyRow" classname="com.google.refine.model.RowTests" time="0"/>
  <testcase name="getFlaggedField" classname="com.google.refine.model.RowTests" time="0"/>
  <testcase name="getStarredField" classname="com.google.refine.model.RowTests" time="0"/>
  <testcase name="nonBlankCell" classname="com.google.refine.model.RowTests" time="0"/>
  <testcase name="notEmptyRow" classname="com.google.refine.model.RowTests" time="0"/>
  <testcase name="saveRow" classname="com.google.refine.model.RowTests" time="0.001"/>
  <testcase name="saveRowWithRecordIndex" classname="com.google.refine.model.RowTests" time="0"/>
  <testcase name="serializeRowTest" classname="com.google.refine.model.RowTests" time="0.002"/>
  <testcase name="toStringTest" classname="com.google.refine.model.RowTests" time="0"/>
  <testcase name="serializeColumnRemovalOperation" classname="com.google.refine.operations.column.ColumnRemovalOperationTests" time="0.002"/>
  <testcase name="serializeReconMarkNewTopicsOperation" classname="com.google.refine.operations.recon.ReconMarkNewTopicsOperationTests" time="0.003"/>
  <testcase name="serializeTextSearchFacet" classname="com.google.refine.browsing.facets.TextSearchFacetTests" time="0.001"/>
  <testcase name="serializeTextSearchFacetConfig" classname="com.google.refine.browsing.facets.TextSearchFacetTests" time="0.001"/>
  <testcase name="testCaseSensitiveFilter" classname="com.google.refine.browsing.facets.TextSearchFacetTests" time="0"/>
  <testcase name="testInvertedTextFilter" classname="com.google.refine.browsing.facets.TextSearchFacetTests" time="0.002"/>
  <testcase name="testRegExFilter" classname="com.google.refine.browsing.facets.TextSearchFacetTests" time="0"/>
  <testcase name="testTextFilter" classname="com.google.refine.browsing.facets.TextSearchFacetTests" time="0"/>
  <testcase name="testCSRFProtection" classname="com.google.refine.commands.history.ApplyOperationsCommandTests" time="0.001"/>
  <testcase name="serializeBlankDownOperation" classname="com.google.refine.operations.cell.BlankDownTests" time="0.003"/>
  <testcase name="testBlankDownRecords" classname="com.google.refine.operations.cell.BlankDownTests" time="0.001"/>
  <testcase name="testBlankDownRows" classname="com.google.refine.operations.cell.BlankDownTests" time="0.001"/>
  <testcase name="testKeyColumnIndex" classname="com.google.refine.operations.cell.BlankDownTests" time="0"/>
  <testcase name="serializeColumnRenameOperation" classname="com.google.refine.operations.column.ColumnRenameOperationTests" time="0.003"/>
  <testcase name="serializeReconMatchBestCandidatesOperation" classname="com.google.refine.operations.recon.ReconMatchBestCandidatesOperationTests" time="0.023"/>
  <testcase name="serializeTimeRangeFacet" classname="com.google.refine.browsing.facets.TimeRangeFacetTests" time="0.004"/>
  <testcase name="serializeTimeRangeFacetConfig" classname="com.google.refine.browsing.facets.TimeRangeFacetTests" time="0.001"/>
  <testcase name="testCSRFProtection" classname="com.google.refine.commands.history.CancelProcessesCommandTests" time="0"/>
  <testcase name="serializeFillDownOperation" classname="com.google.refine.operations.cell.FillDownTests" time="0.003"/>
  <testcase name="testFillDownRecordKey" classname="com.google.refine.operations.cell.FillDownTests" time="0.001"/>
  <testcase name="testFillDownRecords" classname="com.google.refine.operations.cell.FillDownTests" time="0"/>
  <testcase name="testFillDownRows" classname="com.google.refine.operations.cell.FillDownTests" time="0"/>
  <testcase name="testKeyColumnIndex" classname="com.google.refine.operations.cell.FillDownTests" time="0.001"/>
  <testcase name="serializeColumnReorderOperation" classname="com.google.refine.operations.column.ColumnReorderOperationTests" time="0.001"/>
  <testcase name="testEraseCellsOnRemovedColumns" classname="com.google.refine.operations.column.ColumnReorderOperationTests" time="0.001"/>
  <testcase name="serializeReconMatchSpecificTopicOperation" classname="com.google.refine.operations.recon.ReconMatchSpecificTopicOperationTests" time="0.004"/>
  <testcase name="expressionNominalValueGrouperDates" classname="com.google.refine.browsing.util.ExpressionNominalValueGrouperTests" time="0"/>
  <testcase name="expressionNominalValueGrouperInts" classname="com.google.refine.browsing.util.ExpressionNominalValueGrouperTests" time="0.001"/>
  <testcase name="expressionNominalValueGrouperStrings" classname="com.google.refine.browsing.util.ExpressionNominalValueGrouperTests" time="0"/>
  <testcase name="testCSRFProtection" classname="com.google.refine.commands.history.UndoRedoCommandTests" time="0.001"/>
  <testcase name="serializeMultiValuedCellJoinOperation" classname="com.google.refine.operations.cell.JoinMultiValuedCellsTests" time="0.002"/>
  <testcase name="testJoinMultiValuedCells" classname="com.google.refine.operations.cell.JoinMultiValuedCellsTests" time="0.001"/>
  <testcase name="testJoinMultiValuedCellsMultipleSpaces" classname="com.google.refine.operations.cell.JoinMultiValuedCellsTests" time="0"/>
  <testcase name="serializeColumnSplitOperationByLengths" classname="com.google.refine.operations.column.ColumnSplitOperationTests" time="0.004"/>
  <testcase name="serializeColumnSplitOperationBySeparator" classname="com.google.refine.operations.column.ColumnSplitOperationTests" time="0.001"/>
  <testcase name="serializeReconOperation" classname="com.google.refine.operations.recon.ReconOperationTests" time="0.002"/>
  <testcase name="serializeReconProcess" classname="com.google.refine.operations.recon.ReconOperationTests" time="0.005"/>
  <testcase name="testNoLonelyClusters" classname="com.google.refine.clustering.binning.BinningClustererTests" time="0.027"/>
  <testcase name="testSerializeBinningClusterer" classname="com.google.refine.clustering.binning.BinningClustererTests" time="0.009"/>
  <testcase name="testSerializeBinningClustererConfig" classname="com.google.refine.clustering.binning.BinningClustererTests" time="0.003"/>
  <testcase name="testSerializeBinningClustererConfigWithNgrams" classname="com.google.refine.clustering.binning.BinningClustererTests" time="0"/>
  <testcase name="testCSRFProtection" classname="com.google.refine.commands.importing.CancelImportingJobCommandTests" time="0"/>
  <testcase name="serializeKeyValueColumnizeOperation" classname="com.google.refine.operations.cell.KeyValueColumnizeTests" time="0.004"/>
  <testcase name="testKeyValueColumnize" classname="com.google.refine.operations.cell.KeyValueColumnizeTests" time="0.03"/>
  <testcase name="testKeyValueColumnizeWithID" classname="com.google.refine.operations.cell.KeyValueColumnizeTests" time="0.042"/>
  <testcase name="serializeReconUseValuesAsIdentifiersOperation" classname="com.google.refine.operations.recon.ReconUseValuesAsIdsOperationTests" time="0"/>
  <testcase name="testUseValuesAsIds" classname="com.google.refine.operations.recon.ReconUseValuesAsIdsOperationTests" time="0.003"/>
  <testcase name="testFingerprintKeyer" classname="com.google.refine.clustering.binning.KeyerTests" time="0.004"/>
  <testcase name="testInvalidParams" classname="com.google.refine.clustering.binning.KeyerTests" time="0.001"/>
  <testcase name="testNGramKeyer" classname="com.google.refine.clustering.binning.KeyerTests" time="0"/>
  <testcase name="testCSRFProtection" classname="com.google.refine.commands.importing.CreateImportingJobCommandTests" time="0"/>
  <testcase name="serializeDenormalizeOperation" classname="com.google.refine.operations.row.DenormalizeOperationTests" time="0.001"/>
  <testcase name="serializekNNClusterer" classname="com.google.refine.clustering.knn.kNNClustererTests" time="0.06"/>
  <testcase name="serializekNNClustererConfig" classname="com.google.refine.clustering.knn.kNNClustererTests" time="0.001"/>
  <testcase name="testNoLonelyclusters" classname="com.google.refine.clustering.knn.kNNClustererTests" time="0.003"/>
  <testcase name="testCSRFProtection" classname="com.google.refine.commands.importing.ImportingControllerCommandTests" time="0.001"/>
  <testcase name="serializeRowFlagOperation" classname="com.google.refine.operations.row.RowFlagOperationTests" time="0.002"/>
  <testcase name="testGetFunctionsAndKeyers" classname="com.google.refine.commands.browsing.GetClusteringFunctionsAndDistancesCommandTest" time="0.015"/>
  <testcase name="testLoadLanguages" classname="com.google.refine.commands.lang.LoadLanguageCommandTests" time="0.007"/>
  <testcase name="serializeRowRemovalOperation" classname="com.google.refine.operations.row.RowRemovalOperationTests" time="0.001"/>
  <testcase name="testParseConfig" classname="com.google.refine.commands.browsing.ScatterplotDrawCommandTests" time="0.001"/>
  <testcase name="testParseConfigWithNone" classname="com.google.refine.commands.browsing.ScatterplotDrawCommandTests" time="0"/>
  <testcase name="testCSRFProtection" classname="com.google.refine.commands.OpenWorkspaceDirCommandTests" time="0"/>
  <testcase name="serializeRowReorderOperation" classname="com.google.refine.operations.row.RowReorderOperationTests" time="0.002"/>
  <testcase name="testSortEmptyString" classname="com.google.refine.operations.row.RowReorderOperationTests" time="0.001"/>
  <testcase name="testEditOneCell" classname="com.google.refine.commands.cell.EditOneCellCommandTests" time="0.004"/>
  <testcase name="testMissingCSRFToken" classname="com.google.refine.commands.cell.EditOneCellCommandTests" time="0.001"/>
  <testcase name="testCSRFProtection" classname="com.google.refine.commands.project.ImportProjectCommandTests" time="0.001"/>
  <testcase name="serializeRowStarOperation" classname="com.google.refine.operations.row.RowStarOperationTests" time="0.002"/>
  <testcase name="testCSRFProtection" classname="com.google.refine.commands.cell.JoinMultiValueCellsCommandTests" time="0.001"/>
  <testcase name="testCSRFProtection" classname="com.google.refine.commands.project.RenameProjectCommandTests" time="0.001"/>
  <testcase name="serializePreferenceStore" classname="com.google.refine.preference.PreferenceStoreTests" time="0.001"/>
  <testcase name="testCSRFProtection" classname="com.google.refine.commands.cell.KeyValueColumnizeCommandTests" time="0.002"/>
  <testcase name="doPostThrowsIfCommand_getProjectReturnsNull" classname="com.google.refine.commands.project.SetProjectMetadataCommandTests" time="0.002"/>
  <testcase name="setMetadataTest" classname="com.google.refine.commands.project.SetProjectMetadataCommandTests" time="0.001"/>
  <testcase name="setUserMetadataFieldTest" classname="com.google.refine.commands.project.SetProjectMetadataCommandTests" time="0.007"/>
  <testcase name="serializeTopList" classname="com.google.refine.preference.TopListTests" time="0"/>
  <testcase name="testCSRFProtection" classname="com.google.refine.commands.cell.SplitMultiValueCellsCommandTests" time="0"/>
  <testcase name="testCSRFProtection" classname="com.google.refine.commands.project.SetProjectTagsCommandTests" time="0.001"/>
  <testcase name="serializeHistoryProcess" classname="com.google.refine.process.HistoryProcessTests" time="0.002"/>
  <testcase name="testCSRFProtection" classname="com.google.refine.commands.cell.TransposeColumnsIntoRowsCommandTests" time="0.002"/>
  <testcase name="testCSRFProtection" classname="com.google.refine.commands.recon.GuessTypesOfColumnCommandTests" time="0"/>
  <testcase name="testCSRFProtection" classname="com.google.refine.commands.cell.TransposeRowsIntoColumnsCommandTests" time="0.001"/>
  <testcase name="testCSRFProtection" classname="com.google.refine.commands.recon.PreviewExtendDataCommandTests" time="0"/>
  <testcase name="testCSRFProtection" classname="com.google.refine.commands.column.MoveColumnCommandTests" time="0"/>
  <testcase name="testCSRFProtection" classname="com.google.refine.commands.recon.ReconClearOneCellCommandTests" time="0"/>
  <testcase name="testCSRFProtection" classname="com.google.refine.commands.column.RemoveColumnCommandTests" time="0"/>
  <testcase name="testMarkOneCellInReconciledColumn" classname="com.google.refine.commands.recon.ReconJudgeOneCellCommandTest" time="0.009"/>
  <testcase name="testMarkOneCellWithCustomSpace" classname="com.google.refine.commands.recon.ReconJudgeOneCellCommandTest" time="0.001"/>
  <testcase name="testCSRFProtection" classname="com.google.refine.commands.column.RenameColumnCommandTests" time="0"/>
  <testcase name="testCSRFProtection" classname="com.google.refine.commands.row.AnnotateOneRowCommandTests" time="0"/>
  <testcase name="testCSRFProtection" classname="com.google.refine.commands.row.DenormalizeCommandTests" time="0"/>
  <testcase name="testJsonOutputRecords" classname="com.google.refine.commands.row.GetRowsCommandTest" time="0.008"/>
  <testcase name="testJsonOutputRows" classname="com.google.refine.commands.row.GetRowsCommandTest" time="0.001"/>
  <testcase name="testCSRFProtection" classname="com.google.refine.commands.SetPreferenceCommandTests" time="0.001"/>
  <testcase name="doPostCatchesExceptionFromWriter" classname="com.google.refine.commands.util.CancelProcessesCommandTests" time="0.019"/>
  <testcase name="doPostFailsThrowsWithNullParameters" classname="com.google.refine.commands.util.CancelProcessesCommandTests" time="0"/>
  <testcase name="doPostRegressionTest" classname="com.google.refine.commands.util.CancelProcessesCommandTests" time="0.004"/>
  <testcase name="doPostThrowsIfCommand_getProjectReturnsNull" classname="com.google.refine.commands.util.CancelProcessesCommandTests" time="0.052"/>
  <testcase name="exportCsvWithComma" classname="com.google.refine.exporters.CsvExporterTests" time="0"/>
  <testcase name="exportCsvWithEmptyCells" classname="com.google.refine.exporters.CsvExporterTests" time="0"/>
  <testcase name="exportCsvWithLineBreaks" classname="com.google.refine.exporters.CsvExporterTests" time="0"/>
  <testcase name="exportCsvWithQuote" classname="com.google.refine.exporters.CsvExporterTests" time="0"/>
  <testcase name="exportSimpleCsv" classname="com.google.refine.exporters.CsvExporterTests" time="0"/>
  <testcase name="exportSimpleCsvCustomLineSeparator" classname="com.google.refine.exporters.CsvExporterTests" time="0"/>
  <testcase name="exportSimpleCsvNoHeader" classname="com.google.refine.exporters.CsvExporterTests" time="0"/>
  <testcase name="exportHtmlTableWithEmptyCells" classname="com.google.refine.exporters.HtmlExporterTests" time="0"/>
  <testcase name="exportHtmlTableWithURLs" classname="com.google.refine.exporters.HtmlExporterTests" time="0.056"/>
  <testcase name="exportSimpleHtmlTable" classname="com.google.refine.exporters.HtmlExporterTests" time="0.001"/>
  <testcase name="testExportSimpleSql" classname="com.google.refine.exporters.sql.SqlExporterTests" time="0.026"/>
  <testcase name="testExportSqlIncludeSchemaWithDropStmt" classname="com.google.refine.exporters.sql.SqlExporterTests" time="0.001"/>
  <testcase name="testExportSqlNoContent" classname="com.google.refine.exporters.sql.SqlExporterTests" time="0.002"/>
  <testcase name="testExportSqlNoSchema" classname="com.google.refine.exporters.sql.SqlExporterTests" time="0.001"/>
  <testcase name="testExportSqlWithNonZeroScaleNumericValue" classname="com.google.refine.exporters.sql.SqlExporterTests" time="0.008"/>
  <testcase name="testExportSqlWithNotNullColumns" classname="com.google.refine.exporters.sql.SqlExporterTests" time="0.025"/>
  <testcase name="testExportSqlWithNullFields" classname="com.google.refine.exporters.sql.SqlExporterTests" time="0.005"/>
  <testcase name="testExportSqlWithSingleQuote" classname="com.google.refine.exporters.sql.SqlExporterTests" time="0.002"/>
  <testcase name="testGetCreateSql" classname="com.google.refine.exporters.sql.SqlExporterTests" time="0.002"/>
  <testcase name="exportEmptyTemplate" classname="com.google.refine.exporters.TemplatingExporterTests" time="0"/>
  <testcase name="exportSimpleTemplate" classname="com.google.refine.exporters.TemplatingExporterTests" time="0"/>
  <testcase name="exportTemplateWithEmptyCells" classname="com.google.refine.exporters.TemplatingExporterTests" time="0"/>
  <testcase name="exportTemplateWithLimit" classname="com.google.refine.exporters.TemplatingExporterTests" time="0"/>
  <testcase name="exportSimpleTsv" classname="com.google.refine.exporters.TsvExporterTests" time="0"/>
  <testcase name="exportSimpleTsvNoHeader" classname="com.google.refine.exporters.TsvExporterTests" time="0.001"/>
  <testcase name="exportTsvWithComma" classname="com.google.refine.exporters.TsvExporterTests" time="0.002"/>
  <testcase name="exportTsvWithEmptyCells" classname="com.google.refine.exporters.TsvExporterTests" time="0"/>
  <testcase name="exportTsvWithLineBreaks" classname="com.google.refine.exporters.TsvExporterTests" time="0.001"/>
  <testcase name="exportTsvWithQuote" classname="com.google.refine.exporters.TsvExporterTests" time="0"/>
  <testcase name="exportDateType" classname="com.google.refine.exporters.XlsExporterTests" time="0.009"/>
  <testcase name="exportSimpleXls" classname="com.google.refine.exporters.XlsExporterTests" time="0.002"/>
  <testcase name="exportSimpleXlsx" classname="com.google.refine.exporters.XlsxExporterTests" time="0.094"/>
  <testcase name="exportXlsxDateType" classname="com.google.refine.exporters.XlsxExporterTests" time="0.04"/>
  <testcase name="serializeEvalError" classname="com.google.refine.expr.EvalErrorTests" time="0.001"/>
  <testcase name="testSameValueFalse" classname="com.google.refine.expr.ExpressionUtilsTests" time="0"/>
  <testcase name="testSameValueTrue" classname="com.google.refine.expr.ExpressionUtilsTests" time="0"/>
  <testcase name="serializeInArray" classname="com.google.refine.expr.functions.arrays.InArrayTests" time="0.001"/>
  <testcase name="testInArray" classname="com.google.refine.expr.functions.arrays.InArrayTests" time="0"/>
  <testcase name="testInArrayParameters" classname="com.google.refine.expr.functions.arrays.InArrayTests" time="0.001"/>
  <testcase name="testInArrayWithArrayNode" classname="com.google.refine.expr.functions.arrays.InArrayTests" time="0"/>
  <testcase name="serializeJoin" classname="com.google.refine.expr.functions.arrays.JoinTests" time="0"/>
  <testcase name="serializeReverse" classname="com.google.refine.expr.functions.arrays.ReverseTests" time="0"/>
  <testcase name="serializeSort" classname="com.google.refine.expr.functions.arrays.SortTests" time="0.001"/>
  <testcase name="serializeUniques" classname="com.google.refine.expr.functions.arrays.UniquesTests" time="0"/>
  <testcase name="serializeAnd" classname="com.google.refine.expr.functions.booleans.AndTests" time="0"/>
  <testcase name="testBinary" classname="com.google.refine.expr.functions.booleans.BooleanTests" time="0"/>
  <testcase name="testInvalidParams" classname="com.google.refine.expr.functions.booleans.BooleanTests" time="0"/>
  <testcase name="serializeNot" classname="com.google.refine.expr.functions.booleans.NotTests" time="0"/>
  <testcase name="serializeOr" classname="com.google.refine.expr.functions.booleans.OrTests" time="0"/>
  <testcase name="serializeXor" classname="com.google.refine.expr.functions.booleans.XorTests" time="0.001"/>
  <testcase name="serializeCoalesce" classname="com.google.refine.expr.functions.CoalesceTests" time="0"/>
  <testcase name="testCoalesce" classname="com.google.refine.expr.functions.CoalesceTests" time="0.001"/>
  <testcase name="testCoalesceInvalidParams" classname="com.google.refine.expr.functions.CoalesceTests" time="0.001"/>
  <testcase name="crossFunctionBooleanTest" classname="com.google.refine.expr.functions.CrossTests" time="0"/>
  <testcase name="crossFunctionCaseSensitiveTest" classname="com.google.refine.expr.functions.CrossTests" time="0.001"/>
  <testcase name="crossFunctionDateTimeTest" classname="com.google.refine.expr.functions.CrossTests" time="0"/>
  <testcase name="crossFunctionIntegerTest" classname="com.google.refine.expr.functions.CrossTests" time="0"/>
  <testcase name="crossFunctionMatchNotFoundTest" classname="com.google.refine.expr.functions.CrossTests" time="0"/>
  <testcase name="crossFunctionMissingColumn" classname="com.google.refine.expr.functions.CrossTests" time="0"/>
  <testcase name="crossFunctionMissingProject" classname="com.google.refine.expr.functions.CrossTests" time="0.001"/>
  <testcase name="crossFunctionMultipleProjects" classname="com.google.refine.expr.functions.CrossTests" time="0"/>
  <testcase name="crossFunctionNonLiteralValue" classname="com.google.refine.expr.functions.CrossTests" time="0"/>
  <testcase name="crossFunctionOneToManyTest" classname="com.google.refine.expr.functions.CrossTests" time="0"/>
  <testcase name="crossFunctionOneToOneTest" classname="com.google.refine.expr.functions.CrossTests" time="0.001"/>
  <testcase name="serializeCross" classname="com.google.refine.expr.functions.CrossTests" time="0.001"/>
  <testcase name="serializeDatePart" classname="com.google.refine.expr.functions.date.DatePartTests" time="0.001"/>
  <testcase name="testOffsetDateTimeDatePart" classname="com.google.refine.expr.functions.date.DatePartTests" time="0.005"/>
  <testcase name="serializeInc" classname="com.google.refine.expr.functions.date.IncTests" time="0"/>
  <testcase name="testInc" classname="com.google.refine.expr.functions.date.IncTests" time="0.002"/>
  <testcase name="serializeNow" classname="com.google.refine.expr.functions.date.NowTests" time="0"/>
  <testcase name="testNow" classname="com.google.refine.expr.functions.date.NowTests" time="0"/>
  <testcase name="serializeFacetCount" classname="com.google.refine.expr.functions.FacetCountTests" time="0.001"/>
  <testcase name="serializeGet" classname="com.google.refine.expr.functions.GetTests" time="0"/>
  <testcase name="serializeHasField" classname="com.google.refine.expr.functions.HasFieldTests" time="0"/>
  <testcase name="serializeInnerHtml" classname="com.google.refine.expr.functions.html.InnerHtmlTests" time="0.001"/>
  <testcase name="serializeParseHtml" classname="com.google.refine.expr.functions.html.ParseHtmlTests" time="0.001"/>
  <testcase name="testParseHtml" classname="com.google.refine.expr.functions.html.ParseHtmlTests" time="0.193"/>
  <testcase name="serializeJsonize" classname="com.google.refine.expr.functions.JsonizeTests" time="0"/>
  <testcase name="serializeLength" classname="com.google.refine.expr.functions.LengthTests" time="0"/>
  <testcase name="serializeAbs" classname="com.google.refine.expr.functions.math.AbsTests" time="0"/>
  <testcase name="serializeACos" classname="com.google.refine.expr.functions.math.ACosTests" time="0.001"/>
  <testcase name="serializeASin" classname="com.google.refine.expr.functions.math.ASinTests" time="0.001"/>
  <testcase name="serializeATan2" classname="com.google.refine.expr.functions.math.ATan2Tests" time="0"/>
  <testcase name="serializeATan" classname="com.google.refine.expr.functions.math.ATanTests" time="0"/>
  <testcase name="serializeCeil" classname="com.google.refine.expr.functions.math.CeilTests" time="0"/>
  <testcase name="serializeCombin" classname="com.google.refine.expr.functions.math.CombinTests" time="0"/>
  <testcase name="serializeCosh" classname="com.google.refine.expr.functions.math.CoshTests" time="0"/>
  <testcase name="serializeCos" classname="com.google.refine.expr.functions.math.CosTests" time="0"/>
  <testcase name="serializeDegrees" classname="com.google.refine.expr.functions.math.DegreesTests" time="0.001"/>
  <testcase name="serializeEven" classname="com.google.refine.expr.functions.math.EvenTests" time="0"/>
  <testcase name="serializeExp" classname="com.google.refine.expr.functions.math.ExpTests" time="0.001"/>
  <testcase name="serializeFactN" classname="com.google.refine.expr.functions.math.FactNTests" time="0"/>
  <testcase name="serializeFact" classname="com.google.refine.expr.functions.math.FactTests" time="0"/>
  <testcase name="serializeFloor" classname="com.google.refine.expr.functions.math.FloorTests" time="0.001"/>
  <testcase name="serializeGreatestCommonDenominator" classname="com.google.refine.expr.functions.math.GreatestCommonDenominatorTests" time="0.001"/>
  <testcase name="serializeLeastCommonMultiple" classname="com.google.refine.expr.functions.math.LeastCommonMultipleTests" time="0"/>
  <testcase name="serializeLn" classname="com.google.refine.expr.functions.math.LnTests" time="0"/>
  <testcase name="serializeLog" classname="com.google.refine.expr.functions.math.LogTests" time="0"/>
  <testcase name="serializeMax" classname="com.google.refine.expr.functions.math.MaxTests" time="0.001"/>
  <testcase name="serializeMin" classname="com.google.refine.expr.functions.math.MinTests" time="0.001"/>
  <testcase name="serializeMod" classname="com.google.refine.expr.functions.math.ModTests" time="0.001"/>
  <testcase name="serializeMultinomial" classname="com.google.refine.expr.functions.math.MultinomialTests" time="0"/>
  <testcase name="serializeOdd" classname="com.google.refine.expr.functions.math.OddTests" time="0.001"/>
  <testcase name="serializePow" classname="com.google.refine.expr.functions.math.PowTests" time="0.001"/>
  <testcase name="serializeQuotient" classname="com.google.refine.expr.functions.math.QuotientTests" time="0.001"/>
  <testcase name="serializeRadians" classname="com.google.refine.expr.functions.math.RadiansTests" time="0.001"/>
  <testcase name="serializeRandomNumber" classname="com.google.refine.expr.functions.math.RandomNumberTests" time="0"/>
  <testcase name="testRandomNumber" classname="com.google.refine.expr.functions.math.RandomNumberTests" time="0.004"/>
  <testcase name="testRandomNumberParameters" classname="com.google.refine.expr.functions.math.RandomNumberTests" time="0"/>
  <testcase name="serializeRound" classname="com.google.refine.expr.functions.math.RoundTests" time="0.001"/>
  <testcase name="serializeSinh" classname="com.google.refine.expr.functions.math.SinhTests" time="0"/>
  <testcase name="serializeSin" classname="com.google.refine.expr.functions.math.SinTests" time="0"/>
  <testcase name="serializeSum" classname="com.google.refine.expr.functions.math.SumTests" time="0.001"/>
  <testcase name="serializeTanh" classname="com.google.refine.expr.functions.math.TanhTests" time="0"/>
  <testcase name="serializeTan" classname="com.google.refine.expr.functions.math.TanTests" time="0"/>
  <testcase name="serializeSlice" classname="com.google.refine.expr.functions.SliceTests" time="0.001"/>
  <testcase name="serializeChomp" classname="com.google.refine.expr.functions.strings.ChompTests" time="0.001"/>
  <testcase name="serializeContains" classname="com.google.refine.expr.functions.strings.ContainsTests" time="0"/>
  <testcase name="testContainsFunction" classname="com.google.refine.expr.functions.strings.ContainsTests" time="0"/>
  <testcase name="serializeDiff" classname="com.google.refine.expr.functions.strings.DiffTests" time="0"/>
  <testcase name="testDiffInvalidParams" classname="com.google.refine.expr.functions.strings.DiffTests" time="0"/>
  <testcase name="testDiffOffsetDateTime" classname="com.google.refine.expr.functions.strings.DiffTests" time="0.001"/>
  <testcase name="testDiffOffsetDateTimeEvalErrors" classname="com.google.refine.expr.functions.strings.DiffTests" time="0"/>
  <testcase name="testDiffOffsetDateTimeEvalErrorsForIncorrectTimeUnit" classname="com.google.refine.expr.functions.strings.DiffTests" time="0"/>
  <testcase name="testDiffString" classname="com.google.refine.expr.functions.strings.DiffTests" time="0"/>
  <testcase name="serializeEndsWith" classname="com.google.refine.expr.functions.strings.EndsWithTests" time="0.001"/>
  <testcase name="serializeEscape" classname="com.google.refine.expr.functions.strings.EscapeTests" time="0.001"/>
  <testcase name="findFunctionFindAllTest" classname="com.google.refine.expr.functions.strings.FindTests" time="0"/>
  <testcase name="findFunctionFindLiteralTest" classname="com.google.refine.expr.functions.strings.FindTests" time="0.001"/>
  <testcase name="findFunctionFindRegexTest" classname="com.google.refine.expr.functions.strings.FindTests" time="0"/>
  <testcase name="serializeFind" classname="com.google.refine.expr.functions.strings.FindTests" time="0.001"/>
  <testcase name="serializeFingerprint" classname="com.google.refine.expr.functions.strings.FingerprintTests" time="0.002"/>
  <testcase name="testInvalidParams" classname="com.google.refine.expr.functions.strings.FingerprintTests" time="0"/>
  <testcase name="testNormalize" classname="com.google.refine.expr.functions.strings.FingerprintTests" time="0"/>
  <testcase name="serializeIndexOf" classname="com.google.refine.expr.functions.strings.IndexOfTests" time="0"/>
  <testcase name="serializeLastIndexOf" classname="com.google.refine.expr.functions.strings.LastIndexOfTests" time="0"/>
  <testcase name="serializeMatch" classname="com.google.refine.expr.functions.strings.MatchTests" time="0"/>
  <testcase name="serializeMD5" classname="com.google.refine.expr.functions.strings.MD5Tests" time="0"/>
  <testcase name="serializeNGramFingerprint" classname="com.google.refine.expr.functions.strings.NGramFingerprintTests" time="0.001"/>
  <testcase name="serializeNGram" classname="com.google.refine.expr.functions.strings.NGramTests" time="0"/>
  <testcase name="serializeParseJson" classname="com.google.refine.expr.functions.strings.ParseJsonTests" time="0"/>
  <testcase name="serializePartition" classname="com.google.refine.expr.functions.strings.PartitionTests" time="0"/>
  <testcase name="serializePhonetic" classname="com.google.refine.expr.functions.strings.PhoneticTests" time="0.004"/>
  <testcase name="serializeRange" classname="com.google.refine.expr.functions.strings.RangeTests" time="0"/>
  <testcase name="testRangeInvalidParams" classname="com.google.refine.expr.functions.strings.RangeTests" time="0.004"/>
  <testcase name="testRangeValidDoubleStringParams" classname="com.google.refine.expr.functions.strings.RangeTests" time="0.004"/>
  <testcase name="testRangeValidIntegerParams" classname="com.google.refine.expr.functions.strings.RangeTests" time="0"/>
  <testcase name="testRangeValidMixedParams" classname="com.google.refine.expr.functions.strings.RangeTests" time="0.003"/>
  <testcase name="testRangeValidSingleStringParams" classname="com.google.refine.expr.functions.strings.RangeTests" time="0"/>
  <testcase name="testRangeValidTripleStringParams" classname="com.google.refine.expr.functions.strings.RangeTests" time="0"/>
  <testcase name="serializeReinterpret" classname="com.google.refine.expr.functions.strings.ReinterpretTests" time="0"/>
  <testcase name="serializeReplaceChars" classname="com.google.refine.expr.functions.strings.ReplaceCharsTests" time="0"/>
  <testcase name="serializeReplace" classname="com.google.refine.expr.functions.strings.ReplaceTests" time="0"/>
  <testcase name="serializeRPartition" classname="com.google.refine.expr.functions.strings.RPartitionTests" time="0.001"/>
  <testcase name="serializeSHA1" classname="com.google.refine.expr.functions.strings.SHA1Tests" time="0.001"/>
  <testcase name="serializeSmartSplit" classname="com.google.refine.expr.functions.strings.SmartSplitTests" time="0"/>
  <testcase name="testSmartSplitCharSepGiven" classname="com.google.refine.expr.functions.strings.SmartSplitTests" time="0.001"/>
  <testcase name="testSmartSplitCharSepSpace" classname="com.google.refine.expr.functions.strings.SmartSplitTests" time="0"/>
  <testcase name="testSmartSplitGuessComma" classname="com.google.refine.expr.functions.strings.SmartSplitTests" time="0.009"/>
  <testcase name="testSmartSplitGuessTab" classname="com.google.refine.expr.functions.strings.SmartSplitTests" time="0"/>
  <testcase name="testSmartSplitInvalidParams" classname="com.google.refine.expr.functions.strings.SmartSplitTests" time="0"/>
  <testcase name="testSmartSplitStringSepGiven" classname="com.google.refine.expr.functions.strings.SmartSplitTests" time="0"/>
  <testcase name="serializeSplitByCharType" classname="com.google.refine.expr.functions.strings.SplitByCharTypeTests" time="0"/>
  <testcase name="serializeSplitByLengths" classname="com.google.refine.expr.functions.strings.SplitByLengthsTests" time="0"/>
  <testcase name="serializeSplit" classname="com.google.refine.expr.functions.strings.SplitTests" time="0"/>
  <testcase name="serializeStartsWith" classname="com.google.refine.expr.functions.strings.StartsWithTests" time="0"/>
  <testcase name="testToTitlecase" classname="com.google.refine.expr.functions.strings.StringCaseTests" time="0"/>
  <testcase name="testToTitlecaseInvalidParams" classname="com.google.refine.expr.functions.strings.StringCaseTests" time="0"/>
  <testcase name="testEscape" classname="com.google.refine.expr.functions.strings.ToFromConversionTests" time="0"/>
  <testcase name="testToDate" classname="com.google.refine.expr.functions.strings.ToFromConversionTests" time="0.306"/>
  <testcase name="testToNumber" classname="com.google.refine.expr.functions.strings.ToFromConversionTests" time="0.001"/>
  <testcase name="testToString" classname="com.google.refine.expr.functions.strings.ToFromConversionTests" time="0.01"/>
  <testcase name="testUnescape" classname="com.google.refine.expr.functions.strings.ToFromConversionTests" time="0"/>
  <testcase name="serializeToLowercase" classname="com.google.refine.expr.functions.strings.ToLowercaseTests" time="0"/>
  <testcase name="serializeToTitlecase" classname="com.google.refine.expr.functions.strings.ToTitlecaseTests" time="0"/>
  <testcase name="serializeToUppercase" classname="com.google.refine.expr.functions.strings.ToUppercaseTests" time="0"/>
  <testcase name="serializeTrim" classname="com.google.refine.expr.functions.strings.TrimTests" time="0"/>
  <testcase name="testInvalidParams" classname="com.google.refine.expr.functions.strings.TrimTests" time="0.008"/>
  <testcase name="testTrim" classname="com.google.refine.expr.functions.strings.TrimTests" time="0.046"/>
  <testcase name="serializeUnescape" classname="com.google.refine.expr.functions.strings.UnescapeTests" time="0"/>
  <testcase name="serializeUnicode" classname="com.google.refine.expr.functions.strings.UnicodeTests" time="0.003"/>
  <testcase name="serializeUnicodeType" classname="com.google.refine.expr.functions.strings.UnicodeTypeTests" time="0"/>
  <testcase name="serializeToDate" classname="com.google.refine.expr.functions.ToDateTests" time="0"/>
  <testcase name="serializeToNumber" classname="com.google.refine.expr.functions.ToNumberTests" time="0.001"/>
  <testcase name="serializeToString" classname="com.google.refine.expr.functions.ToStringTests" time="0"/>
  <testcase name="serializeType" classname="com.google.refine.expr.functions.TypeTests" time="0"/>
  <testcase name="serializeInnerXml" classname="com.google.refine.expr.functions.xml.InnerXmlTests" time="0"/>
  <testcase name="serializeOwnText" classname="com.google.refine.expr.functions.xml.OwnTextTests" time="0.001"/>
  <testcase name="serializeParseXml" classname="com.google.refine.expr.functions.xml.ParseXmlTests" time="0.001"/>
  <testcase name="testParseXml" classname="com.google.refine.expr.functions.xml.ParseXmlTests" time="0.012"/>
  <testcase name="serializeSelectXml" classname="com.google.refine.expr.functions.xml.SelectXmlTests" time="0"/>
  <testcase name="serializeXmlAttr" classname="com.google.refine.expr.functions.xml.xmlAttrTests" time="0"/>
  <testcase name="serializeXmlText" classname="com.google.refine.expr.functions.xml.xmlTextTests" time="0"/>
  <testcase name="testConvertBool" classname="com.google.refine.expr.util.JsonValueConverterTests" time="0"/>
  <testcase name="testConvertFloat" classname="com.google.refine.expr.util.JsonValueConverterTests" time="0"/>
  <testcase name="testConvertInt" classname="com.google.refine.expr.util.JsonValueConverterTests" time="0"/>
  <testcase name="testConvertJsonArray" classname="com.google.refine.expr.util.JsonValueConverterTests" time="0"/>
  <testcase name="testConvertJsonObject" classname="com.google.refine.expr.util.JsonValueConverterTests" time="0"/>
  <testcase name="testConvertNoField" classname="com.google.refine.expr.util.JsonValueConverterTests" time="0"/>
  <testcase name="testConvertNull" classname="com.google.refine.expr.util.JsonValueConverterTests" time="0.001"/>
  <testcase name="testConvertString" classname="com.google.refine.expr.util.JsonValueConverterTests" time="0"/>
  <testcase name="intLiteralToString" classname="com.google.refine.grel.ast.LiteralExprTest" time="0"/>
  <testcase name="stringLiteralToString" classname="com.google.refine.grel.ast.LiteralExprTest" time="0"/>
  <testcase name="serializeFilter" classname="com.google.refine.grel.controls.FilterTests" time="0"/>
  <testcase name="serializeForEachIndex" classname="com.google.refine.grel.controls.ForEachIndexTests" time="0"/>
  <testcase name="serializeForEach" classname="com.google.refine.grel.controls.ForEachTests" time="0"/>
  <testcase name="serializeForNonBlank" classname="com.google.refine.grel.controls.ForNonBlankTests" time="0"/>
  <testcase name="serializeForRange" classname="com.google.refine.grel.controls.ForRangeTests" time="0"/>
  <testcase name="serializeIf" classname="com.google.refine.grel.controls.IfTests" time="0"/>
  <testcase name="serializeIsBlank" classname="com.google.refine.grel.controls.IsBlankTests" time="0"/>
  <testcase name="serializeIsEmptyString" classname="com.google.refine.grel.controls.IsEmptyStringTests" time="0"/>
  <testcase name="serializeIsError" classname="com.google.refine.grel.controls.IsErrorTests" time="0"/>
  <testcase name="serializeIsNonBlank" classname="com.google.refine.grel.controls.IsNonBlankTests" time="0"/>
  <testcase name="serializeIsNotNull" classname="com.google.refine.grel.controls.IsNotNullTests" time="0"/>
  <testcase name="serializeIsNull" classname="com.google.refine.grel.controls.IsNullTests" time="0"/>
  <testcase name="serializeIsNumeric" classname="com.google.refine.grel.controls.IsNumericTests" time="0"/>
  <testcase name="serializeWith" classname="com.google.refine.grel.controls.WithTests" time="0"/>
  <testcase name="testFacetCount" classname="com.google.refine.grel.FunctionTests" time="0"/>
  <testcase name="testInvalidParams" classname="com.google.refine.grel.FunctionTests" time="0"/>
  <testcase name="testCrossFunctionEval" classname="com.google.refine.grel.GrelTests" time="0"/>
  <testcase name="testEvalError" classname="com.google.refine.grel.GrelTests" time="0"/>
  <testcase name="testGetFieldFromNull" classname="com.google.refine.grel.GrelTests" time="0"/>
  <testcase name="testGetJsonFieldAbsent" classname="com.google.refine.grel.GrelTests" time="0"/>
  <testcase name="testGetJsonFieldExists" classname="com.google.refine.grel.GrelTests" time="0"/>
  <testcase name="testInvalidSyntax" classname="com.google.refine.grel.GrelTests" time="0"/>
  <testcase name="testJoinJsonArray" classname="com.google.refine.grel.GrelTests" time="0.001"/>
  <testcase name="testMath" classname="com.google.refine.grel.GrelTests" time="0"/>
  <testcase name="testPI" classname="com.google.refine.grel.GrelTests" time="0"/>
  <testcase name="testString" classname="com.google.refine.grel.GrelTests" time="0.001"/>
  <testcase name="testWriteHistoryEntry" classname="com.google.refine.history.FileHistoryEntryManagerTests" time="0.007"/>
  <testcase name="deserializeUnknownOperation" classname="com.google.refine.history.HistoryEntryTests" time="0.009"/>
  <testcase name="serializeHistoryEntry" classname="com.google.refine.history.HistoryEntryTests" time="0.002"/>
  <testcase name="serializeHistoryEntryWithOperation" classname="com.google.refine.history.HistoryEntryTests" time="0.005"/>
  <testcase name="canAddEntry" classname="com.google.refine.history.HistoryTests" time="0.012"/>
  <testcase name="serializeHistory" classname="com.google.refine.history.HistoryTests" time="0.018"/>
</testsuite>