<?xml version="1.0" encoding="UTF-8"?>
<!-- Generated by org.testng.reporters.JUnitReportReporter -->
<testsuite hostname="DESKTOP-R5SQ9ER" name="com.google.refine.jython.JythonEvaluableTest" tests="1" failures="0" timestamp="6 Nov 2019 13:11:51 GMT" time="0.204" errors="0">
  <testcase name="testJythonConcurrent" time="0.204" classname="com.google.refine.jython.JythonEvaluableTest"/>
</testsuite> <!-- com.google.refine.jython.JythonEvaluableTest -->
