<?xml version="1.0" encoding="UTF-8"?>
<!-- Generated by org.testng.reporters.JUnitReportReporter -->
<testsuite hostname="DESKTOP-R5SQ9ER" name="com.google.refine.jython.JythonEvaluableTest" tests="1" failures="0" timestamp="5 Nov 2019 06:13:57 GMT" time="0.302" errors="0">
  <testcase name="testJythonConcurrent" time="0.302" classname="com.google.refine.jython.JythonEvaluableTest"/>
</testsuite> <!-- com.google.refine.jython.JythonEvaluableTest -->
