<?xml version="1.0" encoding="UTF-8"?>
<!-- Generated by org.testng.reporters.JUnitReportReporter -->
<testsuite hostname="DESKTOP-R5SQ9ER" name="com.google.refine.jython.JythonAttributeTest" tests="1" failures="0" timestamp="8 Nov 2019 12:13:50 GMT" time="5.383" errors="0">
  <testcase name="testWrappedObjectsHaveAttributes" time="5.383" classname="com.google.refine.jython.JythonAttributeTest"/>
</testsuite> <!-- com.google.refine.jython.JythonAttributeTest -->
