<?xml version="1.0" encoding="UTF-8"?>
<!-- Generated by org.testng.reporters.JUnitReportReporter -->
<testsuite hostname="DESKTOP-R5SQ9ER" name="com.google.refine.jython.JythonAttributeTest" tests="1" failures="0" timestamp="6 Nov 2019 13:11:51 GMT" time="4.167" errors="0">
  <testcase name="testWrappedObjectsHaveAttributes" time="4.167" classname="com.google.refine.jython.JythonAttributeTest"/>
</testsuite> <!-- com.google.refine.jython.JythonAttributeTest -->
