<?xml version="1.0" encoding="UTF-8"?>
<!-- Generated by org.testng.reporters.JUnitReportReporter -->
<testsuite hostname="DESKTOP-R5SQ9ER" name="org.openrefine.wikidata.editing.EditBatchProcessorTest" tests="2" failures="0" timestamp="8 Nov 2019 12:14:08 GMT" time="0.886" errors="0">
  <testcase name="testNewItem" time="0.008" classname="org.openrefine.wikidata.editing.EditBatchProcessorTest"/>
  <testcase name="testMultipleBatches" time="0.878" classname="org.openrefine.wikidata.editing.EditBatchProcessorTest"/>
</testsuite> <!-- org.openrefine.wikidata.editing.EditBatchProcessorTest -->
