<?xml version="1.0" encoding="UTF-8"?>
<!-- Generated by org.testng.reporters.JUnitReportReporter -->
<testsuite hostname="DESKTOP-R5SQ9ER" name="org.openrefine.wikidata.schema.ExpressionContextTest" tests="3" failures="0" timestamp="6 Nov 2019 13:12:08 GMT" time="0.010" errors="0">
  <testcase name="testGetRowId" time="0.004" classname="org.openrefine.wikidata.schema.ExpressionContextTest"/>
  <testcase name="testNonExistentColumn" time="0.003" classname="org.openrefine.wikidata.schema.ExpressionContextTest"/>
  <testcase name="testGetCellByColumnName" time="0.003" classname="org.openrefine.wikidata.schema.ExpressionContextTest"/>
</testsuite> <!-- org.openrefine.wikidata.schema.ExpressionContextTest -->
