<?xml version="1.0" encoding="UTF-8"?>
<!-- Generated by org.testng.reporters.JUnitReportReporter -->
<testsuite hostname="DESKTOP-R5SQ9ER" name="org.openrefine.wikidata.schema.ExpressionContextTest" tests="3" failures="0" timestamp="5 Nov 2019 06:14:14 GMT" time="0.008" errors="0">
  <testcase name="testGetRowId" time="0.003" classname="org.openrefine.wikidata.schema.ExpressionContextTest"/>
  <testcase name="testNonExistentColumn" time="0.002" classname="org.openrefine.wikidata.schema.ExpressionContextTest"/>
  <testcase name="testGetCellByColumnName" time="0.003" classname="org.openrefine.wikidata.schema.ExpressionContextTest"/>
</testsuite> <!-- org.openrefine.wikidata.schema.ExpressionContextTest -->
