<?xml version="1.0" encoding="UTF-8"?>
<!-- Generated by org.testng.reporters.JUnitReportReporter -->
<testsuite hostname="DESKTOP-R5SQ9ER" name="org.openrefine.wikidata.schema.WbMonolingualExprTest" tests="6" failures="0" timestamp="6 Nov 2019 13:12:08 GMT" time="0.013" errors="0">
  <testcase name="testEmptyLanguageCode" time="0.001" classname="org.openrefine.wikidata.schema.WbMonolingualExprTest"/>
  <testcase name="testTrim" time="0.002" classname="org.openrefine.wikidata.schema.WbMonolingualExprTest"/>
  <testcase name="testEvaluateVariable" time="0.003" classname="org.openrefine.wikidata.schema.WbMonolingualExprTest"/>
  <testcase name="testEvaluateConstant" time="0.003" classname="org.openrefine.wikidata.schema.WbMonolingualExprTest"/>
  <testcase name="testInvalidLanguageCode" time="0.002" classname="org.openrefine.wikidata.schema.WbMonolingualExprTest"/>
  <testcase name="testEmptyText" time="0.002" classname="org.openrefine.wikidata.schema.WbMonolingualExprTest"/>
</testsuite> <!-- org.openrefine.wikidata.schema.WbMonolingualExprTest -->
