<?xml version="1.0" encoding="UTF-8"?>
<!-- Generated by org.testng.reporters.JUnitReportReporter -->
<testsuite hostname="DESKTOP-R5SQ9ER" name="org.openrefine.wikidata.qa.scrutinizers.RestrictedPositionScrutinizerTest" tests="4" failures="0" timestamp="8 Nov 2019 12:14:08 GMT" time="0.001" errors="0">
  <testcase name="testNoProblem" time="0.000" classname="org.openrefine.wikidata.qa.scrutinizers.RestrictedPositionScrutinizerTest"/>
  <testcase name="testTriggerMainSnak" time="0.000" classname="org.openrefine.wikidata.qa.scrutinizers.RestrictedPositionScrutinizerTest"/>
  <testcase name="testNotRestricted" time="0.001" classname="org.openrefine.wikidata.qa.scrutinizers.RestrictedPositionScrutinizerTest"/>
  <testcase name="testTriggerReference" time="0.000" classname="org.openrefine.wikidata.qa.scrutinizers.RestrictedPositionScrutinizerTest"/>
</testsuite> <!-- org.openrefine.wikidata.qa.scrutinizers.RestrictedPositionScrutinizerTest -->
