<?xml version="1.0" encoding="UTF-8"?>
<!-- Generated by org.testng.reporters.JUnitReportReporter -->
<testsuite hostname="DESKTOP-R5SQ9ER" name="org.openrefine.wikidata.schema.WbNameDescExprTest" tests="6" failures="0" timestamp="5 Nov 2019 06:14:14 GMT" time="0.011" errors="0">
  <testcase name="testSerialization" time="0.001" classname="org.openrefine.wikidata.schema.WbNameDescExprTest"/>
  <testcase name="testContributeToLabel" time="0.002" classname="org.openrefine.wikidata.schema.WbNameDescExprTest"/>
  <testcase name="testContributeToAlias" time="0.001" classname="org.openrefine.wikidata.schema.WbNameDescExprTest"/>
  <testcase name="testGetters" time="0.002" classname="org.openrefine.wikidata.schema.WbNameDescExprTest"/>
  <testcase name="testContributeToDescription" time="0.002" classname="org.openrefine.wikidata.schema.WbNameDescExprTest"/>
  <testcase name="testSkipped" time="0.003" classname="org.openrefine.wikidata.schema.WbNameDescExprTest"/>
</testsuite> <!-- org.openrefine.wikidata.schema.WbNameDescExprTest -->
