<?xml version="1.0" encoding="UTF-8"?>
<!-- Generated by org.testng.reporters.JUnitReportReporter -->
<testsuite hostname="DESKTOP-R5SQ9ER" name="org.openrefine.wikidata.schema.WbQuantityExprTest" tests="6" failures="0" timestamp="5 Nov 2019 06:14:14 GMT" time="0.012" errors="0">
  <testcase name="testWithUnit" time="0.001" classname="org.openrefine.wikidata.schema.WbQuantityExprTest"/>
  <testcase name="testInvalidAmountWithoutUnit" time="0.002" classname="org.openrefine.wikidata.schema.WbQuantityExprTest"/>
  <testcase name="testWithoutUnit" time="0.002" classname="org.openrefine.wikidata.schema.WbQuantityExprTest"/>
  <testcase name="testInvalidAmountWithUnit" time="0.002" classname="org.openrefine.wikidata.schema.WbQuantityExprTest"/>
  <testcase name="testInvalidUnitWithAmount" time="0.003" classname="org.openrefine.wikidata.schema.WbQuantityExprTest"/>
  <testcase name="testExponent" time="0.002" classname="org.openrefine.wikidata.schema.WbQuantityExprTest"/>
</testsuite> <!-- org.openrefine.wikidata.schema.WbQuantityExprTest -->
