<?xml version="1.0" encoding="UTF-8"?>
<!-- Generated by org.testng.reporters.JUnitReportReporter -->
<testsuite hostname="DESKTOP-R5SQ9ER" name="org.openrefine.wikidata.schema.WbLocationVariableTest" tests="6" failures="0" timestamp="5 Nov 2019 06:14:14 GMT" time="0.017" errors="0">
  <testcase name="testWithComma" time="0.003" classname="org.openrefine.wikidata.schema.WbLocationVariableTest"/>
  <testcase name="testEmpty" time="0.002" classname="org.openrefine.wikidata.schema.WbLocationVariableTest"/>
  <testcase name="testSerialize" time="0.002" classname="org.openrefine.wikidata.schema.WbLocationVariableTest"/>
  <testcase name="testOnlyOneValue" time="0.003" classname="org.openrefine.wikidata.schema.WbLocationVariableTest"/>
  <testcase name="testWhitespace" time="0.004" classname="org.openrefine.wikidata.schema.WbLocationVariableTest"/>
  <testcase name="testWithSlash" time="0.003" classname="org.openrefine.wikidata.schema.WbLocationVariableTest"/>
</testsuite> <!-- org.openrefine.wikidata.schema.WbLocationVariableTest -->
