<?xml version="1.0" encoding="UTF-8"?>
<!-- Generated by org.testng.reporters.JUnitReportReporter -->
<testsuite hostname="DESKTOP-R5SQ9ER" name="org.openrefine.wikidata.updates.scheduler.PointerExtractorTest" tests="5" failures="0" timestamp="8 Nov 2019 12:14:09 GMT" time="0.001" errors="0">
  <testcase name="testSnakGroup" time="0.000" classname="org.openrefine.wikidata.updates.scheduler.PointerExtractorTest"/>
  <testcase name="testExtractEntityId" time="0.000" classname="org.openrefine.wikidata.updates.scheduler.PointerExtractorTest"/>
  <testcase name="testSnak" time="0.001" classname="org.openrefine.wikidata.updates.scheduler.PointerExtractorTest"/>
  <testcase name="testExtractDatavalues" time="0.000" classname="org.openrefine.wikidata.updates.scheduler.PointerExtractorTest"/>
  <testcase name="testStatement" time="0.000" classname="org.openrefine.wikidata.updates.scheduler.PointerExtractorTest"/>
</testsuite> <!-- org.openrefine.wikidata.updates.scheduler.PointerExtractorTest -->
