<?xml version="1.0" encoding="UTF-8"?>
<!-- Generated by org.testng.reporters.JUnitReportReporter -->
<testsuite hostname="DESKTOP-R5SQ9ER" name="org.openrefine.wikidata.qa.scrutinizers.QuantityScrutinizerTest" tests="11" failures="0" timestamp="8 Nov 2019 12:14:09 GMT" time="0.002" errors="0">
  <testcase name="testBoundsDisallowed" time="0.000" classname="org.openrefine.wikidata.qa.scrutinizers.QuantityScrutinizerTest"/>
  <testcase name="testTrailingZeros" time="0.000" classname="org.openrefine.wikidata.qa.scrutinizers.QuantityScrutinizerTest"/>
  <testcase name="testUnitReqired" time="0.000" classname="org.openrefine.wikidata.qa.scrutinizers.QuantityScrutinizerTest"/>
  <testcase name="testBoundsAllowed" time="0.000" classname="org.openrefine.wikidata.qa.scrutinizers.QuantityScrutinizerTest"/>
  <testcase name="testFractionalAllowed" time="0.000" classname="org.openrefine.wikidata.qa.scrutinizers.QuantityScrutinizerTest"/>
  <testcase name="testUnitForbidden" time="0.000" classname="org.openrefine.wikidata.qa.scrutinizers.QuantityScrutinizerTest"/>
  <testcase name="testInteger" time="0.001" classname="org.openrefine.wikidata.qa.scrutinizers.QuantityScrutinizerTest"/>
  <testcase name="testWrongUnit" time="0.000" classname="org.openrefine.wikidata.qa.scrutinizers.QuantityScrutinizerTest"/>
  <testcase name="testGoodUnit" time="0.001" classname="org.openrefine.wikidata.qa.scrutinizers.QuantityScrutinizerTest"/>
  <testcase name="testNoUnit" time="0.000" classname="org.openrefine.wikidata.qa.scrutinizers.QuantityScrutinizerTest"/>
  <testcase name="testFractionalDisallowed" time="0.000" classname="org.openrefine.wikidata.qa.scrutinizers.QuantityScrutinizerTest"/>
</testsuite> <!-- org.openrefine.wikidata.qa.scrutinizers.QuantityScrutinizerTest -->
