<?xml version="1.0" encoding="UTF-8"?>
<!-- Generated by org.testng.reporters.JUnitReportReporter -->
<testsuite hostname="DESKTOP-R5SQ9ER" name="org.openrefine.wikidata.schema.WbLanguageVariableTest" tests="3" failures="0" timestamp="5 Nov 2019 06:14:14 GMT" time="0.011" errors="0">
  <testcase name="testSerialize" time="0.004" classname="org.openrefine.wikidata.schema.WbLanguageVariableTest"/>
  <testcase name="testInvalidLanguageCode" time="0.004" classname="org.openrefine.wikidata.schema.WbLanguageVariableTest"/>
  <testcase name="testValidLanguageCode" time="0.003" classname="org.openrefine.wikidata.schema.WbLanguageVariableTest"/>
</testsuite> <!-- org.openrefine.wikidata.schema.WbLanguageVariableTest -->
