<?xml version="1.0" encoding="UTF-8"?>
<!-- Generated by org.testng.reporters.JUnitReportReporter -->
<testsuite hostname="DESKTOP-R5SQ9ER" name="org.openrefine.wikidata.commands.PreviewWikibaseSchemaCommandTest" tests="3" failures="0" timestamp="5 Nov 2019 06:14:14 GMT" time="4.843" errors="0">
  <testcase name="testValidSchema" time="4.836" classname="org.openrefine.wikidata.commands.PreviewWikibaseSchemaCommandTest"/>
  <testcase name="testNoSchema" time="0.003" classname="org.openrefine.wikidata.commands.PreviewWikibaseSchemaCommandTest"/>
  <testcase name="testInvalidSchema" time="0.004" classname="org.openrefine.wikidata.commands.PreviewWikibaseSchemaCommandTest"/>
</testsuite> <!-- org.openrefine.wikidata.commands.PreviewWikibaseSchemaCommandTest -->
