<?xml version="1.0" encoding="UTF-8"?>
<!-- Generated by org.testng.reporters.JUnitReportReporter -->
<testsuite hostname="DESKTOP-R5SQ9ER" name="org.openrefine.wikidata.schema.WikibaseSchemaTest" tests="5" failures="0" timestamp="8 Nov 2019 12:14:09 GMT" time="0.063" errors="0">
  <testcase name="testEvaluateRespectsFacets" time="0.018" classname="org.openrefine.wikidata.schema.WikibaseSchemaTest"/>
  <testcase name="testDeserialize" time="0.017" classname="org.openrefine.wikidata.schema.WikibaseSchemaTest"/>
  <testcase name="testEvaluate" time="0.008" classname="org.openrefine.wikidata.schema.WikibaseSchemaTest"/>
  <testcase name="testSerialize" time="0.014" classname="org.openrefine.wikidata.schema.WikibaseSchemaTest"/>
  <testcase name="testDeserializeEmpty" time="0.006" classname="org.openrefine.wikidata.schema.WikibaseSchemaTest"/>
</testsuite> <!-- org.openrefine.wikidata.schema.WikibaseSchemaTest -->
