<?xml version="1.0" encoding="UTF-8"?>
<!-- Generated by org.testng.reporters.JUnitReportReporter -->
<testsuite hostname="DESKTOP-R5SQ9ER" name="org.openrefine.wikidata.schema.WbSnakExprTest" tests="2" failures="0" timestamp="6 Nov 2019 13:12:08 GMT" time="0.005" errors="0">
  <testcase name="testSerialize" time="0.003" classname="org.openrefine.wikidata.schema.WbSnakExprTest"/>
  <testcase name="testEvaluate" time="0.002" classname="org.openrefine.wikidata.schema.WbSnakExprTest"/>
</testsuite> <!-- org.openrefine.wikidata.schema.WbSnakExprTest -->
