<?xml version="1.0" encoding="UTF-8"?>
<!-- Generated by org.testng.reporters.JUnitReportReporter -->
<testsuite hostname="DESKTOP-R5SQ9ER" name="org.openrefine.wikidata.schema.WbItemDocumentExprTest" tests="5" failures="0" timestamp="6 Nov 2019 13:12:08 GMT" time="0.021" errors="0">
  <testcase name="testSerialize" time="0.005" classname="org.openrefine.wikidata.schema.WbItemDocumentExprTest"/>
  <testcase name="testAliasSkipped" time="0.004" classname="org.openrefine.wikidata.schema.WbItemDocumentExprTest"/>
  <testcase name="testStatementSkipped" time="0.005" classname="org.openrefine.wikidata.schema.WbItemDocumentExprTest"/>
  <testcase name="testEvaluate" time="0.004" classname="org.openrefine.wikidata.schema.WbItemDocumentExprTest"/>
  <testcase name="testSubjectSkipped" time="0.003" classname="org.openrefine.wikidata.schema.WbItemDocumentExprTest"/>
</testsuite> <!-- org.openrefine.wikidata.schema.WbItemDocumentExprTest -->
