<?xml version="1.0" encoding="UTF-8"?>
<!-- Generated by org.testng.reporters.JUnitReportReporter -->
<testsuite hostname="DESKTOP-R5SQ9ER" name="org.openrefine.wikidata.qa.scrutinizers.NoEditsMadeScrutinizerTest" tests="3" failures="0" timestamp="6 Nov 2019 13:12:08 GMT" time="0.000" errors="0">
  <testcase name="testNull" time="0.000" classname="org.openrefine.wikidata.qa.scrutinizers.NoEditsMadeScrutinizerTest"/>
  <testcase name="testNonNull" time="0.000" classname="org.openrefine.wikidata.qa.scrutinizers.NoEditsMadeScrutinizerTest"/>
  <testcase name="testTrigger" time="0.000" classname="org.openrefine.wikidata.qa.scrutinizers.NoEditsMadeScrutinizerTest"/>
</testsuite> <!-- org.openrefine.wikidata.qa.scrutinizers.NoEditsMadeScrutinizerTest -->
