<?xml version="1.0" encoding="UTF-8"?>
<!-- Generated by org.testng.reporters.JUnitReportReporter -->
<testsuite hostname="DESKTOP-R5SQ9ER" name="org.openrefine.wikidata.editing.NewItemLibraryTest" tests="3" failures="0" timestamp="8 Nov 2019 12:14:09 GMT" time="0.009" errors="0">
  <testcase name="testRetrieveItem" time="0.000" classname="org.openrefine.wikidata.editing.NewItemLibraryTest"/>
  <testcase name="testUpdateReconciledCells" time="0.006" classname="org.openrefine.wikidata.editing.NewItemLibraryTest"/>
  <testcase name="testSerialize" time="0.003" classname="org.openrefine.wikidata.editing.NewItemLibraryTest"/>
</testsuite> <!-- org.openrefine.wikidata.editing.NewItemLibraryTest -->
