<?xml version="1.0" encoding="UTF-8"?>
<!-- Generated by org.testng.reporters.JUnitReportReporter -->
<testsuite hostname="DESKTOP-R5SQ9ER" name="org.openrefine.wikidata.schema.WbStatementGroupExprTest" tests="4" failures="0" timestamp="6 Nov 2019 13:12:08 GMT" time="0.014" errors="0">
  <testcase name="testSkip" time="0.001" classname="org.openrefine.wikidata.schema.WbStatementGroupExprTest"/>
  <testcase name="testEvaluate" time="0.004" classname="org.openrefine.wikidata.schema.WbStatementGroupExprTest"/>
  <testcase name="testCreate" time="0.002" classname="org.openrefine.wikidata.schema.WbStatementGroupExprTest"/>
  <testcase name="testSerialize" time="0.007" classname="org.openrefine.wikidata.schema.WbStatementGroupExprTest"/>
</testsuite> <!-- org.openrefine.wikidata.schema.WbStatementGroupExprTest -->
