<?xml version="1.0" encoding="UTF-8"?>
<!-- Generated by org.testng.reporters.JUnitReportReporter -->
<testsuite hostname="DESKTOP-R5SQ9ER" name="org.openrefine.wikidata.exporters.SchemaExporterTest" tests="1" failures="0" timestamp="6 Nov 2019 13:12:08 GMT" time="0.020" errors="0">
  <testcase name="testNoSchema" time="0.020" classname="org.openrefine.wikidata.exporters.SchemaExporterTest"/>
</testsuite> <!-- org.openrefine.wikidata.exporters.SchemaExporterTest -->
