<?xml version="1.0" encoding="UTF-8"?>
<!-- Generated by org.testng.reporters.JUnitReportReporter -->
<testsuite hostname="DESKTOP-R5SQ9ER" name="org.openrefine.wikidata.qa.WikidataConstraintFetcherTests" tests="6" failures="0" timestamp="8 Nov 2019 12:14:09 GMT" time="5.666" errors="0">
  <testcase name="testGetInverseConstraint" time="1.339" classname="org.openrefine.wikidata.qa.WikidataConstraintFetcherTests"/>
  <testcase name="testMandatoryQualifiers" time="0.004" classname="org.openrefine.wikidata.qa.WikidataConstraintFetcherTests"/>
  <testcase name="testAllowedQualifiers" time="1.923" classname="org.openrefine.wikidata.qa.WikidataConstraintFetcherTests"/>
  <testcase name="testGetFormatConstraint" time="1.016" classname="org.openrefine.wikidata.qa.WikidataConstraintFetcherTests"/>
  <testcase name="testSingleValue" time="0.001" classname="org.openrefine.wikidata.qa.WikidataConstraintFetcherTests"/>
  <testcase name="testDistinctValues" time="1.383" classname="org.openrefine.wikidata.qa.WikidataConstraintFetcherTests"/>
</testsuite> <!-- org.openrefine.wikidata.qa.WikidataConstraintFetcherTests -->
