<?xml version="1.0" encoding="UTF-8"?>
<!-- Generated by org.testng.reporters.JUnitReportReporter -->
<testsuite hostname="DESKTOP-R5SQ9ER" name="org.openrefine.wikidata.operations.PerformWikibaseEditsOperationTest" tests="3" failures="0" timestamp="5 Nov 2019 06:14:14 GMT" time="0.175" errors="0">
  <testcase name="testConstructor" time="0.005" classname="org.openrefine.wikidata.operations.PerformWikibaseEditsOperationTest"/>
  <testcase name="testLoadChange" time="0.013" classname="org.openrefine.wikidata.operations.PerformWikibaseEditsOperationTest"/>
  <testcase name="testReconstruct" time="0.157" classname="org.openrefine.wikidata.operations.PerformWikibaseEditsOperationTest"/>
</testsuite> <!-- org.openrefine.wikidata.operations.PerformWikibaseEditsOperationTest -->
