<?xml version="1.0" encoding="UTF-8"?>
<!-- Generated by org.testng.reporters.JUnitReportReporter -->
<testsuite hostname="DESKTOP-R5SQ9ER" name="org.openrefine.wikidata.schema.WbLocationVariableTest" tests="6" failures="0" timestamp="6 Nov 2019 13:12:08 GMT" time="0.014" errors="0">
  <testcase name="testWithComma" time="0.002" classname="org.openrefine.wikidata.schema.WbLocationVariableTest"/>
  <testcase name="testEmpty" time="0.001" classname="org.openrefine.wikidata.schema.WbLocationVariableTest"/>
  <testcase name="testSerialize" time="0.005" classname="org.openrefine.wikidata.schema.WbLocationVariableTest"/>
  <testcase name="testOnlyOneValue" time="0.002" classname="org.openrefine.wikidata.schema.WbLocationVariableTest"/>
  <testcase name="testWhitespace" time="0.002" classname="org.openrefine.wikidata.schema.WbLocationVariableTest"/>
  <testcase name="testWithSlash" time="0.002" classname="org.openrefine.wikidata.schema.WbLocationVariableTest"/>
</testsuite> <!-- org.openrefine.wikidata.schema.WbLocationVariableTest -->
