<?xml version="1.0" encoding="UTF-8"?>
<!-- Generated by org.testng.reporters.JUnitReportReporter -->
<testsuite hostname="DESKTOP-R5SQ9ER" name="org.openrefine.wikidata.editing.EditBatchProcessorTest" tests="2" failures="0" timestamp="6 Nov 2019 13:12:08 GMT" time="0.242" errors="0">
  <testcase name="testNewItem" time="0.007" classname="org.openrefine.wikidata.editing.EditBatchProcessorTest"/>
  <testcase name="testMultipleBatches" time="0.235" classname="org.openrefine.wikidata.editing.EditBatchProcessorTest"/>
</testsuite> <!-- org.openrefine.wikidata.editing.EditBatchProcessorTest -->
