<?xml version="1.0" encoding="UTF-8"?>
<!-- Generated by org.testng.reporters.JUnitReportReporter -->
<testsuite hostname="DESKTOP-R5SQ9ER" name="org.openrefine.wikidata.schema.entityvalues.ReconEntityIdValueTest" tests="10" failures="0" timestamp="5 Nov 2019 06:14:14 GMT" time="0.000" errors="0">
  <testcase name="testGetSiteIri" time="0.000" classname="org.openrefine.wikidata.schema.entityvalues.ReconEntityIdValueTest"/>
  <testcase name="testGetId" time="0.000" classname="org.openrefine.wikidata.schema.entityvalues.ReconEntityIdValueTest"/>
  <testcase name="testHashCode" time="0.000" classname="org.openrefine.wikidata.schema.entityvalues.ReconEntityIdValueTest"/>
  <testcase name="testEquality" time="0.000" classname="org.openrefine.wikidata.schema.entityvalues.ReconEntityIdValueTest"/>
  <testcase name="testGetRecon" time="0.000" classname="org.openrefine.wikidata.schema.entityvalues.ReconEntityIdValueTest"/>
  <testcase name="testGetIri" time="0.000" classname="org.openrefine.wikidata.schema.entityvalues.ReconEntityIdValueTest"/>
  <testcase name="testIsNew" time="0.000" classname="org.openrefine.wikidata.schema.entityvalues.ReconEntityIdValueTest"/>
  <testcase name="testGetTypes" time="0.000" classname="org.openrefine.wikidata.schema.entityvalues.ReconEntityIdValueTest"/>
  <testcase name="testToString" time="0.000" classname="org.openrefine.wikidata.schema.entityvalues.ReconEntityIdValueTest"/>
  <testcase name="testGetLabel" time="0.000" classname="org.openrefine.wikidata.schema.entityvalues.ReconEntityIdValueTest"/>
</testsuite> <!-- org.openrefine.wikidata.schema.entityvalues.ReconEntityIdValueTest -->
