<?xml version="1.0" encoding="UTF-8"?>
<!-- Generated by org.testng.reporters.JUnitReportReporter -->
<testsuite hostname="DESKTOP-R5SQ9ER" name="org.openrefine.wikidata.editing.ReconEntityRewriterTest" tests="5" failures="0" timestamp="8 Nov 2019 12:14:09 GMT" time="0.002" errors="0">
  <testcase name="testSuccessfulRewrite" time="0.000" classname="org.openrefine.wikidata.editing.ReconEntityRewriterTest"/>
  <testcase name="testMatched" time="0.000" classname="org.openrefine.wikidata.editing.ReconEntityRewriterTest"/>
  <testcase name="testRewriteUpdate" time="0.001" classname="org.openrefine.wikidata.editing.ReconEntityRewriterTest"/>
  <testcase name="testSubjectNotRewriten" time="0.001" classname="org.openrefine.wikidata.editing.ReconEntityRewriterTest"/>
  <testcase name="testNotCreatedYet" time="0.000" classname="org.openrefine.wikidata.editing.ReconEntityRewriterTest"/>
</testsuite> <!-- org.openrefine.wikidata.editing.ReconEntityRewriterTest -->
