<?xml version="1.0" encoding="UTF-8"?>
<!-- Generated by org.testng.reporters.JUnitReportReporter -->
<testsuite hostname="DESKTOP-R5SQ9ER" name="org.openrefine.wikidata.qa.scrutinizers.RestrictedValuesScrutinizerTest" tests="5" failures="0" timestamp="5 Nov 2019 06:14:14 GMT" time="0.001" errors="0">
  <testcase name="testDisallowedValue" time="0.000" classname="org.openrefine.wikidata.qa.scrutinizers.RestrictedValuesScrutinizerTest"/>
  <testcase name="testDisallowedValueFailing" time="0.001" classname="org.openrefine.wikidata.qa.scrutinizers.RestrictedValuesScrutinizerTest"/>
  <testcase name="testNoConstraint" time="0.000" classname="org.openrefine.wikidata.qa.scrutinizers.RestrictedValuesScrutinizerTest"/>
  <testcase name="testAllowedValueFailing" time="0.000" classname="org.openrefine.wikidata.qa.scrutinizers.RestrictedValuesScrutinizerTest"/>
  <testcase name="testAllowedValue" time="0.000" classname="org.openrefine.wikidata.qa.scrutinizers.RestrictedValuesScrutinizerTest"/>
</testsuite> <!-- org.openrefine.wikidata.qa.scrutinizers.RestrictedValuesScrutinizerTest -->
