<?xml version="1.0" encoding="UTF-8"?>
<!-- Generated by org.testng.reporters.JUnitReportReporter -->
<testsuite hostname="DESKTOP-R5SQ9ER" name="org.openrefine.wikidata.schema.WikibaseSchemaTest" tests="5" failures="0" timestamp="5 Nov 2019 06:14:14 GMT" time="0.055" errors="0">
  <testcase name="testEvaluateRespectsFacets" time="0.017" classname="org.openrefine.wikidata.schema.WikibaseSchemaTest"/>
  <testcase name="testDeserialize" time="0.013" classname="org.openrefine.wikidata.schema.WikibaseSchemaTest"/>
  <testcase name="testEvaluate" time="0.007" classname="org.openrefine.wikidata.schema.WikibaseSchemaTest"/>
  <testcase name="testSerialize" time="0.014" classname="org.openrefine.wikidata.schema.WikibaseSchemaTest"/>
  <testcase name="testDeserializeEmpty" time="0.004" classname="org.openrefine.wikidata.schema.WikibaseSchemaTest"/>
</testsuite> <!-- org.openrefine.wikidata.schema.WikibaseSchemaTest -->
