<?xml version="1.0" encoding="UTF-8"?>
<!-- Generated by org.testng.reporters.JUnitReportReporter -->
<testsuite hostname="DESKTOP-R5SQ9ER" name="org.openrefine.wikidata.commands.LoginCommandTest" tests="2" failures="0" timestamp="8 Nov 2019 12:14:09 GMT" time="1.654" errors="0">
  <testcase name="testCsrfProtection" time="0.053" classname="org.openrefine.wikidata.commands.LoginCommandTest"/>
  <testcase name="testNoCredentials" time="1.601" classname="org.openrefine.wikidata.commands.LoginCommandTest"/>
</testsuite> <!-- org.openrefine.wikidata.commands.LoginCommandTest -->
