<?xml version="1.0" encoding="UTF-8"?>
<!-- Generated by org.testng.reporters.JUnitReportReporter -->
<testsuite hostname="DESKTOP-R5SQ9ER" name="org.openrefine.wikidata.schema.WbStatementExprTest" tests="8" failures="0" timestamp="6 Nov 2019 13:12:08 GMT" time="0.046" errors="0">
  <testcase name="testSkip" time="0.003" classname="org.openrefine.wikidata.schema.WbStatementExprTest"/>
  <testcase name="testEvaluateWithoutReference" time="0.003" classname="org.openrefine.wikidata.schema.WbStatementExprTest"/>
  <testcase name="testEvaluateWithoutQualifierAndReference" time="0.004" classname="org.openrefine.wikidata.schema.WbStatementExprTest"/>
  <testcase name="testSerialize" time="0.021" classname="org.openrefine.wikidata.schema.WbStatementExprTest"/>
  <testcase name="testCreation" time="0.004" classname="org.openrefine.wikidata.schema.WbStatementExprTest"/>
  <testcase name="testEvaluateWithConstant" time="0.003" classname="org.openrefine.wikidata.schema.WbStatementExprTest"/>
  <testcase name="testEvaluateWithoutQualifier" time="0.002" classname="org.openrefine.wikidata.schema.WbStatementExprTest"/>
  <testcase name="testEvaluate" time="0.006" classname="org.openrefine.wikidata.schema.WbStatementExprTest"/>
</testsuite> <!-- org.openrefine.wikidata.schema.WbStatementExprTest -->
