<?xml version="1.0" encoding="UTF-8"?>
<!-- Generated by org.testng.reporters.JUnitReportReporter -->
<testsuite hostname="DESKTOP-R5SQ9ER" name="org.openrefine.wikidata.operations.SaveWikibaseSchemaOperationTest" tests="2" failures="0" timestamp="5 Nov 2019 06:14:14 GMT" time="0.016" errors="0">
  <testcase name="testReconstruct" time="0.008" classname="org.openrefine.wikidata.operations.SaveWikibaseSchemaOperationTest"/>
  <testcase name="testLoadChange" time="0.008" classname="org.openrefine.wikidata.operations.SaveWikibaseSchemaOperationTest"/>
</testsuite> <!-- org.openrefine.wikidata.operations.SaveWikibaseSchemaOperationTest -->
