<?xml version="1.0" encoding="UTF-8"?>
<!-- Generated by org.testng.reporters.JUnitReportReporter -->
<testsuite hostname="DESKTOP-R5SQ9ER" name="org.openrefine.wikidata.qa.scrutinizers.QualifierCompatibilityScrutinizerTest" tests="3" failures="0" timestamp="8 Nov 2019 12:14:09 GMT" time="0.002" errors="0">
  <testcase name="testMissingQualifier" time="0.000" classname="org.openrefine.wikidata.qa.scrutinizers.QualifierCompatibilityScrutinizerTest"/>
  <testcase name="testGoodEdit" time="0.000" classname="org.openrefine.wikidata.qa.scrutinizers.QualifierCompatibilityScrutinizerTest"/>
  <testcase name="testDisallowedQualifier" time="0.002" classname="org.openrefine.wikidata.qa.scrutinizers.QualifierCompatibilityScrutinizerTest"/>
</testsuite> <!-- org.openrefine.wikidata.qa.scrutinizers.QualifierCompatibilityScrutinizerTest -->
