<?xml version="1.0" encoding="UTF-8"?>
<!-- Generated by org.testng.reporters.JUnitReportReporter -->
<testsuite hostname="DESKTOP-R5SQ9ER" name="org.openrefine.wikidata.qa.scrutinizers.NewItemScrutinizerTest" tests="4" failures="0" timestamp="5 Nov 2019 06:14:14 GMT" time="0.001" errors="0">
  <testcase name="testDeletedStatements" time="0.000" classname="org.openrefine.wikidata.qa.scrutinizers.NewItemScrutinizerTest"/>
  <testcase name="testGoodNewItem" time="0.000" classname="org.openrefine.wikidata.qa.scrutinizers.NewItemScrutinizerTest"/>
  <testcase name="testTrigger" time="0.001" classname="org.openrefine.wikidata.qa.scrutinizers.NewItemScrutinizerTest"/>
  <testcase name="testEmptyItem" time="0.000" classname="org.openrefine.wikidata.qa.scrutinizers.NewItemScrutinizerTest"/>
</testsuite> <!-- org.openrefine.wikidata.qa.scrutinizers.NewItemScrutinizerTest -->
