<?xml version="1.0" encoding="UTF-8"?>
<!-- Generated by org.testng.reporters.JUnitReportReporter -->
<testsuite hostname="DESKTOP-R5SQ9ER" name="org.openrefine.wikidata.updates.scheduler.WikibaseAPIUpdateSchedulerTest" tests="7" failures="0" timestamp="5 Nov 2019 06:14:14 GMT" time="0.005" errors="0">
  <testcase name="testMergeNew" time="0.001" classname="org.openrefine.wikidata.updates.scheduler.WikibaseAPIUpdateSchedulerTest"/>
  <testcase name="testNewItemMentioned" time="0.000" classname="org.openrefine.wikidata.updates.scheduler.WikibaseAPIUpdateSchedulerTest"/>
  <testcase name="testNewItemNotMentioned" time="0.001" classname="org.openrefine.wikidata.updates.scheduler.WikibaseAPIUpdateSchedulerTest"/>
  <testcase name="testOrderPreserved" time="0.001" classname="org.openrefine.wikidata.updates.scheduler.WikibaseAPIUpdateSchedulerTest"/>
  <testcase name="testMerge" time="0.001" classname="org.openrefine.wikidata.updates.scheduler.WikibaseAPIUpdateSchedulerTest"/>
  <testcase name="testMixedUpdate" time="0.001" classname="org.openrefine.wikidata.updates.scheduler.WikibaseAPIUpdateSchedulerTest"/>
  <testcase name="testUpdateIsNotSplit" time="0.000" classname="org.openrefine.wikidata.updates.scheduler.WikibaseAPIUpdateSchedulerTest"/>
</testsuite> <!-- org.openrefine.wikidata.updates.scheduler.WikibaseAPIUpdateSchedulerTest -->
