<?xml version="1.0" encoding="UTF-8"?>
<!-- Generated by org.testng.reporters.JUnitReportReporter -->
<testsuite hostname="DESKTOP-R5SQ9ER" name="org.openrefine.wikidata.qa.scrutinizers.InverseConstaintScrutinizerTest" tests="3" failures="0" timestamp="6 Nov 2019 13:12:08 GMT" time="0.000" errors="0">
  <testcase name="testSymmetric" time="0.000" classname="org.openrefine.wikidata.qa.scrutinizers.InverseConstaintScrutinizerTest"/>
  <testcase name="testTrigger" time="0.000" classname="org.openrefine.wikidata.qa.scrutinizers.InverseConstaintScrutinizerTest"/>
  <testcase name="testNoSymmetricClosure" time="0.000" classname="org.openrefine.wikidata.qa.scrutinizers.InverseConstaintScrutinizerTest"/>
</testsuite> <!-- org.openrefine.wikidata.qa.scrutinizers.InverseConstaintScrutinizerTest -->
