<?xml version="1.0" encoding="UTF-8"?>
<!-- Generated by org.testng.reporters.JUnitReportReporter -->
<testsuite hostname="DESKTOP-R5SQ9ER" name="org.openrefine.wikidata.schema.WbStringConstantTest" tests="4" failures="0" timestamp="6 Nov 2019 13:12:08 GMT" time="0.012" errors="0">
  <testcase name="testEvaluate" time="0.002" classname="org.openrefine.wikidata.schema.WbStringConstantTest"/>
  <testcase name="testEmpty" time="0.004" classname="org.openrefine.wikidata.schema.WbStringConstantTest"/>
  <testcase name="testSerialize" time="0.004" classname="org.openrefine.wikidata.schema.WbStringConstantTest"/>
  <testcase name="testTrim" time="0.002" classname="org.openrefine.wikidata.schema.WbStringConstantTest"/>
</testsuite> <!-- org.openrefine.wikidata.schema.WbStringConstantTest -->
