<?xml version="1.0" encoding="UTF-8"?>
<!-- Generated by org.testng.reporters.JUnitReportReporter -->
<testsuite hostname="DESKTOP-R5SQ9ER" name="org.openrefine.wikidata.schema.WbSnakExprTest" tests="2" failures="0" timestamp="8 Nov 2019 12:14:09 GMT" time="0.006" errors="0">
  <testcase name="testSerialize" time="0.003" classname="org.openrefine.wikidata.schema.WbSnakExprTest"/>
  <testcase name="testEvaluate" time="0.003" classname="org.openrefine.wikidata.schema.WbSnakExprTest"/>
</testsuite> <!-- org.openrefine.wikidata.schema.WbSnakExprTest -->
