<?xml version="1.0" encoding="UTF-8"?>
<!-- Generated by org.testng.reporters.JUnitReportReporter -->
<testsuite hostname="DESKTOP-R5SQ9ER" name="org.openrefine.wikidata.exporters.QuickStatementsExporterTest" tests="8" failures="0" timestamp="8 Nov 2019 12:14:09 GMT" time="0.014" errors="0">
  <testcase name="testNoSchema" time="0.002" classname="org.openrefine.wikidata.exporters.QuickStatementsExporterTest"/>
  <testcase name="testNameDesc" time="0.000" classname="org.openrefine.wikidata.exporters.QuickStatementsExporterTest"/>
  <testcase name="testDeleteStatement" time="0.001" classname="org.openrefine.wikidata.exporters.QuickStatementsExporterTest"/>
  <testcase name="testSimpleProject" time="0.009" classname="org.openrefine.wikidata.exporters.QuickStatementsExporterTest"/>
  <testcase name="testOptionalNameDesc" time="0.000" classname="org.openrefine.wikidata.exporters.QuickStatementsExporterTest"/>
  <testcase name="testGetContentType" time="0.000" classname="org.openrefine.wikidata.exporters.QuickStatementsExporterTest"/>
  <testcase name="testImpossibleScheduling" time="0.001" classname="org.openrefine.wikidata.exporters.QuickStatementsExporterTest"/>
  <testcase name="testQualifier" time="0.001" classname="org.openrefine.wikidata.exporters.QuickStatementsExporterTest"/>
</testsuite> <!-- org.openrefine.wikidata.exporters.QuickStatementsExporterTest -->
