<?xml version="1.0" encoding="UTF-8"?>
<!-- Generated by org.testng.reporters.JUnitReportReporter -->
<testsuite hostname="DESKTOP-R5SQ9ER" name="org.openrefine.wikidata.qa.QAWarningTest" tests="3" failures="0" timestamp="8 Nov 2019 12:14:09 GMT" time="0.001" errors="0">
  <testcase name="testCompare" time="0.000" classname="org.openrefine.wikidata.qa.QAWarningTest"/>
  <testcase name="testSerialize" time="0.001" classname="org.openrefine.wikidata.qa.QAWarningTest"/>
  <testcase name="testAggregate" time="0.000" classname="org.openrefine.wikidata.qa.QAWarningTest"/>
</testsuite> <!-- org.openrefine.wikidata.qa.QAWarningTest -->
