<?xml version="1.0" encoding="UTF-8"?>
<!-- Generated by org.testng.reporters.JUnitReportReporter -->
<testsuite hostname="DESKTOP-R5SQ9ER" name="org.openrefine.wikidata.schema.WbDateConstantTest" tests="6" failures="0" timestamp="8 Nov 2019 12:14:08 GMT" time="0.041" errors="0">
  <testcase name="testInvalid" time="0.004" classname="org.openrefine.wikidata.schema.WbDateConstantTest"/>
  <testcase name="testEvaluate" time="0.005" classname="org.openrefine.wikidata.schema.WbDateConstantTest"/>
  <testcase name="testSerialize" time="0.022" classname="org.openrefine.wikidata.schema.WbDateConstantTest"/>
  <testcase name="testPartlyValid" time="0.003" classname="org.openrefine.wikidata.schema.WbDateConstantTest"/>
  <testcase name="testToday" time="0.005" classname="org.openrefine.wikidata.schema.WbDateConstantTest"/>
  <testcase name="testInvalidCalendar" time="0.002" classname="org.openrefine.wikidata.schema.WbDateConstantTest"/>
</testsuite> <!-- org.openrefine.wikidata.schema.WbDateConstantTest -->
