<?xml version="1.0" encoding="UTF-8"?>
<!-- Generated by org.testng.reporters.JUnitReportReporter -->
<testsuite hostname="DESKTOP-R5SQ9ER" name="org.openrefine.wikidata.qa.scrutinizers.WhitespaceScrutinizerTest" tests="5" failures="0" timestamp="5 Nov 2019 06:14:14 GMT" time="0.002" errors="0">
  <testcase name="testMonolingualTextValue" time="0.001" classname="org.openrefine.wikidata.qa.scrutinizers.WhitespaceScrutinizerTest"/>
  <testcase name="testDuplicateWhitespace" time="0.000" classname="org.openrefine.wikidata.qa.scrutinizers.WhitespaceScrutinizerTest"/>
  <testcase name="testNoIssue" time="0.000" classname="org.openrefine.wikidata.qa.scrutinizers.WhitespaceScrutinizerTest"/>
  <testcase name="testMultipleIssues" time="0.000" classname="org.openrefine.wikidata.qa.scrutinizers.WhitespaceScrutinizerTest"/>
  <testcase name="testNonPrintableChars" time="0.001" classname="org.openrefine.wikidata.qa.scrutinizers.WhitespaceScrutinizerTest"/>
</testsuite> <!-- org.openrefine.wikidata.qa.scrutinizers.WhitespaceScrutinizerTest -->
