<?xml version="1.0" encoding="UTF-8"?>
<!-- Generated by org.testng.reporters.JUnitReportReporter -->
<testsuite hostname="DESKTOP-R5SQ9ER" name="org.openrefine.wikidata.operations.PerformWikibaseEditsOperationTest" tests="3" failures="0" timestamp="6 Nov 2019 13:12:08 GMT" time="0.281" errors="0">
  <testcase name="testConstructor" time="0.006" classname="org.openrefine.wikidata.operations.PerformWikibaseEditsOperationTest"/>
  <testcase name="testLoadChange" time="0.015" classname="org.openrefine.wikidata.operations.PerformWikibaseEditsOperationTest"/>
  <testcase name="testReconstruct" time="0.260" classname="org.openrefine.wikidata.operations.PerformWikibaseEditsOperationTest"/>
</testsuite> <!-- org.openrefine.wikidata.operations.PerformWikibaseEditsOperationTest -->
