<?xml version="1.0" encoding="UTF-8"?>
<!-- Generated by org.testng.reporters.JUnitReportReporter -->
<testsuite hostname="DESKTOP-R5SQ9ER" name="org.openrefine.wikidata.schema.WbReferenceExprTest" tests="4" failures="0" timestamp="8 Nov 2019 12:14:09 GMT" time="0.011" errors="0">
  <testcase name="testEvaluate" time="0.004" classname="org.openrefine.wikidata.schema.WbReferenceExprTest"/>
  <testcase name="testNoValidSnak" time="0.002" classname="org.openrefine.wikidata.schema.WbReferenceExprTest"/>
  <testcase name="testSerialize" time="0.003" classname="org.openrefine.wikidata.schema.WbReferenceExprTest"/>
  <testcase name="testEvaluateWithOneSkip" time="0.002" classname="org.openrefine.wikidata.schema.WbReferenceExprTest"/>
</testsuite> <!-- org.openrefine.wikidata.schema.WbReferenceExprTest -->
