<?xml version="1.0" encoding="UTF-8"?>
<!-- Generated by org.testng.reporters.JUnitReportReporter -->
<testsuite hostname="DESKTOP-R5SQ9ER" name="org.openrefine.wikidata.schema.WbDateVariableTest" tests="6" failures="0" timestamp="5 Nov 2019 06:14:14 GMT" time="0.040" errors="0">
  <testcase name="testSerialize" time="0.003" classname="org.openrefine.wikidata.schema.WbDateVariableTest"/>
  <testcase name="testValidFormat" time="0.005" classname="org.openrefine.wikidata.schema.WbDateVariableTest"/>
  <testcase name="testMinutesISO" time="0.003" classname="org.openrefine.wikidata.schema.WbDateVariableTest"/>
  <testcase name="testNumber" time="0.004" classname="org.openrefine.wikidata.schema.WbDateVariableTest"/>
  <testcase name="testSkipped" time="0.003" classname="org.openrefine.wikidata.schema.WbDateVariableTest"/>
  <testcase name="testWhitespace" time="0.022" classname="org.openrefine.wikidata.schema.WbDateVariableTest"/>
</testsuite> <!-- org.openrefine.wikidata.schema.WbDateVariableTest -->
