<?xml version="1.0" encoding="UTF-8"?>
<!-- Generated by org.testng.reporters.JUnitReportReporter -->
<testsuite hostname="DESKTOP-R5SQ9ER" name="org.openrefine.wikidata.commands.PreviewWikibaseSchemaCommandTest" tests="3" failures="0" timestamp="6 Nov 2019 13:12:08 GMT" time="3.889" errors="0">
  <testcase name="testValidSchema" time="3.881" classname="org.openrefine.wikidata.commands.PreviewWikibaseSchemaCommandTest"/>
  <testcase name="testNoSchema" time="0.004" classname="org.openrefine.wikidata.commands.PreviewWikibaseSchemaCommandTest"/>
  <testcase name="testInvalidSchema" time="0.004" classname="org.openrefine.wikidata.commands.PreviewWikibaseSchemaCommandTest"/>
</testsuite> <!-- org.openrefine.wikidata.commands.PreviewWikibaseSchemaCommandTest -->
