<?xml version="1.0" encoding="UTF-8"?>
<!-- Generated by org.testng.reporters.JUnitReportReporter -->
<testsuite hostname="DESKTOP-R5SQ9ER" name="org.openrefine.wikidata.schema.WbLocationConstantTest" tests="7" failures="0" timestamp="8 Nov 2019 12:14:08 GMT" time="0.024" errors="0">
  <testcase name="constructtooManyParts" time="0.004" classname="org.openrefine.wikidata.schema.WbLocationConstantTest"/>
  <testcase name="testSerialization" time="0.005" classname="org.openrefine.wikidata.schema.WbLocationConstantTest"/>
  <testcase name="constructInvalid" time="0.005" classname="org.openrefine.wikidata.schema.WbLocationConstantTest"/>
  <testcase name="testEvaluateWithPrecision" time="0.002" classname="org.openrefine.wikidata.schema.WbLocationConstantTest"/>
  <testcase name="testParseInvalid" time="0.003" classname="org.openrefine.wikidata.schema.WbLocationConstantTest"/>
  <testcase name="testEvaluate" time="0.002" classname="org.openrefine.wikidata.schema.WbLocationConstantTest"/>
  <testcase name="constructNotNumber" time="0.003" classname="org.openrefine.wikidata.schema.WbLocationConstantTest"/>
</testsuite> <!-- org.openrefine.wikidata.schema.WbLocationConstantTest -->
