<?xml version="1.0" encoding="UTF-8"?>
<!-- Generated by org.testng.reporters.JUnitReportReporter -->
<testsuite hostname="DESKTOP-R5SQ9ER" name="org.openrefine.wikidata.schema.WbDateConstantTest" tests="6" failures="0" timestamp="5 Nov 2019 06:14:14 GMT" time="0.024" errors="0">
  <testcase name="testInvalid" time="0.003" classname="org.openrefine.wikidata.schema.WbDateConstantTest"/>
  <testcase name="testEvaluate" time="0.008" classname="org.openrefine.wikidata.schema.WbDateConstantTest"/>
  <testcase name="testSerialize" time="0.003" classname="org.openrefine.wikidata.schema.WbDateConstantTest"/>
  <testcase name="testPartlyValid" time="0.003" classname="org.openrefine.wikidata.schema.WbDateConstantTest"/>
  <testcase name="testToday" time="0.004" classname="org.openrefine.wikidata.schema.WbDateConstantTest"/>
  <testcase name="testInvalidCalendar" time="0.003" classname="org.openrefine.wikidata.schema.WbDateConstantTest"/>
</testsuite> <!-- org.openrefine.wikidata.schema.WbDateConstantTest -->
