<?xml version="1.0" encoding="UTF-8"?>
<!-- Generated by org.testng.reporters.JUnitReportReporter -->
<testsuite hostname="DESKTOP-R5SQ9ER" name="org.openrefine.wikidata.qa.WikidataConstraintFetcherTests" tests="6" failures="0" timestamp="5 Nov 2019 06:14:14 GMT" time="5.918" errors="0">
  <testcase name="testGetInverseConstraint" time="0.879" classname="org.openrefine.wikidata.qa.WikidataConstraintFetcherTests"/>
  <testcase name="testMandatoryQualifiers" time="0.001" classname="org.openrefine.wikidata.qa.WikidataConstraintFetcherTests"/>
  <testcase name="testAllowedQualifiers" time="2.613" classname="org.openrefine.wikidata.qa.WikidataConstraintFetcherTests"/>
  <testcase name="testGetFormatConstraint" time="1.078" classname="org.openrefine.wikidata.qa.WikidataConstraintFetcherTests"/>
  <testcase name="testSingleValue" time="0.000" classname="org.openrefine.wikidata.qa.WikidataConstraintFetcherTests"/>
  <testcase name="testDistinctValues" time="1.347" classname="org.openrefine.wikidata.qa.WikidataConstraintFetcherTests"/>
</testsuite> <!-- org.openrefine.wikidata.qa.WikidataConstraintFetcherTests -->
