<?xml version="1.0" encoding="UTF-8"?>
<!-- Generated by org.testng.reporters.JUnitReportReporter -->
<testsuite hostname="DESKTOP-R5SQ9ER" name="org.openrefine.wikidata.exporters.SchemaExporterTest" tests="1" failures="0" timestamp="8 Nov 2019 12:14:08 GMT" time="0.003" errors="0">
  <testcase name="testNoSchema" time="0.003" classname="org.openrefine.wikidata.exporters.SchemaExporterTest"/>
</testsuite> <!-- org.openrefine.wikidata.exporters.SchemaExporterTest -->
