<?xml version="1.0" encoding="UTF-8"?>
<!-- Generated by org.testng.reporters.JUnitReportReporter -->
<testsuite hostname="DESKTOP-R5SQ9ER" name="org.openrefine.wikidata.qa.scrutinizers.SelfReferentialScrutinizerTest" tests="2" failures="0" timestamp="5 Nov 2019 06:14:14 GMT" time="0.004" errors="0">
  <testcase name="testNoProblem" time="0.003" classname="org.openrefine.wikidata.qa.scrutinizers.SelfReferentialScrutinizerTest"/>
  <testcase name="testTrigger" time="0.001" classname="org.openrefine.wikidata.qa.scrutinizers.SelfReferentialScrutinizerTest"/>
</testsuite> <!-- org.openrefine.wikidata.qa.scrutinizers.SelfReferentialScrutinizerTest -->
