<?xml version="1.0" encoding="UTF-8"?>
<!-- Generated by org.testng.reporters.JUnitReportReporter -->
<testsuite hostname="DESKTOP-R5SQ9ER" name="org.openrefine.wikidata.schema.WbItemConstantTest" tests="2" failures="0" timestamp="8 Nov 2019 12:14:09 GMT" time="0.010" errors="0">
  <testcase name="testSerialize" time="0.006" classname="org.openrefine.wikidata.schema.WbItemConstantTest"/>
  <testcase name="testEvaluate" time="0.004" classname="org.openrefine.wikidata.schema.WbItemConstantTest"/>
</testsuite> <!-- org.openrefine.wikidata.schema.WbItemConstantTest -->
