<?xml version="1.0" encoding="UTF-8"?>
<!-- Generated by org.testng.reporters.JUnitReportReporter -->
<testsuite hostname="DESKTOP-R5SQ9ER" name="org.openrefine.wikidata.qa.QAWarningStoreTest" tests="3" failures="0" timestamp="5 Nov 2019 06:14:14 GMT" time="0.010" errors="0">
  <testcase name="testSerialize" time="0.008" classname="org.openrefine.wikidata.qa.QAWarningStoreTest"/>
  <testcase name="testCount" time="0.001" classname="org.openrefine.wikidata.qa.QAWarningStoreTest"/>
  <testcase name="testMaxSeverity" time="0.001" classname="org.openrefine.wikidata.qa.QAWarningStoreTest"/>
</testsuite> <!-- org.openrefine.wikidata.qa.QAWarningStoreTest -->
