<?xml version="1.0" encoding="UTF-8"?>
<!-- Generated by org.testng.reporters.JUnitReportReporter -->
<testsuite hostname="DESKTOP-R5SQ9ER" name="org.openrefine.wikidata.qa.scrutinizers.CalendarScrutinizerTest" tests="4" failures="0" timestamp="5 Nov 2019 06:14:14 GMT" time="0.001" errors="0">
  <testcase name="testScrutinizeRecentValue" time="0.001" classname="org.openrefine.wikidata.qa.scrutinizers.CalendarScrutinizerTest"/>
  <testcase name="testScrutinizeCloseValue" time="0.000" classname="org.openrefine.wikidata.qa.scrutinizers.CalendarScrutinizerTest"/>
  <testcase name="testScrutinizeEarlyDay" time="0.000" classname="org.openrefine.wikidata.qa.scrutinizers.CalendarScrutinizerTest"/>
  <testcase name="testScrutinizeEarlyYear" time="0.000" classname="org.openrefine.wikidata.qa.scrutinizers.CalendarScrutinizerTest"/>
</testsuite> <!-- org.openrefine.wikidata.qa.scrutinizers.CalendarScrutinizerTest -->
