<?xml version="1.0" encoding="UTF-8"?>
<!-- Generated by org.testng.reporters.JUnitReportReporter -->
<testsuite hostname="DESKTOP-R5SQ9ER" name="org.openrefine.wikidata.editing.NewItemLibraryTest" tests="3" failures="0" timestamp="5 Nov 2019 06:14:14 GMT" time="0.011" errors="0">
  <testcase name="testRetrieveItem" time="0.001" classname="org.openrefine.wikidata.editing.NewItemLibraryTest"/>
  <testcase name="testUpdateReconciledCells" time="0.007" classname="org.openrefine.wikidata.editing.NewItemLibraryTest"/>
  <testcase name="testSerialize" time="0.003" classname="org.openrefine.wikidata.editing.NewItemLibraryTest"/>
</testsuite> <!-- org.openrefine.wikidata.editing.NewItemLibraryTest -->
