<?xml version="1.0" encoding="UTF-8"?>
<!-- Generated by org.testng.reporters.JUnitReportReporter -->
<testsuite hostname="DESKTOP-R5SQ9ER" name="org.openrefine.wikidata.schema.WbStringVariableTest" tests="7" failures="0" timestamp="6 Nov 2019 13:12:08 GMT" time="0.032" errors="0">
  <testcase name="testEmpty" time="0.004" classname="org.openrefine.wikidata.schema.WbStringVariableTest"/>
  <testcase name="testInteger" time="0.007" classname="org.openrefine.wikidata.schema.WbStringVariableTest"/>
  <testcase name="testSimpleString" time="0.004" classname="org.openrefine.wikidata.schema.WbStringVariableTest"/>
  <testcase name="testLeadingWhitespace" time="0.009" classname="org.openrefine.wikidata.schema.WbStringVariableTest"/>
  <testcase name="testDoubleInteger" time="0.003" classname="org.openrefine.wikidata.schema.WbStringVariableTest"/>
  <testcase name="testTrailingWhitespace" time="0.001" classname="org.openrefine.wikidata.schema.WbStringVariableTest"/>
  <testcase name="testDoubleWhitespace" time="0.004" classname="org.openrefine.wikidata.schema.WbStringVariableTest"/>
</testsuite> <!-- org.openrefine.wikidata.schema.WbStringVariableTest -->
