<?xml version="1.0" encoding="UTF-8"?>
<!-- Generated by org.testng.reporters.JUnitReportReporter -->
<testsuite hostname="DESKTOP-R5SQ9ER" name="org.openrefine.wikidata.schema.WbItemVariableTest" tests="6" failures="0" timestamp="8 Nov 2019 12:14:09 GMT" time="0.020" errors="0">
  <testcase name="testInvalidSpace" time="0.003" classname="org.openrefine.wikidata.schema.WbItemVariableTest"/>
  <testcase name="testReconciledCell" time="0.003" classname="org.openrefine.wikidata.schema.WbItemVariableTest"/>
  <testcase name="testSerialize" time="0.004" classname="org.openrefine.wikidata.schema.WbItemVariableTest"/>
  <testcase name="testUnmatchedCell" time="0.004" classname="org.openrefine.wikidata.schema.WbItemVariableTest"/>
  <testcase name="testNewItemCell" time="0.004" classname="org.openrefine.wikidata.schema.WbItemVariableTest"/>
  <testcase name="testUnreconciledCell" time="0.002" classname="org.openrefine.wikidata.schema.WbItemVariableTest"/>
</testsuite> <!-- org.openrefine.wikidata.schema.WbItemVariableTest -->
