<?xml version="1.0" encoding="UTF-8"?>
<!-- Generated by org.testng.reporters.JUnitReportReporter -->
<testsuite hostname="DESKTOP-R5SQ9ER" name="org.openrefine.wikidata.schema.WbLanguageConstantTest" tests="3" failures="0" timestamp="5 Nov 2019 06:14:14 GMT" time="0.009" errors="0">
  <testcase name="testNormalizeLanguageCode" time="0.002" classname="org.openrefine.wikidata.schema.WbLanguageConstantTest"/>
  <testcase name="testEvaluation" time="0.003" classname="org.openrefine.wikidata.schema.WbLanguageConstantTest"/>
  <testcase name="testSerialization" time="0.004" classname="org.openrefine.wikidata.schema.WbLanguageConstantTest"/>
</testsuite> <!-- org.openrefine.wikidata.schema.WbLanguageConstantTest -->
