<?xml version="1.0" encoding="UTF-8"?>
<!-- Generated by org.testng.reporters.JUnitReportReporter -->
<testsuite hostname="DESKTOP-R5SQ9ER" name="org.openrefine.wikidata.editing.EditBatchProcessorTest" tests="2" failures="0" timestamp="5 Nov 2019 06:14:14 GMT" time="0.250" errors="0">
  <testcase name="testNewItem" time="0.007" classname="org.openrefine.wikidata.editing.EditBatchProcessorTest"/>
  <testcase name="testMultipleBatches" time="0.243" classname="org.openrefine.wikidata.editing.EditBatchProcessorTest"/>
</testsuite> <!-- org.openrefine.wikidata.editing.EditBatchProcessorTest -->
