<?xml version="1.0" encoding="UTF-8"?>
<!-- Generated by org.testng.reporters.JUnitReportReporter -->
<testsuite hostname="DESKTOP-R5SQ9ER" name="org.openrefine.wikidata.updates.scheduler.QuickStatementsUpdateSchedulerTest" tests="8" failures="0" timestamp="6 Nov 2019 13:12:08 GMT" time="0.010" errors="0">
  <testcase name="testNewItemNotMentioned" time="0.001" classname="org.openrefine.wikidata.updates.scheduler.QuickStatementsUpdateSchedulerTest"/>
  <testcase name="testNewItemMentioned" time="0.001" classname="org.openrefine.wikidata.updates.scheduler.QuickStatementsUpdateSchedulerTest"/>
  <testcase name="testNoNewItem" time="0.002" classname="org.openrefine.wikidata.updates.scheduler.QuickStatementsUpdateSchedulerTest"/>
  <testcase name="testMerge" time="0.001" classname="org.openrefine.wikidata.updates.scheduler.QuickStatementsUpdateSchedulerTest"/>
  <testcase name="testImpossibleForQS" time="0.001" classname="org.openrefine.wikidata.updates.scheduler.QuickStatementsUpdateSchedulerTest"/>
  <testcase name="testSelfEditOnNewITem" time="0.001" classname="org.openrefine.wikidata.updates.scheduler.QuickStatementsUpdateSchedulerTest"/>
  <testcase name="testSplitUpdate" time="0.002" classname="org.openrefine.wikidata.updates.scheduler.QuickStatementsUpdateSchedulerTest"/>
  <testcase name="testMergeNew" time="0.001" classname="org.openrefine.wikidata.updates.scheduler.QuickStatementsUpdateSchedulerTest"/>
</testsuite> <!-- org.openrefine.wikidata.updates.scheduler.QuickStatementsUpdateSchedulerTest -->
