<?xml version="1.0" encoding="UTF-8"?>
<!-- Generated by org.testng.reporters.JUnitReportReporter -->
<testsuite hostname="DESKTOP-R5SQ9ER" name="org.openrefine.wikidata.qa.WikidataConstraintFetcherTests" tests="6" failures="0" timestamp="6 Nov 2019 13:12:08 GMT" time="5.243" errors="0">
  <testcase name="testGetInverseConstraint" time="0.941" classname="org.openrefine.wikidata.qa.WikidataConstraintFetcherTests"/>
  <testcase name="testMandatoryQualifiers" time="0.001" classname="org.openrefine.wikidata.qa.WikidataConstraintFetcherTests"/>
  <testcase name="testAllowedQualifiers" time="1.887" classname="org.openrefine.wikidata.qa.WikidataConstraintFetcherTests"/>
  <testcase name="testGetFormatConstraint" time="1.058" classname="org.openrefine.wikidata.qa.WikidataConstraintFetcherTests"/>
  <testcase name="testSingleValue" time="0.001" classname="org.openrefine.wikidata.qa.WikidataConstraintFetcherTests"/>
  <testcase name="testDistinctValues" time="1.355" classname="org.openrefine.wikidata.qa.WikidataConstraintFetcherTests"/>
</testsuite> <!-- org.openrefine.wikidata.qa.WikidataConstraintFetcherTests -->
