<?xml version="1.0" encoding="UTF-8"?>
<!-- Generated by org.testng.reporters.JUnitReportReporter -->
<testsuite hostname="DESKTOP-R5SQ9ER" name="org.openrefine.wikidata.operations.PerformWikibaseEditsOperationTest" tests="3" failures="0" timestamp="8 Nov 2019 12:14:09 GMT" time="0.186" errors="0">
  <testcase name="testConstructor" time="0.004" classname="org.openrefine.wikidata.operations.PerformWikibaseEditsOperationTest"/>
  <testcase name="testLoadChange" time="0.017" classname="org.openrefine.wikidata.operations.PerformWikibaseEditsOperationTest"/>
  <testcase name="testReconstruct" time="0.165" classname="org.openrefine.wikidata.operations.PerformWikibaseEditsOperationTest"/>
</testsuite> <!-- org.openrefine.wikidata.operations.PerformWikibaseEditsOperationTest -->
