<?xml version="1.0" encoding="UTF-8"?>
<!-- Generated by org.testng.reporters.JUnitReportReporter -->
<testsuite hostname="DESKTOP-R5SQ9ER" name="org.openrefine.wikidata.commands.SaveWikibaseSchemaCommandTest" tests="4" failures="0" timestamp="6 Nov 2019 13:12:08 GMT" time="0.022" errors="0">
  <testcase name="testCsrfProtection" time="0.003" classname="org.openrefine.wikidata.commands.SaveWikibaseSchemaCommandTest"/>
  <testcase name="testInvalidSchema" time="0.005" classname="org.openrefine.wikidata.commands.SaveWikibaseSchemaCommandTest"/>
  <testcase name="testValidSchema" time="0.011" classname="org.openrefine.wikidata.commands.SaveWikibaseSchemaCommandTest"/>
  <testcase name="testNoSchema" time="0.003" classname="org.openrefine.wikidata.commands.SaveWikibaseSchemaCommandTest"/>
</testsuite> <!-- org.openrefine.wikidata.commands.SaveWikibaseSchemaCommandTest -->
