<?xml version="1.0" encoding="UTF-8"?>
<testsuite xmlns:xsi="http://www.w3.org/2001/XMLSchema-instance" xsi:noNamespaceSchemaLocation="https://maven.apache.org/surefire/maven-surefire-plugin/xsd/surefire-test-report.xsd" name="TestSuite" time="16.343" tests="258" errors="0" skipped="0" failures="0">
  <properties>
    <property name="sun.desktop" value="windows"/>
    <property name="awt.toolkit" value="sun.awt.windows.WToolkit"/>
    <property name="file.encoding.pkg" value="sun.io"/>
    <property name="java.specification.version" value="1.8"/>
    <property name="full_version" value="1.0.0.0"/>
    <property name="sun.cpu.isalist" value="amd64"/>
    <property name="sun.jnu.encoding" value="Cp1252"/>
    <property name="java.class.path" value="E:\Sierra\SierraTool\SourceCode\OpenRefine\extensions\wikidata\target\test-classes;E:\Sierra\SierraTool\SourceCode\OpenRefine\extensions\wikidata\module\MOD-INF\classes;E:\Sierra\SierraTool\SourceCode\OpenRefine\main\target\openrefine-main.jar;C:\Users\Parag\.m2\repository\edu\mit\simile\butterfly\1.0.2\butterfly-1.0.2.jar;C:\Users\Parag\.m2\repository\org\mozilla\rhino\1.7.10\rhino-1.7.10.jar;C:\Users\Parag\.m2\repository\com\fasterxml\jackson\core\jackson-databind\2.9.10\jackson-databind-2.9.10.jar;C:\Users\Parag\.m2\repository\com\fasterxml\jackson\core\jackson-annotations\2.9.10\jackson-annotations-2.9.10.jar;C:\Users\Parag\.m2\repository\org\slf4j\slf4j-log4j12\1.7.18\slf4j-log4j12-1.7.18.jar;C:\Users\Parag\.m2\repository\log4j\log4j\1.2.17\log4j-1.2.17.jar;C:\Users\Parag\.m2\repository\org\apache\commons\commons-lang3\3.6\commons-lang3-3.6.jar;C:\Users\Parag\.m2\repository\commons-digester\commons-digester\1.8.1\commons-digester-1.8.1.jar;C:\Users\Parag\.m2\repository\commons-beanutils\commons-beanutils\1.8.0\commons-beanutils-1.8.0.jar;C:\Users\Parag\.m2\repository\commons-logging\commons-logging\1.1.1\commons-logging-1.1.1.jar;C:\Users\Parag\.m2\repository\commons-fileupload\commons-fileupload\1.4\commons-fileupload-1.4.jar;C:\Users\Parag\.m2\repository\commons-io\commons-io\2.2\commons-io-2.2.jar;C:\Users\Parag\.m2\repository\commons-collections\commons-collections\3.2.2\commons-collections-3.2.2.jar;C:\Users\Parag\.m2\repository\commons-validator\commons-validator\1.5.1\commons-validator-1.5.1.jar;C:\Users\Parag\.m2\repository\velocity\velocity\1.5\velocity-1.5.jar;C:\Users\Parag\.m2\repository\commons-lang\commons-lang\2.1\commons-lang-2.1.jar;C:\Users\Parag\.m2\repository\oro\oro\2.0.8\oro-2.0.8.jar;C:\Users\Parag\.m2\repository\marc4j\marc4j\2.4\marc4j-2.4.jar;C:\Users\Parag\.m2\repository\org\apache\ant\ant\1.8.0\ant-1.8.0.jar;C:\Users\Parag\.m2\repository\org\apache\ant\ant-launcher\1.8.0\ant-launcher-1.8.0.jar;C:\Users\Parag\.m2\repository\org\jsoup\jsoup\1.11.3\jsoup-1.11.3.jar;C:\Users\Parag\.m2\repository\net\sf\opencsv\opencsv\2.4-SNAPSHOT\opencsv-2.4-SNAPSHOT.jar;C:\Users\Parag\.m2\repository\org\apache\poi\poi\4.1.0\poi-4.1.0.jar;C:\Users\Parag\.m2\repository\commons-codec\commons-codec\1.12\commons-codec-1.12.jar;C:\Users\Parag\.m2\repository\org\apache\commons\commons-collections4\4.3\commons-collections4-4.3.jar;C:\Users\Parag\.m2\repository\org\apache\commons\commons-math3\3.6.1\commons-math3-3.6.1.jar;C:\Users\Parag\.m2\repository\org\apache\poi\poi-ooxml\4.1.0\poi-ooxml-4.1.0.jar;C:\Users\Parag\.m2\repository\org\apache\poi\poi-ooxml-schemas\4.1.0\poi-ooxml-schemas-4.1.0.jar;C:\Users\Parag\.m2\repository\org\apache\xmlbeans\xmlbeans\3.1.0\xmlbeans-3.1.0.jar;C:\Users\Parag\.m2\repository\org\apache\commons\commons-compress\1.18\commons-compress-1.18.jar;C:\Users\Parag\.m2\repository\com\github\virtuald\curvesapi\1.06\curvesapi-1.06.jar;C:\Users\Parag\.m2\repository\org\apache\odftoolkit\odfdom-java\0.8.8-incubating\odfdom-java-0.8.8-incubating.jar;C:\Users\Parag\.m2\repository\org\apache\odftoolkit\taglets\0.8.8-incubating\taglets-0.8.8-incubating.jar;C:\Users\Parag\.m2\repository\xerces\xercesImpl\2.9.1\xercesImpl-2.9.1.jar;C:\Users\Parag\.m2\repository\xml-apis\xml-apis\1.3.04\xml-apis-1.3.04.jar;C:\Users\Parag\.m2\repository\edu\mit\simile\vicino\1.1\vicino-1.1.jar;C:\Users\Parag\.m2\repository\oauth\signpost\signpost-core\1.2.1.2\signpost-core-1.2.1.2.jar;C:\Users\Parag\.m2\repository\oauth\signpost\signpost-commonshttp4\1.2.1.2\signpost-commonshttp4-1.2.1.2.jar;C:\Users\Parag\.m2\repository\org\clojure\clojure\1.5.1\clojure-1.5.1.jar;C:\Users\Parag\.m2\repository\org\apache\httpcomponents\httpclient\4.5.5\httpclient-4.5.5.jar;C:\Users\Parag\.m2\repository\org\apache\httpcomponents\httpcore\4.4.9\httpcore-4.4.9.jar;C:\Users\Parag\.m2\repository\org\sweble\wikitext\swc-parser-lazy\3.1.7\swc-parser-lazy-3.1.7.jar;C:\Users\Parag\.m2\repository\xtc\rats-runtime\1.15.0\rats-runtime-1.15.0.jar;C:\Users\Parag\.m2\repository\de\fau\cs\osr\utils\utils\3.0.8\utils-3.0.8.jar;C:\Users\Parag\.m2\repository\de\fau\cs\osr\ptk\ptk-common\3.0.8\ptk-common-3.0.8.jar;C:\Users\Parag\.m2\repository\joda-time\joda-time\2.9.9\joda-time-2.9.9.jar;C:\Users\Parag\.m2\repository\org\apache\jena\jena-arq\3.6.0\jena-arq-3.6.0.jar;C:\Users\Parag\.m2\repository\org\apache\jena\jena-shaded-guava\3.6.0\jena-shaded-guava-3.6.0.jar;C:\Users\Parag\.m2\repository\com\github\jsonld-java\jsonld-java\0.11.1\jsonld-java-0.11.1.jar;C:\Users\Parag\.m2\repository\org\apache\httpcomponents\httpclient-cache\4.5.3\httpclient-cache-4.5.3.jar;C:\Users\Parag\.m2\repository\org\apache\thrift\libthrift\0.10.0\libthrift-0.10.0.jar;C:\Users\Parag\.m2\repository\org\slf4j\jcl-over-slf4j\1.7.25\jcl-over-slf4j-1.7.25.jar;C:\Users\Parag\.m2\repository\org\apache\jena\jena-base\3.6.0\jena-base-3.6.0.jar;C:\Users\Parag\.m2\repository\org\apache\commons\commons-csv\1.5\commons-csv-1.5.jar;C:\Users\Parag\.m2\repository\com\github\andrewoma\dexx\collection\0.7\collection-0.7.jar;C:\Users\Parag\.m2\repository\org\apache\jena\jena-cmds\3.6.0\jena-cmds-3.6.0.jar;C:\Users\Parag\.m2\repository\org\apache\jena\jena-tdb\3.6.0\jena-tdb-3.6.0.jar;C:\Users\Parag\.m2\repository\org\apache\jena\jena-tdb2\3.6.0\jena-tdb2-3.6.0.jar;C:\Users\Parag\.m2\repository\org\apache\jena\jena-dboe-trans-data\3.6.0\jena-dboe-trans-data-3.6.0.jar;C:\Users\Parag\.m2\repository\org\apache\jena\jena-dboe-transaction\3.6.0\jena-dboe-transaction-3.6.0.jar;C:\Users\Parag\.m2\repository\org\apache\jena\jena-dboe-base\3.6.0\jena-dboe-base-3.6.0.jar;C:\Users\Parag\.m2\repository\org\apache\jena\jena-dboe-index\3.6.0\jena-dboe-index-3.6.0.jar;C:\Users\Parag\.m2\repository\org\apache\jena\jena-rdfconnection\3.6.0\jena-rdfconnection-3.6.0.jar;C:\Users\Parag\.m2\repository\org\apache\jena\jena-core\3.6.0\jena-core-3.6.0.jar;C:\Users\Parag\.m2\repository\org\apache\jena\jena-iri\3.6.0\jena-iri-3.6.0.jar;C:\Users\Parag\.m2\repository\commons-cli\commons-cli\1.4\commons-cli-1.4.jar;C:\Users\Parag\.m2\repository\com\metaweb\lessen\1.0\lessen-1.0.jar;C:\Users\Parag\.m2\repository\com\wcohen\secondstring\20100303\secondstring-20100303.jar;C:\Users\Parag\.m2\repository\com\colloquial\arithcode\1.1\arithcode-1.1.jar;C:\Users\Parag\.m2\repository\com\google\guava\guava\19.0\guava-19.0.jar;C:\Users\Parag\.m2\repository\javax\xml\bind\jaxb-api\2.3.0\jaxb-api-2.3.0.jar;C:\Users\Parag\.m2\repository\javax\servlet\servlet-api\2.5\servlet-api-2.5.jar;C:\Users\Parag\.m2\repository\org\wikidata\wdtk\wdtk-wikibaseapi\0.10.0\wdtk-wikibaseapi-0.10.0.jar;C:\Users\Parag\.m2\repository\org\wikidata\wdtk\wdtk-util\0.10.0\wdtk-util-0.10.0.jar;C:\Users\Parag\.m2\repository\org\wikidata\wdtk\wdtk-datamodel\0.10.0\wdtk-datamodel-0.10.0.jar;C:\Users\Parag\.m2\repository\com\fasterxml\jackson\core\jackson-core\2.9.9\jackson-core-2.9.9.jar;C:\Users\Parag\.m2\repository\org\slf4j\slf4j-api\1.7.18\slf4j-api-1.7.18.jar;E:\Sierra\SierraTool\SourceCode\OpenRefine\main\target\openrefine-main-tests.jar;C:\Users\Parag\.m2\repository\org\testng\testng\6.9.10\testng-6.9.10.jar;C:\Users\Parag\.m2\repository\com\beust\jcommander\1.48\jcommander-1.48.jar;C:\Users\Parag\.m2\repository\org\beanshell\bsh\2.0b4\bsh-2.0b4.jar;C:\Users\Parag\.m2\repository\org\mockito\mockito-core\2.23.4\mockito-core-2.23.4.jar;C:\Users\Parag\.m2\repository\net\bytebuddy\byte-buddy\1.9.3\byte-buddy-1.9.3.jar;C:\Users\Parag\.m2\repository\net\bytebuddy\byte-buddy-agent\1.9.3\byte-buddy-agent-1.9.3.jar;C:\Users\Parag\.m2\repository\org\objenesis\objenesis\2.6\objenesis-2.6.jar;C:\Users\Parag\.m2\repository\org\powermock\powermock-module-testng\2.0.2\powermock-module-testng-2.0.2.jar;C:\Users\Parag\.m2\repository\org\powermock\powermock-core\2.0.2\powermock-core-2.0.2.jar;C:\Users\Parag\.m2\repository\org\powermock\powermock-reflect\2.0.2\powermock-reflect-2.0.2.jar;C:\Users\Parag\.m2\repository\org\javassist\javassist\3.24.0-GA\javassist-3.24.0-GA.jar;C:\Users\Parag\.m2\repository\org\powermock\powermock-module-testng-common\2.0.2\powermock-module-testng-common-2.0.2.jar;C:\Users\Parag\.m2\repository\org\powermock\powermock-api-mockito2\2.0.2\powermock-api-mockito2-2.0.2.jar;C:\Users\Parag\.m2\repository\org\powermock\powermock-api-support\2.0.2\powermock-api-support-2.0.2.jar;"/>
    <property name="java.vm.vendor" value="Oracle Corporation"/>
    <property name="sun.arch.data.model" value="64"/>
    <property name="user.variant" value=""/>
    <property name="java.vendor.url" value="http://java.oracle.com/"/>
    <property name="user.timezone" value="Asia/Calcutta"/>
    <property name="java.vm.specification.version" value="1.8"/>
    <property name="os.name" value="Windows 10"/>
    <property name="user.country" value="US"/>
    <property name="sun.java.launcher" value="SUN_STANDARD"/>
    <property name="sun.boot.library.path" value="C:\Program Files\Java\jdk1.8.0_171\jre\bin"/>
    <property name="sun.java.command" value="C:\Users\Parag\AppData\Local\Temp\surefire616416392376471873\surefirebooter6613523256906820393.jar C:\Users\Parag\AppData\Local\Temp\surefire616416392376471873 2019-11-05T11-42-29_544-jvmRun1 surefire5903156972218995274tmp surefire_27177771975716365896tmp"/>
    <property name="surefire.test.class.path" value="E:\Sierra\SierraTool\SourceCode\OpenRefine\extensions\wikidata\target\test-classes;E:\Sierra\SierraTool\SourceCode\OpenRefine\extensions\wikidata\module\MOD-INF\classes;E:\Sierra\SierraTool\SourceCode\OpenRefine\main\target\openrefine-main.jar;C:\Users\Parag\.m2\repository\edu\mit\simile\butterfly\1.0.2\butterfly-1.0.2.jar;C:\Users\Parag\.m2\repository\org\mozilla\rhino\1.7.10\rhino-1.7.10.jar;C:\Users\Parag\.m2\repository\com\fasterxml\jackson\core\jackson-databind\2.9.10\jackson-databind-2.9.10.jar;C:\Users\Parag\.m2\repository\com\fasterxml\jackson\core\jackson-annotations\2.9.10\jackson-annotations-2.9.10.jar;C:\Users\Parag\.m2\repository\org\slf4j\slf4j-log4j12\1.7.18\slf4j-log4j12-1.7.18.jar;C:\Users\Parag\.m2\repository\log4j\log4j\1.2.17\log4j-1.2.17.jar;C:\Users\Parag\.m2\repository\org\apache\commons\commons-lang3\3.6\commons-lang3-3.6.jar;C:\Users\Parag\.m2\repository\commons-digester\commons-digester\1.8.1\commons-digester-1.8.1.jar;C:\Users\Parag\.m2\repository\commons-beanutils\commons-beanutils\1.8.0\commons-beanutils-1.8.0.jar;C:\Users\Parag\.m2\repository\commons-logging\commons-logging\1.1.1\commons-logging-1.1.1.jar;C:\Users\Parag\.m2\repository\commons-fileupload\commons-fileupload\1.4\commons-fileupload-1.4.jar;C:\Users\Parag\.m2\repository\commons-io\commons-io\2.2\commons-io-2.2.jar;C:\Users\Parag\.m2\repository\commons-collections\commons-collections\3.2.2\commons-collections-3.2.2.jar;C:\Users\Parag\.m2\repository\commons-validator\commons-validator\1.5.1\commons-validator-1.5.1.jar;C:\Users\Parag\.m2\repository\velocity\velocity\1.5\velocity-1.5.jar;C:\Users\Parag\.m2\repository\commons-lang\commons-lang\2.1\commons-lang-2.1.jar;C:\Users\Parag\.m2\repository\oro\oro\2.0.8\oro-2.0.8.jar;C:\Users\Parag\.m2\repository\marc4j\marc4j\2.4\marc4j-2.4.jar;C:\Users\Parag\.m2\repository\org\apache\ant\ant\1.8.0\ant-1.8.0.jar;C:\Users\Parag\.m2\repository\org\apache\ant\ant-launcher\1.8.0\ant-launcher-1.8.0.jar;C:\Users\Parag\.m2\repository\org\jsoup\jsoup\1.11.3\jsoup-1.11.3.jar;C:\Users\Parag\.m2\repository\net\sf\opencsv\opencsv\2.4-SNAPSHOT\opencsv-2.4-SNAPSHOT.jar;C:\Users\Parag\.m2\repository\org\apache\poi\poi\4.1.0\poi-4.1.0.jar;C:\Users\Parag\.m2\repository\commons-codec\commons-codec\1.12\commons-codec-1.12.jar;C:\Users\Parag\.m2\repository\org\apache\commons\commons-collections4\4.3\commons-collections4-4.3.jar;C:\Users\Parag\.m2\repository\org\apache\commons\commons-math3\3.6.1\commons-math3-3.6.1.jar;C:\Users\Parag\.m2\repository\org\apache\poi\poi-ooxml\4.1.0\poi-ooxml-4.1.0.jar;C:\Users\Parag\.m2\repository\org\apache\poi\poi-ooxml-schemas\4.1.0\poi-ooxml-schemas-4.1.0.jar;C:\Users\Parag\.m2\repository\org\apache\xmlbeans\xmlbeans\3.1.0\xmlbeans-3.1.0.jar;C:\Users\Parag\.m2\repository\org\apache\commons\commons-compress\1.18\commons-compress-1.18.jar;C:\Users\Parag\.m2\repository\com\github\virtuald\curvesapi\1.06\curvesapi-1.06.jar;C:\Users\Parag\.m2\repository\org\apache\odftoolkit\odfdom-java\0.8.8-incubating\odfdom-java-0.8.8-incubating.jar;C:\Users\Parag\.m2\repository\org\apache\odftoolkit\taglets\0.8.8-incubating\taglets-0.8.8-incubating.jar;C:\Users\Parag\.m2\repository\xerces\xercesImpl\2.9.1\xercesImpl-2.9.1.jar;C:\Users\Parag\.m2\repository\xml-apis\xml-apis\1.3.04\xml-apis-1.3.04.jar;C:\Users\Parag\.m2\repository\edu\mit\simile\vicino\1.1\vicino-1.1.jar;C:\Users\Parag\.m2\repository\oauth\signpost\signpost-core\1.2.1.2\signpost-core-1.2.1.2.jar;C:\Users\Parag\.m2\repository\oauth\signpost\signpost-commonshttp4\1.2.1.2\signpost-commonshttp4-1.2.1.2.jar;C:\Users\Parag\.m2\repository\org\clojure\clojure\1.5.1\clojure-1.5.1.jar;C:\Users\Parag\.m2\repository\org\apache\httpcomponents\httpclient\4.5.5\httpclient-4.5.5.jar;C:\Users\Parag\.m2\repository\org\apache\httpcomponents\httpcore\4.4.9\httpcore-4.4.9.jar;C:\Users\Parag\.m2\repository\org\sweble\wikitext\swc-parser-lazy\3.1.7\swc-parser-lazy-3.1.7.jar;C:\Users\Parag\.m2\repository\xtc\rats-runtime\1.15.0\rats-runtime-1.15.0.jar;C:\Users\Parag\.m2\repository\de\fau\cs\osr\utils\utils\3.0.8\utils-3.0.8.jar;C:\Users\Parag\.m2\repository\de\fau\cs\osr\ptk\ptk-common\3.0.8\ptk-common-3.0.8.jar;C:\Users\Parag\.m2\repository\joda-time\joda-time\2.9.9\joda-time-2.9.9.jar;C:\Users\Parag\.m2\repository\org\apache\jena\jena-arq\3.6.0\jena-arq-3.6.0.jar;C:\Users\Parag\.m2\repository\org\apache\jena\jena-shaded-guava\3.6.0\jena-shaded-guava-3.6.0.jar;C:\Users\Parag\.m2\repository\com\github\jsonld-java\jsonld-java\0.11.1\jsonld-java-0.11.1.jar;C:\Users\Parag\.m2\repository\org\apache\httpcomponents\httpclient-cache\4.5.3\httpclient-cache-4.5.3.jar;C:\Users\Parag\.m2\repository\org\apache\thrift\libthrift\0.10.0\libthrift-0.10.0.jar;C:\Users\Parag\.m2\repository\org\slf4j\jcl-over-slf4j\1.7.25\jcl-over-slf4j-1.7.25.jar;C:\Users\Parag\.m2\repository\org\apache\jena\jena-base\3.6.0\jena-base-3.6.0.jar;C:\Users\Parag\.m2\repository\org\apache\commons\commons-csv\1.5\commons-csv-1.5.jar;C:\Users\Parag\.m2\repository\com\github\andrewoma\dexx\collection\0.7\collection-0.7.jar;C:\Users\Parag\.m2\repository\org\apache\jena\jena-cmds\3.6.0\jena-cmds-3.6.0.jar;C:\Users\Parag\.m2\repository\org\apache\jena\jena-tdb\3.6.0\jena-tdb-3.6.0.jar;C:\Users\Parag\.m2\repository\org\apache\jena\jena-tdb2\3.6.0\jena-tdb2-3.6.0.jar;C:\Users\Parag\.m2\repository\org\apache\jena\jena-dboe-trans-data\3.6.0\jena-dboe-trans-data-3.6.0.jar;C:\Users\Parag\.m2\repository\org\apache\jena\jena-dboe-transaction\3.6.0\jena-dboe-transaction-3.6.0.jar;C:\Users\Parag\.m2\repository\org\apache\jena\jena-dboe-base\3.6.0\jena-dboe-base-3.6.0.jar;C:\Users\Parag\.m2\repository\org\apache\jena\jena-dboe-index\3.6.0\jena-dboe-index-3.6.0.jar;C:\Users\Parag\.m2\repository\org\apache\jena\jena-rdfconnection\3.6.0\jena-rdfconnection-3.6.0.jar;C:\Users\Parag\.m2\repository\org\apache\jena\jena-core\3.6.0\jena-core-3.6.0.jar;C:\Users\Parag\.m2\repository\org\apache\jena\jena-iri\3.6.0\jena-iri-3.6.0.jar;C:\Users\Parag\.m2\repository\commons-cli\commons-cli\1.4\commons-cli-1.4.jar;C:\Users\Parag\.m2\repository\com\metaweb\lessen\1.0\lessen-1.0.jar;C:\Users\Parag\.m2\repository\com\wcohen\secondstring\20100303\secondstring-20100303.jar;C:\Users\Parag\.m2\repository\com\colloquial\arithcode\1.1\arithcode-1.1.jar;C:\Users\Parag\.m2\repository\com\google\guava\guava\19.0\guava-19.0.jar;C:\Users\Parag\.m2\repository\javax\xml\bind\jaxb-api\2.3.0\jaxb-api-2.3.0.jar;C:\Users\Parag\.m2\repository\javax\servlet\servlet-api\2.5\servlet-api-2.5.jar;C:\Users\Parag\.m2\repository\org\wikidata\wdtk\wdtk-wikibaseapi\0.10.0\wdtk-wikibaseapi-0.10.0.jar;C:\Users\Parag\.m2\repository\org\wikidata\wdtk\wdtk-util\0.10.0\wdtk-util-0.10.0.jar;C:\Users\Parag\.m2\repository\org\wikidata\wdtk\wdtk-datamodel\0.10.0\wdtk-datamodel-0.10.0.jar;C:\Users\Parag\.m2\repository\com\fasterxml\jackson\core\jackson-core\2.9.9\jackson-core-2.9.9.jar;C:\Users\Parag\.m2\repository\org\slf4j\slf4j-api\1.7.18\slf4j-api-1.7.18.jar;E:\Sierra\SierraTool\SourceCode\OpenRefine\main\target\openrefine-main-tests.jar;C:\Users\Parag\.m2\repository\org\testng\testng\6.9.10\testng-6.9.10.jar;C:\Users\Parag\.m2\repository\com\beust\jcommander\1.48\jcommander-1.48.jar;C:\Users\Parag\.m2\repository\org\beanshell\bsh\2.0b4\bsh-2.0b4.jar;C:\Users\Parag\.m2\repository\org\mockito\mockito-core\2.23.4\mockito-core-2.23.4.jar;C:\Users\Parag\.m2\repository\net\bytebuddy\byte-buddy\1.9.3\byte-buddy-1.9.3.jar;C:\Users\Parag\.m2\repository\net\bytebuddy\byte-buddy-agent\1.9.3\byte-buddy-agent-1.9.3.jar;C:\Users\Parag\.m2\repository\org\objenesis\objenesis\2.6\objenesis-2.6.jar;C:\Users\Parag\.m2\repository\org\powermock\powermock-module-testng\2.0.2\powermock-module-testng-2.0.2.jar;C:\Users\Parag\.m2\repository\org\powermock\powermock-core\2.0.2\powermock-core-2.0.2.jar;C:\Users\Parag\.m2\repository\org\powermock\powermock-reflect\2.0.2\powermock-reflect-2.0.2.jar;C:\Users\Parag\.m2\repository\org\javassist\javassist\3.24.0-GA\javassist-3.24.0-GA.jar;C:\Users\Parag\.m2\repository\org\powermock\powermock-module-testng-common\2.0.2\powermock-module-testng-common-2.0.2.jar;C:\Users\Parag\.m2\repository\org\powermock\powermock-api-mockito2\2.0.2\powermock-api-mockito2-2.0.2.jar;C:\Users\Parag\.m2\repository\org\powermock\powermock-api-support\2.0.2\powermock-api-support-2.0.2.jar;"/>
    <property name="sun.cpu.endian" value="little"/>
    <property name="user.home" value="C:\Users\Parag"/>
    <property name="user.language" value="en"/>
    <property name="java.specification.vendor" value="Oracle Corporation"/>
    <property name="java.home" value="C:\Program Files\Java\jdk1.8.0_171\jre"/>
    <property name="version" value="1.0"/>
    <property name="basedir" value="E:\Sierra\SierraTool\SourceCode\OpenRefine\extensions\wikidata"/>
    <property name="file.separator" value="\"/>
    <property name="line.separator" value="&#10;"/>
    <property name="java.vm.specification.vendor" value="Oracle Corporation"/>
    <property name="java.specification.name" value="Java Platform API Specification"/>
    <property name="java.awt.graphicsenv" value="sun.awt.Win32GraphicsEnvironment"/>
    <property name="surefire.real.class.path" value="C:\Users\Parag\AppData\Local\Temp\surefire616416392376471873\surefirebooter6613523256906820393.jar"/>
    <property name="sun.boot.class.path" value="C:\Program Files\Java\jdk1.8.0_171\jre\lib\resources.jar;C:\Program Files\Java\jdk1.8.0_171\jre\lib\rt.jar;C:\Program Files\Java\jdk1.8.0_171\jre\lib\sunrsasign.jar;C:\Program Files\Java\jdk1.8.0_171\jre\lib\jsse.jar;C:\Program Files\Java\jdk1.8.0_171\jre\lib\jce.jar;C:\Program Files\Java\jdk1.8.0_171\jre\lib\charsets.jar;C:\Program Files\Java\jdk1.8.0_171\jre\lib\jfr.jar;C:\Program Files\Java\jdk1.8.0_171\jre\classes"/>
    <property name="user.script" value=""/>
    <property name="sun.management.compiler" value="HotSpot 64-Bit Tiered Compilers"/>
    <property name="java.runtime.version" value="1.8.0_171-b11"/>
    <property name="user.name" value="Parag"/>
    <property name="path.separator" value=";"/>
    <property name="os.version" value="10.0"/>
    <property name="java.endorsed.dirs" value="C:\Program Files\Java\jdk1.8.0_171\jre\lib\endorsed"/>
    <property name="java.runtime.name" value="Java(TM) SE Runtime Environment"/>
    <property name="file.encoding" value="Cp1252"/>
    <property name="java.vm.name" value="Java HotSpot(TM) 64-Bit Server VM"/>
    <property name="localRepository" value="C:\Users\Parag\.m2\repository"/>
    <property name="java.vendor.url.bug" value="http://bugreport.sun.com/bugreport/"/>
    <property name="java.io.tmpdir" value="C:\Users\Parag\AppData\Local\Temp\"/>
    <property name="java.version" value="1.8.0_171"/>
    <property name="user.dir" value="E:\Sierra\SierraTool\SourceCode\OpenRefine\extensions\wikidata"/>
    <property name="os.arch" value="amd64"/>
    <property name="java.vm.specification.name" value="Java Virtual Machine Specification"/>
    <property name="java.awt.printerjob" value="sun.awt.windows.WPrinterJob"/>
    <property name="sun.os.patch.level" value=""/>
    <property name="java.library.path" value="C:\Program Files\Java\jdk1.8.0_171\jre\bin;C:\WINDOWS\Sun\Java\bin;C:\WINDOWS\system32;C:\WINDOWS;C:\Users\Parag\bin;C:\Program Files\Git\mingw64\bin;C:\Program Files\Git\usr\local\bin;C:\Program Files\Git\usr\bin;C:\Program Files\Git\usr\bin;C:\Program Files\Git\mingw64\bin;C:\Program Files\Git\usr\bin;C:\Users\Parag\bin;C:\Program Files (x86)\Common Files\Oracle\Java\javapath;C:\WINDOWS\system32;C:\WINDOWS;C:\WINDOWS\System32\Wbem;C:\WINDOWS\System32\WindowsPowerShell\v1.0;C:\Program Files (x86)\PuTTY;C:\Program Files\nodejs\bin;C:\Program Files (x86)\Microsoft Emulator Manager\1.0;C:\ProgramData\chocolatey\bin;C:\Program Files\nodejs;C:\Program Files\Java\jdk1.8.0_171\bin;C:\Program Files\Git\usr\bin\git.exe;C:\Program Files\Git\cmd;C:\WINDOWS\System32\OpenSSH;C:\Program Files\Microsoft VS Code\bin;C:\Program Files\OpenSSH\bin;E:\OpenRefine\apache-maven-3.6.0\bin;E:\Sierra\sapjco3;C:\Program Files\MySQL\MySQL Shell 8.0\bin;%USERPROFILE%\AppData\Local\Microsoft\WindowsApps;C:\Program Files\Git\usr\bin\vendor_perl;C:\Program Files\Git\usr\bin\core_perl;."/>
    <property name="java.vm.info" value="mixed mode"/>
    <property name="java.vendor" value="Oracle Corporation"/>
    <property name="java.vm.version" value="25.171-b11"/>
    <property name="java.ext.dirs" value="C:\Program Files\Java\jdk1.8.0_171\jre\lib\ext;C:\WINDOWS\Sun\Java\lib\ext"/>
    <property name="sun.io.unicode.encoding" value="UnicodeLittle"/>
    <property name="java.class.version" value="52.0"/>
  </properties>
  <testcase name="testCsrfProtection" classname="org.openrefine.wikidata.commands.LoginCommandTest" time="0.029"/>
  <testcase name="testNoCredentials" classname="org.openrefine.wikidata.commands.LoginCommandTest" time="0.012"/>
  <testcase name="testMultipleBatches" classname="org.openrefine.wikidata.editing.EditBatchProcessorTest" time="0.131"/>
  <testcase name="testNewItem" classname="org.openrefine.wikidata.editing.EditBatchProcessorTest" time="0.005"/>
  <testcase name="testReconstruct" classname="org.openrefine.wikidata.operations.PerformWikibaseEditsOperationTest" time="0.09"/>
  <testcase name="testConstructor" classname="org.openrefine.wikidata.operations.PerformWikibaseEditsOperationTest" time="0.001"/>
  <testcase name="testLoadChange" classname="org.openrefine.wikidata.operations.PerformWikibaseEditsOperationTest" time="0.006"/>
  <testcase name="testCount" classname="org.openrefine.wikidata.qa.QAWarningStoreTest" time="0"/>
  <testcase name="testMaxSeverity" classname="org.openrefine.wikidata.qa.QAWarningStoreTest" time="0"/>
  <testcase name="testSerialize" classname="org.openrefine.wikidata.qa.QAWarningStoreTest" time="0.008"/>
  <testcase name="testNoProblem" classname="org.openrefine.wikidata.qa.scrutinizers.SelfReferentialScrutinizerTest" time="0.003"/>
  <testcase name="testTrigger" classname="org.openrefine.wikidata.qa.scrutinizers.SelfReferentialScrutinizerTest" time="0"/>
  <testcase name="testTrigger" classname="org.openrefine.wikidata.qa.scrutinizers.UnsourcedScrutinizerTest" time="0"/>
  <testcase name="testDuplicateWhitespace" classname="org.openrefine.wikidata.qa.scrutinizers.WhitespaceScrutinizerTest" time="0.001"/>
  <testcase name="testMonolingualTextValue" classname="org.openrefine.wikidata.qa.scrutinizers.WhitespaceScrutinizerTest" time="0.001"/>
  <testcase name="testMultipleIssues" classname="org.openrefine.wikidata.qa.scrutinizers.WhitespaceScrutinizerTest" time="0"/>
  <testcase name="testNoIssue" classname="org.openrefine.wikidata.qa.scrutinizers.WhitespaceScrutinizerTest" time="0"/>
  <testcase name="testNonPrintableChars" classname="org.openrefine.wikidata.qa.scrutinizers.WhitespaceScrutinizerTest" time="0"/>
  <testcase name="testEvaluate" classname="org.openrefine.wikidata.schema.WbItemConstantTest" time="0"/>
  <testcase name="testSerialize" classname="org.openrefine.wikidata.schema.WbItemConstantTest" time="0.004"/>
  <testcase name="testCreation" classname="org.openrefine.wikidata.schema.WbStatementExprTest" time="0"/>
  <testcase name="testEvaluate" classname="org.openrefine.wikidata.schema.WbStatementExprTest" time="0.003"/>
  <testcase name="testEvaluateWithConstant" classname="org.openrefine.wikidata.schema.WbStatementExprTest" time="0.001"/>
  <testcase name="testEvaluateWithoutQualifier" classname="org.openrefine.wikidata.schema.WbStatementExprTest" time="0"/>
  <testcase name="testEvaluateWithoutQualifierAndReference" classname="org.openrefine.wikidata.schema.WbStatementExprTest" time="0.001"/>
  <testcase name="testEvaluateWithoutReference" classname="org.openrefine.wikidata.schema.WbStatementExprTest" time="0.001"/>
  <testcase name="testSerialize" classname="org.openrefine.wikidata.schema.WbStatementExprTest" time="0.016"/>
  <testcase name="testSkip" classname="org.openrefine.wikidata.schema.WbStatementExprTest" time="0"/>
  <testcase name="testCreate" classname="org.openrefine.wikidata.schema.WbStatementGroupExprTest" time="0"/>
  <testcase name="testEvaluate" classname="org.openrefine.wikidata.schema.WbStatementGroupExprTest" time="0.001"/>
  <testcase name="testSerialize" classname="org.openrefine.wikidata.schema.WbStatementGroupExprTest" time="0.005"/>
  <testcase name="testSkip" classname="org.openrefine.wikidata.schema.WbStatementGroupExprTest" time="0"/>
  <testcase name="testDeserialize" classname="org.openrefine.wikidata.schema.WikibaseSchemaTest" time="0.011"/>
  <testcase name="testDeserializeEmpty" classname="org.openrefine.wikidata.schema.WikibaseSchemaTest" time="0.002"/>
  <testcase name="testEvaluate" classname="org.openrefine.wikidata.schema.WikibaseSchemaTest" time="0.005"/>
  <testcase name="testEvaluateRespectsFacets" classname="org.openrefine.wikidata.schema.WikibaseSchemaTest" time="0.013"/>
  <testcase name="testSerialize" classname="org.openrefine.wikidata.schema.WikibaseSchemaTest" time="0.012"/>
  <testcase name="testAddStatements" classname="org.openrefine.wikidata.updates.ItemUpdateTest" time="0"/>
  <testcase name="testConstructOverridingLabels" classname="org.openrefine.wikidata.updates.ItemUpdateTest" time="0.001"/>
  <testcase name="testCreateWithoutSubject" classname="org.openrefine.wikidata.updates.ItemUpdateTest" time="0"/>
  <testcase name="testDeleteStatements" classname="org.openrefine.wikidata.updates.ItemUpdateTest" time="0"/>
  <testcase name="testGroupBySubject" classname="org.openrefine.wikidata.updates.ItemUpdateTest" time="0.001"/>
  <testcase name="testIsEmpty" classname="org.openrefine.wikidata.updates.ItemUpdateTest" time="0"/>
  <testcase name="testIsNew" classname="org.openrefine.wikidata.updates.ItemUpdateTest" time="0"/>
  <testcase name="testIsNull" classname="org.openrefine.wikidata.updates.ItemUpdateTest" time="0.001"/>
  <testcase name="testMerge" classname="org.openrefine.wikidata.updates.ItemUpdateTest" time="0"/>
  <testcase name="testMergeDescriptionsIfNew" classname="org.openrefine.wikidata.updates.ItemUpdateTest" time="0"/>
  <testcase name="testMergeDescriptionsIfNewOverriding" classname="org.openrefine.wikidata.updates.ItemUpdateTest" time="0"/>
  <testcase name="testMergeDescriptionsIfNewOverriding2" classname="org.openrefine.wikidata.updates.ItemUpdateTest" time="0"/>
  <testcase name="testMergeLabels" classname="org.openrefine.wikidata.updates.ItemUpdateTest" time="0"/>
  <testcase name="testMergeLabelsIfNew" classname="org.openrefine.wikidata.updates.ItemUpdateTest" time="0"/>
  <testcase name="testMergeLabelsIfNewOverriding" classname="org.openrefine.wikidata.updates.ItemUpdateTest" time="0"/>
  <testcase name="testMergeLabelsIfNewOverriding2" classname="org.openrefine.wikidata.updates.ItemUpdateTest" time="0"/>
  <testcase name="testNormalizeTerms" classname="org.openrefine.wikidata.updates.ItemUpdateTest" time="0"/>
  <testcase name="testMerge" classname="org.openrefine.wikidata.updates.scheduler.WikibaseAPIUpdateSchedulerTest" time="0.001"/>
  <testcase name="testMergeNew" classname="org.openrefine.wikidata.updates.scheduler.WikibaseAPIUpdateSchedulerTest" time="0.001"/>
  <testcase name="testNewItemMentioned" classname="org.openrefine.wikidata.updates.scheduler.WikibaseAPIUpdateSchedulerTest" time="0"/>
  <testcase name="testNewItemNotMentioned" classname="org.openrefine.wikidata.updates.scheduler.WikibaseAPIUpdateSchedulerTest" time="0"/>
  <testcase name="testMixedUpdate" classname="org.openrefine.wikidata.updates.scheduler.WikibaseAPIUpdateSchedulerTest" time="0.001"/>
  <testcase name="testOrderPreserved" classname="org.openrefine.wikidata.updates.scheduler.WikibaseAPIUpdateSchedulerTest" time="0.001"/>
  <testcase name="testUpdateIsNotSplit" classname="org.openrefine.wikidata.updates.scheduler.WikibaseAPIUpdateSchedulerTest" time="0"/>
  <testcase name="testValidSchema" classname="org.openrefine.wikidata.commands.PreviewWikibaseSchemaCommandTest" time="4.832"/>
  <testcase name="testInvalidSchema" classname="org.openrefine.wikidata.commands.PreviewWikibaseSchemaCommandTest" time="0.001"/>
  <testcase name="testNoSchema" classname="org.openrefine.wikidata.commands.PreviewWikibaseSchemaCommandTest" time="0"/>
  <testcase name="testRetrieveItem" classname="org.openrefine.wikidata.editing.NewItemLibraryTest" time="0"/>
  <testcase name="testSerialize" classname="org.openrefine.wikidata.editing.NewItemLibraryTest" time="0.003"/>
  <testcase name="testUpdateReconciledCells" classname="org.openrefine.wikidata.editing.NewItemLibraryTest" time="0.006"/>
  <testcase name="testReconstruct" classname="org.openrefine.wikidata.operations.SaveWikibaseSchemaOperationTest" time="0.006"/>
  <testcase name="testLoadChange" classname="org.openrefine.wikidata.operations.SaveWikibaseSchemaOperationTest" time="0.003"/>
  <testcase name="testAggregate" classname="org.openrefine.wikidata.qa.QAWarningTest" time="0"/>
  <testcase name="testCompare" classname="org.openrefine.wikidata.qa.QAWarningTest" time="0.001"/>
  <testcase name="testSerialize" classname="org.openrefine.wikidata.qa.QAWarningTest" time="0"/>
  <testcase name="testNoIssue" classname="org.openrefine.wikidata.qa.scrutinizers.SingleValueScrutinizerTest" time="0"/>
  <testcase name="testTrigger" classname="org.openrefine.wikidata.qa.scrutinizers.SingleValueScrutinizerTest" time="0"/>
  <testcase name="testAllowedQualifiers" classname="org.openrefine.wikidata.qa.WikidataConstraintFetcherTests" time="2.614"/>
  <testcase name="testDistinctValues" classname="org.openrefine.wikidata.qa.WikidataConstraintFetcherTests" time="1.346"/>
  <testcase name="testGetFormatConstraint" classname="org.openrefine.wikidata.qa.WikidataConstraintFetcherTests" time="1.079"/>
  <testcase name="testGetInverseConstraint" classname="org.openrefine.wikidata.qa.WikidataConstraintFetcherTests" time="0.878"/>
  <testcase name="testMandatoryQualifiers" classname="org.openrefine.wikidata.qa.WikidataConstraintFetcherTests" time="0.001"/>
  <testcase name="testSingleValue" classname="org.openrefine.wikidata.qa.WikidataConstraintFetcherTests" time="0.001"/>
  <testcase name="testAliasSkipped" classname="org.openrefine.wikidata.schema.WbItemDocumentExprTest" time="0.001"/>
  <testcase name="testEvaluate" classname="org.openrefine.wikidata.schema.WbItemDocumentExprTest" time="0.001"/>
  <testcase name="testSerialize" classname="org.openrefine.wikidata.schema.WbItemDocumentExprTest" time="0.002"/>
  <testcase name="testStatementSkipped" classname="org.openrefine.wikidata.schema.WbItemDocumentExprTest" time="0"/>
  <testcase name="testSubjectSkipped" classname="org.openrefine.wikidata.schema.WbItemDocumentExprTest" time="0"/>
  <testcase name="testEmpty" classname="org.openrefine.wikidata.schema.WbStringConstantTest" time="0"/>
  <testcase name="testEvaluate" classname="org.openrefine.wikidata.schema.WbStringConstantTest" time="0.001"/>
  <testcase name="testSerialize" classname="org.openrefine.wikidata.schema.WbStringConstantTest" time="0.001"/>
  <testcase name="testTrim" classname="org.openrefine.wikidata.schema.WbStringConstantTest" time="0"/>
  <testcase name="testExtractDatavalues" classname="org.openrefine.wikidata.updates.scheduler.PointerExtractorTest" time="0"/>
  <testcase name="testExtractEntityId" classname="org.openrefine.wikidata.updates.scheduler.PointerExtractorTest" time="0"/>
  <testcase name="testSnak" classname="org.openrefine.wikidata.updates.scheduler.PointerExtractorTest" time="0"/>
  <testcase name="testSnakGroup" classname="org.openrefine.wikidata.updates.scheduler.PointerExtractorTest" time="0.001"/>
  <testcase name="testStatement" classname="org.openrefine.wikidata.updates.scheduler.PointerExtractorTest" time="0"/>
  <testcase name="testCsrfProtection" classname="org.openrefine.wikidata.commands.SaveWikibaseSchemaCommandTest" time="0.001"/>
  <testcase name="testInvalidSchema" classname="org.openrefine.wikidata.commands.SaveWikibaseSchemaCommandTest" time="0.002"/>
  <testcase name="testValidSchema" classname="org.openrefine.wikidata.commands.SaveWikibaseSchemaCommandTest" time="0.008"/>
  <testcase name="testNoSchema" classname="org.openrefine.wikidata.commands.SaveWikibaseSchemaCommandTest" time="0.001"/>
  <testcase name="testMatched" classname="org.openrefine.wikidata.editing.ReconEntityRewriterTest" time="0"/>
  <testcase name="testNotCreatedYet" classname="org.openrefine.wikidata.editing.ReconEntityRewriterTest" time="0.001"/>
  <testcase name="testRewriteUpdate" classname="org.openrefine.wikidata.editing.ReconEntityRewriterTest" time="0.001"/>
  <testcase name="testSubjectNotRewriten" classname="org.openrefine.wikidata.editing.ReconEntityRewriterTest" time="0.001"/>
  <testcase name="testSuccessfulRewrite" classname="org.openrefine.wikidata.editing.ReconEntityRewriterTest" time="0"/>
  <testcase name="testScrutinizeCloseValue" classname="org.openrefine.wikidata.qa.scrutinizers.CalendarScrutinizerTest" time="0"/>
  <testcase name="testScrutinizeEarlyDay" classname="org.openrefine.wikidata.qa.scrutinizers.CalendarScrutinizerTest" time="0"/>
  <testcase name="testScrutinizeEarlyYear" classname="org.openrefine.wikidata.qa.scrutinizers.CalendarScrutinizerTest" time="0"/>
  <testcase name="testScrutinizeRecentValue" classname="org.openrefine.wikidata.qa.scrutinizers.CalendarScrutinizerTest" time="0.001"/>
  <testcase name="testEquality" classname="org.openrefine.wikidata.schema.entityvalues.ReconEntityIdValueTest" time="0"/>
  <testcase name="testGetId" classname="org.openrefine.wikidata.schema.entityvalues.ReconEntityIdValueTest" time="0.001"/>
  <testcase name="testGetIri" classname="org.openrefine.wikidata.schema.entityvalues.ReconEntityIdValueTest" time="0"/>
  <testcase name="testGetLabel" classname="org.openrefine.wikidata.schema.entityvalues.ReconEntityIdValueTest" time="0"/>
  <testcase name="testGetRecon" classname="org.openrefine.wikidata.schema.entityvalues.ReconEntityIdValueTest" time="0"/>
  <testcase name="testGetSiteIri" classname="org.openrefine.wikidata.schema.entityvalues.ReconEntityIdValueTest" time="0"/>
  <testcase name="testGetTypes" classname="org.openrefine.wikidata.schema.entityvalues.ReconEntityIdValueTest" time="0"/>
  <testcase name="testHashCode" classname="org.openrefine.wikidata.schema.entityvalues.ReconEntityIdValueTest" time="0"/>
  <testcase name="testIsNew" classname="org.openrefine.wikidata.schema.entityvalues.ReconEntityIdValueTest" time="0"/>
  <testcase name="testToString" classname="org.openrefine.wikidata.schema.entityvalues.ReconEntityIdValueTest" time="0"/>
  <testcase name="testInvalidSpace" classname="org.openrefine.wikidata.schema.WbItemVariableTest" time="0"/>
  <testcase name="testNewItemCell" classname="org.openrefine.wikidata.schema.WbItemVariableTest" time="0.001"/>
  <testcase name="testReconciledCell" classname="org.openrefine.wikidata.schema.WbItemVariableTest" time="0"/>
  <testcase name="testSerialize" classname="org.openrefine.wikidata.schema.WbItemVariableTest" time="0"/>
  <testcase name="testUnmatchedCell" classname="org.openrefine.wikidata.schema.WbItemVariableTest" time="0"/>
  <testcase name="testUnreconciledCell" classname="org.openrefine.wikidata.schema.WbItemVariableTest" time="0"/>
  <testcase name="testDoubleInteger" classname="org.openrefine.wikidata.schema.WbStringVariableTest" time="0"/>
  <testcase name="testDoubleWhitespace" classname="org.openrefine.wikidata.schema.WbStringVariableTest" time="0"/>
  <testcase name="testEmpty" classname="org.openrefine.wikidata.schema.WbStringVariableTest" time="0"/>
  <testcase name="testInteger" classname="org.openrefine.wikidata.schema.WbStringVariableTest" time="0"/>
  <testcase name="testLeadingWhitespace" classname="org.openrefine.wikidata.schema.WbStringVariableTest" time="0"/>
  <testcase name="testSimpleString" classname="org.openrefine.wikidata.schema.WbStringVariableTest" time="0"/>
  <testcase name="testTrailingWhitespace" classname="org.openrefine.wikidata.schema.WbStringVariableTest" time="0"/>
  <testcase name="testImpossibleForQS" classname="org.openrefine.wikidata.updates.scheduler.QuickStatementsUpdateSchedulerTest" time="0"/>
  <testcase name="testNoNewItem" classname="org.openrefine.wikidata.updates.scheduler.QuickStatementsUpdateSchedulerTest" time="0.001"/>
  <testcase name="testSelfEditOnNewITem" classname="org.openrefine.wikidata.updates.scheduler.QuickStatementsUpdateSchedulerTest" time="0.001"/>
  <testcase name="testSplitUpdate" classname="org.openrefine.wikidata.updates.scheduler.QuickStatementsUpdateSchedulerTest" time="0.001"/>
  <testcase name="testMerge" classname="org.openrefine.wikidata.updates.scheduler.QuickStatementsUpdateSchedulerTest" time="0.001"/>
  <testcase name="testMergeNew" classname="org.openrefine.wikidata.updates.scheduler.QuickStatementsUpdateSchedulerTest" time="0.001"/>
  <testcase name="testNewItemMentioned" classname="org.openrefine.wikidata.updates.scheduler.QuickStatementsUpdateSchedulerTest" time="0"/>
  <testcase name="testNewItemNotMentioned" classname="org.openrefine.wikidata.updates.scheduler.QuickStatementsUpdateSchedulerTest" time="0.001"/>
  <testcase name="printDay" classname="org.openrefine.wikidata.exporters.QSValuePrinterTest" time="0"/>
  <testcase name="printFullQuantity" classname="org.openrefine.wikidata.exporters.QSValuePrinterTest" time="0.001"/>
  <testcase name="printGlobeCoordinate" classname="org.openrefine.wikidata.exporters.QSValuePrinterTest" time="0.001"/>
  <testcase name="printItemId" classname="org.openrefine.wikidata.exporters.QSValuePrinterTest" time="0.001"/>
  <testcase name="printMonolingualTextValue" classname="org.openrefine.wikidata.exporters.QSValuePrinterTest" time="0"/>
  <testcase name="printNewItemId" classname="org.openrefine.wikidata.exporters.QSValuePrinterTest" time="0"/>
  <testcase name="printPropertyId" classname="org.openrefine.wikidata.exporters.QSValuePrinterTest" time="0"/>
  <testcase name="printQuantityValueWithBounds" classname="org.openrefine.wikidata.exporters.QSValuePrinterTest" time="0.001"/>
  <testcase name="printQuantityValueWithUnit" classname="org.openrefine.wikidata.exporters.QSValuePrinterTest" time="0"/>
  <testcase name="printSimpleQuantityValue" classname="org.openrefine.wikidata.exporters.QSValuePrinterTest" time="0"/>
  <testcase name="printString" classname="org.openrefine.wikidata.exporters.QSValuePrinterTest" time="0"/>
  <testcase name="printYear" classname="org.openrefine.wikidata.exporters.QSValuePrinterTest" time="0.001"/>
  <testcase name="testTrigger" classname="org.openrefine.wikidata.qa.scrutinizers.DistinctValuesScrutinizerTest" time="0"/>
  <testcase name="testGetCellByColumnName" classname="org.openrefine.wikidata.schema.ExpressionContextTest" time="0"/>
  <testcase name="testGetRowId" classname="org.openrefine.wikidata.schema.ExpressionContextTest" time="0"/>
  <testcase name="testNonExistentColumn" classname="org.openrefine.wikidata.schema.ExpressionContextTest" time="0"/>
  <testcase name="testEvaluation" classname="org.openrefine.wikidata.schema.WbLanguageConstantTest" time="0"/>
  <testcase name="testNormalizeLanguageCode" classname="org.openrefine.wikidata.schema.WbLanguageConstantTest" time="0"/>
  <testcase name="testSerialization" classname="org.openrefine.wikidata.schema.WbLanguageConstantTest" time="0"/>
  <testcase name="testDeleteStatement" classname="org.openrefine.wikidata.exporters.QuickStatementsExporterTest" time="0.001"/>
  <testcase name="testGetContentType" classname="org.openrefine.wikidata.exporters.QuickStatementsExporterTest" time="0"/>
  <testcase name="testImpossibleScheduling" classname="org.openrefine.wikidata.exporters.QuickStatementsExporterTest" time="0.001"/>
  <testcase name="testNameDesc" classname="org.openrefine.wikidata.exporters.QuickStatementsExporterTest" time="0"/>
  <testcase name="testNoSchema" classname="org.openrefine.wikidata.exporters.QuickStatementsExporterTest" time="0.003"/>
  <testcase name="testOptionalNameDesc" classname="org.openrefine.wikidata.exporters.QuickStatementsExporterTest" time="0.001"/>
  <testcase name="testQualifier" classname="org.openrefine.wikidata.exporters.QuickStatementsExporterTest" time="0"/>
  <testcase name="testSimpleProject" classname="org.openrefine.wikidata.exporters.QuickStatementsExporterTest" time="0.006"/>
  <testcase name="testAllowed" classname="org.openrefine.wikidata.qa.scrutinizers.EntityTypeScrutinizerTest" time="0"/>
  <testcase name="testDisallowed" classname="org.openrefine.wikidata.qa.scrutinizers.EntityTypeScrutinizerTest" time="0.001"/>
  <testcase name="testEvaluate" classname="org.openrefine.wikidata.schema.WbDateConstantTest" time="0.002"/>
  <testcase name="testInvalid" classname="org.openrefine.wikidata.schema.WbDateConstantTest" time="0"/>
  <testcase name="testInvalidCalendar" classname="org.openrefine.wikidata.schema.WbDateConstantTest" time="0"/>
  <testcase name="testPartlyValid" classname="org.openrefine.wikidata.schema.WbDateConstantTest" time="0.001"/>
  <testcase name="testSerialize" classname="org.openrefine.wikidata.schema.WbDateConstantTest" time="0.002"/>
  <testcase name="testToday" classname="org.openrefine.wikidata.schema.WbDateConstantTest" time="0"/>
  <testcase name="testInvalidLanguageCode" classname="org.openrefine.wikidata.schema.WbLanguageVariableTest" time="0"/>
  <testcase name="testSerialize" classname="org.openrefine.wikidata.schema.WbLanguageVariableTest" time="0.001"/>
  <testcase name="testValidLanguageCode" classname="org.openrefine.wikidata.schema.WbLanguageVariableTest" time="0"/>
  <testcase name="testNoSchema" classname="org.openrefine.wikidata.exporters.SchemaExporterTest" time="0.002"/>
  <testcase name="testIncompleteMatch" classname="org.openrefine.wikidata.qa.scrutinizers.FormatScrutinizerTest" time="0"/>
  <testcase name="testNoIssue" classname="org.openrefine.wikidata.qa.scrutinizers.FormatScrutinizerTest" time="0.001"/>
  <testcase name="testTrigger" classname="org.openrefine.wikidata.qa.scrutinizers.FormatScrutinizerTest" time="0"/>
  <testcase name="testMinutesISO" classname="org.openrefine.wikidata.schema.WbDateVariableTest" time="0"/>
  <testcase name="testNumber" classname="org.openrefine.wikidata.schema.WbDateVariableTest" time="0.001"/>
  <testcase name="testSerialize" classname="org.openrefine.wikidata.schema.WbDateVariableTest" time="0.001"/>
  <testcase name="testSkipped" classname="org.openrefine.wikidata.schema.WbDateVariableTest" time="0"/>
  <testcase name="testValidFormat" classname="org.openrefine.wikidata.schema.WbDateVariableTest" time="0.001"/>
  <testcase name="testWhitespace" classname="org.openrefine.wikidata.schema.WbDateVariableTest" time="0.001"/>
  <testcase name="constructInvalid" classname="org.openrefine.wikidata.schema.WbLocationConstantTest" time="0"/>
  <testcase name="constructNotNumber" classname="org.openrefine.wikidata.schema.WbLocationConstantTest" time="0"/>
  <testcase name="constructtooManyParts" classname="org.openrefine.wikidata.schema.WbLocationConstantTest" time="0"/>
  <testcase name="testEvaluate" classname="org.openrefine.wikidata.schema.WbLocationConstantTest" time="0"/>
  <testcase name="testEvaluateWithPrecision" classname="org.openrefine.wikidata.schema.WbLocationConstantTest" time="0"/>
  <testcase name="testParseInvalid" classname="org.openrefine.wikidata.schema.WbLocationConstantTest" time="0.001"/>
  <testcase name="testSerialization" classname="org.openrefine.wikidata.schema.WbLocationConstantTest" time="0.002"/>
  <testcase name="testNoSymmetricClosure" classname="org.openrefine.wikidata.qa.scrutinizers.InverseConstaintScrutinizerTest" time="0.001"/>
  <testcase name="testSymmetric" classname="org.openrefine.wikidata.qa.scrutinizers.InverseConstaintScrutinizerTest" time="0"/>
  <testcase name="testTrigger" classname="org.openrefine.wikidata.qa.scrutinizers.InverseConstaintScrutinizerTest" time="0"/>
  <testcase name="testEmpty" classname="org.openrefine.wikidata.schema.WbLocationVariableTest" time="0.003"/>
  <testcase name="testOnlyOneValue" classname="org.openrefine.wikidata.schema.WbLocationVariableTest" time="0"/>
  <testcase name="testSerialize" classname="org.openrefine.wikidata.schema.WbLocationVariableTest" time="0"/>
  <testcase name="testWhitespace" classname="org.openrefine.wikidata.schema.WbLocationVariableTest" time="0"/>
  <testcase name="testWithComma" classname="org.openrefine.wikidata.schema.WbLocationVariableTest" time="0"/>
  <testcase name="testWithSlash" classname="org.openrefine.wikidata.schema.WbLocationVariableTest" time="0.001"/>
  <testcase name="testDeletedStatements" classname="org.openrefine.wikidata.qa.scrutinizers.NewItemScrutinizerTest" time="0.001"/>
  <testcase name="testEmptyItem" classname="org.openrefine.wikidata.qa.scrutinizers.NewItemScrutinizerTest" time="0"/>
  <testcase name="testGoodNewItem" classname="org.openrefine.wikidata.qa.scrutinizers.NewItemScrutinizerTest" time="0"/>
  <testcase name="testTrigger" classname="org.openrefine.wikidata.qa.scrutinizers.NewItemScrutinizerTest" time="0"/>
  <testcase name="testEmptyLanguageCode" classname="org.openrefine.wikidata.schema.WbMonolingualExprTest" time="0"/>
  <testcase name="testEmptyText" classname="org.openrefine.wikidata.schema.WbMonolingualExprTest" time="0"/>
  <testcase name="testEvaluateConstant" classname="org.openrefine.wikidata.schema.WbMonolingualExprTest" time="0"/>
  <testcase name="testEvaluateVariable" classname="org.openrefine.wikidata.schema.WbMonolingualExprTest" time="0"/>
  <testcase name="testInvalidLanguageCode" classname="org.openrefine.wikidata.schema.WbMonolingualExprTest" time="0"/>
  <testcase name="testTrim" classname="org.openrefine.wikidata.schema.WbMonolingualExprTest" time="0"/>
  <testcase name="testNonNull" classname="org.openrefine.wikidata.qa.scrutinizers.NoEditsMadeScrutinizerTest" time="0"/>
  <testcase name="testNull" classname="org.openrefine.wikidata.qa.scrutinizers.NoEditsMadeScrutinizerTest" time="0"/>
  <testcase name="testTrigger" classname="org.openrefine.wikidata.qa.scrutinizers.NoEditsMadeScrutinizerTest" time="0"/>
  <testcase name="testContributeToAlias" classname="org.openrefine.wikidata.schema.WbNameDescExprTest" time="0"/>
  <testcase name="testContributeToDescription" classname="org.openrefine.wikidata.schema.WbNameDescExprTest" time="0"/>
  <testcase name="testContributeToLabel" classname="org.openrefine.wikidata.schema.WbNameDescExprTest" time="0"/>
  <testcase name="testGetters" classname="org.openrefine.wikidata.schema.WbNameDescExprTest" time="0"/>
  <testcase name="testSerialization" classname="org.openrefine.wikidata.schema.WbNameDescExprTest" time="0.001"/>
  <testcase name="testSkipped" classname="org.openrefine.wikidata.schema.WbNameDescExprTest" time="0"/>
  <testcase name="testDisallowedQualifier" classname="org.openrefine.wikidata.qa.scrutinizers.QualifierCompatibilityScrutinizerTest" time="0.001"/>
  <testcase name="testGoodEdit" classname="org.openrefine.wikidata.qa.scrutinizers.QualifierCompatibilityScrutinizerTest" time="0.001"/>
  <testcase name="testMissingQualifier" classname="org.openrefine.wikidata.qa.scrutinizers.QualifierCompatibilityScrutinizerTest" time="0"/>
  <testcase name="testEvaluate" classname="org.openrefine.wikidata.schema.WbPropConstantTest" time="0"/>
  <testcase name="testSerialize" classname="org.openrefine.wikidata.schema.WbPropConstantTest" time="0.001"/>
  <testcase name="testBoundsAllowed" classname="org.openrefine.wikidata.qa.scrutinizers.QuantityScrutinizerTest" time="0"/>
  <testcase name="testBoundsDisallowed" classname="org.openrefine.wikidata.qa.scrutinizers.QuantityScrutinizerTest" time="0"/>
  <testcase name="testFractionalAllowed" classname="org.openrefine.wikidata.qa.scrutinizers.QuantityScrutinizerTest" time="0"/>
  <testcase name="testFractionalDisallowed" classname="org.openrefine.wikidata.qa.scrutinizers.QuantityScrutinizerTest" time="0"/>
  <testcase name="testGoodUnit" classname="org.openrefine.wikidata.qa.scrutinizers.QuantityScrutinizerTest" time="0"/>
  <testcase name="testInteger" classname="org.openrefine.wikidata.qa.scrutinizers.QuantityScrutinizerTest" time="0"/>
  <testcase name="testNoUnit" classname="org.openrefine.wikidata.qa.scrutinizers.QuantityScrutinizerTest" time="0"/>
  <testcase name="testTrailingZeros" classname="org.openrefine.wikidata.qa.scrutinizers.QuantityScrutinizerTest" time="0"/>
  <testcase name="testUnitForbidden" classname="org.openrefine.wikidata.qa.scrutinizers.QuantityScrutinizerTest" time="0"/>
  <testcase name="testUnitReqired" classname="org.openrefine.wikidata.qa.scrutinizers.QuantityScrutinizerTest" time="0"/>
  <testcase name="testWrongUnit" classname="org.openrefine.wikidata.qa.scrutinizers.QuantityScrutinizerTest" time="0"/>
  <testcase name="testExponent" classname="org.openrefine.wikidata.schema.WbQuantityExprTest" time="0.001"/>
  <testcase name="testInvalidAmountWithUnit" classname="org.openrefine.wikidata.schema.WbQuantityExprTest" time="0"/>
  <testcase name="testInvalidAmountWithoutUnit" classname="org.openrefine.wikidata.schema.WbQuantityExprTest" time="0"/>
  <testcase name="testInvalidUnitWithAmount" classname="org.openrefine.wikidata.schema.WbQuantityExprTest" time="0"/>
  <testcase name="testWithUnit" classname="org.openrefine.wikidata.schema.WbQuantityExprTest" time="0"/>
  <testcase name="testWithoutUnit" classname="org.openrefine.wikidata.schema.WbQuantityExprTest" time="0"/>
  <testcase name="testNoProblem" classname="org.openrefine.wikidata.qa.scrutinizers.RestrictedPositionScrutinizerTest" time="0"/>
  <testcase name="testNotRestricted" classname="org.openrefine.wikidata.qa.scrutinizers.RestrictedPositionScrutinizerTest" time="0"/>
  <testcase name="testTriggerMainSnak" classname="org.openrefine.wikidata.qa.scrutinizers.RestrictedPositionScrutinizerTest" time="0"/>
  <testcase name="testTriggerReference" classname="org.openrefine.wikidata.qa.scrutinizers.RestrictedPositionScrutinizerTest" time="0.001"/>
  <testcase name="testEvaluate" classname="org.openrefine.wikidata.schema.WbReferenceExprTest" time="0.001"/>
  <testcase name="testEvaluateWithOneSkip" classname="org.openrefine.wikidata.schema.WbReferenceExprTest" time="0"/>
  <testcase name="testNoValidSnak" classname="org.openrefine.wikidata.schema.WbReferenceExprTest" time="0"/>
  <testcase name="testSerialize" classname="org.openrefine.wikidata.schema.WbReferenceExprTest" time="0.001"/>
  <testcase name="testAllowedValue" classname="org.openrefine.wikidata.qa.scrutinizers.RestrictedValuesScrutinizerTest" time="0.001"/>
  <testcase name="testAllowedValueFailing" classname="org.openrefine.wikidata.qa.scrutinizers.RestrictedValuesScrutinizerTest" time="0"/>
  <testcase name="testDisallowedValue" classname="org.openrefine.wikidata.qa.scrutinizers.RestrictedValuesScrutinizerTest" time="0"/>
  <testcase name="testDisallowedValueFailing" classname="org.openrefine.wikidata.qa.scrutinizers.RestrictedValuesScrutinizerTest" time="0"/>
  <testcase name="testNoConstraint" classname="org.openrefine.wikidata.qa.scrutinizers.RestrictedValuesScrutinizerTest" time="0.001"/>
  <testcase name="testEvaluate" classname="org.openrefine.wikidata.schema.WbSnakExprTest" time="0"/>
  <testcase name="testSerialize" classname="org.openrefine.wikidata.schema.WbSnakExprTest" time="0.001"/>
</testsuite>