<?xml version="1.0" encoding="UTF-8"?>
<!-- Generated by org.testng.reporters.JUnitReportReporter -->
<testsuite hostname="DESKTOP-R5SQ9ER" name="com.google.refine.extension.gdata.UploadCommandTest" tests="1" failures="0" timestamp="8 Nov 2019 12:14:19 GMT" time="1.131" errors="0">
  <testcase name="testCsrfProtection" time="1.131" classname="com.google.refine.extension.gdata.UploadCommandTest"/>
</testsuite> <!-- com.google.refine.extension.gdata.UploadCommandTest -->
