<?xml version="1.0" encoding="UTF-8"?>
<!-- Generated by org.testng.reporters.JUnitReportReporter -->
<testsuite hostname="DESKTOP-R5SQ9ER" name="com.google.refine.extension.gdata.UploadCommandTest" tests="1" failures="0" timestamp="6 Nov 2019 13:12:16 GMT" time="1.046" errors="0">
  <testcase name="testCsrfProtection" time="1.046" classname="com.google.refine.extension.gdata.UploadCommandTest"/>
</testsuite> <!-- com.google.refine.extension.gdata.UploadCommandTest -->
