<?xml version="1.0" encoding="UTF-8"?>
<!-- Generated by org.testng.reporters.JUnitReportReporter -->
<testsuite hostname="DESKTOP-R5SQ9ER" name="org.openrefine.phonetic.keyers.DaitchMokotoffKeyerTest" tests="3" failures="0" timestamp="8 Nov 2019 12:14:23 GMT" time="0.001" errors="0">
  <testcase name="testAccents" time="0.001" classname="org.openrefine.phonetic.keyers.DaitchMokotoffKeyerTest"/>
  <testcase name="testDaitchMokotoff" time="0.000" classname="org.openrefine.phonetic.keyers.DaitchMokotoffKeyerTest"/>
  <testcase name="testEmpty" time="0.000" classname="org.openrefine.phonetic.keyers.DaitchMokotoffKeyerTest"/>
</testsuite> <!-- org.openrefine.phonetic.keyers.DaitchMokotoffKeyerTest -->
