<?xml version="1.0" encoding="UTF-8"?>
<!-- Generated by org.testng.reporters.JUnitReportReporter -->
<testsuite hostname="DESKTOP-R5SQ9ER" name="org.openrefine.phonetic.keyers.BeiderMorseKeyerTest" tests="3" failures="0" timestamp="5 Nov 2019 06:14:28 GMT" time="0.256" errors="0">
  <testcase name="testEmpty" time="0.000" classname="org.openrefine.phonetic.keyers.BeiderMorseKeyerTest"/>
  <testcase name="testAccents" time="0.253" classname="org.openrefine.phonetic.keyers.BeiderMorseKeyerTest"/>
  <testcase name="testKey" time="0.003" classname="org.openrefine.phonetic.keyers.BeiderMorseKeyerTest"/>
</testsuite> <!-- org.openrefine.phonetic.keyers.BeiderMorseKeyerTest -->
