<?xml version="1.0" encoding="UTF-8"?>
<!-- Generated by org.testng.reporters.JUnitReportReporter -->
<testsuite hostname="DESKTOP-R5SQ9ER" name="org.openrefine.phonetic.keyers.BeiderMorseKeyerTest" tests="3" failures="0" timestamp="6 Nov 2019 13:12:21 GMT" time="0.257" errors="0">
  <testcase name="testEmpty" time="0.001" classname="org.openrefine.phonetic.keyers.BeiderMorseKeyerTest"/>
  <testcase name="testAccents" time="0.252" classname="org.openrefine.phonetic.keyers.BeiderMorseKeyerTest"/>
  <testcase name="testKey" time="0.004" classname="org.openrefine.phonetic.keyers.BeiderMorseKeyerTest"/>
</testsuite> <!-- org.openrefine.phonetic.keyers.BeiderMorseKeyerTest -->
